[0.370s] Invoking command in '/home/vishvesh/ros2_ws/build/gs_simulation_interfaces': CMAKE_PREFIX_PATH=/home/vishvesh/ros2_ws/install/gs_ros_interfaces:/home/vishvesh/ros2_ws/install/simulation_interfaces:/home/vishvesh/ros2_ws/install/topic_based_ros2_control:/home/vishvesh/ros2_ws/install/kratos_vishvesh_q2:/home/vishvesh/ros2_ws/install/kratos_vishvesh_q2_msgs:/home/vishvesh/ros2_ws/install/kratos_vishvesh:/home/vishvesh/ros2_ws/install/gs_ros2_control_demos LD_LIBRARY_PATH=/home/vishvesh/ros2_ws/install/gs_ros_interfaces/lib:/home/vishvesh/ros2_ws/install/simulation_interfaces/lib:/home/vishvesh/ros2_ws/install/topic_based_ros2_control/lib:/home/vishvesh/ros2_ws/install/kratos_vishvesh_q2_msgs/lib:/opt/ros/humble/opt/rviz_ogre_vendor/lib:/opt/ros/humble/lib/x86_64-linux-gnu:/opt/ros/humble/lib PYTHONPATH=/home/vishvesh/ros2_ws/build/gs_simulation_interfaces/prefix_override:/usr/lib/python3/dist-packages/colcon_core/task/python/colcon_distutils_commands:/home/vishvesh/ros2_ws/install/gs_simulation_interfaces/lib/python3.10/site-packages:${PYTHONPATH} /usr/bin/python3 -W ignore:setup.py install is deprecated -W ignore:easy_install command is deprecated setup.py develop --uninstall --editable --build-directory /home/vishvesh/ros2_ws/build/gs_simulation_interfaces/build
[0.467s] /home/vishvesh/.local/lib/python3.10/site-packages/setuptools/_distutils/dist.py:289: UserWarning: Unknown distribution option: 'tests_require'
[0.467s]   warnings.warn(msg)
[0.529s] running develop
[0.615s] Removing /home/vishvesh/ros2_ws/install/gs_simulation_interfaces/lib/python3.10/site-packages/gs-simulation-interfaces.egg-link (link to .)
[0.630s] Invoked command in '/home/vishvesh/ros2_ws/build/gs_simulation_interfaces' returned '0': CMAKE_PREFIX_PATH=/home/vishvesh/ros2_ws/install/gs_ros_interfaces:/home/vishvesh/ros2_ws/install/simulation_interfaces:/home/vishvesh/ros2_ws/install/topic_based_ros2_control:/home/vishvesh/ros2_ws/install/kratos_vishvesh_q2:/home/vishvesh/ros2_ws/install/kratos_vishvesh_q2_msgs:/home/vishvesh/ros2_ws/install/kratos_vishvesh:/home/vishvesh/ros2_ws/install/gs_ros2_control_demos LD_LIBRARY_PATH=/home/vishvesh/ros2_ws/install/gs_ros_interfaces/lib:/home/vishvesh/ros2_ws/install/simulation_interfaces/lib:/home/vishvesh/ros2_ws/install/topic_based_ros2_control/lib:/home/vishvesh/ros2_ws/install/kratos_vishvesh_q2_msgs/lib:/opt/ros/humble/opt/rviz_ogre_vendor/lib:/opt/ros/humble/lib/x86_64-linux-gnu:/opt/ros/humble/lib PYTHONPATH=/home/vishvesh/ros2_ws/build/gs_simulation_interfaces/prefix_override:/usr/lib/python3/dist-packages/colcon_core/task/python/colcon_distutils_commands:/home/vishvesh/ros2_ws/install/gs_simulation_interfaces/lib/python3.10/site-packages:${PYTHONPATH} /usr/bin/python3 -W ignore:setup.py install is deprecated -W ignore:easy_install command is deprecated setup.py develop --uninstall --editable --build-directory /home/vishvesh/ros2_ws/build/gs_simulation_interfaces/build
[0.631s] Invoking command in '/home/vishvesh/ros2_ws/src/genesis_ros/gs_simulation_interfaces': CMAKE_PREFIX_PATH=/home/vishvesh/ros2_ws/install/gs_ros_interfaces:/home/vishvesh/ros2_ws/install/simulation_interfaces:/home/vishvesh/ros2_ws/install/topic_based_ros2_control:/home/vishvesh/ros2_ws/install/kratos_vishvesh_q2:/home/vishvesh/ros2_ws/install/kratos_vishvesh_q2_msgs:/home/vishvesh/ros2_ws/install/kratos_vishvesh:/home/vishvesh/ros2_ws/install/gs_ros2_control_demos LD_LIBRARY_PATH=/home/vishvesh/ros2_ws/install/gs_ros_interfaces/lib:/home/vishvesh/ros2_ws/install/simulation_interfaces/lib:/home/vishvesh/ros2_ws/install/topic_based_ros2_control/lib:/home/vishvesh/ros2_ws/install/kratos_vishvesh_q2_msgs/lib:/opt/ros/humble/opt/rviz_ogre_vendor/lib:/opt/ros/humble/lib/x86_64-linux-gnu:/opt/ros/humble/lib PYTHONPATH=/home/vishvesh/ros2_ws/build/gs_simulation_interfaces/prefix_override:/usr/lib/python3/dist-packages/colcon_core/task/python/colcon_distutils_commands:/home/vishvesh/ros2_ws/install/gs_simulation_interfaces/lib/python3.10/site-packages:${PYTHONPATH} /usr/bin/python3 -W ignore:setup.py install is deprecated -W ignore:easy_install command is deprecated setup.py egg_info --egg-base ../../../build/gs_simulation_interfaces build --build-base /home/vishvesh/ros2_ws/build/gs_simulation_interfaces/build install --record /home/vishvesh/ros2_ws/build/gs_simulation_interfaces/install.log --single-version-externally-managed install_data --force
[0.720s] /home/vishvesh/.local/lib/python3.10/site-packages/setuptools/_distutils/dist.py:289: UserWarning: Unknown distribution option: 'tests_require'
[0.720s]   warnings.warn(msg)
[0.762s] running egg_info
[0.769s] writing ../../../build/gs_simulation_interfaces/gs_simulation_interfaces.egg-info/PKG-INFO
[0.769s] writing dependency_links to ../../../build/gs_simulation_interfaces/gs_simulation_interfaces.egg-info/dependency_links.txt
[0.769s] writing requirements to ../../../build/gs_simulation_interfaces/gs_simulation_interfaces.egg-info/requires.txt
[0.769s] writing top-level names to ../../../build/gs_simulation_interfaces/gs_simulation_interfaces.egg-info/top_level.txt
[0.784s] reading manifest file '../../../build/gs_simulation_interfaces/gs_simulation_interfaces.egg-info/SOURCES.txt'
[0.785s] writing manifest file '../../../build/gs_simulation_interfaces/gs_simulation_interfaces.egg-info/SOURCES.txt'
[0.785s] running build
[0.785s] running build_py
[0.785s] creating /home/vishvesh/ros2_ws/build/gs_simulation_interfaces/build/lib/gs_simulation_interfaces
[0.785s] copying gs_simulation_interfaces/simulation_interface.py -> /home/vishvesh/ros2_ws/build/gs_simulation_interfaces/build/lib/gs_simulation_interfaces
[0.785s] copying gs_simulation_interfaces/__init__.py -> /home/vishvesh/ros2_ws/build/gs_simulation_interfaces/build/lib/gs_simulation_interfaces
[0.786s] copying gs_simulation_interfaces/scene_manager.py -> /home/vishvesh/ros2_ws/build/gs_simulation_interfaces/build/lib/gs_simulation_interfaces
[0.786s] creating /home/vishvesh/ros2_ws/build/gs_simulation_interfaces/build/lib/gs_simulation_interfaces/handlers
[0.786s] copying gs_simulation_interfaces/handlers/world_management.py -> /home/vishvesh/ros2_ws/build/gs_simulation_interfaces/build/lib/gs_simulation_interfaces/handlers
[0.786s] copying gs_simulation_interfaces/handlers/__init__.py -> /home/vishvesh/ros2_ws/build/gs_simulation_interfaces/build/lib/gs_simulation_interfaces/handlers
[0.786s] creating /home/vishvesh/ros2_ws/build/gs_simulation_interfaces/build/lib/gs_simulation_interfaces/handlers/entity
[0.786s] copying gs_simulation_interfaces/handlers/entity/entity_state.py -> /home/vishvesh/ros2_ws/build/gs_simulation_interfaces/build/lib/gs_simulation_interfaces/handlers/entity
[0.787s] copying gs_simulation_interfaces/handlers/entity/entity_helpers.py -> /home/vishvesh/ros2_ws/build/gs_simulation_interfaces/build/lib/gs_simulation_interfaces/handlers/entity
[0.787s] copying gs_simulation_interfaces/handlers/entity/entity_lifecycle.py -> /home/vishvesh/ros2_ws/build/gs_simulation_interfaces/build/lib/gs_simulation_interfaces/handlers/entity
[0.787s] copying gs_simulation_interfaces/handlers/entity/entity_metadata.py -> /home/vishvesh/ros2_ws/build/gs_simulation_interfaces/build/lib/gs_simulation_interfaces/handlers/entity
[0.787s] copying gs_simulation_interfaces/handlers/entity/entity_options.py -> /home/vishvesh/ros2_ws/build/gs_simulation_interfaces/build/lib/gs_simulation_interfaces/handlers/entity
[0.787s] copying gs_simulation_interfaces/handlers/entity/sensor_options.py -> /home/vishvesh/ros2_ws/build/gs_simulation_interfaces/build/lib/gs_simulation_interfaces/handlers/entity
[0.788s] copying gs_simulation_interfaces/handlers/entity/__init__.py -> /home/vishvesh/ros2_ws/build/gs_simulation_interfaces/build/lib/gs_simulation_interfaces/handlers/entity
[0.788s] creating /home/vishvesh/ros2_ws/build/gs_simulation_interfaces/build/lib/gs_simulation_interfaces/handlers/simulator
[0.788s] copying gs_simulation_interfaces/handlers/simulator/simulation_control.py -> /home/vishvesh/ros2_ws/build/gs_simulation_interfaces/build/lib/gs_simulation_interfaces/handlers/simulator
[0.788s] copying gs_simulation_interfaces/handlers/simulator/simulator_features.py -> /home/vishvesh/ros2_ws/build/gs_simulation_interfaces/build/lib/gs_simulation_interfaces/handlers/simulator
[0.788s] copying gs_simulation_interfaces/handlers/simulator/__init__.py -> /home/vishvesh/ros2_ws/build/gs_simulation_interfaces/build/lib/gs_simulation_interfaces/handlers/simulator
[0.789s] running install
[0.791s] running install_lib
[0.799s] creating /home/vishvesh/ros2_ws/install/gs_simulation_interfaces/lib/python3.10/site-packages/gs_simulation_interfaces
[0.799s] creating /home/vishvesh/ros2_ws/install/gs_simulation_interfaces/lib/python3.10/site-packages/gs_simulation_interfaces/handlers
[0.799s] copying /home/vishvesh/ros2_ws/build/gs_simulation_interfaces/build/lib/gs_simulation_interfaces/handlers/world_management.py -> /home/vishvesh/ros2_ws/install/gs_simulation_interfaces/lib/python3.10/site-packages/gs_simulation_interfaces/handlers
[0.799s] creating /home/vishvesh/ros2_ws/install/gs_simulation_interfaces/lib/python3.10/site-packages/gs_simulation_interfaces/handlers/entity
[0.799s] copying /home/vishvesh/ros2_ws/build/gs_simulation_interfaces/build/lib/gs_simulation_interfaces/handlers/entity/entity_state.py -> /home/vishvesh/ros2_ws/install/gs_simulation_interfaces/lib/python3.10/site-packages/gs_simulation_interfaces/handlers/entity
[0.799s] copying /home/vishvesh/ros2_ws/build/gs_simulation_interfaces/build/lib/gs_simulation_interfaces/handlers/entity/entity_helpers.py -> /home/vishvesh/ros2_ws/install/gs_simulation_interfaces/lib/python3.10/site-packages/gs_simulation_interfaces/handlers/entity
[0.799s] copying /home/vishvesh/ros2_ws/build/gs_simulation_interfaces/build/lib/gs_simulation_interfaces/handlers/entity/entity_lifecycle.py -> /home/vishvesh/ros2_ws/install/gs_simulation_interfaces/lib/python3.10/site-packages/gs_simulation_interfaces/handlers/entity
[0.799s] copying /home/vishvesh/ros2_ws/build/gs_simulation_interfaces/build/lib/gs_simulation_interfaces/handlers/entity/entity_metadata.py -> /home/vishvesh/ros2_ws/install/gs_simulation_interfaces/lib/python3.10/site-packages/gs_simulation_interfaces/handlers/entity
[0.799s] copying /home/vishvesh/ros2_ws/build/gs_simulation_interfaces/build/lib/gs_simulation_interfaces/handlers/entity/entity_options.py -> /home/vishvesh/ros2_ws/install/gs_simulation_interfaces/lib/python3.10/site-packages/gs_simulation_interfaces/handlers/entity
[0.799s] copying /home/vishvesh/ros2_ws/build/gs_simulation_interfaces/build/lib/gs_simulation_interfaces/handlers/entity/sensor_options.py -> /home/vishvesh/ros2_ws/install/gs_simulation_interfaces/lib/python3.10/site-packages/gs_simulation_interfaces/handlers/entity
[0.799s] copying /home/vishvesh/ros2_ws/build/gs_simulation_interfaces/build/lib/gs_simulation_interfaces/handlers/entity/__init__.py -> /home/vishvesh/ros2_ws/install/gs_simulation_interfaces/lib/python3.10/site-packages/gs_simulation_interfaces/handlers/entity
[0.799s] creating /home/vishvesh/ros2_ws/install/gs_simulation_interfaces/lib/python3.10/site-packages/gs_simulation_interfaces/handlers/simulator
[0.799s] copying /home/vishvesh/ros2_ws/build/gs_simulation_interfaces/build/lib/gs_simulation_interfaces/handlers/simulator/simulation_control.py -> /home/vishvesh/ros2_ws/install/gs_simulation_interfaces/lib/python3.10/site-packages/gs_simulation_interfaces/handlers/simulator
[0.799s] copying /home/vishvesh/ros2_ws/build/gs_simulation_interfaces/build/lib/gs_simulation_interfaces/handlers/simulator/simulator_features.py -> /home/vishvesh/ros2_ws/install/gs_simulation_interfaces/lib/python3.10/site-packages/gs_simulation_interfaces/handlers/simulator
[0.799s] copying /home/vishvesh/ros2_ws/build/gs_simulation_interfaces/build/lib/gs_simulation_interfaces/handlers/simulator/__init__.py -> /home/vishvesh/ros2_ws/install/gs_simulation_interfaces/lib/python3.10/site-packages/gs_simulation_interfaces/handlers/simulator
[0.799s] copying /home/vishvesh/ros2_ws/build/gs_simulation_interfaces/build/lib/gs_simulation_interfaces/handlers/__init__.py -> /home/vishvesh/ros2_ws/install/gs_simulation_interfaces/lib/python3.10/site-packages/gs_simulation_interfaces/handlers
[0.799s] copying /home/vishvesh/ros2_ws/build/gs_simulation_interfaces/build/lib/gs_simulation_interfaces/simulation_interface.py -> /home/vishvesh/ros2_ws/install/gs_simulation_interfaces/lib/python3.10/site-packages/gs_simulation_interfaces
[0.799s] copying /home/vishvesh/ros2_ws/build/gs_simulation_interfaces/build/lib/gs_simulation_interfaces/__init__.py -> /home/vishvesh/ros2_ws/install/gs_simulation_interfaces/lib/python3.10/site-packages/gs_simulation_interfaces
[0.799s] copying /home/vishvesh/ros2_ws/build/gs_simulation_interfaces/build/lib/gs_simulation_interfaces/scene_manager.py -> /home/vishvesh/ros2_ws/install/gs_simulation_interfaces/lib/python3.10/site-packages/gs_simulation_interfaces
[0.800s] byte-compiling /home/vishvesh/ros2_ws/install/gs_simulation_interfaces/lib/python3.10/site-packages/gs_simulation_interfaces/handlers/world_management.py to world_management.cpython-310.pyc
[0.800s] byte-compiling /home/vishvesh/ros2_ws/install/gs_simulation_interfaces/lib/python3.10/site-packages/gs_simulation_interfaces/handlers/entity/entity_state.py to entity_state.cpython-310.pyc
[0.800s] byte-compiling /home/vishvesh/ros2_ws/install/gs_simulation_interfaces/lib/python3.10/site-packages/gs_simulation_interfaces/handlers/entity/entity_helpers.py to entity_helpers.cpython-310.pyc
[0.801s] byte-compiling /home/vishvesh/ros2_ws/install/gs_simulation_interfaces/lib/python3.10/site-packages/gs_simulation_interfaces/handlers/entity/entity_lifecycle.py to entity_lifecycle.cpython-310.pyc
[0.802s] byte-compiling /home/vishvesh/ros2_ws/install/gs_simulation_interfaces/lib/python3.10/site-packages/gs_simulation_interfaces/handlers/entity/entity_metadata.py to entity_metadata.cpython-310.pyc
[0.802s] byte-compiling /home/vishvesh/ros2_ws/install/gs_simulation_interfaces/lib/python3.10/site-packages/gs_simulation_interfaces/handlers/entity/entity_options.py to entity_options.cpython-310.pyc
[0.803s] byte-compiling /home/vishvesh/ros2_ws/install/gs_simulation_interfaces/lib/python3.10/site-packages/gs_simulation_interfaces/handlers/entity/sensor_options.py to sensor_options.cpython-310.pyc
[0.805s] byte-compiling /home/vishvesh/ros2_ws/install/gs_simulation_interfaces/lib/python3.10/site-packages/gs_simulation_interfaces/handlers/entity/__init__.py to __init__.cpython-310.pyc
[0.805s] byte-compiling /home/vishvesh/ros2_ws/install/gs_simulation_interfaces/lib/python3.10/site-packages/gs_simulation_interfaces/handlers/simulator/simulation_control.py to simulation_control.cpython-310.pyc
[0.806s] byte-compiling /home/vishvesh/ros2_ws/install/gs_simulation_interfaces/lib/python3.10/site-packages/gs_simulation_interfaces/handlers/simulator/simulator_features.py to simulator_features.cpython-310.pyc
[0.806s] byte-compiling /home/vishvesh/ros2_ws/install/gs_simulation_interfaces/lib/python3.10/site-packages/gs_simulation_interfaces/handlers/simulator/__init__.py to __init__.cpython-310.pyc
[0.806s] byte-compiling /home/vishvesh/ros2_ws/install/gs_simulation_interfaces/lib/python3.10/site-packages/gs_simulation_interfaces/handlers/__init__.py to __init__.cpython-310.pyc
[0.806s] byte-compiling /home/vishvesh/ros2_ws/install/gs_simulation_interfaces/lib/python3.10/site-packages/gs_simulation_interfaces/simulation_interface.py to simulation_interface.cpython-310.pyc
[0.806s] byte-compiling /home/vishvesh/ros2_ws/install/gs_simulation_interfaces/lib/python3.10/site-packages/gs_simulation_interfaces/__init__.py to __init__.cpython-310.pyc
[0.806s] byte-compiling /home/vishvesh/ros2_ws/install/gs_simulation_interfaces/lib/python3.10/site-packages/gs_simulation_interfaces/scene_manager.py to scene_manager.cpython-310.pyc
[0.807s] running install_data
[0.807s] copying resource/gs_simulation_interfaces -> /home/vishvesh/ros2_ws/install/gs_simulation_interfaces/share/ament_index/resource_index/packages
[0.807s] copying package.xml -> /home/vishvesh/ros2_ws/install/gs_simulation_interfaces/share/gs_simulation_interfaces
[0.807s] running install_egg_info
[0.816s] Copying ../../../build/gs_simulation_interfaces/gs_simulation_interfaces.egg-info to /home/vishvesh/ros2_ws/install/gs_simulation_interfaces/lib/python3.10/site-packages/gs_simulation_interfaces-1.0.0-py3.10.egg-info
[0.816s] running install_scripts
[0.870s] writing list of installed files to '/home/vishvesh/ros2_ws/build/gs_simulation_interfaces/install.log'
[0.885s] Invoked command in '/home/vishvesh/ros2_ws/src/genesis_ros/gs_simulation_interfaces' returned '0': CMAKE_PREFIX_PATH=/home/vishvesh/ros2_ws/install/gs_ros_interfaces:/home/vishvesh/ros2_ws/install/simulation_interfaces:/home/vishvesh/ros2_ws/install/topic_based_ros2_control:/home/vishvesh/ros2_ws/install/kratos_vishvesh_q2:/home/vishvesh/ros2_ws/install/kratos_vishvesh_q2_msgs:/home/vishvesh/ros2_ws/install/kratos_vishvesh:/home/vishvesh/ros2_ws/install/gs_ros2_control_demos LD_LIBRARY_PATH=/home/vishvesh/ros2_ws/install/gs_ros_interfaces/lib:/home/vishvesh/ros2_ws/install/simulation_interfaces/lib:/home/vishvesh/ros2_ws/install/topic_based_ros2_control/lib:/home/vishvesh/ros2_ws/install/kratos_vishvesh_q2_msgs/lib:/opt/ros/humble/opt/rviz_ogre_vendor/lib:/opt/ros/humble/lib/x86_64-linux-gnu:/opt/ros/humble/lib PYTHONPATH=/home/vishvesh/ros2_ws/build/gs_simulation_interfaces/prefix_override:/usr/lib/python3/dist-packages/colcon_core/task/python/colcon_distutils_commands:/home/vishvesh/ros2_ws/install/gs_simulation_interfaces/lib/python3.10/site-packages:${PYTHONPATH} /usr/bin/python3 -W ignore:setup.py install is deprecated -W ignore:easy_install command is deprecated setup.py egg_info --egg-base ../../../build/gs_simulation_interfaces build --build-base /home/vishvesh/ros2_ws/build/gs_simulation_interfaces/build install --record /home/vishvesh/ros2_ws/build/gs_simulation_interfaces/install.log --single-version-externally-managed install_data --force
