[0.042s] Invoking command in '/home/vishvesh/ros2_ws/src/build/kratos_vishvesh_q2': AMENT_PREFIX_PATH=/home/vishvesh/ros2_ws/src/install/kratos_vishvesh_q2_msgs:${AMENT_PREFIX_PATH} CMAKE_PREFIX_PATH=/home/vishvesh/ros2_ws/src/install/kratos_vishvesh_q2_msgs:/home/vishvesh/ros2_ws/install/topic_based_ros2_control:/home/vishvesh/ros2_ws/install/gs_ros_interfaces:/home/vishvesh/ros2_ws/install/kratos_vishvesh_q2:/home/vishvesh/ros2_ws/install/kratos_vishvesh_q2_msgs:/home/vishvesh/ros2_ws/install/kratos_vishvesh:/home/vishvesh/ros2_ws/install/gs_ros2_control_demos:/home/vishvesh/ros2_ws/install/turtle_controller:/home/vishvesh/ros2_ws/install/gs_simulation_interfaces:/home/vishvesh/ros2_ws/install/simulation_interfaces:/home/vishvesh/ros2_ws/install/gs_ros:/home/vishvesh/ros2_ws/install/Practice:/opt/ros/humble LD_LIBRARY_PATH=/home/vishvesh/ros2_ws/src/install/kratos_vishvesh_q2_msgs/lib:${LD_LIBRARY_PATH} PYTHONPATH=/home/vishvesh/ros2_ws/src/install/kratos_vishvesh_q2_msgs/local/lib/python3.10/dist-packages:${PYTHONPATH} /usr/bin/cmake --build /home/vishvesh/ros2_ws/src/build/kratos_vishvesh_q2 -- -j16 -l16
[0.069s] -- Found ament_cmake: 1.3.14 (/opt/ros/humble/share/ament_cmake/cmake)
[0.195s] -- Override CMake install command with custom implementation using symlinks instead of copying resources
[0.200s] -- Found kratos_vishvesh_q2_msgs: 0.0.0 (/home/vishvesh/ros2_ws/src/install/kratos_vishvesh_q2_msgs/share/kratos_vishvesh_q2_msgs/cmake)
[0.220s] -- Found rosidl_generator_c: 3.1.8 (/opt/ros/humble/share/rosidl_generator_c/cmake)
[0.221s] -- Found rosidl_adapter: 3.1.8 (/opt/ros/humble/share/rosidl_adapter/cmake)
[0.226s] -- Found rosidl_generator_cpp: 3.1.8 (/opt/ros/humble/share/rosidl_generator_cpp/cmake)
[0.234s] -- Using all available rosidl_typesupport_c: rosidl_typesupport_fastrtps_c;rosidl_typesupport_introspection_c
[0.245s] -- Using all available rosidl_typesupport_cpp: rosidl_typesupport_fastrtps_cpp;rosidl_typesupport_introspection_cpp
[0.253s] -- Found ament_lint_auto: 0.12.15 (/opt/ros/humble/share/ament_lint_auto/cmake)
[0.333s] -- Added test 'flake8' to check Python code syntax and style conventions
[0.333s] -- Added test 'lint_cmake' to check CMake code style
[0.333s] -- Added test 'pep257' to check Python code against some of the docstring style conventions in PEP 257
[0.334s] -- Added test 'xmllint' to check XML markup files
[0.335s] -- Configuring done
[0.338s] -- Generating done
[0.340s] -- Build files have been written to: /home/vishvesh/ros2_ws/src/build/kratos_vishvesh_q2
[0.363s] Invoked command in '/home/vishvesh/ros2_ws/src/build/kratos_vishvesh_q2' returned '0': AMENT_PREFIX_PATH=/home/vishvesh/ros2_ws/src/install/kratos_vishvesh_q2_msgs:${AMENT_PREFIX_PATH} CMAKE_PREFIX_PATH=/home/vishvesh/ros2_ws/src/install/kratos_vishvesh_q2_msgs:/home/vishvesh/ros2_ws/install/topic_based_ros2_control:/home/vishvesh/ros2_ws/install/gs_ros_interfaces:/home/vishvesh/ros2_ws/install/kratos_vishvesh_q2:/home/vishvesh/ros2_ws/install/kratos_vishvesh_q2_msgs:/home/vishvesh/ros2_ws/install/kratos_vishvesh:/home/vishvesh/ros2_ws/install/gs_ros2_control_demos:/home/vishvesh/ros2_ws/install/turtle_controller:/home/vishvesh/ros2_ws/install/gs_simulation_interfaces:/home/vishvesh/ros2_ws/install/simulation_interfaces:/home/vishvesh/ros2_ws/install/gs_ros:/home/vishvesh/ros2_ws/install/Practice:/opt/ros/humble LD_LIBRARY_PATH=/home/vishvesh/ros2_ws/src/install/kratos_vishvesh_q2_msgs/lib:${LD_LIBRARY_PATH} PYTHONPATH=/home/vishvesh/ros2_ws/src/install/kratos_vishvesh_q2_msgs/local/lib/python3.10/dist-packages:${PYTHONPATH} /usr/bin/cmake --build /home/vishvesh/ros2_ws/src/build/kratos_vishvesh_q2 -- -j16 -l16
[0.364s] Invoking command in '/home/vishvesh/ros2_ws/src/build/kratos_vishvesh_q2': AMENT_PREFIX_PATH=/home/vishvesh/ros2_ws/src/install/kratos_vishvesh_q2_msgs:${AMENT_PREFIX_PATH} CMAKE_PREFIX_PATH=/home/vishvesh/ros2_ws/src/install/kratos_vishvesh_q2_msgs:/home/vishvesh/ros2_ws/install/topic_based_ros2_control:/home/vishvesh/ros2_ws/install/gs_ros_interfaces:/home/vishvesh/ros2_ws/install/kratos_vishvesh_q2:/home/vishvesh/ros2_ws/install/kratos_vishvesh_q2_msgs:/home/vishvesh/ros2_ws/install/kratos_vishvesh:/home/vishvesh/ros2_ws/install/gs_ros2_control_demos:/home/vishvesh/ros2_ws/install/turtle_controller:/home/vishvesh/ros2_ws/install/gs_simulation_interfaces:/home/vishvesh/ros2_ws/install/simulation_interfaces:/home/vishvesh/ros2_ws/install/gs_ros:/home/vishvesh/ros2_ws/install/Practice:/opt/ros/humble LD_LIBRARY_PATH=/home/vishvesh/ros2_ws/src/install/kratos_vishvesh_q2_msgs/lib:${LD_LIBRARY_PATH} PYTHONPATH=/home/vishvesh/ros2_ws/src/install/kratos_vishvesh_q2_msgs/local/lib/python3.10/dist-packages:${PYTHONPATH} /usr/bin/cmake --install /home/vishvesh/ros2_ws/src/build/kratos_vishvesh_q2
[0.372s] -- Install configuration: ""
[0.372s] -- Execute custom install script
[0.372s] -- Up-to-date symlink: /home/vishvesh/ros2_ws/src/install/kratos_vishvesh_q2/lib/kratos_vishvesh_q2/rover_status_msg_publisher.py
[0.372s] -- Up-to-date symlink: /home/vishvesh/ros2_ws/src/install/kratos_vishvesh_q2/share/ament_index/resource_index/package_run_dependencies/kratos_vishvesh_q2
[0.372s] -- Up-to-date symlink: /home/vishvesh/ros2_ws/src/install/kratos_vishvesh_q2/share/ament_index/resource_index/parent_prefix_path/kratos_vishvesh_q2
[0.372s] -- Up-to-date symlink: /home/vishvesh/ros2_ws/src/install/kratos_vishvesh_q2/share/kratos_vishvesh_q2/environment/ament_prefix_path.sh
[0.372s] -- Up-to-date symlink: /home/vishvesh/ros2_ws/src/install/kratos_vishvesh_q2/share/kratos_vishvesh_q2/environment/ament_prefix_path.dsv
[0.373s] -- Up-to-date symlink: /home/vishvesh/ros2_ws/src/install/kratos_vishvesh_q2/share/kratos_vishvesh_q2/environment/path.sh
[0.373s] -- Up-to-date symlink: /home/vishvesh/ros2_ws/src/install/kratos_vishvesh_q2/share/kratos_vishvesh_q2/environment/path.dsv
[0.373s] -- Up-to-date symlink: /home/vishvesh/ros2_ws/src/install/kratos_vishvesh_q2/share/kratos_vishvesh_q2/local_setup.bash
[0.373s] -- Up-to-date symlink: /home/vishvesh/ros2_ws/src/install/kratos_vishvesh_q2/share/kratos_vishvesh_q2/local_setup.sh
[0.373s] -- Up-to-date symlink: /home/vishvesh/ros2_ws/src/install/kratos_vishvesh_q2/share/kratos_vishvesh_q2/local_setup.zsh
[0.373s] -- Up-to-date symlink: /home/vishvesh/ros2_ws/src/install/kratos_vishvesh_q2/share/kratos_vishvesh_q2/local_setup.dsv
[0.373s] -- Symlinking: /home/vishvesh/ros2_ws/src/install/kratos_vishvesh_q2/share/kratos_vishvesh_q2/package.dsv
[0.381s] -- Up-to-date symlink: /home/vishvesh/ros2_ws/src/install/kratos_vishvesh_q2/share/ament_index/resource_index/packages/kratos_vishvesh_q2
[0.381s] -- Up-to-date symlink: /home/vishvesh/ros2_ws/src/install/kratos_vishvesh_q2/share/kratos_vishvesh_q2/cmake/kratos_vishvesh_q2Config.cmake
[0.381s] -- Up-to-date symlink: /home/vishvesh/ros2_ws/src/install/kratos_vishvesh_q2/share/kratos_vishvesh_q2/cmake/kratos_vishvesh_q2Config-version.cmake
[0.381s] -- Up-to-date symlink: /home/vishvesh/ros2_ws/src/install/kratos_vishvesh_q2/share/kratos_vishvesh_q2/package.xml
[0.383s] Invoked command in '/home/vishvesh/ros2_ws/src/build/kratos_vishvesh_q2' returned '0': AMENT_PREFIX_PATH=/home/vishvesh/ros2_ws/src/install/kratos_vishvesh_q2_msgs:${AMENT_PREFIX_PATH} CMAKE_PREFIX_PATH=/home/vishvesh/ros2_ws/src/install/kratos_vishvesh_q2_msgs:/home/vishvesh/ros2_ws/install/topic_based_ros2_control:/home/vishvesh/ros2_ws/install/gs_ros_interfaces:/home/vishvesh/ros2_ws/install/kratos_vishvesh_q2:/home/vishvesh/ros2_ws/install/kratos_vishvesh_q2_msgs:/home/vishvesh/ros2_ws/install/kratos_vishvesh:/home/vishvesh/ros2_ws/install/gs_ros2_control_demos:/home/vishvesh/ros2_ws/install/turtle_controller:/home/vishvesh/ros2_ws/install/gs_simulation_interfaces:/home/vishvesh/ros2_ws/install/simulation_interfaces:/home/vishvesh/ros2_ws/install/gs_ros:/home/vishvesh/ros2_ws/install/Practice:/opt/ros/humble LD_LIBRARY_PATH=/home/vishvesh/ros2_ws/src/install/kratos_vishvesh_q2_msgs/lib:${LD_LIBRARY_PATH} PYTHONPATH=/home/vishvesh/ros2_ws/src/install/kratos_vishvesh_q2_msgs/local/lib/python3.10/dist-packages:${PYTHONPATH} /usr/bin/cmake --install /home/vishvesh/ros2_ws/src/build/kratos_vishvesh_q2
