[0.009s] Invoking command in '/home/vishvesh/ros2_ws/build/kratos_vishvesh_q2': CMAKE_PREFIX_PATH=/home/vishvesh/ros2_ws/install/kratos_vishvesh_q2_msgs:/home/vishvesh/ros2_ws/install/topic_based_ros2_control:/home/vishvesh/ros2_ws/install/gs_ros_interfaces:/home/vishvesh/ros2_ws/install/simulation_interfaces:/home/vishvesh/ros2_ws/install/kratos_vishvesh_q2:/home/vishvesh/ros2_ws/install/kratos_vishvesh:/home/vishvesh/ros2_ws/install/gs_ros2_control_demos:/home/vishvesh/ros2_ws/install/arm_humble:/home/vishvesh/ros2_ws/install/turtle_controller:/home/vishvesh/ros2_ws/install/gs_simulation_interfaces:/home/vishvesh/ros2_ws/install/gs_ros:/home/vishvesh/ros2_ws/install/Practice:/opt/ros/humble LD_LIBRARY_PATH=/home/vishvesh/ros2_ws/install/kratos_vishvesh_q2_msgs/lib:/home/vishvesh/ros2_ws/install/topic_based_ros2_control/lib:/home/vishvesh/ros2_ws/install/gs_ros_interfaces/lib:/home/vishvesh/ros2_ws/install/simulation_interfaces/lib:/opt/ros/humble/opt/rviz_ogre_vendor/lib:/opt/ros/humble/lib/x86_64-linux-gnu:/opt/ros/humble/lib /usr/bin/cmake --build /home/vishvesh/ros2_ws/build/kratos_vishvesh_q2 -- -j16 -l16
[0.044s] Invoked command in '/home/vishvesh/ros2_ws/build/kratos_vishvesh_q2' returned '0': CMAKE_PREFIX_PATH=/home/vishvesh/ros2_ws/install/kratos_vishvesh_q2_msgs:/home/vishvesh/ros2_ws/install/topic_based_ros2_control:/home/vishvesh/ros2_ws/install/gs_ros_interfaces:/home/vishvesh/ros2_ws/install/simulation_interfaces:/home/vishvesh/ros2_ws/install/kratos_vishvesh_q2:/home/vishvesh/ros2_ws/install/kratos_vishvesh:/home/vishvesh/ros2_ws/install/gs_ros2_control_demos:/home/vishvesh/ros2_ws/install/arm_humble:/home/vishvesh/ros2_ws/install/turtle_controller:/home/vishvesh/ros2_ws/install/gs_simulation_interfaces:/home/vishvesh/ros2_ws/install/gs_ros:/home/vishvesh/ros2_ws/install/Practice:/opt/ros/humble LD_LIBRARY_PATH=/home/vishvesh/ros2_ws/install/kratos_vishvesh_q2_msgs/lib:/home/vishvesh/ros2_ws/install/topic_based_ros2_control/lib:/home/vishvesh/ros2_ws/install/gs_ros_interfaces/lib:/home/vishvesh/ros2_ws/install/simulation_interfaces/lib:/opt/ros/humble/opt/rviz_ogre_vendor/lib:/opt/ros/humble/lib/x86_64-linux-gnu:/opt/ros/humble/lib /usr/bin/cmake --build /home/vishvesh/ros2_ws/build/kratos_vishvesh_q2 -- -j16 -l16
[0.045s] Invoking command in '/home/vishvesh/ros2_ws/build/kratos_vishvesh_q2': CMAKE_PREFIX_PATH=/home/vishvesh/ros2_ws/install/kratos_vishvesh_q2_msgs:/home/vishvesh/ros2_ws/install/topic_based_ros2_control:/home/vishvesh/ros2_ws/install/gs_ros_interfaces:/home/vishvesh/ros2_ws/install/simulation_interfaces:/home/vishvesh/ros2_ws/install/kratos_vishvesh_q2:/home/vishvesh/ros2_ws/install/kratos_vishvesh:/home/vishvesh/ros2_ws/install/gs_ros2_control_demos:/home/vishvesh/ros2_ws/install/arm_humble:/home/vishvesh/ros2_ws/install/turtle_controller:/home/vishvesh/ros2_ws/install/gs_simulation_interfaces:/home/vishvesh/ros2_ws/install/gs_ros:/home/vishvesh/ros2_ws/install/Practice:/opt/ros/humble LD_LIBRARY_PATH=/home/vishvesh/ros2_ws/install/kratos_vishvesh_q2_msgs/lib:/home/vishvesh/ros2_ws/install/topic_based_ros2_control/lib:/home/vishvesh/ros2_ws/install/gs_ros_interfaces/lib:/home/vishvesh/ros2_ws/install/simulation_interfaces/lib:/opt/ros/humble/opt/rviz_ogre_vendor/lib:/opt/ros/humble/lib/x86_64-linux-gnu:/opt/ros/humble/lib /usr/bin/cmake --install /home/vishvesh/ros2_ws/build/kratos_vishvesh_q2
[0.051s] -- Install configuration: ""
[0.052s] -- Execute custom install script
[0.052s] -- Up-to-date symlink: /home/vishvesh/ros2_ws/install/kratos_vishvesh_q2/lib/kratos_vishvesh_q2/rover_status_msg_publisher.py
[0.052s] -- Up-to-date symlink: /home/vishvesh/ros2_ws/install/kratos_vishvesh_q2/lib/kratos_vishvesh_q2/rover_status_msg_subscriber.py
[0.052s] -- Up-to-date symlink: /home/vishvesh/ros2_ws/install/kratos_vishvesh_q2/share/ament_index/resource_index/package_run_dependencies/kratos_vishvesh_q2
[0.052s] -- Up-to-date symlink: /home/vishvesh/ros2_ws/install/kratos_vishvesh_q2/share/ament_index/resource_index/parent_prefix_path/kratos_vishvesh_q2
[0.052s] -- Up-to-date symlink: /home/vishvesh/ros2_ws/install/kratos_vishvesh_q2/share/kratos_vishvesh_q2/environment/ament_prefix_path.sh
[0.052s] -- Up-to-date symlink: /home/vishvesh/ros2_ws/install/kratos_vishvesh_q2/share/kratos_vishvesh_q2/environment/ament_prefix_path.dsv
[0.052s] -- Up-to-date symlink: /home/vishvesh/ros2_ws/install/kratos_vishvesh_q2/share/kratos_vishvesh_q2/environment/path.sh
[0.052s] -- Up-to-date symlink: /home/vishvesh/ros2_ws/install/kratos_vishvesh_q2/share/kratos_vishvesh_q2/environment/path.dsv
[0.052s] -- Up-to-date symlink: /home/vishvesh/ros2_ws/install/kratos_vishvesh_q2/share/kratos_vishvesh_q2/local_setup.bash
[0.052s] -- Up-to-date symlink: /home/vishvesh/ros2_ws/install/kratos_vishvesh_q2/share/kratos_vishvesh_q2/local_setup.sh
[0.053s] -- Up-to-date symlink: /home/vishvesh/ros2_ws/install/kratos_vishvesh_q2/share/kratos_vishvesh_q2/local_setup.zsh
[0.053s] -- Up-to-date symlink: /home/vishvesh/ros2_ws/install/kratos_vishvesh_q2/share/kratos_vishvesh_q2/local_setup.dsv
[0.053s] -- Symlinking: /home/vishvesh/ros2_ws/install/kratos_vishvesh_q2/share/kratos_vishvesh_q2/package.dsv
[0.060s] -- Up-to-date symlink: /home/vishvesh/ros2_ws/install/kratos_vishvesh_q2/share/ament_index/resource_index/packages/kratos_vishvesh_q2
[0.060s] -- Up-to-date symlink: /home/vishvesh/ros2_ws/install/kratos_vishvesh_q2/share/kratos_vishvesh_q2/cmake/kratos_vishvesh_q2Config.cmake
[0.060s] -- Up-to-date symlink: /home/vishvesh/ros2_ws/install/kratos_vishvesh_q2/share/kratos_vishvesh_q2/cmake/kratos_vishvesh_q2Config-version.cmake
[0.060s] -- Up-to-date symlink: /home/vishvesh/ros2_ws/install/kratos_vishvesh_q2/share/kratos_vishvesh_q2/package.xml
[0.062s] Invoked command in '/home/vishvesh/ros2_ws/build/kratos_vishvesh_q2' returned '0': CMAKE_PREFIX_PATH=/home/vishvesh/ros2_ws/install/kratos_vishvesh_q2_msgs:/home/vishvesh/ros2_ws/install/topic_based_ros2_control:/home/vishvesh/ros2_ws/install/gs_ros_interfaces:/home/vishvesh/ros2_ws/install/simulation_interfaces:/home/vishvesh/ros2_ws/install/kratos_vishvesh_q2:/home/vishvesh/ros2_ws/install/kratos_vishvesh:/home/vishvesh/ros2_ws/install/gs_ros2_control_demos:/home/vishvesh/ros2_ws/install/arm_humble:/home/vishvesh/ros2_ws/install/turtle_controller:/home/vishvesh/ros2_ws/install/gs_simulation_interfaces:/home/vishvesh/ros2_ws/install/gs_ros:/home/vishvesh/ros2_ws/install/Practice:/opt/ros/humble LD_LIBRARY_PATH=/home/vishvesh/ros2_ws/install/kratos_vishvesh_q2_msgs/lib:/home/vishvesh/ros2_ws/install/topic_based_ros2_control/lib:/home/vishvesh/ros2_ws/install/gs_ros_interfaces/lib:/home/vishvesh/ros2_ws/install/simulation_interfaces/lib:/opt/ros/humble/opt/rviz_ogre_vendor/lib:/opt/ros/humble/lib/x86_64-linux-gnu:/opt/ros/humble/lib /usr/bin/cmake --install /home/vishvesh/ros2_ws/build/kratos_vishvesh_q2
