running egg_info
writing ../build/turtle_controller/turtle_controller.egg-info/PKG-INFO
writing dependency_links to ../build/turtle_controller/turtle_controller.egg-info/dependency_links.txt
writing entry points to ../build/turtle_controller/turtle_controller.egg-info/entry_points.txt
writing requirements to ../build/turtle_controller/turtle_controller.egg-info/requires.txt
writing top-level names to ../build/turtle_controller/turtle_controller.egg-info/top_level.txt
reading manifest file '../build/turtle_controller/turtle_controller.egg-info/SOURCES.txt'
writing manifest file '../build/turtle_controller/turtle_controller.egg-info/SOURCES.txt'
running build
running build_py
copying turtle_controller/circle_publisher.py -> /home/vishvesh/ros2_ws/src/build/turtle_controller/build/lib/turtle_controller
copying turtle_controller/__init__.py -> /home/vishvesh/ros2_ws/src/build/turtle_controller/build/lib/turtle_controller
running install
running install_lib
running install_data
copying resource/turtle_controller -> /home/vishvesh/ros2_ws/src/install/turtle_controller/share/ament_index/resource_index/packages
copying package.xml -> /home/vishvesh/ros2_ws/src/install/turtle_controller/share/turtle_controller
running install_egg_info
removing '/home/vishvesh/ros2_ws/src/install/turtle_controller/lib/python3.10/site-packages/turtle_controller-0.0.0-py3.10.egg-info' (and everything under it)
Copying ../build/turtle_controller/turtle_controller.egg-info to /home/vishvesh/ros2_ws/src/install/turtle_controller/lib/python3.10/site-packages/turtle_controller-0.0.0-py3.10.egg-info
running install_scripts
Installing circle_publisher script to /home/vishvesh/ros2_ws/src/install/turtle_controller/lib/turtle_controller
writing list of installed files to '/home/vishvesh/ros2_ws/src/build/turtle_controller/install.log'
