[0.945s] Invoking command in '/home/vishvesh/ros2_ws/src/turtle_controller': PYTHONPATH=/home/vishvesh/ros2_ws/src/build/turtle_controller/prefix_override:/usr/lib/python3/dist-packages/colcon_core/task/python/colcon_distutils_commands:/home/vishvesh/ros2_ws/src/install/turtle_controller/lib/python3.10/site-packages:${PYTHONPATH} /usr/bin/python3 -W ignore:setup.py install is deprecated -W ignore:easy_install command is deprecated setup.py egg_info --egg-base ../build/turtle_controller build --build-base /home/vishvesh/ros2_ws/src/build/turtle_controller/build install --record /home/vishvesh/ros2_ws/src/build/turtle_controller/install.log --single-version-externally-managed install_data
[1.151s] running egg_info
[1.161s] writing ../build/turtle_controller/turtle_controller.egg-info/PKG-INFO
[1.162s] writing dependency_links to ../build/turtle_controller/turtle_controller.egg-info/dependency_links.txt
[1.162s] writing entry points to ../build/turtle_controller/turtle_controller.egg-info/entry_points.txt
[1.162s] writing requirements to ../build/turtle_controller/turtle_controller.egg-info/requires.txt
[1.162s] writing top-level names to ../build/turtle_controller/turtle_controller.egg-info/top_level.txt
[1.186s] reading manifest file '../build/turtle_controller/turtle_controller.egg-info/SOURCES.txt'
[1.186s] writing manifest file '../build/turtle_controller/turtle_controller.egg-info/SOURCES.txt'
[1.187s] running build
[1.187s] running build_py
[1.187s] copying turtle_controller/circle_publisher.py -> /home/vishvesh/ros2_ws/src/build/turtle_controller/build/lib/turtle_controller
[1.187s] copying turtle_controller/__init__.py -> /home/vishvesh/ros2_ws/src/build/turtle_controller/build/lib/turtle_controller
[1.187s] running install
[1.191s] running install_lib
[1.203s] running install_data
[1.203s] copying resource/turtle_controller -> /home/vishvesh/ros2_ws/src/install/turtle_controller/share/ament_index/resource_index/packages
[1.203s] copying package.xml -> /home/vishvesh/ros2_ws/src/install/turtle_controller/share/turtle_controller
[1.203s] running install_egg_info
[1.217s] removing '/home/vishvesh/ros2_ws/src/install/turtle_controller/lib/python3.10/site-packages/turtle_controller-0.0.0-py3.10.egg-info' (and everything under it)
[1.217s] Copying ../build/turtle_controller/turtle_controller.egg-info to /home/vishvesh/ros2_ws/src/install/turtle_controller/lib/python3.10/site-packages/turtle_controller-0.0.0-py3.10.egg-info
[1.218s] running install_scripts
[1.292s] Installing circle_publisher script to /home/vishvesh/ros2_ws/src/install/turtle_controller/lib/turtle_controller
[1.292s] writing list of installed files to '/home/vishvesh/ros2_ws/src/build/turtle_controller/install.log'
[1.365s] Invoked command in '/home/vishvesh/ros2_ws/src/turtle_controller' returned '0': PYTHONPATH=/home/vishvesh/ros2_ws/src/build/turtle_controller/prefix_override:/usr/lib/python3/dist-packages/colcon_core/task/python/colcon_distutils_commands:/home/vishvesh/ros2_ws/src/install/turtle_controller/lib/python3.10/site-packages:${PYTHONPATH} /usr/bin/python3 -W ignore:setup.py install is deprecated -W ignore:easy_install command is deprecated setup.py egg_info --egg-base ../build/turtle_controller build --build-base /home/vishvesh/ros2_ws/src/build/turtle_controller/build install --record /home/vishvesh/ros2_ws/src/build/turtle_controller/install.log --single-version-externally-managed install_data
