[0.470s] Invoking command in '/home/vishvesh/ros2_ws/build/Practice': PYTHONPATH=/home/vishvesh/ros2_ws/build/Practice/prefix_override:/usr/lib/python3/dist-packages/colcon_core/task/python/colcon_distutils_commands:/home/vishvesh/ros2_ws/install/Practice/lib/python3.10/site-packages:${PYTHONPATH} /usr/bin/python3 -W ignore:setup.py install is deprecated -W ignore:easy_install command is deprecated setup.py develop --editable --build-directory /home/vishvesh/ros2_ws/build/Practice/build --no-deps symlink_data --force
[0.671s] running develop
[0.763s] running egg_info
[0.771s] writing Practice.egg-info/PKG-INFO
[0.771s] writing dependency_links to Practice.egg-info/dependency_links.txt
[0.771s] writing entry points to Practice.egg-info/entry_points.txt
[0.771s] writing requirements to Practice.egg-info/requires.txt
[0.771s] writing top-level names to Practice.egg-info/top_level.txt
[0.787s] reading manifest file 'Practice.egg-info/SOURCES.txt'
[0.787s] writing manifest file 'Practice.egg-info/SOURCES.txt'
[0.796s] running build_ext
[0.796s] Creating /home/vishvesh/ros2_ws/install/Practice/lib/python3.10/site-packages/Practice.egg-link (link to .)
[0.797s] Installing draw_circle_node script to /home/vishvesh/ros2_ws/install/Practice/lib/Practice
[0.797s] Installing name_to_run script to /home/vishvesh/ros2_ws/install/Practice/lib/Practice
[0.797s] Installing pose_node script to /home/vishvesh/ros2_ws/install/Practice/lib/Practice
[0.797s] 
[0.797s] Installed /home/vishvesh/ros2_ws/build/Practice
[0.797s] running symlink_data
[0.797s] symbolically linking /home/vishvesh/ros2_ws/build/Practice/resource/Practice -> /home/vishvesh/ros2_ws/install/Practice/share/ament_index/resource_index/packages
[0.797s] symbolically linking /home/vishvesh/ros2_ws/build/Practice/package.xml -> /home/vishvesh/ros2_ws/install/Practice/share/Practice
[0.815s] Invoked command in '/home/vishvesh/ros2_ws/build/Practice' returned '0': PYTHONPATH=/home/vishvesh/ros2_ws/build/Practice/prefix_override:/usr/lib/python3/dist-packages/colcon_core/task/python/colcon_distutils_commands:/home/vishvesh/ros2_ws/install/Practice/lib/python3.10/site-packages:${PYTHONPATH} /usr/bin/python3 -W ignore:setup.py install is deprecated -W ignore:easy_install command is deprecated setup.py develop --editable --build-directory /home/vishvesh/ros2_ws/build/Practice/build --no-deps symlink_data --force
