[0.275s] Invoking command in '/home/vishvesh/ros2_ws/src/build/kratos_vishvesh': CMAKE_PREFIX_PATH=${CMAKE_PREFIX_PATH}:/home/vishvesh/ros2_ws/install/turtle_controller:/home/vishvesh/ros2_ws/install/gs_simulation_interfaces:/home/vishvesh/ros2_ws/install/gs_ros:/home/vishvesh/ros2_ws/install/Practice:/opt/ros/humble /usr/bin/cmake /home/vishvesh/ros2_ws/src/kratos_vishvesh -DCMAKE_INSTALL_PREFIX=/home/vishvesh/ros2_ws/src/install/kratos_vishvesh
[0.282s] -- Found ament_cmake: 1.3.14 (/opt/ros/humble/share/ament_cmake/cmake)
[0.368s] -- Override CMake install command with custom implementation using symlinks instead of copying resources
[0.374s] -- Found ament_lint_auto: 0.12.15 (/opt/ros/humble/share/ament_lint_auto/cmake)
[0.433s] -- Added test 'flake8' to check Python code syntax and style conventions
[0.434s] -- Added test 'lint_cmake' to check CMake code style
[0.434s] -- Added test 'pep257' to check Python code against some of the docstring style conventions in PEP 257
[0.435s] -- Added test 'xmllint' to check XML markup files
[0.436s] -- Configuring done
[0.438s] -- Generating done
[0.440s] -- Build files have been written to: /home/vishvesh/ros2_ws/src/build/kratos_vishvesh
[0.442s] Invoked command in '/home/vishvesh/ros2_ws/src/build/kratos_vishvesh' returned '0': CMAKE_PREFIX_PATH=${CMAKE_PREFIX_PATH}:/home/vishvesh/ros2_ws/install/turtle_controller:/home/vishvesh/ros2_ws/install/gs_simulation_interfaces:/home/vishvesh/ros2_ws/install/gs_ros:/home/vishvesh/ros2_ws/install/Practice:/opt/ros/humble /usr/bin/cmake /home/vishvesh/ros2_ws/src/kratos_vishvesh -DCMAKE_INSTALL_PREFIX=/home/vishvesh/ros2_ws/src/install/kratos_vishvesh
[0.444s] Invoking command in '/home/vishvesh/ros2_ws/src/build/kratos_vishvesh': CMAKE_PREFIX_PATH=${CMAKE_PREFIX_PATH}:/home/vishvesh/ros2_ws/install/turtle_controller:/home/vishvesh/ros2_ws/install/gs_simulation_interfaces:/home/vishvesh/ros2_ws/install/gs_ros:/home/vishvesh/ros2_ws/install/Practice:/opt/ros/humble /usr/bin/cmake --build /home/vishvesh/ros2_ws/src/build/kratos_vishvesh -- -j16 -l16
[0.472s] Invoked command in '/home/vishvesh/ros2_ws/src/build/kratos_vishvesh' returned '0': CMAKE_PREFIX_PATH=${CMAKE_PREFIX_PATH}:/home/vishvesh/ros2_ws/install/turtle_controller:/home/vishvesh/ros2_ws/install/gs_simulation_interfaces:/home/vishvesh/ros2_ws/install/gs_ros:/home/vishvesh/ros2_ws/install/Practice:/opt/ros/humble /usr/bin/cmake --build /home/vishvesh/ros2_ws/src/build/kratos_vishvesh -- -j16 -l16
[0.481s] Invoking command in '/home/vishvesh/ros2_ws/src/build/kratos_vishvesh': CMAKE_PREFIX_PATH=${CMAKE_PREFIX_PATH}:/home/vishvesh/ros2_ws/install/turtle_controller:/home/vishvesh/ros2_ws/install/gs_simulation_interfaces:/home/vishvesh/ros2_ws/install/gs_ros:/home/vishvesh/ros2_ws/install/Practice:/opt/ros/humble /usr/bin/cmake --install /home/vishvesh/ros2_ws/src/build/kratos_vishvesh
[0.485s] -- Install configuration: ""
[0.486s] -- Execute custom install script
[0.486s] -- Up-to-date symlink: /home/vishvesh/ros2_ws/src/install/kratos_vishvesh/lib/kratos_vishvesh/rover_status_msg_publisher.py
[0.486s] -- Up-to-date symlink: /home/vishvesh/ros2_ws/src/install/kratos_vishvesh/lib/kratos_vishvesh/rover_status_msg_subscriber.py
[0.486s] -- Up-to-date symlink: /home/vishvesh/ros2_ws/src/install/kratos_vishvesh/share/ament_index/resource_index/package_run_dependencies/kratos_vishvesh
[0.486s] -- Up-to-date symlink: /home/vishvesh/ros2_ws/src/install/kratos_vishvesh/share/ament_index/resource_index/parent_prefix_path/kratos_vishvesh
[0.486s] -- Up-to-date symlink: /home/vishvesh/ros2_ws/src/install/kratos_vishvesh/share/kratos_vishvesh/environment/ament_prefix_path.sh
[0.486s] -- Up-to-date symlink: /home/vishvesh/ros2_ws/src/install/kratos_vishvesh/share/kratos_vishvesh/environment/ament_prefix_path.dsv
[0.486s] -- Up-to-date symlink: /home/vishvesh/ros2_ws/src/install/kratos_vishvesh/share/kratos_vishvesh/environment/path.sh
[0.487s] -- Up-to-date symlink: /home/vishvesh/ros2_ws/src/install/kratos_vishvesh/share/kratos_vishvesh/environment/path.dsv
[0.487s] -- Up-to-date symlink: /home/vishvesh/ros2_ws/src/install/kratos_vishvesh/share/kratos_vishvesh/local_setup.bash
[0.487s] -- Up-to-date symlink: /home/vishvesh/ros2_ws/src/install/kratos_vishvesh/share/kratos_vishvesh/local_setup.sh
[0.487s] -- Up-to-date symlink: /home/vishvesh/ros2_ws/src/install/kratos_vishvesh/share/kratos_vishvesh/local_setup.zsh
[0.487s] -- Up-to-date symlink: /home/vishvesh/ros2_ws/src/install/kratos_vishvesh/share/kratos_vishvesh/local_setup.dsv
[0.487s] -- Symlinking: /home/vishvesh/ros2_ws/src/install/kratos_vishvesh/share/kratos_vishvesh/package.dsv
[0.494s] -- Up-to-date symlink: /home/vishvesh/ros2_ws/src/install/kratos_vishvesh/share/ament_index/resource_index/packages/kratos_vishvesh
[0.494s] -- Up-to-date symlink: /home/vishvesh/ros2_ws/src/install/kratos_vishvesh/share/kratos_vishvesh/cmake/kratos_vishveshConfig.cmake
[0.494s] -- Up-to-date symlink: /home/vishvesh/ros2_ws/src/install/kratos_vishvesh/share/kratos_vishvesh/cmake/kratos_vishveshConfig-version.cmake
[0.494s] -- Up-to-date symlink: /home/vishvesh/ros2_ws/src/install/kratos_vishvesh/share/kratos_vishvesh/package.xml
[0.496s] Invoked command in '/home/vishvesh/ros2_ws/src/build/kratos_vishvesh' returned '0': CMAKE_PREFIX_PATH=${CMAKE_PREFIX_PATH}:/home/vishvesh/ros2_ws/install/turtle_controller:/home/vishvesh/ros2_ws/install/gs_simulation_interfaces:/home/vishvesh/ros2_ws/install/gs_ros:/home/vishvesh/ros2_ws/install/Practice:/opt/ros/humble /usr/bin/cmake --install /home/vishvesh/ros2_ws/src/build/kratos_vishvesh
