[0.694s] Invoking command in '/home/vishvesh/ros2_ws/src/build/gs_ros': PYTHONPATH=/home/vishvesh/ros2_ws/src/build/gs_ros/prefix_override:/usr/lib/python3/dist-packages/colcon_core/task/python/colcon_distutils_commands:/home/vishvesh/ros2_ws/src/install/gs_ros/lib/python3.10/site-packages:${PYTHONPATH} /usr/bin/python3 -W ignore:setup.py install is deprecated -W ignore:easy_install command is deprecated setup.py develop --editable --build-directory /home/vishvesh/ros2_ws/src/build/gs_ros/build --no-deps symlink_data
[0.814s] /home/vishvesh/.local/lib/python3.10/site-packages/setuptools/_distutils/dist.py:289: UserWarning: Unknown distribution option: 'tests_require'
[0.814s]   warnings.warn(msg)
[0.896s] running develop
[0.994s] running egg_info
[1.002s] creating gs_ros.egg-info
[1.003s] writing gs_ros.egg-info/PKG-INFO
[1.003s] writing dependency_links to gs_ros.egg-info/dependency_links.txt
[1.003s] writing requirements to gs_ros.egg-info/requires.txt
[1.003s] writing top-level names to gs_ros.egg-info/top_level.txt
[1.003s] writing manifest file 'gs_ros.egg-info/SOURCES.txt'
[1.021s] reading manifest file 'gs_ros.egg-info/SOURCES.txt'
[1.021s] writing manifest file 'gs_ros.egg-info/SOURCES.txt'
[1.031s] running build_ext
[1.031s] Creating /home/vishvesh/ros2_ws/src/install/gs_ros/lib/python3.10/site-packages/gs-ros.egg-link (link to .)
[1.031s] 
[1.032s] Installed /home/vishvesh/ros2_ws/src/build/gs_ros
[1.032s] running symlink_data
[1.032s] creating /home/vishvesh/ros2_ws/src/install/gs_ros/share/ament_index/resource_index/packages
[1.032s] symbolically linking /home/vishvesh/ros2_ws/src/build/gs_ros/resource/gs_ros -> /home/vishvesh/ros2_ws/src/install/gs_ros/share/ament_index/resource_index/packages
[1.032s] symbolically linking /home/vishvesh/ros2_ws/src/build/gs_ros/package.xml -> /home/vishvesh/ros2_ws/src/install/gs_ros/share/gs_ros
[1.058s] Invoked command in '/home/vishvesh/ros2_ws/src/build/gs_ros' returned '0': PYTHONPATH=/home/vishvesh/ros2_ws/src/build/gs_ros/prefix_override:/usr/lib/python3/dist-packages/colcon_core/task/python/colcon_distutils_commands:/home/vishvesh/ros2_ws/src/install/gs_ros/lib/python3.10/site-packages:${PYTHONPATH} /usr/bin/python3 -W ignore:setup.py install is deprecated -W ignore:easy_install command is deprecated setup.py develop --editable --build-directory /home/vishvesh/ros2_ws/src/build/gs_ros/build --no-deps symlink_data
