/home/vishvesh/ros2_ws/install/gs_ros/lib/python3.10/site-packages/gs_ros/gs_ros_services.py
/home/vishvesh/ros2_ws/install/gs_ros/lib/python3.10/site-packages/gs_ros/gs_ros_sensors.py
/home/vishvesh/ros2_ws/install/gs_ros/lib/python3.10/site-packages/gs_ros/gs_ros_robot_control.py
/home/vishvesh/ros2_ws/install/gs_ros/lib/python3.10/site-packages/gs_ros/gs_ros_sim.py
/home/vishvesh/ros2_ws/install/gs_ros/lib/python3.10/site-packages/gs_ros/__init__.py
/home/vishvesh/ros2_ws/install/gs_ros/lib/python3.10/site-packages/gs_ros/gs_ros_bridge.py
/home/vishvesh/ros2_ws/install/gs_ros/lib/python3.10/site-packages/gs_ros/gs_ros_utils.py
/home/vishvesh/ros2_ws/install/gs_ros/lib/python3.10/site-packages/gs_ros/sensors/grid_lidar_sensor.py
/home/vishvesh/ros2_ws/install/gs_ros/lib/python3.10/site-packages/gs_ros/sensors/camera_sensor.py
/home/vishvesh/ros2_ws/install/gs_ros/lib/python3.10/site-packages/gs_ros/sensors/lidar_sensor.py
/home/vishvesh/ros2_ws/install/gs_ros/lib/python3.10/site-packages/gs_ros/sensors/imu_sensor.py
/home/vishvesh/ros2_ws/install/gs_ros/lib/python3.10/site-packages/gs_ros/sensors/sectional_lidar_sensor.py
/home/vishvesh/ros2_ws/install/gs_ros/lib/python3.10/site-packages/gs_ros/sensors/base_sensor.py
/home/vishvesh/ros2_ws/install/gs_ros/lib/python3.10/site-packages/gs_ros/sensors/laser_scan_sensor.py
/home/vishvesh/ros2_ws/install/gs_ros/lib/python3.10/site-packages/gs_ros/sensors/contact_sensor.py
/home/vishvesh/ros2_ws/install/gs_ros/lib/python3.10/site-packages/gs_ros/sensors/__init__.py
/home/vishvesh/ros2_ws/install/gs_ros/lib/python3.10/site-packages/gs_ros/sensors/sensor_helper.py
/home/vishvesh/ros2_ws/install/gs_ros/lib/python3.10/site-packages/gs_ros/sensors/contact_force_sensor.py
/home/vishvesh/ros2_ws/install/gs_ros/lib/python3.10/site-packages/gs_ros/__pycache__/gs_ros_services.cpython-310.pyc
/home/vishvesh/ros2_ws/install/gs_ros/lib/python3.10/site-packages/gs_ros/__pycache__/gs_ros_sensors.cpython-310.pyc
/home/vishvesh/ros2_ws/install/gs_ros/lib/python3.10/site-packages/gs_ros/__pycache__/gs_ros_robot_control.cpython-310.pyc
/home/vishvesh/ros2_ws/install/gs_ros/lib/python3.10/site-packages/gs_ros/__pycache__/gs_ros_sim.cpython-310.pyc
/home/vishvesh/ros2_ws/install/gs_ros/lib/python3.10/site-packages/gs_ros/__pycache__/__init__.cpython-310.pyc
/home/vishvesh/ros2_ws/install/gs_ros/lib/python3.10/site-packages/gs_ros/__pycache__/gs_ros_bridge.cpython-310.pyc
/home/vishvesh/ros2_ws/install/gs_ros/lib/python3.10/site-packages/gs_ros/__pycache__/gs_ros_utils.cpython-310.pyc
/home/vishvesh/ros2_ws/install/gs_ros/lib/python3.10/site-packages/gs_ros/sensors/__pycache__/grid_lidar_sensor.cpython-310.pyc
/home/vishvesh/ros2_ws/install/gs_ros/lib/python3.10/site-packages/gs_ros/sensors/__pycache__/camera_sensor.cpython-310.pyc
/home/vishvesh/ros2_ws/install/gs_ros/lib/python3.10/site-packages/gs_ros/sensors/__pycache__/lidar_sensor.cpython-310.pyc
/home/vishvesh/ros2_ws/install/gs_ros/lib/python3.10/site-packages/gs_ros/sensors/__pycache__/imu_sensor.cpython-310.pyc
/home/vishvesh/ros2_ws/install/gs_ros/lib/python3.10/site-packages/gs_ros/sensors/__pycache__/sectional_lidar_sensor.cpython-310.pyc
/home/vishvesh/ros2_ws/install/gs_ros/lib/python3.10/site-packages/gs_ros/sensors/__pycache__/base_sensor.cpython-310.pyc
/home/vishvesh/ros2_ws/install/gs_ros/lib/python3.10/site-packages/gs_ros/sensors/__pycache__/laser_scan_sensor.cpython-310.pyc
/home/vishvesh/ros2_ws/install/gs_ros/lib/python3.10/site-packages/gs_ros/sensors/__pycache__/contact_sensor.cpython-310.pyc
/home/vishvesh/ros2_ws/install/gs_ros/lib/python3.10/site-packages/gs_ros/sensors/__pycache__/__init__.cpython-310.pyc
/home/vishvesh/ros2_ws/install/gs_ros/lib/python3.10/site-packages/gs_ros/sensors/__pycache__/sensor_helper.cpython-310.pyc
/home/vishvesh/ros2_ws/install/gs_ros/lib/python3.10/site-packages/gs_ros/sensors/__pycache__/contact_force_sensor.cpython-310.pyc
/home/vishvesh/ros2_ws/install/gs_ros/share/ament_index/resource_index/packages/gs_ros
/home/vishvesh/ros2_ws/install/gs_ros/share/gs_ros/package.xml
/home/vishvesh/ros2_ws/install/gs_ros/lib/python3.10/site-packages/gs_ros-0.0.0-py3.10.egg-info/dependency_links.txt
/home/vishvesh/ros2_ws/install/gs_ros/lib/python3.10/site-packages/gs_ros-0.0.0-py3.10.egg-info/requires.txt
/home/vishvesh/ros2_ws/install/gs_ros/lib/python3.10/site-packages/gs_ros-0.0.0-py3.10.egg-info/top_level.txt
/home/vishvesh/ros2_ws/install/gs_ros/lib/python3.10/site-packages/gs_ros-0.0.0-py3.10.egg-info/PKG-INFO
/home/vishvesh/ros2_ws/install/gs_ros/lib/python3.10/site-packages/gs_ros-0.0.0-py3.10.egg-info/zip-safe
/home/vishvesh/ros2_ws/install/gs_ros/lib/python3.10/site-packages/gs_ros-0.0.0-py3.10.egg-info/SOURCES.txt
