[0.058s] DEBUG:colcon:Command line arguments: ['/usr/bin/colcon', 'build', '--symlink-install']
[0.058s] DEBUG:colcon:Parsed command line arguments: Namespace(log_base=None, log_level=None, verb_name='build', build_base='build', install_base='install', merge_install=False, symlink_install=True, test_result_base=None, continue_on_error=False, executor='parallel', parallel_workers=16, event_handlers=None, ignore_user_meta=False, metas=['./colcon.meta'], base_paths=['.'], packages_ignore=None, packages_ignore_regex=None, paths=None, packages_up_to=None, packages_up_to_regex=None, packages_above=None, packages_above_and_dependencies=None, packages_above_depth=None, packages_select_by_dep=None, packages_skip_by_dep=None, packages_skip_up_to=None, packages_select_build_failed=False, packages_skip_build_finished=False, packages_select_test_failures=False, packages_skip_test_passed=False, packages_select=None, packages_skip=None, packages_select_regex=None, packages_skip_regex=None, packages_start=None, packages_end=None, allow_overriding=[], cmake_args=None, cmake_target=None, cmake_target_skip_unavailable=False, cmake_clean_cache=False, cmake_clean_first=False, cmake_force_configure=False, ament_cmake_args=None, catkin_cmake_args=None, catkin_skip_building_tests=False, verb_parser=<colcon_defaults.argument_parser.defaults.DefaultArgumentsDecorator object at 0x7f4a4e2cad10>, verb_extension=<colcon_core.verb.build.BuildVerb object at 0x7f4a4e4d3ac0>, main=<bound method BuildVerb.main of <colcon_core.verb.build.BuildVerb object at 0x7f4a4e4d3ac0>>)
[0.102s] Level 1:colcon.colcon_core.package_discovery:discover_packages(colcon_meta) check parameters
[0.102s] Level 1:colcon.colcon_core.package_discovery:discover_packages(recursive) check parameters
[0.102s] Level 1:colcon.colcon_core.package_discovery:discover_packages(ignore) check parameters
[0.102s] Level 1:colcon.colcon_core.package_discovery:discover_packages(path) check parameters
[0.102s] Level 1:colcon.colcon_core.package_discovery:discover_packages(colcon_meta) discover
[0.102s] Level 1:colcon.colcon_core.package_discovery:discover_packages(recursive) discover
[0.102s] INFO:colcon.colcon_core.package_discovery:Crawling recursively for packages in '/home/vishvesh/ros2_ws'
[0.102s] Level 1:colcon.colcon_core.package_identification:_identify(.) by extensions ['ignore', 'ignore_ament_install']
[0.102s] Level 1:colcon.colcon_core.package_identification:_identify(.) by extension 'ignore'
[0.102s] Level 1:colcon.colcon_core.package_identification:_identify(.) by extension 'ignore_ament_install'
[0.102s] Level 1:colcon.colcon_core.package_identification:_identify(.) by extensions ['colcon_pkg']
[0.103s] Level 1:colcon.colcon_core.package_identification:_identify(.) by extension 'colcon_pkg'
[0.103s] Level 1:colcon.colcon_core.package_identification:_identify(.) by extensions ['colcon_meta']
[0.103s] Level 1:colcon.colcon_core.package_identification:_identify(.) by extension 'colcon_meta'
[0.103s] Level 1:colcon.colcon_core.package_identification:_identify(.) by extensions ['ros']
[0.103s] Level 1:colcon.colcon_core.package_identification:_identify(.) by extension 'ros'
[0.111s] Level 1:colcon.colcon_core.package_identification:_identify(.) by extensions ['cmake', 'python']
[0.111s] Level 1:colcon.colcon_core.package_identification:_identify(.) by extension 'cmake'
[0.111s] Level 1:colcon.colcon_core.package_identification:_identify(.) by extension 'python'
[0.111s] Level 1:colcon.colcon_core.package_identification:_identify(.) by extensions ['python_setup_py']
[0.111s] Level 1:colcon.colcon_core.package_identification:_identify(.) by extension 'python_setup_py'
[0.112s] Level 1:colcon.colcon_core.package_identification:_identify(build) by extensions ['ignore', 'ignore_ament_install']
[0.112s] Level 1:colcon.colcon_core.package_identification:_identify(build) by extension 'ignore'
[0.112s] Level 1:colcon.colcon_core.package_identification:_identify(build) ignored
[0.112s] Level 1:colcon.colcon_core.package_identification:_identify(install) by extensions ['ignore', 'ignore_ament_install']
[0.112s] Level 1:colcon.colcon_core.package_identification:_identify(install) by extension 'ignore'
[0.112s] Level 1:colcon.colcon_core.package_identification:_identify(install) ignored
[0.112s] Level 1:colcon.colcon_core.package_identification:_identify(log) by extensions ['ignore', 'ignore_ament_install']
[0.112s] Level 1:colcon.colcon_core.package_identification:_identify(log) by extension 'ignore'
[0.112s] Level 1:colcon.colcon_core.package_identification:_identify(log) ignored
[0.112s] Level 1:colcon.colcon_core.package_identification:_identify(src) by extensions ['ignore', 'ignore_ament_install']
[0.112s] Level 1:colcon.colcon_core.package_identification:_identify(src) by extension 'ignore'
[0.112s] Level 1:colcon.colcon_core.package_identification:_identify(src) by extension 'ignore_ament_install'
[0.112s] Level 1:colcon.colcon_core.package_identification:_identify(src) by extensions ['colcon_pkg']
[0.112s] Level 1:colcon.colcon_core.package_identification:_identify(src) by extension 'colcon_pkg'
[0.112s] Level 1:colcon.colcon_core.package_identification:_identify(src) by extensions ['colcon_meta']
[0.112s] Level 1:colcon.colcon_core.package_identification:_identify(src) by extension 'colcon_meta'
[0.112s] Level 1:colcon.colcon_core.package_identification:_identify(src) by extensions ['ros']
[0.112s] Level 1:colcon.colcon_core.package_identification:_identify(src) by extension 'ros'
[0.112s] Level 1:colcon.colcon_core.package_identification:_identify(src) by extensions ['cmake', 'python']
[0.112s] Level 1:colcon.colcon_core.package_identification:_identify(src) by extension 'cmake'
[0.112s] Level 1:colcon.colcon_core.package_identification:_identify(src) by extension 'python'
[0.112s] Level 1:colcon.colcon_core.package_identification:_identify(src) by extensions ['python_setup_py']
[0.112s] Level 1:colcon.colcon_core.package_identification:_identify(src) by extension 'python_setup_py'
[0.112s] Level 1:colcon.colcon_core.package_identification:_identify(src/Practice) by extensions ['ignore', 'ignore_ament_install']
[0.112s] Level 1:colcon.colcon_core.package_identification:_identify(src/Practice) by extension 'ignore'
[0.112s] Level 1:colcon.colcon_core.package_identification:_identify(src/Practice) by extension 'ignore_ament_install'
[0.112s] Level 1:colcon.colcon_core.package_identification:_identify(src/Practice) by extensions ['colcon_pkg']
[0.112s] Level 1:colcon.colcon_core.package_identification:_identify(src/Practice) by extension 'colcon_pkg'
[0.112s] Level 1:colcon.colcon_core.package_identification:_identify(src/Practice) by extensions ['colcon_meta']
[0.112s] Level 1:colcon.colcon_core.package_identification:_identify(src/Practice) by extension 'colcon_meta'
[0.112s] Level 1:colcon.colcon_core.package_identification:_identify(src/Practice) by extensions ['ros']
[0.112s] Level 1:colcon.colcon_core.package_identification:_identify(src/Practice) by extension 'ros'
[0.114s] DEBUG:colcon.colcon_core.package_identification:Package 'src/Practice' with type 'ros.ament_python' and name 'Practice'
[0.114s] Level 1:colcon.colcon_core.package_identification:_identify(src/build) by extensions ['ignore', 'ignore_ament_install']
[0.114s] Level 1:colcon.colcon_core.package_identification:_identify(src/build) by extension 'ignore'
[0.114s] Level 1:colcon.colcon_core.package_identification:_identify(src/build) ignored
[0.114s] Level 1:colcon.colcon_core.package_identification:_identify(src/install) by extensions ['ignore', 'ignore_ament_install']
[0.114s] Level 1:colcon.colcon_core.package_identification:_identify(src/install) by extension 'ignore'
[0.114s] Level 1:colcon.colcon_core.package_identification:_identify(src/install) ignored
[0.114s] Level 1:colcon.colcon_core.package_identification:_identify(src/kratos_inductions) by extensions ['ignore', 'ignore_ament_install']
[0.114s] Level 1:colcon.colcon_core.package_identification:_identify(src/kratos_inductions) by extension 'ignore'
[0.114s] Level 1:colcon.colcon_core.package_identification:_identify(src/kratos_inductions) by extension 'ignore_ament_install'
[0.114s] Level 1:colcon.colcon_core.package_identification:_identify(src/kratos_inductions) by extensions ['colcon_pkg']
[0.114s] Level 1:colcon.colcon_core.package_identification:_identify(src/kratos_inductions) by extension 'colcon_pkg'
[0.115s] Level 1:colcon.colcon_core.package_identification:_identify(src/kratos_inductions) by extensions ['colcon_meta']
[0.115s] Level 1:colcon.colcon_core.package_identification:_identify(src/kratos_inductions) by extension 'colcon_meta'
[0.115s] Level 1:colcon.colcon_core.package_identification:_identify(src/kratos_inductions) by extensions ['ros']
[0.115s] Level 1:colcon.colcon_core.package_identification:_identify(src/kratos_inductions) by extension 'ros'
[0.115s] Level 1:colcon.colcon_core.package_identification:_identify(src/kratos_inductions) by extensions ['cmake', 'python']
[0.115s] Level 1:colcon.colcon_core.package_identification:_identify(src/kratos_inductions) by extension 'cmake'
[0.115s] Level 1:colcon.colcon_core.package_identification:_identify(src/kratos_inductions) by extension 'python'
[0.115s] Level 1:colcon.colcon_core.package_identification:_identify(src/kratos_inductions) by extensions ['python_setup_py']
[0.115s] Level 1:colcon.colcon_core.package_identification:_identify(src/kratos_inductions) by extension 'python_setup_py'
[0.115s] Level 1:colcon.colcon_core.package_identification:_identify(src/kratos_inductions/arm_humble) by extensions ['ignore', 'ignore_ament_install']
[0.115s] Level 1:colcon.colcon_core.package_identification:_identify(src/kratos_inductions/arm_humble) by extension 'ignore'
[0.115s] Level 1:colcon.colcon_core.package_identification:_identify(src/kratos_inductions/arm_humble) by extension 'ignore_ament_install'
[0.115s] Level 1:colcon.colcon_core.package_identification:_identify(src/kratos_inductions/arm_humble) by extensions ['colcon_pkg']
[0.115s] Level 1:colcon.colcon_core.package_identification:_identify(src/kratos_inductions/arm_humble) by extension 'colcon_pkg'
[0.115s] Level 1:colcon.colcon_core.package_identification:_identify(src/kratos_inductions/arm_humble) by extensions ['colcon_meta']
[0.115s] Level 1:colcon.colcon_core.package_identification:_identify(src/kratos_inductions/arm_humble) by extension 'colcon_meta'
[0.115s] Level 1:colcon.colcon_core.package_identification:_identify(src/kratos_inductions/arm_humble) by extensions ['ros']
[0.115s] Level 1:colcon.colcon_core.package_identification:_identify(src/kratos_inductions/arm_humble) by extension 'ros'
[0.115s] DEBUG:colcon.colcon_core.package_identification:Package 'src/kratos_inductions/arm_humble' with type 'ros.ament_cmake' and name 'arm_humble'
[0.116s] Level 1:colcon.colcon_core.package_identification:_identify(src/kratos_vishvesh) by extensions ['ignore', 'ignore_ament_install']
[0.116s] Level 1:colcon.colcon_core.package_identification:_identify(src/kratos_vishvesh) by extension 'ignore'
[0.116s] Level 1:colcon.colcon_core.package_identification:_identify(src/kratos_vishvesh) by extension 'ignore_ament_install'
[0.116s] Level 1:colcon.colcon_core.package_identification:_identify(src/kratos_vishvesh) by extensions ['colcon_pkg']
[0.116s] Level 1:colcon.colcon_core.package_identification:_identify(src/kratos_vishvesh) by extension 'colcon_pkg'
[0.116s] Level 1:colcon.colcon_core.package_identification:_identify(src/kratos_vishvesh) by extensions ['colcon_meta']
[0.116s] Level 1:colcon.colcon_core.package_identification:_identify(src/kratos_vishvesh) by extension 'colcon_meta'
[0.116s] Level 1:colcon.colcon_core.package_identification:_identify(src/kratos_vishvesh) by extensions ['ros']
[0.116s] Level 1:colcon.colcon_core.package_identification:_identify(src/kratos_vishvesh) by extension 'ros'
[0.116s] DEBUG:colcon.colcon_core.package_identification:Package 'src/kratos_vishvesh' with type 'ros.ament_cmake' and name 'kratos_vishvesh'
[0.116s] Level 1:colcon.colcon_core.package_identification:_identify(src/kratos_vishvesh_q2) by extensions ['ignore', 'ignore_ament_install']
[0.116s] Level 1:colcon.colcon_core.package_identification:_identify(src/kratos_vishvesh_q2) by extension 'ignore'
[0.116s] Level 1:colcon.colcon_core.package_identification:_identify(src/kratos_vishvesh_q2) by extension 'ignore_ament_install'
[0.116s] Level 1:colcon.colcon_core.package_identification:_identify(src/kratos_vishvesh_q2) by extensions ['colcon_pkg']
[0.116s] Level 1:colcon.colcon_core.package_identification:_identify(src/kratos_vishvesh_q2) by extension 'colcon_pkg'
[0.116s] Level 1:colcon.colcon_core.package_identification:_identify(src/kratos_vishvesh_q2) by extensions ['colcon_meta']
[0.116s] Level 1:colcon.colcon_core.package_identification:_identify(src/kratos_vishvesh_q2) by extension 'colcon_meta'
[0.116s] Level 1:colcon.colcon_core.package_identification:_identify(src/kratos_vishvesh_q2) by extensions ['ros']
[0.116s] Level 1:colcon.colcon_core.package_identification:_identify(src/kratos_vishvesh_q2) by extension 'ros'
[0.117s] DEBUG:colcon.colcon_core.package_identification:Package 'src/kratos_vishvesh_q2' with type 'ros.ament_cmake' and name 'kratos_vishvesh_q2'
[0.117s] Level 1:colcon.colcon_core.package_identification:_identify(src/kratos_vishvesh_q2_msgs) by extensions ['ignore', 'ignore_ament_install']
[0.117s] Level 1:colcon.colcon_core.package_identification:_identify(src/kratos_vishvesh_q2_msgs) by extension 'ignore'
[0.117s] Level 1:colcon.colcon_core.package_identification:_identify(src/kratos_vishvesh_q2_msgs) by extension 'ignore_ament_install'
[0.117s] Level 1:colcon.colcon_core.package_identification:_identify(src/kratos_vishvesh_q2_msgs) by extensions ['colcon_pkg']
[0.117s] Level 1:colcon.colcon_core.package_identification:_identify(src/kratos_vishvesh_q2_msgs) by extension 'colcon_pkg'
[0.117s] Level 1:colcon.colcon_core.package_identification:_identify(src/kratos_vishvesh_q2_msgs) by extensions ['colcon_meta']
[0.117s] Level 1:colcon.colcon_core.package_identification:_identify(src/kratos_vishvesh_q2_msgs) by extension 'colcon_meta'
[0.117s] Level 1:colcon.colcon_core.package_identification:_identify(src/kratos_vishvesh_q2_msgs) by extensions ['ros']
[0.117s] Level 1:colcon.colcon_core.package_identification:_identify(src/kratos_vishvesh_q2_msgs) by extension 'ros'
[0.117s] DEBUG:colcon.colcon_core.package_identification:Package 'src/kratos_vishvesh_q2_msgs' with type 'ros.ament_cmake' and name 'kratos_vishvesh_q2_msgs'
[0.117s] Level 1:colcon.colcon_core.package_identification:_identify(src/log) by extensions ['ignore', 'ignore_ament_install']
[0.117s] Level 1:colcon.colcon_core.package_identification:_identify(src/log) by extension 'ignore'
[0.117s] Level 1:colcon.colcon_core.package_identification:_identify(src/log) ignored
[0.117s] Level 1:colcon.colcon_core.package_discovery:discover_packages(recursive) using defaults
[0.117s] Level 1:colcon.colcon_core.package_discovery:discover_packages(ignore) discover
[0.117s] Level 1:colcon.colcon_core.package_discovery:discover_packages(ignore) using defaults
[0.117s] Level 1:colcon.colcon_core.package_discovery:discover_packages(path) discover
[0.117s] Level 1:colcon.colcon_core.package_discovery:discover_packages(path) using defaults
[0.134s] Level 1:colcon.colcon_core.package_discovery:discover_packages(prefix_path) check parameters
[0.135s] Level 1:colcon.colcon_core.package_discovery:discover_packages(prefix_path) discover
[0.136s] DEBUG:colcon.colcon_installed_package_information.package_discovery:Found 12 installed packages in /home/vishvesh/ros2_ws/install
[0.137s] DEBUG:colcon.colcon_installed_package_information.package_discovery:Found 306 installed packages in /opt/ros/humble
[0.138s] Level 1:colcon.colcon_core.package_discovery:discover_packages(prefix_path) using defaults
[0.161s] Level 5:colcon.colcon_core.verb:set package 'Practice' build argument 'cmake_args' from command line to 'None'
[0.161s] Level 5:colcon.colcon_core.verb:set package 'Practice' build argument 'cmake_target' from command line to 'None'
[0.161s] Level 5:colcon.colcon_core.verb:set package 'Practice' build argument 'cmake_target_skip_unavailable' from command line to 'False'
[0.162s] Level 5:colcon.colcon_core.verb:set package 'Practice' build argument 'cmake_clean_cache' from command line to 'False'
[0.162s] Level 5:colcon.colcon_core.verb:set package 'Practice' build argument 'cmake_clean_first' from command line to 'False'
[0.162s] Level 5:colcon.colcon_core.verb:set package 'Practice' build argument 'cmake_force_configure' from command line to 'False'
[0.162s] Level 5:colcon.colcon_core.verb:set package 'Practice' build argument 'ament_cmake_args' from command line to 'None'
[0.162s] Level 5:colcon.colcon_core.verb:set package 'Practice' build argument 'catkin_cmake_args' from command line to 'None'
[0.162s] Level 5:colcon.colcon_core.verb:set package 'Practice' build argument 'catkin_skip_building_tests' from command line to 'False'
[0.162s] DEBUG:colcon.colcon_core.verb:Building package 'Practice' with the following arguments: {'ament_cmake_args': None, 'build_base': '/home/vishvesh/ros2_ws/build/Practice', 'catkin_cmake_args': None, 'catkin_skip_building_tests': False, 'cmake_args': None, 'cmake_clean_cache': False, 'cmake_clean_first': False, 'cmake_force_configure': False, 'cmake_target': None, 'cmake_target_skip_unavailable': False, 'install_base': '/home/vishvesh/ros2_ws/install/Practice', 'merge_install': False, 'path': '/home/vishvesh/ros2_ws/src/Practice', 'symlink_install': True, 'test_result_base': None}
[0.162s] Level 5:colcon.colcon_core.verb:set package 'arm_humble' build argument 'cmake_args' from command line to 'None'
[0.162s] Level 5:colcon.colcon_core.verb:set package 'arm_humble' build argument 'cmake_target' from command line to 'None'
[0.162s] Level 5:colcon.colcon_core.verb:set package 'arm_humble' build argument 'cmake_target_skip_unavailable' from command line to 'False'
[0.162s] Level 5:colcon.colcon_core.verb:set package 'arm_humble' build argument 'cmake_clean_cache' from command line to 'False'
[0.162s] Level 5:colcon.colcon_core.verb:set package 'arm_humble' build argument 'cmake_clean_first' from command line to 'False'
[0.162s] Level 5:colcon.colcon_core.verb:set package 'arm_humble' build argument 'cmake_force_configure' from command line to 'False'
[0.162s] Level 5:colcon.colcon_core.verb:set package 'arm_humble' build argument 'ament_cmake_args' from command line to 'None'
[0.162s] Level 5:colcon.colcon_core.verb:set package 'arm_humble' build argument 'catkin_cmake_args' from command line to 'None'
[0.162s] Level 5:colcon.colcon_core.verb:set package 'arm_humble' build argument 'catkin_skip_building_tests' from command line to 'False'
[0.162s] DEBUG:colcon.colcon_core.verb:Building package 'arm_humble' with the following arguments: {'ament_cmake_args': None, 'build_base': '/home/vishvesh/ros2_ws/build/arm_humble', 'catkin_cmake_args': None, 'catkin_skip_building_tests': False, 'cmake_args': None, 'cmake_clean_cache': False, 'cmake_clean_first': False, 'cmake_force_configure': False, 'cmake_target': None, 'cmake_target_skip_unavailable': False, 'install_base': '/home/vishvesh/ros2_ws/install/arm_humble', 'merge_install': False, 'path': '/home/vishvesh/ros2_ws/src/kratos_inductions/arm_humble', 'symlink_install': True, 'test_result_base': None}
[0.162s] Level 5:colcon.colcon_core.verb:set package 'kratos_vishvesh' build argument 'cmake_args' from command line to 'None'
[0.162s] Level 5:colcon.colcon_core.verb:set package 'kratos_vishvesh' build argument 'cmake_target' from command line to 'None'
[0.162s] Level 5:colcon.colcon_core.verb:set package 'kratos_vishvesh' build argument 'cmake_target_skip_unavailable' from command line to 'False'
[0.162s] Level 5:colcon.colcon_core.verb:set package 'kratos_vishvesh' build argument 'cmake_clean_cache' from command line to 'False'
[0.162s] Level 5:colcon.colcon_core.verb:set package 'kratos_vishvesh' build argument 'cmake_clean_first' from command line to 'False'
[0.162s] Level 5:colcon.colcon_core.verb:set package 'kratos_vishvesh' build argument 'cmake_force_configure' from command line to 'False'
[0.162s] Level 5:colcon.colcon_core.verb:set package 'kratos_vishvesh' build argument 'ament_cmake_args' from command line to 'None'
[0.162s] Level 5:colcon.colcon_core.verb:set package 'kratos_vishvesh' build argument 'catkin_cmake_args' from command line to 'None'
[0.162s] Level 5:colcon.colcon_core.verb:set package 'kratos_vishvesh' build argument 'catkin_skip_building_tests' from command line to 'False'
[0.162s] DEBUG:colcon.colcon_core.verb:Building package 'kratos_vishvesh' with the following arguments: {'ament_cmake_args': None, 'build_base': '/home/vishvesh/ros2_ws/build/kratos_vishvesh', 'catkin_cmake_args': None, 'catkin_skip_building_tests': False, 'cmake_args': None, 'cmake_clean_cache': False, 'cmake_clean_first': False, 'cmake_force_configure': False, 'cmake_target': None, 'cmake_target_skip_unavailable': False, 'install_base': '/home/vishvesh/ros2_ws/install/kratos_vishvesh', 'merge_install': False, 'path': '/home/vishvesh/ros2_ws/src/kratos_vishvesh', 'symlink_install': True, 'test_result_base': None}
[0.162s] Level 5:colcon.colcon_core.verb:set package 'kratos_vishvesh_q2_msgs' build argument 'cmake_args' from command line to 'None'
[0.162s] Level 5:colcon.colcon_core.verb:set package 'kratos_vishvesh_q2_msgs' build argument 'cmake_target' from command line to 'None'
[0.162s] Level 5:colcon.colcon_core.verb:set package 'kratos_vishvesh_q2_msgs' build argument 'cmake_target_skip_unavailable' from command line to 'False'
[0.162s] Level 5:colcon.colcon_core.verb:set package 'kratos_vishvesh_q2_msgs' build argument 'cmake_clean_cache' from command line to 'False'
[0.162s] Level 5:colcon.colcon_core.verb:set package 'kratos_vishvesh_q2_msgs' build argument 'cmake_clean_first' from command line to 'False'
[0.162s] Level 5:colcon.colcon_core.verb:set package 'kratos_vishvesh_q2_msgs' build argument 'cmake_force_configure' from command line to 'False'
[0.162s] Level 5:colcon.colcon_core.verb:set package 'kratos_vishvesh_q2_msgs' build argument 'ament_cmake_args' from command line to 'None'
[0.162s] Level 5:colcon.colcon_core.verb:set package 'kratos_vishvesh_q2_msgs' build argument 'catkin_cmake_args' from command line to 'None'
[0.162s] Level 5:colcon.colcon_core.verb:set package 'kratos_vishvesh_q2_msgs' build argument 'catkin_skip_building_tests' from command line to 'False'
[0.162s] DEBUG:colcon.colcon_core.verb:Building package 'kratos_vishvesh_q2_msgs' with the following arguments: {'ament_cmake_args': None, 'build_base': '/home/vishvesh/ros2_ws/build/kratos_vishvesh_q2_msgs', 'catkin_cmake_args': None, 'catkin_skip_building_tests': False, 'cmake_args': None, 'cmake_clean_cache': False, 'cmake_clean_first': False, 'cmake_force_configure': False, 'cmake_target': None, 'cmake_target_skip_unavailable': False, 'install_base': '/home/vishvesh/ros2_ws/install/kratos_vishvesh_q2_msgs', 'merge_install': False, 'path': '/home/vishvesh/ros2_ws/src/kratos_vishvesh_q2_msgs', 'symlink_install': True, 'test_result_base': None}
[0.162s] Level 5:colcon.colcon_core.verb:set package 'kratos_vishvesh_q2' build argument 'cmake_args' from command line to 'None'
[0.162s] Level 5:colcon.colcon_core.verb:set package 'kratos_vishvesh_q2' build argument 'cmake_target' from command line to 'None'
[0.162s] Level 5:colcon.colcon_core.verb:set package 'kratos_vishvesh_q2' build argument 'cmake_target_skip_unavailable' from command line to 'False'
[0.162s] Level 5:colcon.colcon_core.verb:set package 'kratos_vishvesh_q2' build argument 'cmake_clean_cache' from command line to 'False'
[0.162s] Level 5:colcon.colcon_core.verb:set package 'kratos_vishvesh_q2' build argument 'cmake_clean_first' from command line to 'False'
[0.163s] Level 5:colcon.colcon_core.verb:set package 'kratos_vishvesh_q2' build argument 'cmake_force_configure' from command line to 'False'
[0.163s] Level 5:colcon.colcon_core.verb:set package 'kratos_vishvesh_q2' build argument 'ament_cmake_args' from command line to 'None'
[0.163s] Level 5:colcon.colcon_core.verb:set package 'kratos_vishvesh_q2' build argument 'catkin_cmake_args' from command line to 'None'
[0.163s] Level 5:colcon.colcon_core.verb:set package 'kratos_vishvesh_q2' build argument 'catkin_skip_building_tests' from command line to 'False'
[0.163s] DEBUG:colcon.colcon_core.verb:Building package 'kratos_vishvesh_q2' with the following arguments: {'ament_cmake_args': None, 'build_base': '/home/vishvesh/ros2_ws/build/kratos_vishvesh_q2', 'catkin_cmake_args': None, 'catkin_skip_building_tests': False, 'cmake_args': None, 'cmake_clean_cache': False, 'cmake_clean_first': False, 'cmake_force_configure': False, 'cmake_target': None, 'cmake_target_skip_unavailable': False, 'install_base': '/home/vishvesh/ros2_ws/install/kratos_vishvesh_q2', 'merge_install': False, 'path': '/home/vishvesh/ros2_ws/src/kratos_vishvesh_q2', 'symlink_install': True, 'test_result_base': None}
[0.163s] INFO:colcon.colcon_core.executor:Executing jobs using 'parallel' executor
[0.163s] DEBUG:colcon.colcon_parallel_executor.executor.parallel:run_until_complete
[0.163s] INFO:colcon.colcon_ros.task.ament_cmake.build:Building ROS package in '/home/vishvesh/ros2_ws/src/kratos_vishvesh_q2_msgs' with build type 'ament_cmake'
[0.163s] INFO:colcon.colcon_cmake.task.cmake.build:Building CMake package in '/home/vishvesh/ros2_ws/src/kratos_vishvesh_q2_msgs'
[0.166s] INFO:colcon.colcon_core.plugin_system:Skipping extension 'colcon_core.shell.bat': Not used on non-Windows systems
[0.166s] INFO:colcon.colcon_core.shell:Skip shell extension 'powershell' for command environment: Not usable outside of PowerShell
[0.166s] DEBUG:colcon.colcon_core.shell:Skip shell extension 'dsv' for command environment
[0.168s] INFO:colcon.colcon_ros.task.ament_python.build:Building ROS package in '/home/vishvesh/ros2_ws/src/Practice' with build type 'ament_python'
[0.168s] Level 1:colcon.colcon_core.shell:create_environment_hook('Practice', 'ament_prefix_path')
[0.168s] INFO:colcon.colcon_core.shell:Creating environment hook '/home/vishvesh/ros2_ws/install/Practice/share/Practice/hook/ament_prefix_path.ps1'
[0.169s] INFO:colcon.colcon_core.shell:Creating environment descriptor '/home/vishvesh/ros2_ws/install/Practice/share/Practice/hook/ament_prefix_path.dsv'
[0.170s] INFO:colcon.colcon_core.shell:Creating environment hook '/home/vishvesh/ros2_ws/install/Practice/share/Practice/hook/ament_prefix_path.sh'
[0.171s] INFO:colcon.colcon_core.shell:Skip shell extension 'powershell' for command environment: Not usable outside of PowerShell
[0.171s] DEBUG:colcon.colcon_core.shell:Skip shell extension 'dsv' for command environment
[0.175s] INFO:colcon.colcon_ros.task.ament_cmake.build:Building ROS package in '/home/vishvesh/ros2_ws/src/kratos_inductions/arm_humble' with build type 'ament_cmake'
[0.175s] INFO:colcon.colcon_cmake.task.cmake.build:Building CMake package in '/home/vishvesh/ros2_ws/src/kratos_inductions/arm_humble'
[0.175s] INFO:colcon.colcon_core.shell:Skip shell extension 'powershell' for command environment: Not usable outside of PowerShell
[0.175s] DEBUG:colcon.colcon_core.shell:Skip shell extension 'dsv' for command environment
[0.178s] INFO:colcon.colcon_ros.task.ament_cmake.build:Building ROS package in '/home/vishvesh/ros2_ws/src/kratos_vishvesh' with build type 'ament_cmake'
[0.178s] INFO:colcon.colcon_cmake.task.cmake.build:Building CMake package in '/home/vishvesh/ros2_ws/src/kratos_vishvesh'
[0.178s] INFO:colcon.colcon_core.shell:Skip shell extension 'powershell' for command environment: Not usable outside of PowerShell
[0.178s] DEBUG:colcon.colcon_core.shell:Skip shell extension 'dsv' for command environment
[0.185s] DEBUG:colcon.colcon_core.event_handler.log_command:Invoking command in '/home/vishvesh/ros2_ws/build/kratos_vishvesh_q2_msgs': CMAKE_PREFIX_PATH=${CMAKE_PREFIX_PATH}:/home/vishvesh/ros2_ws/install/turtle_controller:/home/vishvesh/ros2_ws/install/gs_simulation_interfaces:/home/vishvesh/ros2_ws/install/gs_ros:/home/vishvesh/ros2_ws/install/Practice:/opt/ros/humble /usr/bin/cmake --build /home/vishvesh/ros2_ws/build/kratos_vishvesh_q2_msgs -- -j16 -l16
[0.338s] INFO:colcon.colcon_core.task.python.build:Building Python package in '/home/vishvesh/ros2_ws/src/Practice'
[0.338s] INFO:colcon.colcon_core.shell:Skip shell extension 'powershell' for command environment: Not usable outside of PowerShell
[0.338s] DEBUG:colcon.colcon_core.shell:Skip shell extension 'dsv' for command environment
[0.344s] DEBUG:colcon.colcon_core.event_handler.log_command:Invoking command in '/home/vishvesh/ros2_ws/build/arm_humble': CMAKE_PREFIX_PATH=${CMAKE_PREFIX_PATH}:/home/vishvesh/ros2_ws/install/turtle_controller:/home/vishvesh/ros2_ws/install/gs_simulation_interfaces:/home/vishvesh/ros2_ws/install/gs_ros:/home/vishvesh/ros2_ws/install/Practice:/opt/ros/humble /usr/bin/cmake /home/vishvesh/ros2_ws/src/kratos_inductions/arm_humble -DAMENT_CMAKE_SYMLINK_INSTALL=1 -DCMAKE_INSTALL_PREFIX=/home/vishvesh/ros2_ws/install/arm_humble
[0.348s] DEBUG:colcon.colcon_core.event_handler.log_command:Invoking command in '/home/vishvesh/ros2_ws/build/kratos_vishvesh': CMAKE_PREFIX_PATH=${CMAKE_PREFIX_PATH}:/home/vishvesh/ros2_ws/install/turtle_controller:/home/vishvesh/ros2_ws/install/gs_simulation_interfaces:/home/vishvesh/ros2_ws/install/gs_ros:/home/vishvesh/ros2_ws/install/Practice:/opt/ros/humble /usr/bin/cmake --build /home/vishvesh/ros2_ws/build/kratos_vishvesh -- -j16 -l16
[0.382s] DEBUG:colcon.colcon_core.event_handler.log_command:Invoked command in '/home/vishvesh/ros2_ws/build/kratos_vishvesh' returned '0': CMAKE_PREFIX_PATH=${CMAKE_PREFIX_PATH}:/home/vishvesh/ros2_ws/install/turtle_controller:/home/vishvesh/ros2_ws/install/gs_simulation_interfaces:/home/vishvesh/ros2_ws/install/gs_ros:/home/vishvesh/ros2_ws/install/Practice:/opt/ros/humble /usr/bin/cmake --build /home/vishvesh/ros2_ws/build/kratos_vishvesh -- -j16 -l16
[0.391s] DEBUG:colcon.colcon_core.event_handler.log_command:Invoking command in '/home/vishvesh/ros2_ws/build/kratos_vishvesh': CMAKE_PREFIX_PATH=${CMAKE_PREFIX_PATH}:/home/vishvesh/ros2_ws/install/turtle_controller:/home/vishvesh/ros2_ws/install/gs_simulation_interfaces:/home/vishvesh/ros2_ws/install/gs_ros:/home/vishvesh/ros2_ws/install/Practice:/opt/ros/humble /usr/bin/cmake --install /home/vishvesh/ros2_ws/build/kratos_vishvesh
[0.411s] Level 1:colcon.colcon_core.environment:create_environment_scripts_only(kratos_vishvesh)
[0.412s] DEBUG:colcon.colcon_core.event_handler.log_command:Invoked command in '/home/vishvesh/ros2_ws/build/kratos_vishvesh' returned '0': CMAKE_PREFIX_PATH=${CMAKE_PREFIX_PATH}:/home/vishvesh/ros2_ws/install/turtle_controller:/home/vishvesh/ros2_ws/install/gs_simulation_interfaces:/home/vishvesh/ros2_ws/install/gs_ros:/home/vishvesh/ros2_ws/install/Practice:/opt/ros/humble /usr/bin/cmake --install /home/vishvesh/ros2_ws/build/kratos_vishvesh
[0.415s] Level 1:colcon.colcon_core.environment:checking '/home/vishvesh/ros2_ws/install/kratos_vishvesh' for CMake module files
[0.415s] Level 1:colcon.colcon_core.environment:checking '/home/vishvesh/ros2_ws/install/kratos_vishvesh' for CMake config files
[0.416s] Level 1:colcon.colcon_core.shell:create_environment_hook('kratos_vishvesh', 'cmake_prefix_path')
[0.416s] INFO:colcon.colcon_core.shell:Creating environment hook '/home/vishvesh/ros2_ws/install/kratos_vishvesh/share/kratos_vishvesh/hook/cmake_prefix_path.ps1'
[0.416s] INFO:colcon.colcon_core.shell:Creating environment descriptor '/home/vishvesh/ros2_ws/install/kratos_vishvesh/share/kratos_vishvesh/hook/cmake_prefix_path.dsv'
[0.417s] INFO:colcon.colcon_core.shell:Creating environment hook '/home/vishvesh/ros2_ws/install/kratos_vishvesh/share/kratos_vishvesh/hook/cmake_prefix_path.sh'
[0.417s] Level 1:colcon.colcon_core.environment:checking '/home/vishvesh/ros2_ws/install/kratos_vishvesh/lib'
[0.418s] Level 1:colcon.colcon_core.environment:checking '/home/vishvesh/ros2_ws/install/kratos_vishvesh/bin'
[0.418s] Level 1:colcon.colcon_core.environment:checking '/home/vishvesh/ros2_ws/install/kratos_vishvesh/lib/pkgconfig/kratos_vishvesh.pc'
[0.418s] Level 1:colcon.colcon_core.environment:checking '/home/vishvesh/ros2_ws/install/kratos_vishvesh/lib/python3.10/site-packages'
[0.418s] Level 1:colcon.colcon_core.environment:checking '/home/vishvesh/ros2_ws/install/kratos_vishvesh/bin'
[0.418s] INFO:colcon.colcon_core.shell:Creating package script '/home/vishvesh/ros2_ws/install/kratos_vishvesh/share/kratos_vishvesh/package.ps1'
[0.420s] INFO:colcon.colcon_core.shell:Creating package descriptor '/home/vishvesh/ros2_ws/install/kratos_vishvesh/share/kratos_vishvesh/package.dsv'
[0.420s] INFO:colcon.colcon_core.shell:Creating package script '/home/vishvesh/ros2_ws/install/kratos_vishvesh/share/kratos_vishvesh/package.sh'
[0.421s] INFO:colcon.colcon_core.shell:Creating package script '/home/vishvesh/ros2_ws/install/kratos_vishvesh/share/kratos_vishvesh/package.bash'
[0.422s] INFO:colcon.colcon_core.shell:Creating package script '/home/vishvesh/ros2_ws/install/kratos_vishvesh/share/kratos_vishvesh/package.zsh'
[0.423s] Level 1:colcon.colcon_core.environment:create_file_with_runtime_dependencies(/home/vishvesh/ros2_ws/install/kratos_vishvesh/share/colcon-core/packages/kratos_vishvesh)
[0.423s] Level 1:colcon.colcon_core.environment:create_environment_scripts_only(kratos_vishvesh)
[0.423s] Level 1:colcon.colcon_core.environment:checking '/home/vishvesh/ros2_ws/install/kratos_vishvesh' for CMake module files
[0.424s] Level 1:colcon.colcon_core.environment:checking '/home/vishvesh/ros2_ws/install/kratos_vishvesh' for CMake config files
[0.424s] Level 1:colcon.colcon_core.shell:create_environment_hook('kratos_vishvesh', 'cmake_prefix_path')
[0.424s] INFO:colcon.colcon_core.shell:Creating environment hook '/home/vishvesh/ros2_ws/install/kratos_vishvesh/share/kratos_vishvesh/hook/cmake_prefix_path.ps1'
[0.425s] INFO:colcon.colcon_core.shell:Creating environment descriptor '/home/vishvesh/ros2_ws/install/kratos_vishvesh/share/kratos_vishvesh/hook/cmake_prefix_path.dsv'
[0.425s] INFO:colcon.colcon_core.shell:Creating environment hook '/home/vishvesh/ros2_ws/install/kratos_vishvesh/share/kratos_vishvesh/hook/cmake_prefix_path.sh'
[0.425s] Level 1:colcon.colcon_core.environment:checking '/home/vishvesh/ros2_ws/install/kratos_vishvesh/lib'
[0.425s] Level 1:colcon.colcon_core.environment:checking '/home/vishvesh/ros2_ws/install/kratos_vishvesh/bin'
[0.425s] Level 1:colcon.colcon_core.environment:checking '/home/vishvesh/ros2_ws/install/kratos_vishvesh/lib/pkgconfig/kratos_vishvesh.pc'
[0.425s] Level 1:colcon.colcon_core.environment:checking '/home/vishvesh/ros2_ws/install/kratos_vishvesh/lib/python3.10/site-packages'
[0.426s] Level 1:colcon.colcon_core.environment:checking '/home/vishvesh/ros2_ws/install/kratos_vishvesh/bin'
[0.426s] INFO:colcon.colcon_core.shell:Creating package script '/home/vishvesh/ros2_ws/install/kratos_vishvesh/share/kratos_vishvesh/package.ps1'
[0.426s] INFO:colcon.colcon_core.shell:Creating package descriptor '/home/vishvesh/ros2_ws/install/kratos_vishvesh/share/kratos_vishvesh/package.dsv'
[0.427s] INFO:colcon.colcon_core.shell:Creating package script '/home/vishvesh/ros2_ws/install/kratos_vishvesh/share/kratos_vishvesh/package.sh'
[0.427s] INFO:colcon.colcon_core.shell:Creating package script '/home/vishvesh/ros2_ws/install/kratos_vishvesh/share/kratos_vishvesh/package.bash'
[0.427s] INFO:colcon.colcon_core.shell:Creating package script '/home/vishvesh/ros2_ws/install/kratos_vishvesh/share/kratos_vishvesh/package.zsh'
[0.427s] Level 1:colcon.colcon_core.environment:create_file_with_runtime_dependencies(/home/vishvesh/ros2_ws/install/kratos_vishvesh/share/colcon-core/packages/kratos_vishvesh)
[0.488s] DEBUG:colcon.colcon_core.event_handler.log_command:Invoked command in '/home/vishvesh/ros2_ws/build/kratos_vishvesh_q2_msgs' returned '0': CMAKE_PREFIX_PATH=${CMAKE_PREFIX_PATH}:/home/vishvesh/ros2_ws/install/turtle_controller:/home/vishvesh/ros2_ws/install/gs_simulation_interfaces:/home/vishvesh/ros2_ws/install/gs_ros:/home/vishvesh/ros2_ws/install/Practice:/opt/ros/humble /usr/bin/cmake --build /home/vishvesh/ros2_ws/build/kratos_vishvesh_q2_msgs -- -j16 -l16
[0.490s] DEBUG:colcon.colcon_core.event_handler.log_command:Invoking command in '/home/vishvesh/ros2_ws/build/kratos_vishvesh_q2_msgs': CMAKE_PREFIX_PATH=${CMAKE_PREFIX_PATH}:/home/vishvesh/ros2_ws/install/turtle_controller:/home/vishvesh/ros2_ws/install/gs_simulation_interfaces:/home/vishvesh/ros2_ws/install/gs_ros:/home/vishvesh/ros2_ws/install/Practice:/opt/ros/humble /usr/bin/cmake --install /home/vishvesh/ros2_ws/build/kratos_vishvesh_q2_msgs
[0.548s] Level 1:colcon.colcon_core.environment:create_environment_scripts_only(kratos_vishvesh_q2_msgs)
[0.548s] Level 1:colcon.colcon_core.environment:checking '/home/vishvesh/ros2_ws/install/kratos_vishvesh_q2_msgs' for CMake module files
[0.549s] DEBUG:colcon.colcon_core.event_handler.log_command:Invoked command in '/home/vishvesh/ros2_ws/build/kratos_vishvesh_q2_msgs' returned '0': CMAKE_PREFIX_PATH=${CMAKE_PREFIX_PATH}:/home/vishvesh/ros2_ws/install/turtle_controller:/home/vishvesh/ros2_ws/install/gs_simulation_interfaces:/home/vishvesh/ros2_ws/install/gs_ros:/home/vishvesh/ros2_ws/install/Practice:/opt/ros/humble /usr/bin/cmake --install /home/vishvesh/ros2_ws/build/kratos_vishvesh_q2_msgs
[0.550s] Level 1:colcon.colcon_core.environment:checking '/home/vishvesh/ros2_ws/install/kratos_vishvesh_q2_msgs' for CMake config files
[0.550s] Level 1:colcon.colcon_core.shell:create_environment_hook('kratos_vishvesh_q2_msgs', 'cmake_prefix_path')
[0.550s] INFO:colcon.colcon_core.shell:Creating environment hook '/home/vishvesh/ros2_ws/install/kratos_vishvesh_q2_msgs/share/kratos_vishvesh_q2_msgs/hook/cmake_prefix_path.ps1'
[0.551s] INFO:colcon.colcon_core.shell:Creating environment descriptor '/home/vishvesh/ros2_ws/install/kratos_vishvesh_q2_msgs/share/kratos_vishvesh_q2_msgs/hook/cmake_prefix_path.dsv'
[0.551s] INFO:colcon.colcon_core.shell:Creating environment hook '/home/vishvesh/ros2_ws/install/kratos_vishvesh_q2_msgs/share/kratos_vishvesh_q2_msgs/hook/cmake_prefix_path.sh'
[0.551s] Level 1:colcon.colcon_core.environment:checking '/home/vishvesh/ros2_ws/install/kratos_vishvesh_q2_msgs/lib'
[0.551s] Level 1:colcon.colcon_core.shell:create_environment_hook('kratos_vishvesh_q2_msgs', 'ld_library_path_lib')
[0.551s] INFO:colcon.colcon_core.shell:Creating environment hook '/home/vishvesh/ros2_ws/install/kratos_vishvesh_q2_msgs/share/kratos_vishvesh_q2_msgs/hook/ld_library_path_lib.ps1'
[0.552s] INFO:colcon.colcon_core.shell:Creating environment descriptor '/home/vishvesh/ros2_ws/install/kratos_vishvesh_q2_msgs/share/kratos_vishvesh_q2_msgs/hook/ld_library_path_lib.dsv'
[0.552s] INFO:colcon.colcon_core.shell:Creating environment hook '/home/vishvesh/ros2_ws/install/kratos_vishvesh_q2_msgs/share/kratos_vishvesh_q2_msgs/hook/ld_library_path_lib.sh'
[0.552s] Level 1:colcon.colcon_core.environment:checking '/home/vishvesh/ros2_ws/install/kratos_vishvesh_q2_msgs/bin'
[0.552s] Level 1:colcon.colcon_core.environment:checking '/home/vishvesh/ros2_ws/install/kratos_vishvesh_q2_msgs/lib/pkgconfig/kratos_vishvesh_q2_msgs.pc'
[0.552s] Level 1:colcon.colcon_core.environment:checking '/home/vishvesh/ros2_ws/install/kratos_vishvesh_q2_msgs/lib/python3.10/site-packages'
[0.553s] Level 1:colcon.colcon_core.environment:checking '/home/vishvesh/ros2_ws/install/kratos_vishvesh_q2_msgs/bin'
[0.553s] INFO:colcon.colcon_core.shell:Creating package script '/home/vishvesh/ros2_ws/install/kratos_vishvesh_q2_msgs/share/kratos_vishvesh_q2_msgs/package.ps1'
[0.553s] INFO:colcon.colcon_core.shell:Creating package descriptor '/home/vishvesh/ros2_ws/install/kratos_vishvesh_q2_msgs/share/kratos_vishvesh_q2_msgs/package.dsv'
[0.554s] INFO:colcon.colcon_core.shell:Creating package script '/home/vishvesh/ros2_ws/install/kratos_vishvesh_q2_msgs/share/kratos_vishvesh_q2_msgs/package.sh'
[0.554s] INFO:colcon.colcon_core.shell:Creating package script '/home/vishvesh/ros2_ws/install/kratos_vishvesh_q2_msgs/share/kratos_vishvesh_q2_msgs/package.bash'
[0.554s] INFO:colcon.colcon_core.shell:Creating package script '/home/vishvesh/ros2_ws/install/kratos_vishvesh_q2_msgs/share/kratos_vishvesh_q2_msgs/package.zsh'
[0.554s] Level 1:colcon.colcon_core.environment:create_file_with_runtime_dependencies(/home/vishvesh/ros2_ws/install/kratos_vishvesh_q2_msgs/share/colcon-core/packages/kratos_vishvesh_q2_msgs)
[0.555s] Level 1:colcon.colcon_core.environment:create_environment_scripts_only(kratos_vishvesh_q2_msgs)
[0.555s] Level 1:colcon.colcon_core.environment:checking '/home/vishvesh/ros2_ws/install/kratos_vishvesh_q2_msgs' for CMake module files
[0.555s] Level 1:colcon.colcon_core.environment:checking '/home/vishvesh/ros2_ws/install/kratos_vishvesh_q2_msgs' for CMake config files
[0.555s] Level 1:colcon.colcon_core.shell:create_environment_hook('kratos_vishvesh_q2_msgs', 'cmake_prefix_path')
[0.556s] INFO:colcon.colcon_core.shell:Creating environment hook '/home/vishvesh/ros2_ws/install/kratos_vishvesh_q2_msgs/share/kratos_vishvesh_q2_msgs/hook/cmake_prefix_path.ps1'
[0.556s] INFO:colcon.colcon_core.shell:Creating environment descriptor '/home/vishvesh/ros2_ws/install/kratos_vishvesh_q2_msgs/share/kratos_vishvesh_q2_msgs/hook/cmake_prefix_path.dsv'
[0.556s] INFO:colcon.colcon_core.shell:Creating environment hook '/home/vishvesh/ros2_ws/install/kratos_vishvesh_q2_msgs/share/kratos_vishvesh_q2_msgs/hook/cmake_prefix_path.sh'
[0.556s] Level 1:colcon.colcon_core.environment:checking '/home/vishvesh/ros2_ws/install/kratos_vishvesh_q2_msgs/lib'
[0.556s] Level 1:colcon.colcon_core.shell:create_environment_hook('kratos_vishvesh_q2_msgs', 'ld_library_path_lib')
[0.557s] INFO:colcon.colcon_core.shell:Creating environment hook '/home/vishvesh/ros2_ws/install/kratos_vishvesh_q2_msgs/share/kratos_vishvesh_q2_msgs/hook/ld_library_path_lib.ps1'
[0.557s] INFO:colcon.colcon_core.shell:Creating environment descriptor '/home/vishvesh/ros2_ws/install/kratos_vishvesh_q2_msgs/share/kratos_vishvesh_q2_msgs/hook/ld_library_path_lib.dsv'
[0.557s] INFO:colcon.colcon_core.shell:Creating environment hook '/home/vishvesh/ros2_ws/install/kratos_vishvesh_q2_msgs/share/kratos_vishvesh_q2_msgs/hook/ld_library_path_lib.sh'
[0.557s] Level 1:colcon.colcon_core.environment:checking '/home/vishvesh/ros2_ws/install/kratos_vishvesh_q2_msgs/bin'
[0.557s] Level 1:colcon.colcon_core.environment:checking '/home/vishvesh/ros2_ws/install/kratos_vishvesh_q2_msgs/lib/pkgconfig/kratos_vishvesh_q2_msgs.pc'
[0.558s] Level 1:colcon.colcon_core.environment:checking '/home/vishvesh/ros2_ws/install/kratos_vishvesh_q2_msgs/lib/python3.10/site-packages'
[0.558s] Level 1:colcon.colcon_core.environment:checking '/home/vishvesh/ros2_ws/install/kratos_vishvesh_q2_msgs/bin'
[0.558s] INFO:colcon.colcon_core.shell:Creating package script '/home/vishvesh/ros2_ws/install/kratos_vishvesh_q2_msgs/share/kratos_vishvesh_q2_msgs/package.ps1'
[0.559s] INFO:colcon.colcon_core.shell:Creating package descriptor '/home/vishvesh/ros2_ws/install/kratos_vishvesh_q2_msgs/share/kratos_vishvesh_q2_msgs/package.dsv'
[0.559s] INFO:colcon.colcon_core.shell:Creating package script '/home/vishvesh/ros2_ws/install/kratos_vishvesh_q2_msgs/share/kratos_vishvesh_q2_msgs/package.sh'
[0.559s] INFO:colcon.colcon_core.shell:Creating package script '/home/vishvesh/ros2_ws/install/kratos_vishvesh_q2_msgs/share/kratos_vishvesh_q2_msgs/package.bash'
[0.560s] INFO:colcon.colcon_core.shell:Creating package script '/home/vishvesh/ros2_ws/install/kratos_vishvesh_q2_msgs/share/kratos_vishvesh_q2_msgs/package.zsh'
[0.560s] Level 1:colcon.colcon_core.environment:create_file_with_runtime_dependencies(/home/vishvesh/ros2_ws/install/kratos_vishvesh_q2_msgs/share/colcon-core/packages/kratos_vishvesh_q2_msgs)
[0.560s] INFO:colcon.colcon_ros.task.ament_cmake.build:Building ROS package in '/home/vishvesh/ros2_ws/src/kratos_vishvesh_q2' with build type 'ament_cmake'
[0.560s] INFO:colcon.colcon_cmake.task.cmake.build:Building CMake package in '/home/vishvesh/ros2_ws/src/kratos_vishvesh_q2'
[0.561s] INFO:colcon.colcon_core.shell:Skip shell extension 'powershell' for command environment: Not usable outside of PowerShell
[0.561s] DEBUG:colcon.colcon_core.shell:Skip shell extension 'dsv' for command environment
[0.566s] DEBUG:colcon.colcon_core.event_handler.log_command:Invoked command in '/home/vishvesh/ros2_ws/build/arm_humble' returned '0': CMAKE_PREFIX_PATH=${CMAKE_PREFIX_PATH}:/home/vishvesh/ros2_ws/install/turtle_controller:/home/vishvesh/ros2_ws/install/gs_simulation_interfaces:/home/vishvesh/ros2_ws/install/gs_ros:/home/vishvesh/ros2_ws/install/Practice:/opt/ros/humble /usr/bin/cmake /home/vishvesh/ros2_ws/src/kratos_inductions/arm_humble -DAMENT_CMAKE_SYMLINK_INSTALL=1 -DCMAKE_INSTALL_PREFIX=/home/vishvesh/ros2_ws/install/arm_humble
[0.566s] DEBUG:colcon.colcon_core.event_handler.log_command:Invoking command in '/home/vishvesh/ros2_ws/build/arm_humble': CMAKE_PREFIX_PATH=${CMAKE_PREFIX_PATH}:/home/vishvesh/ros2_ws/install/turtle_controller:/home/vishvesh/ros2_ws/install/gs_simulation_interfaces:/home/vishvesh/ros2_ws/install/gs_ros:/home/vishvesh/ros2_ws/install/Practice:/opt/ros/humble /usr/bin/cmake --build /home/vishvesh/ros2_ws/build/arm_humble -- -j16 -l16
[0.570s] DEBUG:colcon.colcon_core.event_handler.log_command:Invoking command in '/home/vishvesh/ros2_ws/build/kratos_vishvesh_q2': CMAKE_PREFIX_PATH=/home/vishvesh/ros2_ws/install/kratos_vishvesh_q2_msgs:/home/vishvesh/ros2_ws/install/topic_based_ros2_control:/home/vishvesh/ros2_ws/install/gs_ros_interfaces:/home/vishvesh/ros2_ws/install/simulation_interfaces:/home/vishvesh/ros2_ws/install/kratos_vishvesh_q2:/home/vishvesh/ros2_ws/install/kratos_vishvesh:/home/vishvesh/ros2_ws/install/gs_ros2_control_demos:/home/vishvesh/ros2_ws/install/arm_humble:/home/vishvesh/ros2_ws/install/turtle_controller:/home/vishvesh/ros2_ws/install/gs_simulation_interfaces:/home/vishvesh/ros2_ws/install/gs_ros:/home/vishvesh/ros2_ws/install/Practice:/opt/ros/humble LD_LIBRARY_PATH=/home/vishvesh/ros2_ws/install/kratos_vishvesh_q2_msgs/lib:/home/vishvesh/ros2_ws/install/topic_based_ros2_control/lib:/home/vishvesh/ros2_ws/install/gs_ros_interfaces/lib:/home/vishvesh/ros2_ws/install/simulation_interfaces/lib:/opt/ros/humble/opt/rviz_ogre_vendor/lib:/opt/ros/humble/lib/x86_64-linux-gnu:/opt/ros/humble/lib /usr/bin/cmake --build /home/vishvesh/ros2_ws/build/kratos_vishvesh_q2 -- -j16 -l16
[0.599s] DEBUG:colcon.colcon_core.event_handler.log_command:Invoked command in '/home/vishvesh/ros2_ws/build/arm_humble' returned '0': CMAKE_PREFIX_PATH=${CMAKE_PREFIX_PATH}:/home/vishvesh/ros2_ws/install/turtle_controller:/home/vishvesh/ros2_ws/install/gs_simulation_interfaces:/home/vishvesh/ros2_ws/install/gs_ros:/home/vishvesh/ros2_ws/install/Practice:/opt/ros/humble /usr/bin/cmake --build /home/vishvesh/ros2_ws/build/arm_humble -- -j16 -l16
[0.600s] DEBUG:colcon.colcon_core.event_handler.log_command:Invoking command in '/home/vishvesh/ros2_ws/build/arm_humble': CMAKE_PREFIX_PATH=${CMAKE_PREFIX_PATH}:/home/vishvesh/ros2_ws/install/turtle_controller:/home/vishvesh/ros2_ws/install/gs_simulation_interfaces:/home/vishvesh/ros2_ws/install/gs_ros:/home/vishvesh/ros2_ws/install/Practice:/opt/ros/humble /usr/bin/cmake --install /home/vishvesh/ros2_ws/build/arm_humble
[0.604s] DEBUG:colcon.colcon_core.event_handler.log_command:Invoked command in '/home/vishvesh/ros2_ws/build/kratos_vishvesh_q2' returned '0': CMAKE_PREFIX_PATH=/home/vishvesh/ros2_ws/install/kratos_vishvesh_q2_msgs:/home/vishvesh/ros2_ws/install/topic_based_ros2_control:/home/vishvesh/ros2_ws/install/gs_ros_interfaces:/home/vishvesh/ros2_ws/install/simulation_interfaces:/home/vishvesh/ros2_ws/install/kratos_vishvesh_q2:/home/vishvesh/ros2_ws/install/kratos_vishvesh:/home/vishvesh/ros2_ws/install/gs_ros2_control_demos:/home/vishvesh/ros2_ws/install/arm_humble:/home/vishvesh/ros2_ws/install/turtle_controller:/home/vishvesh/ros2_ws/install/gs_simulation_interfaces:/home/vishvesh/ros2_ws/install/gs_ros:/home/vishvesh/ros2_ws/install/Practice:/opt/ros/humble LD_LIBRARY_PATH=/home/vishvesh/ros2_ws/install/kratos_vishvesh_q2_msgs/lib:/home/vishvesh/ros2_ws/install/topic_based_ros2_control/lib:/home/vishvesh/ros2_ws/install/gs_ros_interfaces/lib:/home/vishvesh/ros2_ws/install/simulation_interfaces/lib:/opt/ros/humble/opt/rviz_ogre_vendor/lib:/opt/ros/humble/lib/x86_64-linux-gnu:/opt/ros/humble/lib /usr/bin/cmake --build /home/vishvesh/ros2_ws/build/kratos_vishvesh_q2 -- -j16 -l16
[0.605s] DEBUG:colcon.colcon_core.event_handler.log_command:Invoking command in '/home/vishvesh/ros2_ws/build/kratos_vishvesh_q2': CMAKE_PREFIX_PATH=/home/vishvesh/ros2_ws/install/kratos_vishvesh_q2_msgs:/home/vishvesh/ros2_ws/install/topic_based_ros2_control:/home/vishvesh/ros2_ws/install/gs_ros_interfaces:/home/vishvesh/ros2_ws/install/simulation_interfaces:/home/vishvesh/ros2_ws/install/kratos_vishvesh_q2:/home/vishvesh/ros2_ws/install/kratos_vishvesh:/home/vishvesh/ros2_ws/install/gs_ros2_control_demos:/home/vishvesh/ros2_ws/install/arm_humble:/home/vishvesh/ros2_ws/install/turtle_controller:/home/vishvesh/ros2_ws/install/gs_simulation_interfaces:/home/vishvesh/ros2_ws/install/gs_ros:/home/vishvesh/ros2_ws/install/Practice:/opt/ros/humble LD_LIBRARY_PATH=/home/vishvesh/ros2_ws/install/kratos_vishvesh_q2_msgs/lib:/home/vishvesh/ros2_ws/install/topic_based_ros2_control/lib:/home/vishvesh/ros2_ws/install/gs_ros_interfaces/lib:/home/vishvesh/ros2_ws/install/simulation_interfaces/lib:/opt/ros/humble/opt/rviz_ogre_vendor/lib:/opt/ros/humble/lib/x86_64-linux-gnu:/opt/ros/humble/lib /usr/bin/cmake --install /home/vishvesh/ros2_ws/build/kratos_vishvesh_q2
[0.617s] Level 1:colcon.colcon_core.environment:create_environment_scripts_only(arm_humble)
[0.617s] Level 1:colcon.colcon_core.environment:checking '/home/vishvesh/ros2_ws/install/arm_humble' for CMake module files
[0.618s] DEBUG:colcon.colcon_core.event_handler.log_command:Invoked command in '/home/vishvesh/ros2_ws/build/arm_humble' returned '0': CMAKE_PREFIX_PATH=${CMAKE_PREFIX_PATH}:/home/vishvesh/ros2_ws/install/turtle_controller:/home/vishvesh/ros2_ws/install/gs_simulation_interfaces:/home/vishvesh/ros2_ws/install/gs_ros:/home/vishvesh/ros2_ws/install/Practice:/opt/ros/humble /usr/bin/cmake --install /home/vishvesh/ros2_ws/build/arm_humble
[0.618s] Level 1:colcon.colcon_core.environment:checking '/home/vishvesh/ros2_ws/install/arm_humble' for CMake config files
[0.619s] Level 1:colcon.colcon_core.shell:create_environment_hook('arm_humble', 'cmake_prefix_path')
[0.619s] INFO:colcon.colcon_core.shell:Creating environment hook '/home/vishvesh/ros2_ws/install/arm_humble/share/arm_humble/hook/cmake_prefix_path.ps1'
[0.619s] INFO:colcon.colcon_core.shell:Creating environment descriptor '/home/vishvesh/ros2_ws/install/arm_humble/share/arm_humble/hook/cmake_prefix_path.dsv'
[0.620s] INFO:colcon.colcon_core.shell:Creating environment hook '/home/vishvesh/ros2_ws/install/arm_humble/share/arm_humble/hook/cmake_prefix_path.sh'
[0.621s] Level 1:colcon.colcon_core.environment:checking '/home/vishvesh/ros2_ws/install/arm_humble/lib'
[0.621s] Level 1:colcon.colcon_core.environment:checking '/home/vishvesh/ros2_ws/install/arm_humble/bin'
[0.621s] Level 1:colcon.colcon_core.environment:checking '/home/vishvesh/ros2_ws/install/arm_humble/lib/pkgconfig/arm_humble.pc'
[0.621s] Level 1:colcon.colcon_core.environment:checking '/home/vishvesh/ros2_ws/install/arm_humble/lib/python3.10/site-packages'
[0.621s] Level 1:colcon.colcon_core.environment:checking '/home/vishvesh/ros2_ws/install/arm_humble/bin'
[0.622s] INFO:colcon.colcon_core.shell:Creating package script '/home/vishvesh/ros2_ws/install/arm_humble/share/arm_humble/package.ps1'
[0.622s] INFO:colcon.colcon_core.shell:Creating package descriptor '/home/vishvesh/ros2_ws/install/arm_humble/share/arm_humble/package.dsv'
[0.622s] INFO:colcon.colcon_core.shell:Creating package script '/home/vishvesh/ros2_ws/install/arm_humble/share/arm_humble/package.sh'
[0.623s] INFO:colcon.colcon_core.shell:Creating package script '/home/vishvesh/ros2_ws/install/arm_humble/share/arm_humble/package.bash'
[0.623s] INFO:colcon.colcon_core.shell:Creating package script '/home/vishvesh/ros2_ws/install/arm_humble/share/arm_humble/package.zsh'
[0.623s] Level 1:colcon.colcon_core.environment:create_file_with_runtime_dependencies(/home/vishvesh/ros2_ws/install/arm_humble/share/colcon-core/packages/arm_humble)
[0.624s] Level 1:colcon.colcon_core.environment:create_environment_scripts_only(arm_humble)
[0.624s] Level 1:colcon.colcon_core.environment:checking '/home/vishvesh/ros2_ws/install/arm_humble' for CMake module files
[0.624s] Level 1:colcon.colcon_core.environment:checking '/home/vishvesh/ros2_ws/install/arm_humble' for CMake config files
[0.624s] Level 1:colcon.colcon_core.shell:create_environment_hook('arm_humble', 'cmake_prefix_path')
[0.625s] INFO:colcon.colcon_core.shell:Creating environment hook '/home/vishvesh/ros2_ws/install/arm_humble/share/arm_humble/hook/cmake_prefix_path.ps1'
[0.625s] INFO:colcon.colcon_core.shell:Creating environment descriptor '/home/vishvesh/ros2_ws/install/arm_humble/share/arm_humble/hook/cmake_prefix_path.dsv'
[0.625s] INFO:colcon.colcon_core.shell:Creating environment hook '/home/vishvesh/ros2_ws/install/arm_humble/share/arm_humble/hook/cmake_prefix_path.sh'
[0.626s] Level 1:colcon.colcon_core.environment:checking '/home/vishvesh/ros2_ws/install/arm_humble/lib'
[0.626s] Level 1:colcon.colcon_core.environment:checking '/home/vishvesh/ros2_ws/install/arm_humble/bin'
[0.626s] Level 1:colcon.colcon_core.environment:checking '/home/vishvesh/ros2_ws/install/arm_humble/lib/pkgconfig/arm_humble.pc'
[0.626s] Level 1:colcon.colcon_core.environment:checking '/home/vishvesh/ros2_ws/install/arm_humble/lib/python3.10/site-packages'
[0.626s] Level 1:colcon.colcon_core.environment:checking '/home/vishvesh/ros2_ws/install/arm_humble/bin'
[0.627s] INFO:colcon.colcon_core.shell:Creating package script '/home/vishvesh/ros2_ws/install/arm_humble/share/arm_humble/package.ps1'
[0.627s] INFO:colcon.colcon_core.shell:Creating package descriptor '/home/vishvesh/ros2_ws/install/arm_humble/share/arm_humble/package.dsv'
[0.627s] INFO:colcon.colcon_core.shell:Creating package script '/home/vishvesh/ros2_ws/install/arm_humble/share/arm_humble/package.sh'
[0.627s] INFO:colcon.colcon_core.shell:Creating package script '/home/vishvesh/ros2_ws/install/arm_humble/share/arm_humble/package.bash'
[0.628s] INFO:colcon.colcon_core.shell:Creating package script '/home/vishvesh/ros2_ws/install/arm_humble/share/arm_humble/package.zsh'
[0.628s] Level 1:colcon.colcon_core.environment:create_file_with_runtime_dependencies(/home/vishvesh/ros2_ws/install/arm_humble/share/colcon-core/packages/arm_humble)
[0.628s] Level 1:colcon.colcon_core.environment:create_environment_scripts_only(kratos_vishvesh_q2)
[0.629s] Level 1:colcon.colcon_core.environment:checking '/home/vishvesh/ros2_ws/install/kratos_vishvesh_q2' for CMake module files
[0.629s] Level 1:colcon.colcon_core.environment:checking '/home/vishvesh/ros2_ws/install/kratos_vishvesh_q2' for CMake config files
[0.630s] DEBUG:colcon.colcon_core.event_handler.log_command:Invoked command in '/home/vishvesh/ros2_ws/build/kratos_vishvesh_q2' returned '0': CMAKE_PREFIX_PATH=/home/vishvesh/ros2_ws/install/kratos_vishvesh_q2_msgs:/home/vishvesh/ros2_ws/install/topic_based_ros2_control:/home/vishvesh/ros2_ws/install/gs_ros_interfaces:/home/vishvesh/ros2_ws/install/simulation_interfaces:/home/vishvesh/ros2_ws/install/kratos_vishvesh_q2:/home/vishvesh/ros2_ws/install/kratos_vishvesh:/home/vishvesh/ros2_ws/install/gs_ros2_control_demos:/home/vishvesh/ros2_ws/install/arm_humble:/home/vishvesh/ros2_ws/install/turtle_controller:/home/vishvesh/ros2_ws/install/gs_simulation_interfaces:/home/vishvesh/ros2_ws/install/gs_ros:/home/vishvesh/ros2_ws/install/Practice:/opt/ros/humble LD_LIBRARY_PATH=/home/vishvesh/ros2_ws/install/kratos_vishvesh_q2_msgs/lib:/home/vishvesh/ros2_ws/install/topic_based_ros2_control/lib:/home/vishvesh/ros2_ws/install/gs_ros_interfaces/lib:/home/vishvesh/ros2_ws/install/simulation_interfaces/lib:/opt/ros/humble/opt/rviz_ogre_vendor/lib:/opt/ros/humble/lib/x86_64-linux-gnu:/opt/ros/humble/lib /usr/bin/cmake --install /home/vishvesh/ros2_ws/build/kratos_vishvesh_q2
[0.630s] Level 1:colcon.colcon_core.shell:create_environment_hook('kratos_vishvesh_q2', 'cmake_prefix_path')
[0.630s] INFO:colcon.colcon_core.shell:Creating environment hook '/home/vishvesh/ros2_ws/install/kratos_vishvesh_q2/share/kratos_vishvesh_q2/hook/cmake_prefix_path.ps1'
[0.630s] INFO:colcon.colcon_core.shell:Creating environment descriptor '/home/vishvesh/ros2_ws/install/kratos_vishvesh_q2/share/kratos_vishvesh_q2/hook/cmake_prefix_path.dsv'
[0.630s] INFO:colcon.colcon_core.shell:Creating environment hook '/home/vishvesh/ros2_ws/install/kratos_vishvesh_q2/share/kratos_vishvesh_q2/hook/cmake_prefix_path.sh'
[0.631s] Level 1:colcon.colcon_core.environment:checking '/home/vishvesh/ros2_ws/install/kratos_vishvesh_q2/lib'
[0.631s] Level 1:colcon.colcon_core.environment:checking '/home/vishvesh/ros2_ws/install/kratos_vishvesh_q2/bin'
[0.631s] Level 1:colcon.colcon_core.environment:checking '/home/vishvesh/ros2_ws/install/kratos_vishvesh_q2/lib/pkgconfig/kratos_vishvesh_q2.pc'
[0.631s] Level 1:colcon.colcon_core.environment:checking '/home/vishvesh/ros2_ws/install/kratos_vishvesh_q2/lib/python3.10/site-packages'
[0.631s] Level 1:colcon.colcon_core.environment:checking '/home/vishvesh/ros2_ws/install/kratos_vishvesh_q2/bin'
[0.631s] INFO:colcon.colcon_core.shell:Creating package script '/home/vishvesh/ros2_ws/install/kratos_vishvesh_q2/share/kratos_vishvesh_q2/package.ps1'
[0.632s] INFO:colcon.colcon_core.shell:Creating package descriptor '/home/vishvesh/ros2_ws/install/kratos_vishvesh_q2/share/kratos_vishvesh_q2/package.dsv'
[0.632s] INFO:colcon.colcon_core.shell:Creating package script '/home/vishvesh/ros2_ws/install/kratos_vishvesh_q2/share/kratos_vishvesh_q2/package.sh'
[0.632s] INFO:colcon.colcon_core.shell:Creating package script '/home/vishvesh/ros2_ws/install/kratos_vishvesh_q2/share/kratos_vishvesh_q2/package.bash'
[0.633s] INFO:colcon.colcon_core.shell:Creating package script '/home/vishvesh/ros2_ws/install/kratos_vishvesh_q2/share/kratos_vishvesh_q2/package.zsh'
[0.633s] Level 1:colcon.colcon_core.environment:create_file_with_runtime_dependencies(/home/vishvesh/ros2_ws/install/kratos_vishvesh_q2/share/colcon-core/packages/kratos_vishvesh_q2)
[0.633s] Level 1:colcon.colcon_core.environment:create_environment_scripts_only(kratos_vishvesh_q2)
[0.633s] Level 1:colcon.colcon_core.environment:checking '/home/vishvesh/ros2_ws/install/kratos_vishvesh_q2' for CMake module files
[0.634s] Level 1:colcon.colcon_core.environment:checking '/home/vishvesh/ros2_ws/install/kratos_vishvesh_q2' for CMake config files
[0.634s] Level 1:colcon.colcon_core.shell:create_environment_hook('kratos_vishvesh_q2', 'cmake_prefix_path')
[0.634s] INFO:colcon.colcon_core.shell:Creating environment hook '/home/vishvesh/ros2_ws/install/kratos_vishvesh_q2/share/kratos_vishvesh_q2/hook/cmake_prefix_path.ps1'
[0.634s] INFO:colcon.colcon_core.shell:Creating environment descriptor '/home/vishvesh/ros2_ws/install/kratos_vishvesh_q2/share/kratos_vishvesh_q2/hook/cmake_prefix_path.dsv'
[0.634s] INFO:colcon.colcon_core.shell:Creating environment hook '/home/vishvesh/ros2_ws/install/kratos_vishvesh_q2/share/kratos_vishvesh_q2/hook/cmake_prefix_path.sh'
[0.635s] Level 1:colcon.colcon_core.environment:checking '/home/vishvesh/ros2_ws/install/kratos_vishvesh_q2/lib'
[0.635s] Level 1:colcon.colcon_core.environment:checking '/home/vishvesh/ros2_ws/install/kratos_vishvesh_q2/bin'
[0.635s] Level 1:colcon.colcon_core.environment:checking '/home/vishvesh/ros2_ws/install/kratos_vishvesh_q2/lib/pkgconfig/kratos_vishvesh_q2.pc'
[0.635s] Level 1:colcon.colcon_core.environment:checking '/home/vishvesh/ros2_ws/install/kratos_vishvesh_q2/lib/python3.10/site-packages'
[0.635s] Level 1:colcon.colcon_core.environment:checking '/home/vishvesh/ros2_ws/install/kratos_vishvesh_q2/bin'
[0.635s] INFO:colcon.colcon_core.shell:Creating package script '/home/vishvesh/ros2_ws/install/kratos_vishvesh_q2/share/kratos_vishvesh_q2/package.ps1'
[0.636s] INFO:colcon.colcon_core.shell:Creating package descriptor '/home/vishvesh/ros2_ws/install/kratos_vishvesh_q2/share/kratos_vishvesh_q2/package.dsv'
[0.636s] INFO:colcon.colcon_core.shell:Creating package script '/home/vishvesh/ros2_ws/install/kratos_vishvesh_q2/share/kratos_vishvesh_q2/package.sh'
[0.637s] INFO:colcon.colcon_core.shell:Creating package script '/home/vishvesh/ros2_ws/install/kratos_vishvesh_q2/share/kratos_vishvesh_q2/package.bash'
[0.637s] INFO:colcon.colcon_core.shell:Creating package script '/home/vishvesh/ros2_ws/install/kratos_vishvesh_q2/share/kratos_vishvesh_q2/package.zsh'
[0.637s] Level 1:colcon.colcon_core.environment:create_file_with_runtime_dependencies(/home/vishvesh/ros2_ws/install/kratos_vishvesh_q2/share/colcon-core/packages/kratos_vishvesh_q2)
[0.758s] DEBUG:colcon.colcon_core.event_handler.log_command:Invoking command in '/home/vishvesh/ros2_ws/build/Practice': PYTHONPATH=/home/vishvesh/ros2_ws/build/Practice/prefix_override:/usr/lib/python3/dist-packages/colcon_core/task/python/colcon_distutils_commands:/home/vishvesh/ros2_ws/install/Practice/lib/python3.10/site-packages:${PYTHONPATH} /usr/bin/python3 -W ignore:setup.py install is deprecated -W ignore:easy_install command is deprecated setup.py develop --editable --build-directory /home/vishvesh/ros2_ws/build/Practice/build --no-deps symlink_data
[1.070s] Level 1:colcon.colcon_core.shell:create_environment_hook('Practice', 'pythonpath_develop')
[1.070s] INFO:colcon.colcon_core.shell:Creating environment hook '/home/vishvesh/ros2_ws/build/Practice/share/Practice/hook/pythonpath_develop.ps1'
[1.070s] DEBUG:colcon.colcon_core.event_handler.log_command:Invoked command in '/home/vishvesh/ros2_ws/build/Practice' returned '0': PYTHONPATH=/home/vishvesh/ros2_ws/build/Practice/prefix_override:/usr/lib/python3/dist-packages/colcon_core/task/python/colcon_distutils_commands:/home/vishvesh/ros2_ws/install/Practice/lib/python3.10/site-packages:${PYTHONPATH} /usr/bin/python3 -W ignore:setup.py install is deprecated -W ignore:easy_install command is deprecated setup.py develop --editable --build-directory /home/vishvesh/ros2_ws/build/Practice/build --no-deps symlink_data
[1.070s] INFO:colcon.colcon_core.shell:Creating environment descriptor '/home/vishvesh/ros2_ws/build/Practice/share/Practice/hook/pythonpath_develop.dsv'
[1.071s] INFO:colcon.colcon_core.shell:Creating environment hook '/home/vishvesh/ros2_ws/build/Practice/share/Practice/hook/pythonpath_develop.sh'
[1.071s] Level 1:colcon.colcon_core.environment:checking '/home/vishvesh/ros2_ws/install/Practice' for CMake module files
[1.071s] Level 1:colcon.colcon_core.environment:checking '/home/vishvesh/ros2_ws/install/Practice' for CMake config files
[1.072s] Level 1:colcon.colcon_core.environment:checking '/home/vishvesh/ros2_ws/install/Practice/lib'
[1.072s] Level 1:colcon.colcon_core.environment:checking '/home/vishvesh/ros2_ws/install/Practice/bin'
[1.072s] Level 1:colcon.colcon_core.environment:checking '/home/vishvesh/ros2_ws/install/Practice/lib/pkgconfig/Practice.pc'
[1.072s] Level 1:colcon.colcon_core.environment:checking '/home/vishvesh/ros2_ws/install/Practice/lib/python3.10/site-packages'
[1.072s] Level 1:colcon.colcon_core.shell:create_environment_hook('Practice', 'pythonpath')
[1.072s] INFO:colcon.colcon_core.shell:Creating environment hook '/home/vishvesh/ros2_ws/install/Practice/share/Practice/hook/pythonpath.ps1'
[1.072s] INFO:colcon.colcon_core.shell:Creating environment descriptor '/home/vishvesh/ros2_ws/install/Practice/share/Practice/hook/pythonpath.dsv'
[1.072s] INFO:colcon.colcon_core.shell:Creating environment hook '/home/vishvesh/ros2_ws/install/Practice/share/Practice/hook/pythonpath.sh'
[1.073s] Level 1:colcon.colcon_core.environment:checking '/home/vishvesh/ros2_ws/install/Practice/bin'
[1.073s] Level 1:colcon.colcon_core.environment:create_environment_scripts_only(Practice)
[1.073s] INFO:colcon.colcon_core.shell:Creating package script '/home/vishvesh/ros2_ws/install/Practice/share/Practice/package.ps1'
[1.073s] INFO:colcon.colcon_core.shell:Creating package descriptor '/home/vishvesh/ros2_ws/install/Practice/share/Practice/package.dsv'
[1.074s] INFO:colcon.colcon_core.shell:Creating package script '/home/vishvesh/ros2_ws/install/Practice/share/Practice/package.sh'
[1.074s] INFO:colcon.colcon_core.shell:Creating package script '/home/vishvesh/ros2_ws/install/Practice/share/Practice/package.bash'
[1.074s] INFO:colcon.colcon_core.shell:Creating package script '/home/vishvesh/ros2_ws/install/Practice/share/Practice/package.zsh'
[1.074s] Level 1:colcon.colcon_core.environment:create_file_with_runtime_dependencies(/home/vishvesh/ros2_ws/install/Practice/share/colcon-core/packages/Practice)
[1.074s] DEBUG:colcon.colcon_parallel_executor.executor.parallel:closing loop
[1.074s] DEBUG:colcon.colcon_parallel_executor.executor.parallel:loop closed
[1.074s] DEBUG:colcon.colcon_parallel_executor.executor.parallel:run_until_complete finished with '0'
[1.074s] DEBUG:colcon.colcon_core.event_reactor:joining thread
[1.081s] INFO:colcon.colcon_core.plugin_system:Skipping extension 'colcon_notification.desktop_notification.terminal_notifier': Not used on non-Darwin systems
[1.081s] INFO:colcon.colcon_core.plugin_system:Skipping extension 'colcon_notification.desktop_notification.win32': Not used on non-Windows systems
[1.081s] INFO:colcon.colcon_notification.desktop_notification:Sending desktop notification using 'notify2'
[1.101s] DEBUG:colcon.colcon_core.event_reactor:joined thread
[1.102s] INFO:colcon.colcon_core.shell:Creating prefix script '/home/vishvesh/ros2_ws/install/local_setup.ps1'
[1.102s] INFO:colcon.colcon_core.shell:Creating prefix util module '/home/vishvesh/ros2_ws/install/_local_setup_util_ps1.py'
[1.104s] INFO:colcon.colcon_core.shell:Creating prefix chain script '/home/vishvesh/ros2_ws/install/setup.ps1'
[1.105s] INFO:colcon.colcon_core.shell:Creating prefix script '/home/vishvesh/ros2_ws/install/local_setup.sh'
[1.106s] INFO:colcon.colcon_core.shell:Creating prefix util module '/home/vishvesh/ros2_ws/install/_local_setup_util_sh.py'
[1.106s] INFO:colcon.colcon_core.shell:Creating prefix chain script '/home/vishvesh/ros2_ws/install/setup.sh'
[1.107s] INFO:colcon.colcon_core.shell:Creating prefix script '/home/vishvesh/ros2_ws/install/local_setup.bash'
[1.108s] INFO:colcon.colcon_core.shell:Creating prefix chain script '/home/vishvesh/ros2_ws/install/setup.bash'
[1.108s] INFO:colcon.colcon_core.shell:Creating prefix script '/home/vishvesh/ros2_ws/install/local_setup.zsh'
[1.109s] INFO:colcon.colcon_core.shell:Creating prefix chain script '/home/vishvesh/ros2_ws/install/setup.zsh'
