[0.809s] Invoking command in '/home/vishvesh/ros2_ws/build/Practice': PYTHONPATH=/home/vishvesh/ros2_ws/build/Practice/prefix_override:/usr/lib/python3/dist-packages/colcon_core/task/python/colcon_distutils_commands:/home/vishvesh/ros2_ws/install/Practice/lib/python3.10/site-packages:${PYTHONPATH} /usr/bin/python3 -W ignore:setup.py install is deprecated -W ignore:easy_install command is deprecated setup.py develop --uninstall --editable --build-directory /home/vishvesh/ros2_ws/build/Practice/build
[0.994s] running develop
[1.094s] Removing /home/vishvesh/ros2_ws/install/Practice/lib/python3.10/site-packages/Practice.egg-link (link to .)
[1.118s] Invoked command in '/home/vishvesh/ros2_ws/build/Practice' returned '0': PYTHONPATH=/home/vishvesh/ros2_ws/build/Practice/prefix_override:/usr/lib/python3/dist-packages/colcon_core/task/python/colcon_distutils_commands:/home/vishvesh/ros2_ws/install/Practice/lib/python3.10/site-packages:${PYTHONPATH} /usr/bin/python3 -W ignore:setup.py install is deprecated -W ignore:easy_install command is deprecated setup.py develop --uninstall --editable --build-directory /home/vishvesh/ros2_ws/build/Practice/build
[1.119s] Invoking command in '/home/vishvesh/ros2_ws/src/Practice': PYTHONPATH=/home/vishvesh/ros2_ws/build/Practice/prefix_override:/usr/lib/python3/dist-packages/colcon_core/task/python/colcon_distutils_commands:/home/vishvesh/ros2_ws/install/Practice/lib/python3.10/site-packages:${PYTHONPATH} /usr/bin/python3 -W ignore:setup.py install is deprecated -W ignore:easy_install command is deprecated setup.py egg_info --egg-base ../../build/Practice build --build-base /home/vishvesh/ros2_ws/build/Practice/build install --record /home/vishvesh/ros2_ws/build/Practice/install.log --single-version-externally-managed install_data --force
[1.264s] running egg_info
[1.272s] writing ../../build/Practice/Practice.egg-info/PKG-INFO
[1.272s] writing dependency_links to ../../build/Practice/Practice.egg-info/dependency_links.txt
[1.272s] writing entry points to ../../build/Practice/Practice.egg-info/entry_points.txt
[1.273s] writing requirements to ../../build/Practice/Practice.egg-info/requires.txt
[1.273s] writing top-level names to ../../build/Practice/Practice.egg-info/top_level.txt
[1.290s] reading manifest file '../../build/Practice/Practice.egg-info/SOURCES.txt'
[1.291s] writing manifest file '../../build/Practice/Practice.egg-info/SOURCES.txt'
[1.291s] running build
[1.291s] running build_py
[1.291s] creating /home/vishvesh/ros2_ws/build/Practice/build/lib/Practice
[1.291s] copying Practice/pose_subscriber.py -> /home/vishvesh/ros2_ws/build/Practice/build/lib/Practice
[1.291s] copying Practice/draw_circle.py -> /home/vishvesh/ros2_ws/build/Practice/build/lib/Practice
[1.293s] copying Practice/my_first_node.py -> /home/vishvesh/ros2_ws/build/Practice/build/lib/Practice
[1.293s] copying Practice/__init__.py -> /home/vishvesh/ros2_ws/build/Practice/build/lib/Practice
[1.293s] running install
[1.295s] running install_lib
[1.304s] creating /home/vishvesh/ros2_ws/install/Practice/lib/python3.10/site-packages/Practice
[1.304s] copying /home/vishvesh/ros2_ws/build/Practice/build/lib/Practice/pose_subscriber.py -> /home/vishvesh/ros2_ws/install/Practice/lib/python3.10/site-packages/Practice
[1.304s] copying /home/vishvesh/ros2_ws/build/Practice/build/lib/Practice/draw_circle.py -> /home/vishvesh/ros2_ws/install/Practice/lib/python3.10/site-packages/Practice
[1.304s] copying /home/vishvesh/ros2_ws/build/Practice/build/lib/Practice/my_first_node.py -> /home/vishvesh/ros2_ws/install/Practice/lib/python3.10/site-packages/Practice
[1.305s] copying /home/vishvesh/ros2_ws/build/Practice/build/lib/Practice/__init__.py -> /home/vishvesh/ros2_ws/install/Practice/lib/python3.10/site-packages/Practice
[1.305s] byte-compiling /home/vishvesh/ros2_ws/install/Practice/lib/python3.10/site-packages/Practice/pose_subscriber.py to pose_subscriber.cpython-310.pyc
[1.305s] byte-compiling /home/vishvesh/ros2_ws/install/Practice/lib/python3.10/site-packages/Practice/draw_circle.py to draw_circle.cpython-310.pyc
[1.306s] byte-compiling /home/vishvesh/ros2_ws/install/Practice/lib/python3.10/site-packages/Practice/my_first_node.py to my_first_node.cpython-310.pyc
[1.306s] byte-compiling /home/vishvesh/ros2_ws/install/Practice/lib/python3.10/site-packages/Practice/__init__.py to __init__.cpython-310.pyc
[1.306s] running install_data
[1.306s] copying resource/Practice -> /home/vishvesh/ros2_ws/install/Practice/share/ament_index/resource_index/packages
[1.306s] copying package.xml -> /home/vishvesh/ros2_ws/install/Practice/share/Practice
[1.306s] running install_egg_info
[1.316s] Copying ../../build/Practice/Practice.egg-info to /home/vishvesh/ros2_ws/install/Practice/lib/python3.10/site-packages/Practice-0.0.0-py3.10.egg-info
[1.317s] running install_scripts
[1.381s] Installing draw_circle_node script to /home/vishvesh/ros2_ws/install/Practice/lib/Practice
[1.381s] Installing name_to_run script to /home/vishvesh/ros2_ws/install/Practice/lib/Practice
[1.381s] Installing pose_node script to /home/vishvesh/ros2_ws/install/Practice/lib/Practice
[1.381s] writing list of installed files to '/home/vishvesh/ros2_ws/build/Practice/install.log'
[1.403s] Invoked command in '/home/vishvesh/ros2_ws/src/Practice' returned '0': PYTHONPATH=/home/vishvesh/ros2_ws/build/Practice/prefix_override:/usr/lib/python3/dist-packages/colcon_core/task/python/colcon_distutils_commands:/home/vishvesh/ros2_ws/install/Practice/lib/python3.10/site-packages:${PYTHONPATH} /usr/bin/python3 -W ignore:setup.py install is deprecated -W ignore:easy_install command is deprecated setup.py egg_info --egg-base ../../build/Practice build --build-base /home/vishvesh/ros2_ws/build/Practice/build install --record /home/vishvesh/ros2_ws/build/Practice/install.log --single-version-externally-managed install_data --force
