[0.024s] Invoking command in '/home/vishvesh/ros2_ws/src/build/kratos_vishvesh_q2_msgs': CMAKE_PREFIX_PATH=${CMAKE_PREFIX_PATH}:/home/vishvesh/ros2_ws/install/turtle_controller:/home/vishvesh/ros2_ws/install/gs_simulation_interfaces:/home/vishvesh/ros2_ws/install/gs_ros:/home/vishvesh/ros2_ws/install/Practice:/opt/ros/humble /usr/bin/cmake /home/vishvesh/ros2_ws/src/kratos_vishvesh_q2_msgs -DCMAKE_INSTALL_PREFIX=/home/vishvesh/ros2_ws/src/install/kratos_vishvesh_q2_msgs
[0.291s] -- Found ament_cmake: 1.3.14 (/opt/ros/humble/share/ament_cmake/cmake)
[0.291s] -- Override CMake install command with custom implementation using symlinks instead of copying resources
[0.291s] -- Found rosidl_default_generators: 1.2.1 (/opt/ros/humble/share/rosidl_default_generators/cmake)
[0.291s] -- Using all available rosidl_typesupport_c: rosidl_typesupport_fastrtps_c;rosidl_typesupport_introspection_c
[0.292s] -- Found rosidl_adapter: 3.1.8 (/opt/ros/humble/share/rosidl_adapter/cmake)
[0.292s] -- Using all available rosidl_typesupport_cpp: rosidl_typesupport_fastrtps_cpp;rosidl_typesupport_introspection_cpp
[0.337s] -- Found ament_cmake_ros: 0.10.0 (/opt/ros/humble/share/ament_cmake_ros/cmake)
[0.470s] -- Using all available rosidl_typesupport_c: rosidl_typesupport_fastrtps_c;rosidl_typesupport_introspection_c
[0.664s] -- Using all available rosidl_typesupport_cpp: rosidl_typesupport_fastrtps_cpp;rosidl_typesupport_introspection_cpp
[0.681s] -- Found python_cmake_module: 0.10.0 (/opt/ros/humble/share/python_cmake_module/cmake)
[0.699s] -- Using PYTHON_EXECUTABLE: /usr/bin/python3
[0.699s] -- Using PYTHON_INCLUDE_DIRS: /usr/include/python3.10
[0.699s] -- Using PYTHON_LIBRARIES: /usr/lib/x86_64-linux-gnu/libpython3.10.so
[0.766s] -- Found ament_lint_auto: 0.12.15 (/opt/ros/humble/share/ament_lint_auto/cmake)
[0.772s] -- Added test 'lint_cmake' to check CMake code style
[0.773s] -- Added test 'xmllint' to check XML markup files
[0.774s] -- Configuring done
[0.792s] -- Generating done
[0.799s] -- Build files have been written to: /home/vishvesh/ros2_ws/src/build/kratos_vishvesh_q2_msgs
[0.807s] Invoked command in '/home/vishvesh/ros2_ws/src/build/kratos_vishvesh_q2_msgs' returned '0': CMAKE_PREFIX_PATH=${CMAKE_PREFIX_PATH}:/home/vishvesh/ros2_ws/install/turtle_controller:/home/vishvesh/ros2_ws/install/gs_simulation_interfaces:/home/vishvesh/ros2_ws/install/gs_ros:/home/vishvesh/ros2_ws/install/Practice:/opt/ros/humble /usr/bin/cmake /home/vishvesh/ros2_ws/src/kratos_vishvesh_q2_msgs -DCMAKE_INSTALL_PREFIX=/home/vishvesh/ros2_ws/src/install/kratos_vishvesh_q2_msgs
[0.809s] Invoking command in '/home/vishvesh/ros2_ws/src/build/kratos_vishvesh_q2_msgs': CMAKE_PREFIX_PATH=${CMAKE_PREFIX_PATH}:/home/vishvesh/ros2_ws/install/turtle_controller:/home/vishvesh/ros2_ws/install/gs_simulation_interfaces:/home/vishvesh/ros2_ws/install/gs_ros:/home/vishvesh/ros2_ws/install/Practice:/opt/ros/humble /usr/bin/cmake --build /home/vishvesh/ros2_ws/src/build/kratos_vishvesh_q2_msgs -- -j16 -l16
[0.842s] [35m[1mConsolidate compiler generated dependencies of target kratos_vishvesh_q2_msgs__rosidl_generator_c[0m
[0.848s] [  3%] Built target kratos_vishvesh_q2_msgs__cpp
[0.848s] [  6%] Built target kratos_vishvesh_q2_msgs__rs
[0.854s] [ 15%] Built target kratos_vishvesh_q2_msgs__rosidl_generator_c
[0.856s] [35m[1mConsolidate compiler generated dependencies of target kratos_vishvesh_q2_msgs__rosidl_typesupport_introspection_cpp[0m
[0.856s] [35m[1mConsolidate compiler generated dependencies of target kratos_vishvesh_q2_msgs__rosidl_typesupport_fastrtps_cpp[0m
[0.857s] [35m[1mConsolidate compiler generated dependencies of target kratos_vishvesh_q2_msgs__rosidl_typesupport_cpp[0m
[0.860s] [ 15%] Built target ament_cmake_python_symlink_kratos_vishvesh_q2_msgs
[0.862s] [35m[1mConsolidate compiler generated dependencies of target kratos_vishvesh_q2_msgs__rosidl_typesupport_introspection_c[0m
[0.862s] [35m[1mConsolidate compiler generated dependencies of target kratos_vishvesh_q2_msgs__rosidl_typesupport_fastrtps_c[0m
[0.864s] [35m[1mConsolidate compiler generated dependencies of target kratos_vishvesh_q2_msgs__rosidl_typesupport_c[0m
[0.866s] [ 25%] Built target kratos_vishvesh_q2_msgs__rosidl_typesupport_introspection_cpp
[0.869s] [ 34%] Built target kratos_vishvesh_q2_msgs__rosidl_typesupport_cpp
[0.870s] [ 43%] Built target kratos_vishvesh_q2_msgs__rosidl_typesupport_fastrtps_cpp
[0.870s] [ 53%] Built target kratos_vishvesh_q2_msgs__rosidl_typesupport_introspection_c
[0.871s] [ 62%] Built target kratos_vishvesh_q2_msgs__rosidl_typesupport_c
[0.872s] [ 71%] Built target kratos_vishvesh_q2_msgs__rosidl_typesupport_fastrtps_c
[0.885s] [ 71%] Built target kratos_vishvesh_q2_msgs
[0.899s] [ 75%] Built target kratos_vishvesh_q2_msgs__py
[0.904s] [35m[1mConsolidate compiler generated dependencies of target kratos_vishvesh_q2_msgs__rosidl_generator_py[0m
[0.912s] [ 81%] Built target kratos_vishvesh_q2_msgs__rosidl_generator_py
[0.920s] [35m[1mConsolidate compiler generated dependencies of target kratos_vishvesh_q2_msgs__rosidl_typesupport_introspection_c__pyext[0m
[0.920s] [35m[1mConsolidate compiler generated dependencies of target kratos_vishvesh_q2_msgs__rosidl_typesupport_fastrtps_c__pyext[0m
[0.922s] [35m[1mConsolidate compiler generated dependencies of target kratos_vishvesh_q2_msgs__rosidl_typesupport_c__pyext[0m
[0.932s] [ 87%] Built target kratos_vishvesh_q2_msgs__rosidl_typesupport_introspection_c__pyext
[0.934s] [ 93%] Built target kratos_vishvesh_q2_msgs__rosidl_typesupport_fastrtps_c__pyext
[0.934s] [100%] Built target kratos_vishvesh_q2_msgs__rosidl_typesupport_c__pyext
[1.025s] running egg_info
[1.034s] writing kratos_vishvesh_q2_msgs.egg-info/PKG-INFO
[1.035s] writing dependency_links to kratos_vishvesh_q2_msgs.egg-info/dependency_links.txt
[1.035s] writing top-level names to kratos_vishvesh_q2_msgs.egg-info/top_level.txt
[1.071s] reading manifest file 'kratos_vishvesh_q2_msgs.egg-info/SOURCES.txt'
[1.072s] writing manifest file 'kratos_vishvesh_q2_msgs.egg-info/SOURCES.txt'
[1.095s] [100%] Built target ament_cmake_python_build_kratos_vishvesh_q2_msgs_egg
[1.104s] Invoked command in '/home/vishvesh/ros2_ws/src/build/kratos_vishvesh_q2_msgs' returned '0': CMAKE_PREFIX_PATH=${CMAKE_PREFIX_PATH}:/home/vishvesh/ros2_ws/install/turtle_controller:/home/vishvesh/ros2_ws/install/gs_simulation_interfaces:/home/vishvesh/ros2_ws/install/gs_ros:/home/vishvesh/ros2_ws/install/Practice:/opt/ros/humble /usr/bin/cmake --build /home/vishvesh/ros2_ws/src/build/kratos_vishvesh_q2_msgs -- -j16 -l16
[1.105s] Invoking command in '/home/vishvesh/ros2_ws/src/build/kratos_vishvesh_q2_msgs': CMAKE_PREFIX_PATH=${CMAKE_PREFIX_PATH}:/home/vishvesh/ros2_ws/install/turtle_controller:/home/vishvesh/ros2_ws/install/gs_simulation_interfaces:/home/vishvesh/ros2_ws/install/gs_ros:/home/vishvesh/ros2_ws/install/Practice:/opt/ros/humble /usr/bin/cmake --install /home/vishvesh/ros2_ws/src/build/kratos_vishvesh_q2_msgs
[1.113s] -- Install configuration: ""
[1.114s] -- Execute custom install script
[1.114s] -- Up-to-date symlink: /home/vishvesh/ros2_ws/src/install/kratos_vishvesh_q2_msgs/share/ament_index/resource_index/rosidl_interfaces/kratos_vishvesh_q2_msgs
[1.114s] -- Up-to-date symlink: /home/vishvesh/ros2_ws/src/install/kratos_vishvesh_q2_msgs/include/kratos_vishvesh_q2_msgs/kratos_vishvesh_q2_msgs/msg/detail/rover_status__functions.h
[1.114s] -- Up-to-date symlink: /home/vishvesh/ros2_ws/src/install/kratos_vishvesh_q2_msgs/include/kratos_vishvesh_q2_msgs/kratos_vishvesh_q2_msgs/msg/detail/rover_status__struct.h
[1.114s] -- Up-to-date symlink: /home/vishvesh/ros2_ws/src/install/kratos_vishvesh_q2_msgs/include/kratos_vishvesh_q2_msgs/kratos_vishvesh_q2_msgs/msg/detail/rover_status__type_support.h
[1.114s] -- Up-to-date symlink: /home/vishvesh/ros2_ws/src/install/kratos_vishvesh_q2_msgs/include/kratos_vishvesh_q2_msgs/kratos_vishvesh_q2_msgs/msg/rosidl_generator_c__visibility_control.h
[1.114s] -- Up-to-date symlink: /home/vishvesh/ros2_ws/src/install/kratos_vishvesh_q2_msgs/include/kratos_vishvesh_q2_msgs/kratos_vishvesh_q2_msgs/msg/rover_status.h
[1.114s] -- Up-to-date symlink: /home/vishvesh/ros2_ws/src/install/kratos_vishvesh_q2_msgs/share/kratos_vishvesh_q2_msgs/environment/library_path.sh
[1.114s] -- Up-to-date symlink: /home/vishvesh/ros2_ws/src/install/kratos_vishvesh_q2_msgs/share/kratos_vishvesh_q2_msgs/environment/library_path.dsv
[1.114s] -- Up-to-date symlink: /home/vishvesh/ros2_ws/src/install/kratos_vishvesh_q2_msgs/include/kratos_vishvesh_q2_msgs/kratos_vishvesh_q2_msgs/msg/detail/rover_status__rosidl_typesupport_fastrtps_c.h
[1.115s] -- Up-to-date symlink: /home/vishvesh/ros2_ws/src/install/kratos_vishvesh_q2_msgs/include/kratos_vishvesh_q2_msgs/kratos_vishvesh_q2_msgs/msg/rosidl_typesupport_fastrtps_c__visibility_control.h
[1.115s] -- Up-to-date symlink: /home/vishvesh/ros2_ws/src/install/kratos_vishvesh_q2_msgs/include/kratos_vishvesh_q2_msgs/kratos_vishvesh_q2_msgs/msg/detail/rover_status__rosidl_typesupport_introspection_c.h
[1.115s] -- Up-to-date symlink: /home/vishvesh/ros2_ws/src/install/kratos_vishvesh_q2_msgs/include/kratos_vishvesh_q2_msgs/kratos_vishvesh_q2_msgs/msg/rosidl_typesupport_introspection_c__visibility_control.h
[1.115s] -- Up-to-date symlink: /home/vishvesh/ros2_ws/src/install/kratos_vishvesh_q2_msgs/include/kratos_vishvesh_q2_msgs/kratos_vishvesh_q2_msgs/msg/detail/rover_status__builder.hpp
[1.115s] -- Up-to-date symlink: /home/vishvesh/ros2_ws/src/install/kratos_vishvesh_q2_msgs/include/kratos_vishvesh_q2_msgs/kratos_vishvesh_q2_msgs/msg/detail/rover_status__struct.hpp
[1.115s] -- Up-to-date symlink: /home/vishvesh/ros2_ws/src/install/kratos_vishvesh_q2_msgs/include/kratos_vishvesh_q2_msgs/kratos_vishvesh_q2_msgs/msg/detail/rover_status__traits.hpp
[1.115s] -- Up-to-date symlink: /home/vishvesh/ros2_ws/src/install/kratos_vishvesh_q2_msgs/include/kratos_vishvesh_q2_msgs/kratos_vishvesh_q2_msgs/msg/detail/rover_status__type_support.hpp
[1.115s] -- Up-to-date symlink: /home/vishvesh/ros2_ws/src/install/kratos_vishvesh_q2_msgs/include/kratos_vishvesh_q2_msgs/kratos_vishvesh_q2_msgs/msg/rosidl_generator_cpp__visibility_control.hpp
[1.115s] -- Up-to-date symlink: /home/vishvesh/ros2_ws/src/install/kratos_vishvesh_q2_msgs/include/kratos_vishvesh_q2_msgs/kratos_vishvesh_q2_msgs/msg/rover_status.hpp
[1.115s] -- Up-to-date symlink: /home/vishvesh/ros2_ws/src/install/kratos_vishvesh_q2_msgs/include/kratos_vishvesh_q2_msgs/kratos_vishvesh_q2_msgs/msg/detail/rover_status__rosidl_typesupport_fastrtps_cpp.hpp
[1.115s] -- Up-to-date symlink: /home/vishvesh/ros2_ws/src/install/kratos_vishvesh_q2_msgs/include/kratos_vishvesh_q2_msgs/kratos_vishvesh_q2_msgs/msg/rosidl_typesupport_fastrtps_cpp__visibility_control.h
[1.116s] -- Up-to-date symlink: /home/vishvesh/ros2_ws/src/install/kratos_vishvesh_q2_msgs/include/kratos_vishvesh_q2_msgs/kratos_vishvesh_q2_msgs/msg/detail/rover_status__rosidl_typesupport_introspection_cpp.hpp
[1.116s] -- Up-to-date symlink: /home/vishvesh/ros2_ws/src/install/kratos_vishvesh_q2_msgs/share/kratos_vishvesh_q2_msgs/environment/pythonpath.sh
[1.116s] -- Up-to-date symlink: /home/vishvesh/ros2_ws/src/install/kratos_vishvesh_q2_msgs/share/kratos_vishvesh_q2_msgs/environment/pythonpath.dsv
[1.116s] -- Up-to-date symlink: /home/vishvesh/ros2_ws/src/install/kratos_vishvesh_q2_msgs/local/lib/python3.10/dist-packages/kratos_vishvesh_q2_msgs-0.0.0-py3.10.egg-info/PKG-INFO
[1.116s] -- Up-to-date symlink: /home/vishvesh/ros2_ws/src/install/kratos_vishvesh_q2_msgs/local/lib/python3.10/dist-packages/kratos_vishvesh_q2_msgs-0.0.0-py3.10.egg-info/SOURCES.txt
[1.116s] -- Up-to-date symlink: /home/vishvesh/ros2_ws/src/install/kratos_vishvesh_q2_msgs/local/lib/python3.10/dist-packages/kratos_vishvesh_q2_msgs-0.0.0-py3.10.egg-info/dependency_links.txt
[1.116s] -- Up-to-date symlink: /home/vishvesh/ros2_ws/src/install/kratos_vishvesh_q2_msgs/local/lib/python3.10/dist-packages/kratos_vishvesh_q2_msgs-0.0.0-py3.10.egg-info/top_level.txt
[1.116s] -- Up-to-date symlink: /home/vishvesh/ros2_ws/src/install/kratos_vishvesh_q2_msgs/local/lib/python3.10/dist-packages/kratos_vishvesh_q2_msgs/__init__.py
[1.116s] -- Up-to-date symlink: /home/vishvesh/ros2_ws/src/install/kratos_vishvesh_q2_msgs/local/lib/python3.10/dist-packages/kratos_vishvesh_q2_msgs/_kratos_vishvesh_q2_msgs_s.ep.rosidl_typesupport_c.c
[1.116s] -- Up-to-date symlink: /home/vishvesh/ros2_ws/src/install/kratos_vishvesh_q2_msgs/local/lib/python3.10/dist-packages/kratos_vishvesh_q2_msgs/_kratos_vishvesh_q2_msgs_s.ep.rosidl_typesupport_fastrtps_c.c
[1.116s] -- Up-to-date symlink: /home/vishvesh/ros2_ws/src/install/kratos_vishvesh_q2_msgs/local/lib/python3.10/dist-packages/kratos_vishvesh_q2_msgs/_kratos_vishvesh_q2_msgs_s.ep.rosidl_typesupport_introspection_c.c
[1.116s] -- Up-to-date symlink: /home/vishvesh/ros2_ws/src/install/kratos_vishvesh_q2_msgs/local/lib/python3.10/dist-packages/kratos_vishvesh_q2_msgs/kratos_vishvesh_q2_msgs_s__rosidl_typesupport_c.cpython-310-x86_64-linux-gnu.so
[1.116s] -- Up-to-date symlink: /home/vishvesh/ros2_ws/src/install/kratos_vishvesh_q2_msgs/local/lib/python3.10/dist-packages/kratos_vishvesh_q2_msgs/kratos_vishvesh_q2_msgs_s__rosidl_typesupport_fastrtps_c.cpython-310-x86_64-linux-gnu.so
[1.117s] -- Up-to-date symlink: /home/vishvesh/ros2_ws/src/install/kratos_vishvesh_q2_msgs/local/lib/python3.10/dist-packages/kratos_vishvesh_q2_msgs/kratos_vishvesh_q2_msgs_s__rosidl_typesupport_introspection_c.cpython-310-x86_64-linux-gnu.so
[1.117s] -- Up-to-date symlink: /home/vishvesh/ros2_ws/src/install/kratos_vishvesh_q2_msgs/local/lib/python3.10/dist-packages/kratos_vishvesh_q2_msgs/libkratos_vishvesh_q2_msgs__rosidl_generator_py.so
[1.117s] -- Up-to-date symlink: /home/vishvesh/ros2_ws/src/install/kratos_vishvesh_q2_msgs/local/lib/python3.10/dist-packages/kratos_vishvesh_q2_msgs/msg/__init__.py
[1.117s] -- Up-to-date symlink: /home/vishvesh/ros2_ws/src/install/kratos_vishvesh_q2_msgs/local/lib/python3.10/dist-packages/kratos_vishvesh_q2_msgs/msg/_rover_status.py
[1.117s] -- Up-to-date symlink: /home/vishvesh/ros2_ws/src/install/kratos_vishvesh_q2_msgs/local/lib/python3.10/dist-packages/kratos_vishvesh_q2_msgs/msg/_rover_status_s.c
[1.117s] -- Up-to-date symlink: /home/vishvesh/ros2_ws/src/install/kratos_vishvesh_q2_msgs/local/lib/python3.10/dist-packages/kratos_vishvesh_q2_msgs/kratos_vishvesh_q2_msgs_s__rosidl_typesupport_fastrtps_c.cpython-310-x86_64-linux-gnu.so
[1.117s] -- Up-to-date symlink: /home/vishvesh/ros2_ws/src/install/kratos_vishvesh_q2_msgs/local/lib/python3.10/dist-packages/kratos_vishvesh_q2_msgs/kratos_vishvesh_q2_msgs_s__rosidl_typesupport_introspection_c.cpython-310-x86_64-linux-gnu.so
[1.117s] -- Up-to-date symlink: /home/vishvesh/ros2_ws/src/install/kratos_vishvesh_q2_msgs/local/lib/python3.10/dist-packages/kratos_vishvesh_q2_msgs/kratos_vishvesh_q2_msgs_s__rosidl_typesupport_c.cpython-310-x86_64-linux-gnu.so
[1.117s] -- Up-to-date symlink: /home/vishvesh/ros2_ws/src/install/kratos_vishvesh_q2_msgs/share/ament_index/resource_index/rust_packages/kratos_vishvesh_q2_msgs
[1.117s] -- Up-to-date symlink: /home/vishvesh/ros2_ws/src/install/kratos_vishvesh_q2_msgs/share/kratos_vishvesh_q2_msgs/rust/Cargo.toml
[1.117s] -- Up-to-date symlink: /home/vishvesh/ros2_ws/src/install/kratos_vishvesh_q2_msgs/share/kratos_vishvesh_q2_msgs/rust/build.rs
[1.117s] -- Up-to-date symlink: /home/vishvesh/ros2_ws/src/install/kratos_vishvesh_q2_msgs/share/kratos_vishvesh_q2_msgs/rust/src/lib.rs
[1.118s] -- Up-to-date symlink: /home/vishvesh/ros2_ws/src/install/kratos_vishvesh_q2_msgs/share/kratos_vishvesh_q2_msgs/rust/src/msg.rs
[1.118s] -- Up-to-date symlink: /home/vishvesh/ros2_ws/src/install/kratos_vishvesh_q2_msgs/share/kratos_vishvesh_q2_msgs/rust/src/msg/rmw.rs
[1.118s] -- Up-to-date symlink: /home/vishvesh/ros2_ws/src/install/kratos_vishvesh_q2_msgs/share/kratos_vishvesh_q2_msgs/msg/RoverStatus.idl
[1.118s] -- Up-to-date symlink: /home/vishvesh/ros2_ws/src/install/kratos_vishvesh_q2_msgs/share/kratos_vishvesh_q2_msgs/msg/RoverStatus.msg
[1.118s] -- Up-to-date symlink: /home/vishvesh/ros2_ws/src/install/kratos_vishvesh_q2_msgs/share/ament_index/resource_index/package_run_dependencies/kratos_vishvesh_q2_msgs
[1.118s] -- Up-to-date symlink: /home/vishvesh/ros2_ws/src/install/kratos_vishvesh_q2_msgs/share/ament_index/resource_index/parent_prefix_path/kratos_vishvesh_q2_msgs
[1.118s] -- Up-to-date symlink: /home/vishvesh/ros2_ws/src/install/kratos_vishvesh_q2_msgs/share/kratos_vishvesh_q2_msgs/environment/ament_prefix_path.sh
[1.118s] -- Up-to-date symlink: /home/vishvesh/ros2_ws/src/install/kratos_vishvesh_q2_msgs/share/kratos_vishvesh_q2_msgs/environment/ament_prefix_path.dsv
[1.118s] -- Up-to-date symlink: /home/vishvesh/ros2_ws/src/install/kratos_vishvesh_q2_msgs/share/kratos_vishvesh_q2_msgs/environment/path.sh
[1.118s] -- Up-to-date symlink: /home/vishvesh/ros2_ws/src/install/kratos_vishvesh_q2_msgs/share/kratos_vishvesh_q2_msgs/environment/path.dsv
[1.118s] -- Up-to-date symlink: /home/vishvesh/ros2_ws/src/install/kratos_vishvesh_q2_msgs/share/kratos_vishvesh_q2_msgs/local_setup.bash
[1.118s] -- Up-to-date symlink: /home/vishvesh/ros2_ws/src/install/kratos_vishvesh_q2_msgs/share/kratos_vishvesh_q2_msgs/local_setup.sh
[1.118s] -- Up-to-date symlink: /home/vishvesh/ros2_ws/src/install/kratos_vishvesh_q2_msgs/share/kratos_vishvesh_q2_msgs/local_setup.zsh
[1.118s] -- Up-to-date symlink: /home/vishvesh/ros2_ws/src/install/kratos_vishvesh_q2_msgs/share/kratos_vishvesh_q2_msgs/local_setup.dsv
[1.118s] -- Symlinking: /home/vishvesh/ros2_ws/src/install/kratos_vishvesh_q2_msgs/share/kratos_vishvesh_q2_msgs/package.dsv
[1.127s] -- Up-to-date symlink: /home/vishvesh/ros2_ws/src/install/kratos_vishvesh_q2_msgs/share/ament_index/resource_index/packages/kratos_vishvesh_q2_msgs
[1.127s] -- Up-to-date symlink: /home/vishvesh/ros2_ws/src/install/kratos_vishvesh_q2_msgs/share/kratos_vishvesh_q2_msgs/cmake/rosidl_cmake-extras.cmake
[1.127s] -- Up-to-date symlink: /home/vishvesh/ros2_ws/src/install/kratos_vishvesh_q2_msgs/share/kratos_vishvesh_q2_msgs/cmake/ament_cmake_export_include_directories-extras.cmake
[1.127s] -- Up-to-date symlink: /home/vishvesh/ros2_ws/src/install/kratos_vishvesh_q2_msgs/share/kratos_vishvesh_q2_msgs/cmake/ament_cmake_export_libraries-extras.cmake
[1.127s] -- Up-to-date symlink: /home/vishvesh/ros2_ws/src/install/kratos_vishvesh_q2_msgs/share/kratos_vishvesh_q2_msgs/cmake/ament_cmake_export_targets-extras.cmake
[1.127s] -- Up-to-date symlink: /home/vishvesh/ros2_ws/src/install/kratos_vishvesh_q2_msgs/share/kratos_vishvesh_q2_msgs/cmake/rosidl_cmake_export_typesupport_targets-extras.cmake
[1.127s] -- Up-to-date symlink: /home/vishvesh/ros2_ws/src/install/kratos_vishvesh_q2_msgs/share/kratos_vishvesh_q2_msgs/cmake/ament_cmake_export_dependencies-extras.cmake
[1.127s] -- Up-to-date symlink: /home/vishvesh/ros2_ws/src/install/kratos_vishvesh_q2_msgs/share/kratos_vishvesh_q2_msgs/cmake/rosidl_cmake_export_typesupport_libraries-extras.cmake
[1.127s] -- Up-to-date symlink: /home/vishvesh/ros2_ws/src/install/kratos_vishvesh_q2_msgs/share/kratos_vishvesh_q2_msgs/cmake/kratos_vishvesh_q2_msgsConfig.cmake
[1.127s] -- Up-to-date symlink: /home/vishvesh/ros2_ws/src/install/kratos_vishvesh_q2_msgs/share/kratos_vishvesh_q2_msgs/cmake/kratos_vishvesh_q2_msgsConfig-version.cmake
[1.128s] -- Up-to-date symlink: /home/vishvesh/ros2_ws/src/install/kratos_vishvesh_q2_msgs/share/kratos_vishvesh_q2_msgs/package.xml
[1.128s] -- Up-to-date: /home/vishvesh/ros2_ws/src/install/kratos_vishvesh_q2_msgs/lib/libkratos_vishvesh_q2_msgs__rosidl_generator_c.so
[1.128s] -- Up-to-date: /home/vishvesh/ros2_ws/src/install/kratos_vishvesh_q2_msgs/lib/libkratos_vishvesh_q2_msgs__rosidl_typesupport_fastrtps_c.so
[1.128s] -- Up-to-date: /home/vishvesh/ros2_ws/src/install/kratos_vishvesh_q2_msgs/lib/libkratos_vishvesh_q2_msgs__rosidl_typesupport_introspection_c.so
[1.128s] -- Up-to-date: /home/vishvesh/ros2_ws/src/install/kratos_vishvesh_q2_msgs/lib/libkratos_vishvesh_q2_msgs__rosidl_typesupport_c.so
[1.128s] -- Up-to-date: /home/vishvesh/ros2_ws/src/install/kratos_vishvesh_q2_msgs/lib/libkratos_vishvesh_q2_msgs__rosidl_typesupport_fastrtps_cpp.so
[1.128s] -- Up-to-date: /home/vishvesh/ros2_ws/src/install/kratos_vishvesh_q2_msgs/lib/libkratos_vishvesh_q2_msgs__rosidl_typesupport_introspection_cpp.so
[1.128s] -- Up-to-date: /home/vishvesh/ros2_ws/src/install/kratos_vishvesh_q2_msgs/lib/libkratos_vishvesh_q2_msgs__rosidl_typesupport_cpp.so
[1.156s] Listing '/home/vishvesh/ros2_ws/src/install/kratos_vishvesh_q2_msgs/local/lib/python3.10/dist-packages/kratos_vishvesh_q2_msgs'...
[1.156s] Compiling '/home/vishvesh/ros2_ws/src/install/kratos_vishvesh_q2_msgs/local/lib/python3.10/dist-packages/kratos_vishvesh_q2_msgs/__init__.py'...
[1.156s] Listing '/home/vishvesh/ros2_ws/src/install/kratos_vishvesh_q2_msgs/local/lib/python3.10/dist-packages/kratos_vishvesh_q2_msgs/msg'...
[1.161s] -- Up-to-date: /home/vishvesh/ros2_ws/src/install/kratos_vishvesh_q2_msgs/lib/libkratos_vishvesh_q2_msgs__rosidl_generator_py.so
[1.161s] -- Up-to-date: /home/vishvesh/ros2_ws/src/install/kratos_vishvesh_q2_msgs/share/kratos_vishvesh_q2_msgs/cmake/export_kratos_vishvesh_q2_msgs__rosidl_generator_cExport.cmake
[1.161s] -- Up-to-date: /home/vishvesh/ros2_ws/src/install/kratos_vishvesh_q2_msgs/share/kratos_vishvesh_q2_msgs/cmake/export_kratos_vishvesh_q2_msgs__rosidl_generator_cExport-noconfig.cmake
[1.161s] -- Up-to-date: /home/vishvesh/ros2_ws/src/install/kratos_vishvesh_q2_msgs/share/kratos_vishvesh_q2_msgs/cmake/export_kratos_vishvesh_q2_msgs__rosidl_typesupport_fastrtps_cExport.cmake
[1.161s] -- Up-to-date: /home/vishvesh/ros2_ws/src/install/kratos_vishvesh_q2_msgs/share/kratos_vishvesh_q2_msgs/cmake/export_kratos_vishvesh_q2_msgs__rosidl_typesupport_fastrtps_cExport-noconfig.cmake
[1.161s] -- Up-to-date: /home/vishvesh/ros2_ws/src/install/kratos_vishvesh_q2_msgs/share/kratos_vishvesh_q2_msgs/cmake/kratos_vishvesh_q2_msgs__rosidl_typesupport_introspection_cExport.cmake
[1.161s] -- Up-to-date: /home/vishvesh/ros2_ws/src/install/kratos_vishvesh_q2_msgs/share/kratos_vishvesh_q2_msgs/cmake/kratos_vishvesh_q2_msgs__rosidl_typesupport_introspection_cExport-noconfig.cmake
[1.161s] -- Up-to-date: /home/vishvesh/ros2_ws/src/install/kratos_vishvesh_q2_msgs/share/kratos_vishvesh_q2_msgs/cmake/kratos_vishvesh_q2_msgs__rosidl_typesupport_cExport.cmake
[1.161s] -- Up-to-date: /home/vishvesh/ros2_ws/src/install/kratos_vishvesh_q2_msgs/share/kratos_vishvesh_q2_msgs/cmake/kratos_vishvesh_q2_msgs__rosidl_typesupport_cExport-noconfig.cmake
[1.161s] -- Up-to-date: /home/vishvesh/ros2_ws/src/install/kratos_vishvesh_q2_msgs/share/kratos_vishvesh_q2_msgs/cmake/export_kratos_vishvesh_q2_msgs__rosidl_generator_cppExport.cmake
[1.161s] -- Up-to-date: /home/vishvesh/ros2_ws/src/install/kratos_vishvesh_q2_msgs/share/kratos_vishvesh_q2_msgs/cmake/export_kratos_vishvesh_q2_msgs__rosidl_typesupport_fastrtps_cppExport.cmake
[1.161s] -- Up-to-date: /home/vishvesh/ros2_ws/src/install/kratos_vishvesh_q2_msgs/share/kratos_vishvesh_q2_msgs/cmake/export_kratos_vishvesh_q2_msgs__rosidl_typesupport_fastrtps_cppExport-noconfig.cmake
[1.162s] -- Up-to-date: /home/vishvesh/ros2_ws/src/install/kratos_vishvesh_q2_msgs/share/kratos_vishvesh_q2_msgs/cmake/kratos_vishvesh_q2_msgs__rosidl_typesupport_introspection_cppExport.cmake
[1.162s] -- Up-to-date: /home/vishvesh/ros2_ws/src/install/kratos_vishvesh_q2_msgs/share/kratos_vishvesh_q2_msgs/cmake/kratos_vishvesh_q2_msgs__rosidl_typesupport_introspection_cppExport-noconfig.cmake
[1.162s] -- Up-to-date: /home/vishvesh/ros2_ws/src/install/kratos_vishvesh_q2_msgs/share/kratos_vishvesh_q2_msgs/cmake/kratos_vishvesh_q2_msgs__rosidl_typesupport_cppExport.cmake
[1.162s] -- Up-to-date: /home/vishvesh/ros2_ws/src/install/kratos_vishvesh_q2_msgs/share/kratos_vishvesh_q2_msgs/cmake/kratos_vishvesh_q2_msgs__rosidl_typesupport_cppExport-noconfig.cmake
[1.162s] -- Up-to-date: /home/vishvesh/ros2_ws/src/install/kratos_vishvesh_q2_msgs/share/kratos_vishvesh_q2_msgs/cmake/export_kratos_vishvesh_q2_msgs__rosidl_generator_pyExport.cmake
[1.162s] -- Up-to-date: /home/vishvesh/ros2_ws/src/install/kratos_vishvesh_q2_msgs/share/kratos_vishvesh_q2_msgs/cmake/export_kratos_vishvesh_q2_msgs__rosidl_generator_pyExport-noconfig.cmake
[1.164s] Invoked command in '/home/vishvesh/ros2_ws/src/build/kratos_vishvesh_q2_msgs' returned '0': CMAKE_PREFIX_PATH=${CMAKE_PREFIX_PATH}:/home/vishvesh/ros2_ws/install/turtle_controller:/home/vishvesh/ros2_ws/install/gs_simulation_interfaces:/home/vishvesh/ros2_ws/install/gs_ros:/home/vishvesh/ros2_ws/install/Practice:/opt/ros/humble /usr/bin/cmake --install /home/vishvesh/ros2_ws/src/build/kratos_vishvesh_q2_msgs
