[0.133s] Invoking command in '/home/vishvesh/ros2_ws/build/arm_humble': CMAKE_PREFIX_PATH=${CMAKE_PREFIX_PATH}:/home/vishvesh/ros2_ws/install/turtle_controller:/home/vishvesh/ros2_ws/install/gs_simulation_interfaces:/home/vishvesh/ros2_ws/install/gs_ros:/home/vishvesh/ros2_ws/install/Practice:/opt/ros/humble /usr/bin/cmake /home/vishvesh/ros2_ws/src/kratos_inductions/arm_humble -DCMAKE_INSTALL_PREFIX=/home/vishvesh/ros2_ws/install/arm_humble
[0.197s] -- The C compiler identification is GNU 11.4.0
[0.254s] -- The CXX compiler identification is GNU 11.4.0
[0.259s] -- Detecting C compiler ABI info
[0.310s] -- Detecting C compiler ABI info - done
[0.314s] -- Check for working C compiler: /usr/bin/cc - skipped
[0.314s] -- Detecting C compile features
[0.314s] -- Detecting C compile features - done
[0.317s] -- Detecting CXX compiler ABI info
[0.370s] -- Detecting CXX compiler ABI info - done
[0.375s] -- Check for working CXX compiler: /usr/bin/c++ - skipped
[0.375s] -- Detecting CXX compile features
[0.375s] -- Detecting CXX compile features - done
[0.377s] -- Found ament_cmake: 1.3.14 (/opt/ros/humble/share/ament_cmake/cmake)
[0.599s] -- Found Python3: /usr/bin/python3 (found version "3.10.12") found components: Interpreter 
[0.662s] -- Found ament_lint_auto: 0.12.15 (/opt/ros/humble/share/ament_lint_auto/cmake)
[0.708s] -- Added test 'flake8' to check Python code syntax and style conventions
[0.708s] -- Added test 'lint_cmake' to check CMake code style
[0.708s] -- Added test 'pep257' to check Python code against some of the docstring style conventions in PEP 257
[0.709s] -- Added test 'xmllint' to check XML markup files
[0.709s] -- Configuring done
[0.711s] -- Generating done
[0.712s] -- Build files have been written to: /home/vishvesh/ros2_ws/build/arm_humble
[0.714s] Invoked command in '/home/vishvesh/ros2_ws/build/arm_humble' returned '0': CMAKE_PREFIX_PATH=${CMAKE_PREFIX_PATH}:/home/vishvesh/ros2_ws/install/turtle_controller:/home/vishvesh/ros2_ws/install/gs_simulation_interfaces:/home/vishvesh/ros2_ws/install/gs_ros:/home/vishvesh/ros2_ws/install/Practice:/opt/ros/humble /usr/bin/cmake /home/vishvesh/ros2_ws/src/kratos_inductions/arm_humble -DCMAKE_INSTALL_PREFIX=/home/vishvesh/ros2_ws/install/arm_humble
[0.715s] Invoking command in '/home/vishvesh/ros2_ws/build/arm_humble': CMAKE_PREFIX_PATH=${CMAKE_PREFIX_PATH}:/home/vishvesh/ros2_ws/install/turtle_controller:/home/vishvesh/ros2_ws/install/gs_simulation_interfaces:/home/vishvesh/ros2_ws/install/gs_ros:/home/vishvesh/ros2_ws/install/Practice:/opt/ros/humble /usr/bin/cmake --build /home/vishvesh/ros2_ws/build/arm_humble -- -j16 -l16
[0.744s] Invoked command in '/home/vishvesh/ros2_ws/build/arm_humble' returned '0': CMAKE_PREFIX_PATH=${CMAKE_PREFIX_PATH}:/home/vishvesh/ros2_ws/install/turtle_controller:/home/vishvesh/ros2_ws/install/gs_simulation_interfaces:/home/vishvesh/ros2_ws/install/gs_ros:/home/vishvesh/ros2_ws/install/Practice:/opt/ros/humble /usr/bin/cmake --build /home/vishvesh/ros2_ws/build/arm_humble -- -j16 -l16
[0.746s] Invoking command in '/home/vishvesh/ros2_ws/build/arm_humble': CMAKE_PREFIX_PATH=${CMAKE_PREFIX_PATH}:/home/vishvesh/ros2_ws/install/turtle_controller:/home/vishvesh/ros2_ws/install/gs_simulation_interfaces:/home/vishvesh/ros2_ws/install/gs_ros:/home/vishvesh/ros2_ws/install/Practice:/opt/ros/humble /usr/bin/cmake --install /home/vishvesh/ros2_ws/build/arm_humble
[0.752s] -- Install configuration: ""
[0.752s] -- Installing: /home/vishvesh/ros2_ws/install/arm_humble/share/arm_humble/launch
[0.752s] -- Installing: /home/vishvesh/ros2_ws/install/arm_humble/share/arm_humble/launch/display.launch.py
[0.752s] -- Installing: /home/vishvesh/ros2_ws/install/arm_humble/share/arm_humble/urdf
[0.752s] -- Installing: /home/vishvesh/ros2_ws/install/arm_humble/share/arm_humble/urdf/arm.urdf
[0.752s] -- Installing: /home/vishvesh/ros2_ws/install/arm_humble/share/arm_humble/urdf/my_custom_arm.urdf.xacro
[0.752s] -- Installing: /home/vishvesh/ros2_ws/install/arm_humble/share/arm_humble/rviz
[0.752s] -- Installing: /home/vishvesh/ros2_ws/install/arm_humble/share/arm_humble/rviz/view_arm.rviz
[0.752s] -- Installing: /home/vishvesh/ros2_ws/install/arm_humble/share/ament_index/resource_index/package_run_dependencies/arm_humble
[0.752s] -- Installing: /home/vishvesh/ros2_ws/install/arm_humble/share/ament_index/resource_index/parent_prefix_path/arm_humble
[0.752s] -- Installing: /home/vishvesh/ros2_ws/install/arm_humble/share/arm_humble/environment/ament_prefix_path.sh
[0.752s] -- Installing: /home/vishvesh/ros2_ws/install/arm_humble/share/arm_humble/environment/ament_prefix_path.dsv
[0.752s] -- Installing: /home/vishvesh/ros2_ws/install/arm_humble/share/arm_humble/environment/path.sh
[0.752s] -- Installing: /home/vishvesh/ros2_ws/install/arm_humble/share/arm_humble/environment/path.dsv
[0.752s] -- Installing: /home/vishvesh/ros2_ws/install/arm_humble/share/arm_humble/local_setup.bash
[0.752s] -- Installing: /home/vishvesh/ros2_ws/install/arm_humble/share/arm_humble/local_setup.sh
[0.752s] -- Installing: /home/vishvesh/ros2_ws/install/arm_humble/share/arm_humble/local_setup.zsh
[0.752s] -- Installing: /home/vishvesh/ros2_ws/install/arm_humble/share/arm_humble/local_setup.dsv
[0.752s] -- Installing: /home/vishvesh/ros2_ws/install/arm_humble/share/arm_humble/package.dsv
[0.753s] -- Installing: /home/vishvesh/ros2_ws/install/arm_humble/share/ament_index/resource_index/packages/arm_humble
[0.753s] -- Installing: /home/vishvesh/ros2_ws/install/arm_humble/share/arm_humble/cmake/arm_humbleConfig.cmake
[0.753s] -- Installing: /home/vishvesh/ros2_ws/install/arm_humble/share/arm_humble/cmake/arm_humbleConfig-version.cmake
[0.753s] -- Installing: /home/vishvesh/ros2_ws/install/arm_humble/share/arm_humble/package.xml
[0.754s] Invoked command in '/home/vishvesh/ros2_ws/build/arm_humble' returned '0': CMAKE_PREFIX_PATH=${CMAKE_PREFIX_PATH}:/home/vishvesh/ros2_ws/install/turtle_controller:/home/vishvesh/ros2_ws/install/gs_simulation_interfaces:/home/vishvesh/ros2_ws/install/gs_ros:/home/vishvesh/ros2_ws/install/Practice:/opt/ros/humble /usr/bin/cmake --install /home/vishvesh/ros2_ws/build/arm_humble
