[0.411s] Invoking command in '/home/vishvesh/ros2_ws/src/build/gs_simulation_interfaces': AMENT_PREFIX_PATH=/home/vishvesh/ros2_ws/src/install/gs_ros_interfaces:/home/vishvesh/ros2_ws/src/install/simulation_interfaces:${AMENT_PREFIX_PATH} CMAKE_PREFIX_PATH=/home/vishvesh/ros2_ws/src/install/gs_ros_interfaces:/home/vishvesh/ros2_ws/src/install/simulation_interfaces:${CMAKE_PREFIX_PATH} LD_LIBRARY_PATH=/home/vishvesh/ros2_ws/src/install/gs_ros_interfaces/lib:/home/vishvesh/ros2_ws/src/install/simulation_interfaces/lib:${LD_LIBRARY_PATH} PYTHONPATH=/home/vishvesh/ros2_ws/src/build/gs_simulation_interfaces/prefix_override:/usr/lib/python3/dist-packages/colcon_core/task/python/colcon_distutils_commands:/home/vishvesh/ros2_ws/src/install/gs_simulation_interfaces/lib/python3.10/site-packages:/home/vishvesh/ros2_ws/src/install/gs_ros_interfaces/local/lib/python3.10/dist-packages:/home/vishvesh/ros2_ws/src/install/simulation_interfaces/local/lib/python3.10/dist-packages:${PYTHONPATH} /usr/bin/python3 -W ignore:setup.py install is deprecated -W ignore:easy_install command is deprecated setup.py develop --editable --build-directory /home/vishvesh/ros2_ws/src/build/gs_simulation_interfaces/build --no-deps symlink_data
[0.506s] /home/vishvesh/.local/lib/python3.10/site-packages/setuptools/_distutils/dist.py:289: UserWarning: Unknown distribution option: 'tests_require'
[0.506s]   warnings.warn(msg)
[0.585s] running develop
[0.680s] running egg_info
[0.688s] creating gs_simulation_interfaces.egg-info
[0.688s] writing gs_simulation_interfaces.egg-info/PKG-INFO
[0.688s] writing dependency_links to gs_simulation_interfaces.egg-info/dependency_links.txt
[0.688s] writing requirements to gs_simulation_interfaces.egg-info/requires.txt
[0.688s] writing top-level names to gs_simulation_interfaces.egg-info/top_level.txt
[0.688s] writing manifest file 'gs_simulation_interfaces.egg-info/SOURCES.txt'
[0.705s] reading manifest file 'gs_simulation_interfaces.egg-info/SOURCES.txt'
[0.705s] writing manifest file 'gs_simulation_interfaces.egg-info/SOURCES.txt'
[0.714s] running build_ext
[0.714s] Creating /home/vishvesh/ros2_ws/src/install/gs_simulation_interfaces/lib/python3.10/site-packages/gs-simulation-interfaces.egg-link (link to .)
[0.714s] 
[0.714s] Installed /home/vishvesh/ros2_ws/src/build/gs_simulation_interfaces
[0.714s] running symlink_data
[0.714s] creating /home/vishvesh/ros2_ws/src/install/gs_simulation_interfaces/share/ament_index/resource_index/packages
[0.714s] symbolically linking /home/vishvesh/ros2_ws/src/build/gs_simulation_interfaces/resource/gs_simulation_interfaces -> /home/vishvesh/ros2_ws/src/install/gs_simulation_interfaces/share/ament_index/resource_index/packages
[0.714s] symbolically linking /home/vishvesh/ros2_ws/src/build/gs_simulation_interfaces/package.xml -> /home/vishvesh/ros2_ws/src/install/gs_simulation_interfaces/share/gs_simulation_interfaces
[0.734s] Invoked command in '/home/vishvesh/ros2_ws/src/build/gs_simulation_interfaces' returned '0': AMENT_PREFIX_PATH=/home/vishvesh/ros2_ws/src/install/gs_ros_interfaces:/home/vishvesh/ros2_ws/src/install/simulation_interfaces:${AMENT_PREFIX_PATH} CMAKE_PREFIX_PATH=/home/vishvesh/ros2_ws/src/install/gs_ros_interfaces:/home/vishvesh/ros2_ws/src/install/simulation_interfaces:${CMAKE_PREFIX_PATH} LD_LIBRARY_PATH=/home/vishvesh/ros2_ws/src/install/gs_ros_interfaces/lib:/home/vishvesh/ros2_ws/src/install/simulation_interfaces/lib:${LD_LIBRARY_PATH} PYTHONPATH=/home/vishvesh/ros2_ws/src/build/gs_simulation_interfaces/prefix_override:/usr/lib/python3/dist-packages/colcon_core/task/python/colcon_distutils_commands:/home/vishvesh/ros2_ws/src/install/gs_simulation_interfaces/lib/python3.10/site-packages:/home/vishvesh/ros2_ws/src/install/gs_ros_interfaces/local/lib/python3.10/dist-packages:/home/vishvesh/ros2_ws/src/install/simulation_interfaces/local/lib/python3.10/dist-packages:${PYTHONPATH} /usr/bin/python3 -W ignore:setup.py install is deprecated -W ignore:easy_install command is deprecated setup.py develop --editable --build-directory /home/vishvesh/ros2_ws/src/build/gs_simulation_interfaces/build --no-deps symlink_data
