[0.453s] Invoking command in '/home/vishvesh/ros2_ws/src/genesis_ros/gs_simulation_interfaces': AMENT_PREFIX_PATH=/home/vishvesh/ros2_ws/src/install/gs_ros_interfaces:/home/vishvesh/ros2_ws/src/install/simulation_interfaces:${AMENT_PREFIX_PATH} CMAKE_PREFIX_PATH=/home/vishvesh/ros2_ws/src/install/gs_ros_interfaces:/home/vishvesh/ros2_ws/src/install/simulation_interfaces:${CMAKE_PREFIX_PATH} LD_LIBRARY_PATH=/home/vishvesh/ros2_ws/src/install/gs_ros_interfaces/lib:/home/vishvesh/ros2_ws/src/install/simulation_interfaces/lib:${LD_LIBRARY_PATH} PYTHONPATH=/home/vishvesh/ros2_ws/src/build/gs_simulation_interfaces/prefix_override:/usr/lib/python3/dist-packages/colcon_core/task/python/colcon_distutils_commands:/home/vishvesh/ros2_ws/src/install/gs_simulation_interfaces/lib/python3.10/site-packages:/home/vishvesh/ros2_ws/src/install/gs_ros_interfaces/local/lib/python3.10/dist-packages:/home/vishvesh/ros2_ws/src/install/simulation_interfaces/local/lib/python3.10/dist-packages:${PYTHONPATH} /usr/bin/python3 -W ignore:setup.py install is deprecated -W ignore:easy_install command is deprecated setup.py egg_info --egg-base ../../build/gs_simulation_interfaces build --build-base /home/vishvesh/ros2_ws/src/build/gs_simulation_interfaces/build install --record /home/vishvesh/ros2_ws/src/build/gs_simulation_interfaces/install.log --single-version-externally-managed install_data
[0.541s] /home/vishvesh/.local/lib/python3.10/site-packages/setuptools/_distutils/dist.py:289: UserWarning: Unknown distribution option: 'tests_require'
[0.541s]   warnings.warn(msg)
[0.583s] running egg_info
[0.590s] writing ../../build/gs_simulation_interfaces/gs_simulation_interfaces.egg-info/PKG-INFO
[0.591s] writing dependency_links to ../../build/gs_simulation_interfaces/gs_simulation_interfaces.egg-info/dependency_links.txt
[0.591s] writing requirements to ../../build/gs_simulation_interfaces/gs_simulation_interfaces.egg-info/requires.txt
[0.591s] writing top-level names to ../../build/gs_simulation_interfaces/gs_simulation_interfaces.egg-info/top_level.txt
[0.606s] reading manifest file '../../build/gs_simulation_interfaces/gs_simulation_interfaces.egg-info/SOURCES.txt'
[0.607s] writing manifest file '../../build/gs_simulation_interfaces/gs_simulation_interfaces.egg-info/SOURCES.txt'
[0.607s] running build
[0.607s] running build_py
[0.607s] copying gs_simulation_interfaces/simulation_interface.py -> /home/vishvesh/ros2_ws/src/build/gs_simulation_interfaces/build/lib/gs_simulation_interfaces
[0.607s] copying gs_simulation_interfaces/__init__.py -> /home/vishvesh/ros2_ws/src/build/gs_simulation_interfaces/build/lib/gs_simulation_interfaces
[0.607s] copying gs_simulation_interfaces/scene_manager.py -> /home/vishvesh/ros2_ws/src/build/gs_simulation_interfaces/build/lib/gs_simulation_interfaces
[0.608s] copying gs_simulation_interfaces/handlers/world_management.py -> /home/vishvesh/ros2_ws/src/build/gs_simulation_interfaces/build/lib/gs_simulation_interfaces/handlers
[0.608s] copying gs_simulation_interfaces/handlers/__init__.py -> /home/vishvesh/ros2_ws/src/build/gs_simulation_interfaces/build/lib/gs_simulation_interfaces/handlers
[0.608s] copying gs_simulation_interfaces/handlers/entity/entity_state.py -> /home/vishvesh/ros2_ws/src/build/gs_simulation_interfaces/build/lib/gs_simulation_interfaces/handlers/entity
[0.608s] copying gs_simulation_interfaces/handlers/entity/entity_helpers.py -> /home/vishvesh/ros2_ws/src/build/gs_simulation_interfaces/build/lib/gs_simulation_interfaces/handlers/entity
[0.608s] copying gs_simulation_interfaces/handlers/entity/entity_lifecycle.py -> /home/vishvesh/ros2_ws/src/build/gs_simulation_interfaces/build/lib/gs_simulation_interfaces/handlers/entity
[0.608s] copying gs_simulation_interfaces/handlers/entity/entity_metadata.py -> /home/vishvesh/ros2_ws/src/build/gs_simulation_interfaces/build/lib/gs_simulation_interfaces/handlers/entity
[0.609s] copying gs_simulation_interfaces/handlers/entity/entity_options.py -> /home/vishvesh/ros2_ws/src/build/gs_simulation_interfaces/build/lib/gs_simulation_interfaces/handlers/entity
[0.609s] copying gs_simulation_interfaces/handlers/entity/sensor_options.py -> /home/vishvesh/ros2_ws/src/build/gs_simulation_interfaces/build/lib/gs_simulation_interfaces/handlers/entity
[0.609s] copying gs_simulation_interfaces/handlers/entity/__init__.py -> /home/vishvesh/ros2_ws/src/build/gs_simulation_interfaces/build/lib/gs_simulation_interfaces/handlers/entity
[0.609s] copying gs_simulation_interfaces/handlers/simulator/simulation_control.py -> /home/vishvesh/ros2_ws/src/build/gs_simulation_interfaces/build/lib/gs_simulation_interfaces/handlers/simulator
[0.609s] copying gs_simulation_interfaces/handlers/simulator/simulator_features.py -> /home/vishvesh/ros2_ws/src/build/gs_simulation_interfaces/build/lib/gs_simulation_interfaces/handlers/simulator
[0.610s] copying gs_simulation_interfaces/handlers/simulator/__init__.py -> /home/vishvesh/ros2_ws/src/build/gs_simulation_interfaces/build/lib/gs_simulation_interfaces/handlers/simulator
[0.610s] running install
[0.612s] running install_lib
[0.620s] running install_data
[0.621s] copying resource/gs_simulation_interfaces -> /home/vishvesh/ros2_ws/src/install/gs_simulation_interfaces/share/ament_index/resource_index/packages
[0.621s] copying package.xml -> /home/vishvesh/ros2_ws/src/install/gs_simulation_interfaces/share/gs_simulation_interfaces
[0.621s] running install_egg_info
[0.630s] removing '/home/vishvesh/ros2_ws/src/install/gs_simulation_interfaces/lib/python3.10/site-packages/gs_simulation_interfaces-1.0.0-py3.10.egg-info' (and everything under it)
[0.630s] Copying ../../build/gs_simulation_interfaces/gs_simulation_interfaces.egg-info to /home/vishvesh/ros2_ws/src/install/gs_simulation_interfaces/lib/python3.10/site-packages/gs_simulation_interfaces-1.0.0-py3.10.egg-info
[0.630s] running install_scripts
[0.685s] writing list of installed files to '/home/vishvesh/ros2_ws/src/build/gs_simulation_interfaces/install.log'
[0.699s] Invoked command in '/home/vishvesh/ros2_ws/src/genesis_ros/gs_simulation_interfaces' returned '0': AMENT_PREFIX_PATH=/home/vishvesh/ros2_ws/src/install/gs_ros_interfaces:/home/vishvesh/ros2_ws/src/install/simulation_interfaces:${AMENT_PREFIX_PATH} CMAKE_PREFIX_PATH=/home/vishvesh/ros2_ws/src/install/gs_ros_interfaces:/home/vishvesh/ros2_ws/src/install/simulation_interfaces:${CMAKE_PREFIX_PATH} LD_LIBRARY_PATH=/home/vishvesh/ros2_ws/src/install/gs_ros_interfaces/lib:/home/vishvesh/ros2_ws/src/install/simulation_interfaces/lib:${LD_LIBRARY_PATH} PYTHONPATH=/home/vishvesh/ros2_ws/src/build/gs_simulation_interfaces/prefix_override:/usr/lib/python3/dist-packages/colcon_core/task/python/colcon_distutils_commands:/home/vishvesh/ros2_ws/src/install/gs_simulation_interfaces/lib/python3.10/site-packages:/home/vishvesh/ros2_ws/src/install/gs_ros_interfaces/local/lib/python3.10/dist-packages:/home/vishvesh/ros2_ws/src/install/simulation_interfaces/local/lib/python3.10/dist-packages:${PYTHONPATH} /usr/bin/python3 -W ignore:setup.py install is deprecated -W ignore:easy_install command is deprecated setup.py egg_info --egg-base ../../build/gs_simulation_interfaces build --build-base /home/vishvesh/ros2_ws/src/build/gs_simulation_interfaces/build install --record /home/vishvesh/ros2_ws/src/build/gs_simulation_interfaces/install.log --single-version-externally-managed install_data
