-- Found ament_cmake: 1.3.14 (/opt/ros/humble/share/ament_cmake/cmake)
-- Override CMake install command with custom implementation using symlinks instead of copying resources
-- Found ament_lint_auto: 0.12.15 (/opt/ros/humble/share/ament_lint_auto/cmake)
-- Added test 'flake8' to check Python code syntax and style conventions
-- Added test 'lint_cmake' to check CMake code style
-- Added test 'pep257' to check Python code against some of the docstring style conventions in PEP 257
-- Added test 'xmllint' to check XML markup files
-- Configuring done
-- Generating done
-- Build files have been written to: /home/vishvesh/ros2_ws/build/arm_humble
-- Install configuration: ""
-- Execute custom install script
-- Up-to-date symlink: /home/vishvesh/ros2_ws/install/arm_humble/share/arm_humble/launch/display.launch.py
-- Up-to-date symlink: /home/vishvesh/ros2_ws/install/arm_humble/share/arm_humble/urdf/arm.urdf
-- Up-to-date symlink: /home/vishvesh/ros2_ws/install/arm_humble/share/arm_humble/urdf/my_custom_arm.urdf.xacro
-- Up-to-date symlink: /home/vishvesh/ros2_ws/install/arm_humble/share/arm_humble/rviz/view_arm.rviz
-- Symlinking: /home/vishvesh/ros2_ws/install/arm_humble/lib/arm_humble/ik_controller.py
-- Up-to-date symlink: /home/vishvesh/ros2_ws/install/arm_humble/share/ament_index/resource_index/package_run_dependencies/arm_humble
-- Up-to-date symlink: /home/vishvesh/ros2_ws/install/arm_humble/share/ament_index/resource_index/parent_prefix_path/arm_humble
-- Up-to-date symlink: /home/vishvesh/ros2_ws/install/arm_humble/share/arm_humble/environment/ament_prefix_path.sh
-- Up-to-date symlink: /home/vishvesh/ros2_ws/install/arm_humble/share/arm_humble/environment/ament_prefix_path.dsv
-- Up-to-date symlink: /home/vishvesh/ros2_ws/install/arm_humble/share/arm_humble/environment/path.sh
-- Up-to-date symlink: /home/vishvesh/ros2_ws/install/arm_humble/share/arm_humble/environment/path.dsv
-- Up-to-date symlink: /home/vishvesh/ros2_ws/install/arm_humble/share/arm_humble/local_setup.bash
-- Up-to-date symlink: /home/vishvesh/ros2_ws/install/arm_humble/share/arm_humble/local_setup.sh
-- Up-to-date symlink: /home/vishvesh/ros2_ws/install/arm_humble/share/arm_humble/local_setup.zsh
-- Up-to-date symlink: /home/vishvesh/ros2_ws/install/arm_humble/share/arm_humble/local_setup.dsv
-- Symlinking: /home/vishvesh/ros2_ws/install/arm_humble/share/arm_humble/package.dsv
-- Up-to-date symlink: /home/vishvesh/ros2_ws/install/arm_humble/share/ament_index/resource_index/packages/arm_humble
-- Up-to-date symlink: /home/vishvesh/ros2_ws/install/arm_humble/share/arm_humble/cmake/arm_humbleConfig.cmake
-- Up-to-date symlink: /home/vishvesh/ros2_ws/install/arm_humble/share/arm_humble/cmake/arm_humbleConfig-version.cmake
-- Up-to-date symlink: /home/vishvesh/ros2_ws/install/arm_humble/share/arm_humble/package.xml
