[0.381s] Invoking command in '/home/vishvesh/ros2_ws/build/gs_simulation_interfaces': CMAKE_PREFIX_PATH=/home/vishvesh/ros2_ws/install/gs_ros_interfaces:/home/vishvesh/ros2_ws/install/simulation_interfaces:/home/vishvesh/ros2_ws/install/topic_based_ros2_control:/home/vishvesh/ros2_ws/install/kratos_vishvesh_q2:/home/vishvesh/ros2_ws/install/kratos_vishvesh_q2_msgs:/home/vishvesh/ros2_ws/install/kratos_vishvesh:/home/vishvesh/ros2_ws/install/gs_ros2_control_demos LD_LIBRARY_PATH=/home/vishvesh/ros2_ws/install/gs_ros_interfaces/lib:/home/vishvesh/ros2_ws/install/simulation_interfaces/lib:/home/vishvesh/ros2_ws/install/topic_based_ros2_control/lib:/home/vishvesh/ros2_ws/install/kratos_vishvesh_q2_msgs/lib:/opt/ros/humble/opt/rviz_ogre_vendor/lib:/opt/ros/humble/lib/x86_64-linux-gnu:/opt/ros/humble/lib PYTHONPATH=/home/vishvesh/ros2_ws/build/gs_simulation_interfaces/prefix_override:/usr/lib/python3/dist-packages/colcon_core/task/python/colcon_distutils_commands:/home/vishvesh/ros2_ws/install/gs_simulation_interfaces/lib/python3.10/site-packages:${PYTHONPATH} /usr/bin/python3 -W ignore:setup.py install is deprecated -W ignore:easy_install command is deprecated setup.py develop --editable --build-directory /home/vishvesh/ros2_ws/build/gs_simulation_interfaces/build --no-deps symlink_data
[0.465s] /home/vishvesh/.local/lib/python3.10/site-packages/setuptools/_distutils/dist.py:289: UserWarning: Unknown distribution option: 'tests_require'
[0.465s]   warnings.warn(msg)
[0.535s] running develop
[0.618s] running egg_info
[0.625s] creating gs_simulation_interfaces.egg-info
[0.625s] writing gs_simulation_interfaces.egg-info/PKG-INFO
[0.626s] writing dependency_links to gs_simulation_interfaces.egg-info/dependency_links.txt
[0.626s] writing requirements to gs_simulation_interfaces.egg-info/requires.txt
[0.626s] writing top-level names to gs_simulation_interfaces.egg-info/top_level.txt
[0.626s] writing manifest file 'gs_simulation_interfaces.egg-info/SOURCES.txt'
[0.641s] reading manifest file 'gs_simulation_interfaces.egg-info/SOURCES.txt'
[0.641s] writing manifest file 'gs_simulation_interfaces.egg-info/SOURCES.txt'
[0.649s] running build_ext
[0.649s] Creating /home/vishvesh/ros2_ws/install/gs_simulation_interfaces/lib/python3.10/site-packages/gs-simulation-interfaces.egg-link (link to .)
[0.649s] 
[0.649s] Installed /home/vishvesh/ros2_ws/build/gs_simulation_interfaces
[0.649s] running symlink_data
[0.649s] creating /home/vishvesh/ros2_ws/install/gs_simulation_interfaces/share/ament_index/resource_index/packages
[0.649s] symbolically linking /home/vishvesh/ros2_ws/build/gs_simulation_interfaces/resource/gs_simulation_interfaces -> /home/vishvesh/ros2_ws/install/gs_simulation_interfaces/share/ament_index/resource_index/packages
[0.649s] symbolically linking /home/vishvesh/ros2_ws/build/gs_simulation_interfaces/package.xml -> /home/vishvesh/ros2_ws/install/gs_simulation_interfaces/share/gs_simulation_interfaces
[0.665s] Invoked command in '/home/vishvesh/ros2_ws/build/gs_simulation_interfaces' returned '0': CMAKE_PREFIX_PATH=/home/vishvesh/ros2_ws/install/gs_ros_interfaces:/home/vishvesh/ros2_ws/install/simulation_interfaces:/home/vishvesh/ros2_ws/install/topic_based_ros2_control:/home/vishvesh/ros2_ws/install/kratos_vishvesh_q2:/home/vishvesh/ros2_ws/install/kratos_vishvesh_q2_msgs:/home/vishvesh/ros2_ws/install/kratos_vishvesh:/home/vishvesh/ros2_ws/install/gs_ros2_control_demos LD_LIBRARY_PATH=/home/vishvesh/ros2_ws/install/gs_ros_interfaces/lib:/home/vishvesh/ros2_ws/install/simulation_interfaces/lib:/home/vishvesh/ros2_ws/install/topic_based_ros2_control/lib:/home/vishvesh/ros2_ws/install/kratos_vishvesh_q2_msgs/lib:/opt/ros/humble/opt/rviz_ogre_vendor/lib:/opt/ros/humble/lib/x86_64-linux-gnu:/opt/ros/humble/lib PYTHONPATH=/home/vishvesh/ros2_ws/build/gs_simulation_interfaces/prefix_override:/usr/lib/python3/dist-packages/colcon_core/task/python/colcon_distutils_commands:/home/vishvesh/ros2_ws/install/gs_simulation_interfaces/lib/python3.10/site-packages:${PYTHONPATH} /usr/bin/python3 -W ignore:setup.py install is deprecated -W ignore:easy_install command is deprecated setup.py develop --editable --build-directory /home/vishvesh/ros2_ws/build/gs_simulation_interfaces/build --no-deps symlink_data
