running egg_info
writing ../../build/gs_ros/gs_ros.egg-info/PKG-INFO
writing dependency_links to ../../build/gs_ros/gs_ros.egg-info/dependency_links.txt
writing requirements to ../../build/gs_ros/gs_ros.egg-info/requires.txt
writing top-level names to ../../build/gs_ros/gs_ros.egg-info/top_level.txt
reading manifest file '../../build/gs_ros/gs_ros.egg-info/SOURCES.txt'
writing manifest file '../../build/gs_ros/gs_ros.egg-info/SOURCES.txt'
running build
running build_py
copying gs_ros/gs_ros_services.py -> /home/vishvesh/ros2_ws/src/build/gs_ros/build/lib/gs_ros
copying gs_ros/gs_ros_sensors.py -> /home/vishvesh/ros2_ws/src/build/gs_ros/build/lib/gs_ros
copying gs_ros/gs_ros_robot_control.py -> /home/vishvesh/ros2_ws/src/build/gs_ros/build/lib/gs_ros
copying gs_ros/gs_ros_sim.py -> /home/vishvesh/ros2_ws/src/build/gs_ros/build/lib/gs_ros
copying gs_ros/__init__.py -> /home/vishvesh/ros2_ws/src/build/gs_ros/build/lib/gs_ros
copying gs_ros/gs_ros_bridge.py -> /home/vishvesh/ros2_ws/src/build/gs_ros/build/lib/gs_ros
copying gs_ros/gs_ros_utils.py -> /home/vishvesh/ros2_ws/src/build/gs_ros/build/lib/gs_ros
copying gs_ros/sensors/grid_lidar_sensor.py -> /home/vishvesh/ros2_ws/src/build/gs_ros/build/lib/gs_ros/sensors
copying gs_ros/sensors/camera_sensor.py -> /home/vishvesh/ros2_ws/src/build/gs_ros/build/lib/gs_ros/sensors
copying gs_ros/sensors/lidar_sensor.py -> /home/vishvesh/ros2_ws/src/build/gs_ros/build/lib/gs_ros/sensors
copying gs_ros/sensors/imu_sensor.py -> /home/vishvesh/ros2_ws/src/build/gs_ros/build/lib/gs_ros/sensors
copying gs_ros/sensors/sectional_lidar_sensor.py -> /home/vishvesh/ros2_ws/src/build/gs_ros/build/lib/gs_ros/sensors
copying gs_ros/sensors/base_sensor.py -> /home/vishvesh/ros2_ws/src/build/gs_ros/build/lib/gs_ros/sensors
copying gs_ros/sensors/laser_scan_sensor.py -> /home/vishvesh/ros2_ws/src/build/gs_ros/build/lib/gs_ros/sensors
copying gs_ros/sensors/contact_sensor.py -> /home/vishvesh/ros2_ws/src/build/gs_ros/build/lib/gs_ros/sensors
copying gs_ros/sensors/__init__.py -> /home/vishvesh/ros2_ws/src/build/gs_ros/build/lib/gs_ros/sensors
copying gs_ros/sensors/sensor_helper.py -> /home/vishvesh/ros2_ws/src/build/gs_ros/build/lib/gs_ros/sensors
copying gs_ros/sensors/contact_force_sensor.py -> /home/vishvesh/ros2_ws/src/build/gs_ros/build/lib/gs_ros/sensors
running install
running install_lib
running install_data
copying resource/gs_ros -> /home/vishvesh/ros2_ws/src/install/gs_ros/share/ament_index/resource_index/packages
copying package.xml -> /home/vishvesh/ros2_ws/src/install/gs_ros/share/gs_ros
running install_egg_info
removing '/home/vishvesh/ros2_ws/src/install/gs_ros/lib/python3.10/site-packages/gs_ros-0.0.0-py3.10.egg-info' (and everything under it)
Copying ../../build/gs_ros/gs_ros.egg-info to /home/vishvesh/ros2_ws/src/install/gs_ros/lib/python3.10/site-packages/gs_ros-0.0.0-py3.10.egg-info
running install_scripts
writing list of installed files to '/home/vishvesh/ros2_ws/src/build/gs_ros/install.log'
