[0.976s] Invoking command in '/home/vishvesh/ros2_ws/src/genesis_ros/gs_ros': PYTHONPATH=/home/vishvesh/ros2_ws/src/build/gs_ros/prefix_override:/usr/lib/python3/dist-packages/colcon_core/task/python/colcon_distutils_commands:/home/vishvesh/ros2_ws/src/install/gs_ros/lib/python3.10/site-packages:${PYTHONPATH} /usr/bin/python3 -W ignore:setup.py install is deprecated -W ignore:easy_install command is deprecated setup.py egg_info --egg-base ../../build/gs_ros build --build-base /home/vishvesh/ros2_ws/src/build/gs_ros/build install --record /home/vishvesh/ros2_ws/src/build/gs_ros/install.log --single-version-externally-managed install_data
[1.122s] /home/vishvesh/.local/lib/python3.10/site-packages/setuptools/_distutils/dist.py:289: UserWarning: Unknown distribution option: 'tests_require'
[1.122s]   warnings.warn(msg)
[1.191s] running egg_info
[1.203s] writing ../../build/gs_ros/gs_ros.egg-info/PKG-INFO
[1.204s] writing dependency_links to ../../build/gs_ros/gs_ros.egg-info/dependency_links.txt
[1.204s] writing requirements to ../../build/gs_ros/gs_ros.egg-info/requires.txt
[1.204s] writing top-level names to ../../build/gs_ros/gs_ros.egg-info/top_level.txt
[1.230s] reading manifest file '../../build/gs_ros/gs_ros.egg-info/SOURCES.txt'
[1.231s] writing manifest file '../../build/gs_ros/gs_ros.egg-info/SOURCES.txt'
[1.231s] running build
[1.232s] running build_py
[1.232s] copying gs_ros/gs_ros_services.py -> /home/vishvesh/ros2_ws/src/build/gs_ros/build/lib/gs_ros
[1.232s] copying gs_ros/gs_ros_sensors.py -> /home/vishvesh/ros2_ws/src/build/gs_ros/build/lib/gs_ros
[1.232s] copying gs_ros/gs_ros_robot_control.py -> /home/vishvesh/ros2_ws/src/build/gs_ros/build/lib/gs_ros
[1.232s] copying gs_ros/gs_ros_sim.py -> /home/vishvesh/ros2_ws/src/build/gs_ros/build/lib/gs_ros
[1.232s] copying gs_ros/__init__.py -> /home/vishvesh/ros2_ws/src/build/gs_ros/build/lib/gs_ros
[1.232s] copying gs_ros/gs_ros_bridge.py -> /home/vishvesh/ros2_ws/src/build/gs_ros/build/lib/gs_ros
[1.233s] copying gs_ros/gs_ros_utils.py -> /home/vishvesh/ros2_ws/src/build/gs_ros/build/lib/gs_ros
[1.233s] copying gs_ros/sensors/grid_lidar_sensor.py -> /home/vishvesh/ros2_ws/src/build/gs_ros/build/lib/gs_ros/sensors
[1.233s] copying gs_ros/sensors/camera_sensor.py -> /home/vishvesh/ros2_ws/src/build/gs_ros/build/lib/gs_ros/sensors
[1.233s] copying gs_ros/sensors/lidar_sensor.py -> /home/vishvesh/ros2_ws/src/build/gs_ros/build/lib/gs_ros/sensors
[1.233s] copying gs_ros/sensors/imu_sensor.py -> /home/vishvesh/ros2_ws/src/build/gs_ros/build/lib/gs_ros/sensors
[1.234s] copying gs_ros/sensors/sectional_lidar_sensor.py -> /home/vishvesh/ros2_ws/src/build/gs_ros/build/lib/gs_ros/sensors
[1.234s] copying gs_ros/sensors/base_sensor.py -> /home/vishvesh/ros2_ws/src/build/gs_ros/build/lib/gs_ros/sensors
[1.234s] copying gs_ros/sensors/laser_scan_sensor.py -> /home/vishvesh/ros2_ws/src/build/gs_ros/build/lib/gs_ros/sensors
[1.235s] copying gs_ros/sensors/contact_sensor.py -> /home/vishvesh/ros2_ws/src/build/gs_ros/build/lib/gs_ros/sensors
[1.235s] copying gs_ros/sensors/__init__.py -> /home/vishvesh/ros2_ws/src/build/gs_ros/build/lib/gs_ros/sensors
[1.235s] copying gs_ros/sensors/sensor_helper.py -> /home/vishvesh/ros2_ws/src/build/gs_ros/build/lib/gs_ros/sensors
[1.235s] copying gs_ros/sensors/contact_force_sensor.py -> /home/vishvesh/ros2_ws/src/build/gs_ros/build/lib/gs_ros/sensors
[1.235s] running install
[1.238s] running install_lib
[1.249s] running install_data
[1.249s] copying resource/gs_ros -> /home/vishvesh/ros2_ws/src/install/gs_ros/share/ament_index/resource_index/packages
[1.249s] copying package.xml -> /home/vishvesh/ros2_ws/src/install/gs_ros/share/gs_ros
[1.249s] running install_egg_info
[1.261s] removing '/home/vishvesh/ros2_ws/src/install/gs_ros/lib/python3.10/site-packages/gs_ros-0.0.0-py3.10.egg-info' (and everything under it)
[1.261s] Copying ../../build/gs_ros/gs_ros.egg-info to /home/vishvesh/ros2_ws/src/install/gs_ros/lib/python3.10/site-packages/gs_ros-0.0.0-py3.10.egg-info
[1.262s] running install_scripts
[1.335s] writing list of installed files to '/home/vishvesh/ros2_ws/src/build/gs_ros/install.log'
[1.368s] Invoked command in '/home/vishvesh/ros2_ws/src/genesis_ros/gs_ros' returned '0': PYTHONPATH=/home/vishvesh/ros2_ws/src/build/gs_ros/prefix_override:/usr/lib/python3/dist-packages/colcon_core/task/python/colcon_distutils_commands:/home/vishvesh/ros2_ws/src/install/gs_ros/lib/python3.10/site-packages:${PYTHONPATH} /usr/bin/python3 -W ignore:setup.py install is deprecated -W ignore:easy_install command is deprecated setup.py egg_info --egg-base ../../build/gs_ros build --build-base /home/vishvesh/ros2_ws/src/build/gs_ros/build install --record /home/vishvesh/ros2_ws/src/build/gs_ros/install.log --single-version-externally-managed install_data
