[0.056s] DEBUG:colcon:Command line arguments: ['/usr/bin/colcon', 'build', '--packages-select', 'arm_humble']
[0.056s] DEBUG:colcon:Parsed command line arguments: Namespace(log_base=None, log_level=None, verb_name='build', build_base='build', install_base='install', merge_install=False, symlink_install=False, test_result_base=None, continue_on_error=False, executor='parallel', parallel_workers=16, event_handlers=None, ignore_user_meta=False, metas=['./colcon.meta'], base_paths=['.'], packages_ignore=None, packages_ignore_regex=None, paths=None, packages_up_to=None, packages_up_to_regex=None, packages_above=None, packages_above_and_dependencies=None, packages_above_depth=None, packages_select_by_dep=None, packages_skip_by_dep=None, packages_skip_up_to=None, packages_select_build_failed=False, packages_skip_build_finished=False, packages_select_test_failures=False, packages_skip_test_passed=False, packages_select=['arm_humble'], packages_skip=None, packages_select_regex=None, packages_skip_regex=None, packages_start=None, packages_end=None, allow_overriding=[], cmake_args=None, cmake_target=None, cmake_target_skip_unavailable=False, cmake_clean_cache=False, cmake_clean_first=False, cmake_force_configure=False, ament_cmake_args=None, catkin_cmake_args=None, catkin_skip_building_tests=False, verb_parser=<colcon_defaults.argument_parser.defaults.DefaultArgumentsDecorator object at 0x7baf43453460>, verb_extension=<colcon_core.verb.build.BuildVerb object at 0x7baf43410250>, main=<bound method BuildVerb.main of <colcon_core.verb.build.BuildVerb object at 0x7baf43410250>>)
[0.078s] Level 1:colcon.colcon_core.package_discovery:discover_packages(colcon_meta) check parameters
[0.078s] Level 1:colcon.colcon_core.package_discovery:discover_packages(recursive) check parameters
[0.078s] Level 1:colcon.colcon_core.package_discovery:discover_packages(ignore) check parameters
[0.078s] Level 1:colcon.colcon_core.package_discovery:discover_packages(path) check parameters
[0.078s] Level 1:colcon.colcon_core.package_discovery:discover_packages(colcon_meta) discover
[0.078s] Level 1:colcon.colcon_core.package_discovery:discover_packages(recursive) discover
[0.078s] INFO:colcon.colcon_core.package_discovery:Crawling recursively for packages in '/home/vishvesh/ros2_ws'
[0.078s] Level 1:colcon.colcon_core.package_identification:_identify(.) by extensions ['ignore', 'ignore_ament_install']
[0.078s] Level 1:colcon.colcon_core.package_identification:_identify(.) by extension 'ignore'
[0.078s] Level 1:colcon.colcon_core.package_identification:_identify(.) by extension 'ignore_ament_install'
[0.078s] Level 1:colcon.colcon_core.package_identification:_identify(.) by extensions ['colcon_pkg']
[0.078s] Level 1:colcon.colcon_core.package_identification:_identify(.) by extension 'colcon_pkg'
[0.078s] Level 1:colcon.colcon_core.package_identification:_identify(.) by extensions ['colcon_meta']
[0.078s] Level 1:colcon.colcon_core.package_identification:_identify(.) by extension 'colcon_meta'
[0.078s] Level 1:colcon.colcon_core.package_identification:_identify(.) by extensions ['ros']
[0.078s] Level 1:colcon.colcon_core.package_identification:_identify(.) by extension 'ros'
[0.087s] Level 1:colcon.colcon_core.package_identification:_identify(.) by extensions ['cmake', 'python']
[0.087s] Level 1:colcon.colcon_core.package_identification:_identify(.) by extension 'cmake'
[0.087s] Level 1:colcon.colcon_core.package_identification:_identify(.) by extension 'python'
[0.087s] Level 1:colcon.colcon_core.package_identification:_identify(.) by extensions ['python_setup_py']
[0.087s] Level 1:colcon.colcon_core.package_identification:_identify(.) by extension 'python_setup_py'
[0.087s] Level 1:colcon.colcon_core.package_identification:_identify(build) by extensions ['ignore', 'ignore_ament_install']
[0.087s] Level 1:colcon.colcon_core.package_identification:_identify(build) by extension 'ignore'
[0.087s] Level 1:colcon.colcon_core.package_identification:_identify(build) ignored
[0.087s] Level 1:colcon.colcon_core.package_identification:_identify(install) by extensions ['ignore', 'ignore_ament_install']
[0.087s] Level 1:colcon.colcon_core.package_identification:_identify(install) by extension 'ignore'
[0.087s] Level 1:colcon.colcon_core.package_identification:_identify(install) ignored
[0.087s] Level 1:colcon.colcon_core.package_identification:_identify(log) by extensions ['ignore', 'ignore_ament_install']
[0.087s] Level 1:colcon.colcon_core.package_identification:_identify(log) by extension 'ignore'
[0.087s] Level 1:colcon.colcon_core.package_identification:_identify(log) ignored
[0.087s] Level 1:colcon.colcon_core.package_identification:_identify(src) by extensions ['ignore', 'ignore_ament_install']
[0.087s] Level 1:colcon.colcon_core.package_identification:_identify(src) by extension 'ignore'
[0.087s] Level 1:colcon.colcon_core.package_identification:_identify(src) by extension 'ignore_ament_install'
[0.087s] Level 1:colcon.colcon_core.package_identification:_identify(src) by extensions ['colcon_pkg']
[0.087s] Level 1:colcon.colcon_core.package_identification:_identify(src) by extension 'colcon_pkg'
[0.087s] Level 1:colcon.colcon_core.package_identification:_identify(src) by extensions ['colcon_meta']
[0.087s] Level 1:colcon.colcon_core.package_identification:_identify(src) by extension 'colcon_meta'
[0.087s] Level 1:colcon.colcon_core.package_identification:_identify(src) by extensions ['ros']
[0.087s] Level 1:colcon.colcon_core.package_identification:_identify(src) by extension 'ros'
[0.087s] Level 1:colcon.colcon_core.package_identification:_identify(src) by extensions ['cmake', 'python']
[0.087s] Level 1:colcon.colcon_core.package_identification:_identify(src) by extension 'cmake'
[0.087s] Level 1:colcon.colcon_core.package_identification:_identify(src) by extension 'python'
[0.087s] Level 1:colcon.colcon_core.package_identification:_identify(src) by extensions ['python_setup_py']
[0.087s] Level 1:colcon.colcon_core.package_identification:_identify(src) by extension 'python_setup_py'
[0.087s] Level 1:colcon.colcon_core.package_identification:_identify(src/Practice) by extensions ['ignore', 'ignore_ament_install']
[0.087s] Level 1:colcon.colcon_core.package_identification:_identify(src/Practice) by extension 'ignore'
[0.088s] Level 1:colcon.colcon_core.package_identification:_identify(src/Practice) by extension 'ignore_ament_install'
[0.088s] Level 1:colcon.colcon_core.package_identification:_identify(src/Practice) by extensions ['colcon_pkg']
[0.088s] Level 1:colcon.colcon_core.package_identification:_identify(src/Practice) by extension 'colcon_pkg'
[0.088s] Level 1:colcon.colcon_core.package_identification:_identify(src/Practice) by extensions ['colcon_meta']
[0.088s] Level 1:colcon.colcon_core.package_identification:_identify(src/Practice) by extension 'colcon_meta'
[0.088s] Level 1:colcon.colcon_core.package_identification:_identify(src/Practice) by extensions ['ros']
[0.088s] Level 1:colcon.colcon_core.package_identification:_identify(src/Practice) by extension 'ros'
[0.089s] DEBUG:colcon.colcon_core.package_identification:Package 'src/Practice' with type 'ros.ament_python' and name 'Practice'
[0.089s] Level 1:colcon.colcon_core.package_identification:_identify(src/build) by extensions ['ignore', 'ignore_ament_install']
[0.089s] Level 1:colcon.colcon_core.package_identification:_identify(src/build) by extension 'ignore'
[0.089s] Level 1:colcon.colcon_core.package_identification:_identify(src/build) ignored
[0.090s] Level 1:colcon.colcon_core.package_identification:_identify(src/install) by extensions ['ignore', 'ignore_ament_install']
[0.090s] Level 1:colcon.colcon_core.package_identification:_identify(src/install) by extension 'ignore'
[0.090s] Level 1:colcon.colcon_core.package_identification:_identify(src/install) ignored
[0.090s] Level 1:colcon.colcon_core.package_identification:_identify(src/kratos_inductions) by extensions ['ignore', 'ignore_ament_install']
[0.090s] Level 1:colcon.colcon_core.package_identification:_identify(src/kratos_inductions) by extension 'ignore'
[0.090s] Level 1:colcon.colcon_core.package_identification:_identify(src/kratos_inductions) by extension 'ignore_ament_install'
[0.090s] Level 1:colcon.colcon_core.package_identification:_identify(src/kratos_inductions) by extensions ['colcon_pkg']
[0.090s] Level 1:colcon.colcon_core.package_identification:_identify(src/kratos_inductions) by extension 'colcon_pkg'
[0.090s] Level 1:colcon.colcon_core.package_identification:_identify(src/kratos_inductions) by extensions ['colcon_meta']
[0.090s] Level 1:colcon.colcon_core.package_identification:_identify(src/kratos_inductions) by extension 'colcon_meta'
[0.090s] Level 1:colcon.colcon_core.package_identification:_identify(src/kratos_inductions) by extensions ['ros']
[0.090s] Level 1:colcon.colcon_core.package_identification:_identify(src/kratos_inductions) by extension 'ros'
[0.090s] Level 1:colcon.colcon_core.package_identification:_identify(src/kratos_inductions) by extensions ['cmake', 'python']
[0.090s] Level 1:colcon.colcon_core.package_identification:_identify(src/kratos_inductions) by extension 'cmake'
[0.090s] Level 1:colcon.colcon_core.package_identification:_identify(src/kratos_inductions) by extension 'python'
[0.090s] Level 1:colcon.colcon_core.package_identification:_identify(src/kratos_inductions) by extensions ['python_setup_py']
[0.090s] Level 1:colcon.colcon_core.package_identification:_identify(src/kratos_inductions) by extension 'python_setup_py'
[0.090s] Level 1:colcon.colcon_core.package_identification:_identify(src/kratos_inductions/arm_humble) by extensions ['ignore', 'ignore_ament_install']
[0.090s] Level 1:colcon.colcon_core.package_identification:_identify(src/kratos_inductions/arm_humble) by extension 'ignore'
[0.090s] Level 1:colcon.colcon_core.package_identification:_identify(src/kratos_inductions/arm_humble) by extension 'ignore_ament_install'
[0.090s] Level 1:colcon.colcon_core.package_identification:_identify(src/kratos_inductions/arm_humble) by extensions ['colcon_pkg']
[0.090s] Level 1:colcon.colcon_core.package_identification:_identify(src/kratos_inductions/arm_humble) by extension 'colcon_pkg'
[0.090s] Level 1:colcon.colcon_core.package_identification:_identify(src/kratos_inductions/arm_humble) by extensions ['colcon_meta']
[0.090s] Level 1:colcon.colcon_core.package_identification:_identify(src/kratos_inductions/arm_humble) by extension 'colcon_meta'
[0.090s] Level 1:colcon.colcon_core.package_identification:_identify(src/kratos_inductions/arm_humble) by extensions ['ros']
[0.090s] Level 1:colcon.colcon_core.package_identification:_identify(src/kratos_inductions/arm_humble) by extension 'ros'
[0.091s] DEBUG:colcon.colcon_core.package_identification:Package 'src/kratos_inductions/arm_humble' with type 'ros.ament_cmake' and name 'arm_humble'
[0.091s] Level 1:colcon.colcon_core.package_identification:_identify(src/kratos_vishvesh) by extensions ['ignore', 'ignore_ament_install']
[0.091s] Level 1:colcon.colcon_core.package_identification:_identify(src/kratos_vishvesh) by extension 'ignore'
[0.091s] Level 1:colcon.colcon_core.package_identification:_identify(src/kratos_vishvesh) by extension 'ignore_ament_install'
[0.091s] Level 1:colcon.colcon_core.package_identification:_identify(src/kratos_vishvesh) by extensions ['colcon_pkg']
[0.091s] Level 1:colcon.colcon_core.package_identification:_identify(src/kratos_vishvesh) by extension 'colcon_pkg'
[0.091s] Level 1:colcon.colcon_core.package_identification:_identify(src/kratos_vishvesh) by extensions ['colcon_meta']
[0.091s] Level 1:colcon.colcon_core.package_identification:_identify(src/kratos_vishvesh) by extension 'colcon_meta'
[0.091s] Level 1:colcon.colcon_core.package_identification:_identify(src/kratos_vishvesh) by extensions ['ros']
[0.091s] Level 1:colcon.colcon_core.package_identification:_identify(src/kratos_vishvesh) by extension 'ros'
[0.091s] DEBUG:colcon.colcon_core.package_identification:Package 'src/kratos_vishvesh' with type 'ros.ament_cmake' and name 'kratos_vishvesh'
[0.091s] Level 1:colcon.colcon_core.package_identification:_identify(src/kratos_vishvesh_q2) by extensions ['ignore', 'ignore_ament_install']
[0.091s] Level 1:colcon.colcon_core.package_identification:_identify(src/kratos_vishvesh_q2) by extension 'ignore'
[0.091s] Level 1:colcon.colcon_core.package_identification:_identify(src/kratos_vishvesh_q2) by extension 'ignore_ament_install'
[0.091s] Level 1:colcon.colcon_core.package_identification:_identify(src/kratos_vishvesh_q2) by extensions ['colcon_pkg']
[0.091s] Level 1:colcon.colcon_core.package_identification:_identify(src/kratos_vishvesh_q2) by extension 'colcon_pkg'
[0.091s] Level 1:colcon.colcon_core.package_identification:_identify(src/kratos_vishvesh_q2) by extensions ['colcon_meta']
[0.091s] Level 1:colcon.colcon_core.package_identification:_identify(src/kratos_vishvesh_q2) by extension 'colcon_meta'
[0.091s] Level 1:colcon.colcon_core.package_identification:_identify(src/kratos_vishvesh_q2) by extensions ['ros']
[0.091s] Level 1:colcon.colcon_core.package_identification:_identify(src/kratos_vishvesh_q2) by extension 'ros'
[0.092s] DEBUG:colcon.colcon_core.package_identification:Package 'src/kratos_vishvesh_q2' with type 'ros.ament_cmake' and name 'kratos_vishvesh_q2'
[0.092s] Level 1:colcon.colcon_core.package_identification:_identify(src/kratos_vishvesh_q2_msgs) by extensions ['ignore', 'ignore_ament_install']
[0.092s] Level 1:colcon.colcon_core.package_identification:_identify(src/kratos_vishvesh_q2_msgs) by extension 'ignore'
[0.092s] Level 1:colcon.colcon_core.package_identification:_identify(src/kratos_vishvesh_q2_msgs) by extension 'ignore_ament_install'
[0.092s] Level 1:colcon.colcon_core.package_identification:_identify(src/kratos_vishvesh_q2_msgs) by extensions ['colcon_pkg']
[0.092s] Level 1:colcon.colcon_core.package_identification:_identify(src/kratos_vishvesh_q2_msgs) by extension 'colcon_pkg'
[0.092s] Level 1:colcon.colcon_core.package_identification:_identify(src/kratos_vishvesh_q2_msgs) by extensions ['colcon_meta']
[0.092s] Level 1:colcon.colcon_core.package_identification:_identify(src/kratos_vishvesh_q2_msgs) by extension 'colcon_meta'
[0.092s] Level 1:colcon.colcon_core.package_identification:_identify(src/kratos_vishvesh_q2_msgs) by extensions ['ros']
[0.092s] Level 1:colcon.colcon_core.package_identification:_identify(src/kratos_vishvesh_q2_msgs) by extension 'ros'
[0.092s] DEBUG:colcon.colcon_core.package_identification:Package 'src/kratos_vishvesh_q2_msgs' with type 'ros.ament_cmake' and name 'kratos_vishvesh_q2_msgs'
[0.092s] Level 1:colcon.colcon_core.package_identification:_identify(src/log) by extensions ['ignore', 'ignore_ament_install']
[0.092s] Level 1:colcon.colcon_core.package_identification:_identify(src/log) by extension 'ignore'
[0.092s] Level 1:colcon.colcon_core.package_identification:_identify(src/log) ignored
[0.092s] Level 1:colcon.colcon_core.package_discovery:discover_packages(recursive) using defaults
[0.092s] Level 1:colcon.colcon_core.package_discovery:discover_packages(ignore) discover
[0.092s] Level 1:colcon.colcon_core.package_discovery:discover_packages(ignore) using defaults
[0.092s] Level 1:colcon.colcon_core.package_discovery:discover_packages(path) discover
[0.092s] Level 1:colcon.colcon_core.package_discovery:discover_packages(path) using defaults
[0.105s] INFO:colcon.colcon_core.package_selection:Skipping not selected package 'Practice' in 'src/Practice'
[0.105s] INFO:colcon.colcon_core.package_selection:Skipping not selected package 'kratos_vishvesh' in 'src/kratos_vishvesh'
[0.105s] INFO:colcon.colcon_core.package_selection:Skipping not selected package 'kratos_vishvesh_q2_msgs' in 'src/kratos_vishvesh_q2_msgs'
[0.105s] INFO:colcon.colcon_core.package_selection:Skipping not selected package 'kratos_vishvesh_q2' in 'src/kratos_vishvesh_q2'
[0.106s] Level 1:colcon.colcon_core.package_discovery:discover_packages(prefix_path) check parameters
[0.106s] Level 1:colcon.colcon_core.package_discovery:discover_packages(prefix_path) discover
[0.107s] DEBUG:colcon.colcon_installed_package_information.package_discovery:Found 12 installed packages in /home/vishvesh/ros2_ws/install
[0.107s] DEBUG:colcon.colcon_installed_package_information.package_discovery:Found 306 installed packages in /opt/ros/humble
[0.108s] Level 1:colcon.colcon_core.package_discovery:discover_packages(prefix_path) using defaults
[0.130s] Level 5:colcon.colcon_core.verb:set package 'arm_humble' build argument 'cmake_args' from command line to 'None'
[0.130s] Level 5:colcon.colcon_core.verb:set package 'arm_humble' build argument 'cmake_target' from command line to 'None'
[0.130s] Level 5:colcon.colcon_core.verb:set package 'arm_humble' build argument 'cmake_target_skip_unavailable' from command line to 'False'
[0.130s] Level 5:colcon.colcon_core.verb:set package 'arm_humble' build argument 'cmake_clean_cache' from command line to 'False'
[0.130s] Level 5:colcon.colcon_core.verb:set package 'arm_humble' build argument 'cmake_clean_first' from command line to 'False'
[0.130s] Level 5:colcon.colcon_core.verb:set package 'arm_humble' build argument 'cmake_force_configure' from command line to 'False'
[0.130s] Level 5:colcon.colcon_core.verb:set package 'arm_humble' build argument 'ament_cmake_args' from command line to 'None'
[0.130s] Level 5:colcon.colcon_core.verb:set package 'arm_humble' build argument 'catkin_cmake_args' from command line to 'None'
[0.130s] Level 5:colcon.colcon_core.verb:set package 'arm_humble' build argument 'catkin_skip_building_tests' from command line to 'False'
[0.130s] DEBUG:colcon.colcon_core.verb:Building package 'arm_humble' with the following arguments: {'ament_cmake_args': None, 'build_base': '/home/vishvesh/ros2_ws/build/arm_humble', 'catkin_cmake_args': None, 'catkin_skip_building_tests': False, 'cmake_args': None, 'cmake_clean_cache': False, 'cmake_clean_first': False, 'cmake_force_configure': False, 'cmake_target': None, 'cmake_target_skip_unavailable': False, 'install_base': '/home/vishvesh/ros2_ws/install/arm_humble', 'merge_install': False, 'path': '/home/vishvesh/ros2_ws/src/kratos_inductions/arm_humble', 'symlink_install': False, 'test_result_base': None}
[0.130s] INFO:colcon.colcon_core.executor:Executing jobs using 'parallel' executor
[0.131s] DEBUG:colcon.colcon_parallel_executor.executor.parallel:run_until_complete
[0.131s] INFO:colcon.colcon_ros.task.ament_cmake.build:Building ROS package in '/home/vishvesh/ros2_ws/src/kratos_inductions/arm_humble' with build type 'ament_cmake'
[0.131s] INFO:colcon.colcon_cmake.task.cmake.build:Building CMake package in '/home/vishvesh/ros2_ws/src/kratos_inductions/arm_humble'
[0.132s] INFO:colcon.colcon_core.plugin_system:Skipping extension 'colcon_core.shell.bat': Not used on non-Windows systems
[0.132s] INFO:colcon.colcon_core.shell:Skip shell extension 'powershell' for command environment: Not usable outside of PowerShell
[0.132s] DEBUG:colcon.colcon_core.shell:Skip shell extension 'dsv' for command environment
[0.138s] DEBUG:colcon.colcon_core.event_handler.log_command:Invoking command in '/home/vishvesh/ros2_ws/build/arm_humble': CMAKE_PREFIX_PATH=${CMAKE_PREFIX_PATH}:/home/vishvesh/ros2_ws/install/turtle_controller:/home/vishvesh/ros2_ws/install/gs_simulation_interfaces:/home/vishvesh/ros2_ws/install/gs_ros:/home/vishvesh/ros2_ws/install/Practice:/opt/ros/humble /usr/bin/cmake --build /home/vishvesh/ros2_ws/build/arm_humble -- -j16 -l16
[0.167s] DEBUG:colcon.colcon_core.event_handler.log_command:Invoked command in '/home/vishvesh/ros2_ws/build/arm_humble' returned '0': CMAKE_PREFIX_PATH=${CMAKE_PREFIX_PATH}:/home/vishvesh/ros2_ws/install/turtle_controller:/home/vishvesh/ros2_ws/install/gs_simulation_interfaces:/home/vishvesh/ros2_ws/install/gs_ros:/home/vishvesh/ros2_ws/install/Practice:/opt/ros/humble /usr/bin/cmake --build /home/vishvesh/ros2_ws/build/arm_humble -- -j16 -l16
[0.173s] DEBUG:colcon.colcon_core.event_handler.log_command:Invoking command in '/home/vishvesh/ros2_ws/build/arm_humble': CMAKE_PREFIX_PATH=${CMAKE_PREFIX_PATH}:/home/vishvesh/ros2_ws/install/turtle_controller:/home/vishvesh/ros2_ws/install/gs_simulation_interfaces:/home/vishvesh/ros2_ws/install/gs_ros:/home/vishvesh/ros2_ws/install/Practice:/opt/ros/humble /usr/bin/cmake --install /home/vishvesh/ros2_ws/build/arm_humble
[0.188s] Level 1:colcon.colcon_core.environment:create_environment_scripts_only(arm_humble)
[0.189s] DEBUG:colcon.colcon_core.event_handler.log_command:Invoked command in '/home/vishvesh/ros2_ws/build/arm_humble' returned '0': CMAKE_PREFIX_PATH=${CMAKE_PREFIX_PATH}:/home/vishvesh/ros2_ws/install/turtle_controller:/home/vishvesh/ros2_ws/install/gs_simulation_interfaces:/home/vishvesh/ros2_ws/install/gs_ros:/home/vishvesh/ros2_ws/install/Practice:/opt/ros/humble /usr/bin/cmake --install /home/vishvesh/ros2_ws/build/arm_humble
[0.191s] Level 1:colcon.colcon_core.environment:checking '/home/vishvesh/ros2_ws/install/arm_humble' for CMake module files
[0.191s] Level 1:colcon.colcon_core.environment:checking '/home/vishvesh/ros2_ws/install/arm_humble' for CMake config files
[0.192s] Level 1:colcon.colcon_core.shell:create_environment_hook('arm_humble', 'cmake_prefix_path')
[0.192s] INFO:colcon.colcon_core.shell:Creating environment hook '/home/vishvesh/ros2_ws/install/arm_humble/share/arm_humble/hook/cmake_prefix_path.ps1'
[0.192s] INFO:colcon.colcon_core.shell:Creating environment descriptor '/home/vishvesh/ros2_ws/install/arm_humble/share/arm_humble/hook/cmake_prefix_path.dsv'
[0.193s] INFO:colcon.colcon_core.shell:Creating environment hook '/home/vishvesh/ros2_ws/install/arm_humble/share/arm_humble/hook/cmake_prefix_path.sh'
[0.194s] Level 1:colcon.colcon_core.environment:checking '/home/vishvesh/ros2_ws/install/arm_humble/lib'
[0.194s] Level 1:colcon.colcon_core.environment:checking '/home/vishvesh/ros2_ws/install/arm_humble/bin'
[0.194s] Level 1:colcon.colcon_core.environment:checking '/home/vishvesh/ros2_ws/install/arm_humble/lib/pkgconfig/arm_humble.pc'
[0.194s] Level 1:colcon.colcon_core.environment:checking '/home/vishvesh/ros2_ws/install/arm_humble/lib/python3.10/site-packages'
[0.195s] Level 1:colcon.colcon_core.environment:checking '/home/vishvesh/ros2_ws/install/arm_humble/bin'
[0.195s] INFO:colcon.colcon_core.shell:Creating package script '/home/vishvesh/ros2_ws/install/arm_humble/share/arm_humble/package.ps1'
[0.196s] INFO:colcon.colcon_core.shell:Creating package descriptor '/home/vishvesh/ros2_ws/install/arm_humble/share/arm_humble/package.dsv'
[0.196s] INFO:colcon.colcon_core.shell:Creating package script '/home/vishvesh/ros2_ws/install/arm_humble/share/arm_humble/package.sh'
[0.196s] INFO:colcon.colcon_core.shell:Creating package script '/home/vishvesh/ros2_ws/install/arm_humble/share/arm_humble/package.bash'
[0.197s] INFO:colcon.colcon_core.shell:Creating package script '/home/vishvesh/ros2_ws/install/arm_humble/share/arm_humble/package.zsh'
[0.197s] Level 1:colcon.colcon_core.environment:create_file_with_runtime_dependencies(/home/vishvesh/ros2_ws/install/arm_humble/share/colcon-core/packages/arm_humble)
[0.198s] Level 1:colcon.colcon_core.environment:create_environment_scripts_only(arm_humble)
[0.198s] Level 1:colcon.colcon_core.environment:checking '/home/vishvesh/ros2_ws/install/arm_humble' for CMake module files
[0.198s] Level 1:colcon.colcon_core.environment:checking '/home/vishvesh/ros2_ws/install/arm_humble' for CMake config files
[0.198s] Level 1:colcon.colcon_core.shell:create_environment_hook('arm_humble', 'cmake_prefix_path')
[0.198s] INFO:colcon.colcon_core.shell:Creating environment hook '/home/vishvesh/ros2_ws/install/arm_humble/share/arm_humble/hook/cmake_prefix_path.ps1'
[0.198s] INFO:colcon.colcon_core.shell:Creating environment descriptor '/home/vishvesh/ros2_ws/install/arm_humble/share/arm_humble/hook/cmake_prefix_path.dsv'
[0.199s] INFO:colcon.colcon_core.shell:Creating environment hook '/home/vishvesh/ros2_ws/install/arm_humble/share/arm_humble/hook/cmake_prefix_path.sh'
[0.199s] Level 1:colcon.colcon_core.environment:checking '/home/vishvesh/ros2_ws/install/arm_humble/lib'
[0.199s] Level 1:colcon.colcon_core.environment:checking '/home/vishvesh/ros2_ws/install/arm_humble/bin'
[0.199s] Level 1:colcon.colcon_core.environment:checking '/home/vishvesh/ros2_ws/install/arm_humble/lib/pkgconfig/arm_humble.pc'
[0.199s] Level 1:colcon.colcon_core.environment:checking '/home/vishvesh/ros2_ws/install/arm_humble/lib/python3.10/site-packages'
[0.199s] Level 1:colcon.colcon_core.environment:checking '/home/vishvesh/ros2_ws/install/arm_humble/bin'
[0.200s] INFO:colcon.colcon_core.shell:Creating package script '/home/vishvesh/ros2_ws/install/arm_humble/share/arm_humble/package.ps1'
[0.200s] INFO:colcon.colcon_core.shell:Creating package descriptor '/home/vishvesh/ros2_ws/install/arm_humble/share/arm_humble/package.dsv'
[0.200s] INFO:colcon.colcon_core.shell:Creating package script '/home/vishvesh/ros2_ws/install/arm_humble/share/arm_humble/package.sh'
[0.200s] INFO:colcon.colcon_core.shell:Creating package script '/home/vishvesh/ros2_ws/install/arm_humble/share/arm_humble/package.bash'
[0.201s] INFO:colcon.colcon_core.shell:Creating package script '/home/vishvesh/ros2_ws/install/arm_humble/share/arm_humble/package.zsh'
[0.201s] Level 1:colcon.colcon_core.environment:create_file_with_runtime_dependencies(/home/vishvesh/ros2_ws/install/arm_humble/share/colcon-core/packages/arm_humble)
[0.201s] DEBUG:colcon.colcon_parallel_executor.executor.parallel:closing loop
[0.201s] DEBUG:colcon.colcon_parallel_executor.executor.parallel:loop closed
[0.201s] DEBUG:colcon.colcon_parallel_executor.executor.parallel:run_until_complete finished with '0'
[0.201s] DEBUG:colcon.colcon_core.event_reactor:joining thread
[0.207s] INFO:colcon.colcon_core.plugin_system:Skipping extension 'colcon_notification.desktop_notification.terminal_notifier': Not used on non-Darwin systems
[0.207s] INFO:colcon.colcon_core.plugin_system:Skipping extension 'colcon_notification.desktop_notification.win32': Not used on non-Windows systems
[0.207s] INFO:colcon.colcon_notification.desktop_notification:Sending desktop notification using 'notify2'
[0.219s] DEBUG:colcon.colcon_core.event_reactor:joined thread
[0.220s] INFO:colcon.colcon_core.shell:Creating prefix script '/home/vishvesh/ros2_ws/install/local_setup.ps1'
[0.221s] INFO:colcon.colcon_core.shell:Creating prefix util module '/home/vishvesh/ros2_ws/install/_local_setup_util_ps1.py'
[0.222s] INFO:colcon.colcon_core.shell:Creating prefix chain script '/home/vishvesh/ros2_ws/install/setup.ps1'
[0.224s] INFO:colcon.colcon_core.shell:Creating prefix script '/home/vishvesh/ros2_ws/install/local_setup.sh'
[0.225s] INFO:colcon.colcon_core.shell:Creating prefix util module '/home/vishvesh/ros2_ws/install/_local_setup_util_sh.py'
[0.225s] INFO:colcon.colcon_core.shell:Creating prefix chain script '/home/vishvesh/ros2_ws/install/setup.sh'
[0.226s] INFO:colcon.colcon_core.shell:Creating prefix script '/home/vishvesh/ros2_ws/install/local_setup.bash'
[0.227s] INFO:colcon.colcon_core.shell:Creating prefix chain script '/home/vishvesh/ros2_ws/install/setup.bash'
[0.228s] INFO:colcon.colcon_core.shell:Creating prefix script '/home/vishvesh/ros2_ws/install/local_setup.zsh'
[0.229s] INFO:colcon.colcon_core.shell:Creating prefix chain script '/home/vishvesh/ros2_ws/install/setup.zsh'
