[0.956s] Invoking command in '/home/vishvesh/ros2_ws/src/practice': PYTHONPATH=/home/vishvesh/ros2_ws/src/build/Practice/prefix_override:/usr/lib/python3/dist-packages/colcon_core/task/python/colcon_distutils_commands:/home/vishvesh/ros2_ws/src/install/Practice/lib/python3.10/site-packages:${PYTHONPATH} /usr/bin/python3 -W ignore:setup.py install is deprecated -W ignore:easy_install command is deprecated setup.py egg_info --egg-base ../build/Practice build --build-base /home/vishvesh/ros2_ws/src/build/Practice/build install --record /home/vishvesh/ros2_ws/src/build/Practice/install.log --single-version-externally-managed install_data
[1.158s] running egg_info
[1.167s] writing ../build/Practice/Practice.egg-info/PKG-INFO
[1.168s] writing dependency_links to ../build/Practice/Practice.egg-info/dependency_links.txt
[1.168s] writing entry points to ../build/Practice/Practice.egg-info/entry_points.txt
[1.168s] writing requirements to ../build/Practice/Practice.egg-info/requires.txt
[1.169s] writing top-level names to ../build/Practice/Practice.egg-info/top_level.txt
[1.190s] reading manifest file '../build/Practice/Practice.egg-info/SOURCES.txt'
[1.191s] writing manifest file '../build/Practice/Practice.egg-info/SOURCES.txt'
[1.191s] running build
[1.191s] running build_py
[1.191s] copying Practice/pose_subscriber.py -> /home/vishvesh/ros2_ws/src/build/Practice/build/lib/Practice
[1.192s] copying Practice/draw_circle.py -> /home/vishvesh/ros2_ws/src/build/Practice/build/lib/Practice
[1.192s] copying Practice/my_first_node.py -> /home/vishvesh/ros2_ws/src/build/Practice/build/lib/Practice
[1.192s] copying Practice/__init__.py -> /home/vishvesh/ros2_ws/src/build/Practice/build/lib/Practice
[1.192s] running install
[1.196s] running install_lib
[1.207s] running install_data
[1.207s] copying resource/Practice -> /home/vishvesh/ros2_ws/src/install/Practice/share/ament_index/resource_index/packages
[1.208s] copying package.xml -> /home/vishvesh/ros2_ws/src/install/Practice/share/Practice
[1.208s] running install_egg_info
[1.220s] removing '/home/vishvesh/ros2_ws/src/install/Practice/lib/python3.10/site-packages/Practice-0.0.0-py3.10.egg-info' (and everything under it)
[1.220s] Copying ../build/Practice/Practice.egg-info to /home/vishvesh/ros2_ws/src/install/Practice/lib/python3.10/site-packages/Practice-0.0.0-py3.10.egg-info
[1.221s] running install_scripts
[1.297s] Installing draw_circle_node script to /home/vishvesh/ros2_ws/src/install/Practice/lib/Practice
[1.297s] Installing name_to_run script to /home/vishvesh/ros2_ws/src/install/Practice/lib/Practice
[1.297s] Installing pose_node script to /home/vishvesh/ros2_ws/src/install/Practice/lib/Practice
[1.297s] writing list of installed files to '/home/vishvesh/ros2_ws/src/build/Practice/install.log'
[1.375s] Invoked command in '/home/vishvesh/ros2_ws/src/practice' returned '0': PYTHONPATH=/home/vishvesh/ros2_ws/src/build/Practice/prefix_override:/usr/lib/python3/dist-packages/colcon_core/task/python/colcon_distutils_commands:/home/vishvesh/ros2_ws/src/install/Practice/lib/python3.10/site-packages:${PYTHONPATH} /usr/bin/python3 -W ignore:setup.py install is deprecated -W ignore:easy_install command is deprecated setup.py egg_info --egg-base ../build/Practice build --build-base /home/vishvesh/ros2_ws/src/build/Practice/build install --record /home/vishvesh/ros2_ws/src/build/Practice/install.log --single-version-externally-managed install_data
