[0.798s] Invoking command in '/home/vishvesh/ros2_ws/build/turtle_controller': PYTHONPATH=/home/vishvesh/ros2_ws/build/turtle_controller/prefix_override:/usr/lib/python3/dist-packages/colcon_core/task/python/colcon_distutils_commands:/home/vishvesh/ros2_ws/install/turtle_controller/lib/python3.10/site-packages:${PYTHONPATH} /usr/bin/python3 -W ignore:setup.py install is deprecated -W ignore:easy_install command is deprecated setup.py develop --uninstall --editable --build-directory /home/vishvesh/ros2_ws/build/turtle_controller/build
[0.985s] running develop
[1.087s] Removing /home/vishvesh/ros2_ws/install/turtle_controller/lib/python3.10/site-packages/turtle-controller.egg-link (link to .)
[1.114s] Invoked command in '/home/vishvesh/ros2_ws/build/turtle_controller' returned '0': PYTHONPATH=/home/vishvesh/ros2_ws/build/turtle_controller/prefix_override:/usr/lib/python3/dist-packages/colcon_core/task/python/colcon_distutils_commands:/home/vishvesh/ros2_ws/install/turtle_controller/lib/python3.10/site-packages:${PYTHONPATH} /usr/bin/python3 -W ignore:setup.py install is deprecated -W ignore:easy_install command is deprecated setup.py develop --uninstall --editable --build-directory /home/vishvesh/ros2_ws/build/turtle_controller/build
[1.114s] Invoking command in '/home/vishvesh/ros2_ws/src/turtle_controller': PYTHONPATH=/home/vishvesh/ros2_ws/build/turtle_controller/prefix_override:/usr/lib/python3/dist-packages/colcon_core/task/python/colcon_distutils_commands:/home/vishvesh/ros2_ws/install/turtle_controller/lib/python3.10/site-packages:${PYTHONPATH} /usr/bin/python3 -W ignore:setup.py install is deprecated -W ignore:easy_install command is deprecated setup.py egg_info --egg-base ../../build/turtle_controller build --build-base /home/vishvesh/ros2_ws/build/turtle_controller/build install --record /home/vishvesh/ros2_ws/build/turtle_controller/install.log --single-version-externally-managed install_data --force
[1.263s] running egg_info
[1.271s] writing ../../build/turtle_controller/turtle_controller.egg-info/PKG-INFO
[1.271s] writing dependency_links to ../../build/turtle_controller/turtle_controller.egg-info/dependency_links.txt
[1.271s] writing entry points to ../../build/turtle_controller/turtle_controller.egg-info/entry_points.txt
[1.271s] writing requirements to ../../build/turtle_controller/turtle_controller.egg-info/requires.txt
[1.272s] writing top-level names to ../../build/turtle_controller/turtle_controller.egg-info/top_level.txt
[1.289s] reading manifest file '../../build/turtle_controller/turtle_controller.egg-info/SOURCES.txt'
[1.290s] writing manifest file '../../build/turtle_controller/turtle_controller.egg-info/SOURCES.txt'
[1.290s] running build
[1.290s] running build_py
[1.290s] creating /home/vishvesh/ros2_ws/build/turtle_controller/build/lib/turtle_controller
[1.290s] copying turtle_controller/circle_publisher.py -> /home/vishvesh/ros2_ws/build/turtle_controller/build/lib/turtle_controller
[1.290s] copying turtle_controller/__init__.py -> /home/vishvesh/ros2_ws/build/turtle_controller/build/lib/turtle_controller
[1.290s] running install
[1.293s] running install_lib
[1.302s] creating /home/vishvesh/ros2_ws/install/turtle_controller/lib/python3.10/site-packages/turtle_controller
[1.302s] copying /home/vishvesh/ros2_ws/build/turtle_controller/build/lib/turtle_controller/circle_publisher.py -> /home/vishvesh/ros2_ws/install/turtle_controller/lib/python3.10/site-packages/turtle_controller
[1.302s] copying /home/vishvesh/ros2_ws/build/turtle_controller/build/lib/turtle_controller/__init__.py -> /home/vishvesh/ros2_ws/install/turtle_controller/lib/python3.10/site-packages/turtle_controller
[1.303s] byte-compiling /home/vishvesh/ros2_ws/install/turtle_controller/lib/python3.10/site-packages/turtle_controller/circle_publisher.py to circle_publisher.cpython-310.pyc
[1.303s] byte-compiling /home/vishvesh/ros2_ws/install/turtle_controller/lib/python3.10/site-packages/turtle_controller/__init__.py to __init__.cpython-310.pyc
[1.303s] running install_data
[1.303s] copying resource/turtle_controller -> /home/vishvesh/ros2_ws/install/turtle_controller/share/ament_index/resource_index/packages
[1.303s] copying package.xml -> /home/vishvesh/ros2_ws/install/turtle_controller/share/turtle_controller
[1.303s] running install_egg_info
[1.312s] Copying ../../build/turtle_controller/turtle_controller.egg-info to /home/vishvesh/ros2_ws/install/turtle_controller/lib/python3.10/site-packages/turtle_controller-0.0.0-py3.10.egg-info
[1.313s] running install_scripts
[1.375s] Installing circle_publisher script to /home/vishvesh/ros2_ws/install/turtle_controller/lib/turtle_controller
[1.375s] writing list of installed files to '/home/vishvesh/ros2_ws/build/turtle_controller/install.log'
[1.400s] Invoked command in '/home/vishvesh/ros2_ws/src/turtle_controller' returned '0': PYTHONPATH=/home/vishvesh/ros2_ws/build/turtle_controller/prefix_override:/usr/lib/python3/dist-packages/colcon_core/task/python/colcon_distutils_commands:/home/vishvesh/ros2_ws/install/turtle_controller/lib/python3.10/site-packages:${PYTHONPATH} /usr/bin/python3 -W ignore:setup.py install is deprecated -W ignore:easy_install command is deprecated setup.py egg_info --egg-base ../../build/turtle_controller build --build-base /home/vishvesh/ros2_ws/build/turtle_controller/build install --record /home/vishvesh/ros2_ws/build/turtle_controller/install.log --single-version-externally-managed install_data --force
