[  3%] Built target kratos_vishvesh_q2_msgs__cpp
[ 12%] Built target kratos_vishvesh_q2_msgs__rosidl_generator_c
[ 15%] Built target kratos_vishvesh_q2_msgs__rs
[ 15%] Built target ament_cmake_python_symlink_kratos_vishvesh_q2_msgs
[ 25%] Built target kratos_vishvesh_q2_msgs__rosidl_typesupport_fastrtps_cpp
[ 34%] Built target kratos_vishvesh_q2_msgs__rosidl_typesupport_fastrtps_c
[ 53%] Built target kratos_vishvesh_q2_msgs__rosidl_typesupport_introspection_c
[ 53%] Built target kratos_vishvesh_q2_msgs__rosidl_typesupport_c
[ 62%] Built target kratos_vishvesh_q2_msgs__rosidl_typesupport_cpp
[ 71%] Built target kratos_vishvesh_q2_msgs__rosidl_typesupport_introspection_cpp
[ 71%] Built target kratos_vishvesh_q2_msgs
[ 75%] Built target kratos_vishvesh_q2_msgs__py
[ 81%] Built target kratos_vishvesh_q2_msgs__rosidl_generator_py
[ 87%] Built target kratos_vishvesh_q2_msgs__rosidl_typesupport_c__pyext
[ 93%] Built target kratos_vishvesh_q2_msgs__rosidl_typesupport_fastrtps_c__pyext
[100%] Built target kratos_vishvesh_q2_msgs__rosidl_typesupport_introspection_c__pyext
running egg_info
writing kratos_vishvesh_q2_msgs.egg-info/PKG-INFO
writing dependency_links to kratos_vishvesh_q2_msgs.egg-info/dependency_links.txt
writing top-level names to kratos_vishvesh_q2_msgs.egg-info/top_level.txt
reading manifest file 'kratos_vishvesh_q2_msgs.egg-info/SOURCES.txt'
writing manifest file 'kratos_vishvesh_q2_msgs.egg-info/SOURCES.txt'
[100%] Built target ament_cmake_python_build_kratos_vishvesh_q2_msgs_egg
-- Install configuration: ""
-- Execute custom install script
-- Up-to-date symlink: /home/vishvesh/ros2_ws/install/kratos_vishvesh_q2_msgs/share/ament_index/resource_index/rosidl_interfaces/kratos_vishvesh_q2_msgs
-- Up-to-date symlink: /home/vishvesh/ros2_ws/install/kratos_vishvesh_q2_msgs/include/kratos_vishvesh_q2_msgs/kratos_vishvesh_q2_msgs/msg/detail/rover_status__functions.h
-- Up-to-date symlink: /home/vishvesh/ros2_ws/install/kratos_vishvesh_q2_msgs/include/kratos_vishvesh_q2_msgs/kratos_vishvesh_q2_msgs/msg/detail/rover_status__struct.h
-- Up-to-date symlink: /home/vishvesh/ros2_ws/install/kratos_vishvesh_q2_msgs/include/kratos_vishvesh_q2_msgs/kratos_vishvesh_q2_msgs/msg/detail/rover_status__type_support.h
-- Up-to-date symlink: /home/vishvesh/ros2_ws/install/kratos_vishvesh_q2_msgs/include/kratos_vishvesh_q2_msgs/kratos_vishvesh_q2_msgs/msg/rosidl_generator_c__visibility_control.h
-- Up-to-date symlink: /home/vishvesh/ros2_ws/install/kratos_vishvesh_q2_msgs/include/kratos_vishvesh_q2_msgs/kratos_vishvesh_q2_msgs/msg/rover_status.h
-- Up-to-date symlink: /home/vishvesh/ros2_ws/install/kratos_vishvesh_q2_msgs/share/kratos_vishvesh_q2_msgs/environment/library_path.sh
-- Up-to-date symlink: /home/vishvesh/ros2_ws/install/kratos_vishvesh_q2_msgs/share/kratos_vishvesh_q2_msgs/environment/library_path.dsv
-- Up-to-date symlink: /home/vishvesh/ros2_ws/install/kratos_vishvesh_q2_msgs/include/kratos_vishvesh_q2_msgs/kratos_vishvesh_q2_msgs/msg/detail/rover_status__rosidl_typesupport_fastrtps_c.h
-- Up-to-date symlink: /home/vishvesh/ros2_ws/install/kratos_vishvesh_q2_msgs/include/kratos_vishvesh_q2_msgs/kratos_vishvesh_q2_msgs/msg/rosidl_typesupport_fastrtps_c__visibility_control.h
-- Up-to-date symlink: /home/vishvesh/ros2_ws/install/kratos_vishvesh_q2_msgs/include/kratos_vishvesh_q2_msgs/kratos_vishvesh_q2_msgs/msg/detail/rover_status__rosidl_typesupport_introspection_c.h
-- Up-to-date symlink: /home/vishvesh/ros2_ws/install/kratos_vishvesh_q2_msgs/include/kratos_vishvesh_q2_msgs/kratos_vishvesh_q2_msgs/msg/rosidl_typesupport_introspection_c__visibility_control.h
-- Up-to-date symlink: /home/vishvesh/ros2_ws/install/kratos_vishvesh_q2_msgs/include/kratos_vishvesh_q2_msgs/kratos_vishvesh_q2_msgs/msg/detail/rover_status__builder.hpp
-- Up-to-date symlink: /home/vishvesh/ros2_ws/install/kratos_vishvesh_q2_msgs/include/kratos_vishvesh_q2_msgs/kratos_vishvesh_q2_msgs/msg/detail/rover_status__struct.hpp
-- Up-to-date symlink: /home/vishvesh/ros2_ws/install/kratos_vishvesh_q2_msgs/include/kratos_vishvesh_q2_msgs/kratos_vishvesh_q2_msgs/msg/detail/rover_status__traits.hpp
-- Up-to-date symlink: /home/vishvesh/ros2_ws/install/kratos_vishvesh_q2_msgs/include/kratos_vishvesh_q2_msgs/kratos_vishvesh_q2_msgs/msg/detail/rover_status__type_support.hpp
-- Up-to-date symlink: /home/vishvesh/ros2_ws/install/kratos_vishvesh_q2_msgs/include/kratos_vishvesh_q2_msgs/kratos_vishvesh_q2_msgs/msg/rosidl_generator_cpp__visibility_control.hpp
-- Up-to-date symlink: /home/vishvesh/ros2_ws/install/kratos_vishvesh_q2_msgs/include/kratos_vishvesh_q2_msgs/kratos_vishvesh_q2_msgs/msg/rover_status.hpp
-- Up-to-date symlink: /home/vishvesh/ros2_ws/install/kratos_vishvesh_q2_msgs/include/kratos_vishvesh_q2_msgs/kratos_vishvesh_q2_msgs/msg/detail/rover_status__rosidl_typesupport_fastrtps_cpp.hpp
-- Up-to-date symlink: /home/vishvesh/ros2_ws/install/kratos_vishvesh_q2_msgs/include/kratos_vishvesh_q2_msgs/kratos_vishvesh_q2_msgs/msg/rosidl_typesupport_fastrtps_cpp__visibility_control.h
-- Up-to-date symlink: /home/vishvesh/ros2_ws/install/kratos_vishvesh_q2_msgs/include/kratos_vishvesh_q2_msgs/kratos_vishvesh_q2_msgs/msg/detail/rover_status__rosidl_typesupport_introspection_cpp.hpp
-- Up-to-date symlink: /home/vishvesh/ros2_ws/install/kratos_vishvesh_q2_msgs/share/kratos_vishvesh_q2_msgs/environment/pythonpath.sh
-- Up-to-date symlink: /home/vishvesh/ros2_ws/install/kratos_vishvesh_q2_msgs/share/kratos_vishvesh_q2_msgs/environment/pythonpath.dsv
-- Up-to-date symlink: /home/vishvesh/ros2_ws/install/kratos_vishvesh_q2_msgs/local/lib/python3.10/dist-packages/kratos_vishvesh_q2_msgs-0.0.0-py3.10.egg-info/PKG-INFO
-- Up-to-date symlink: /home/vishvesh/ros2_ws/install/kratos_vishvesh_q2_msgs/local/lib/python3.10/dist-packages/kratos_vishvesh_q2_msgs-0.0.0-py3.10.egg-info/SOURCES.txt
-- Up-to-date symlink: /home/vishvesh/ros2_ws/install/kratos_vishvesh_q2_msgs/local/lib/python3.10/dist-packages/kratos_vishvesh_q2_msgs-0.0.0-py3.10.egg-info/dependency_links.txt
-- Up-to-date symlink: /home/vishvesh/ros2_ws/install/kratos_vishvesh_q2_msgs/local/lib/python3.10/dist-packages/kratos_vishvesh_q2_msgs-0.0.0-py3.10.egg-info/top_level.txt
-- Up-to-date symlink: /home/vishvesh/ros2_ws/install/kratos_vishvesh_q2_msgs/local/lib/python3.10/dist-packages/kratos_vishvesh_q2_msgs/__init__.py
-- Up-to-date symlink: /home/vishvesh/ros2_ws/install/kratos_vishvesh_q2_msgs/local/lib/python3.10/dist-packages/kratos_vishvesh_q2_msgs/_kratos_vishvesh_q2_msgs_s.ep.rosidl_typesupport_c.c
-- Up-to-date symlink: /home/vishvesh/ros2_ws/install/kratos_vishvesh_q2_msgs/local/lib/python3.10/dist-packages/kratos_vishvesh_q2_msgs/_kratos_vishvesh_q2_msgs_s.ep.rosidl_typesupport_fastrtps_c.c
-- Up-to-date symlink: /home/vishvesh/ros2_ws/install/kratos_vishvesh_q2_msgs/local/lib/python3.10/dist-packages/kratos_vishvesh_q2_msgs/_kratos_vishvesh_q2_msgs_s.ep.rosidl_typesupport_introspection_c.c
-- Up-to-date symlink: /home/vishvesh/ros2_ws/install/kratos_vishvesh_q2_msgs/local/lib/python3.10/dist-packages/kratos_vishvesh_q2_msgs/kratos_vishvesh_q2_msgs_s__rosidl_typesupport_c.cpython-310-x86_64-linux-gnu.so
-- Up-to-date symlink: /home/vishvesh/ros2_ws/install/kratos_vishvesh_q2_msgs/local/lib/python3.10/dist-packages/kratos_vishvesh_q2_msgs/kratos_vishvesh_q2_msgs_s__rosidl_typesupport_fastrtps_c.cpython-310-x86_64-linux-gnu.so
-- Up-to-date symlink: /home/vishvesh/ros2_ws/install/kratos_vishvesh_q2_msgs/local/lib/python3.10/dist-packages/kratos_vishvesh_q2_msgs/kratos_vishvesh_q2_msgs_s__rosidl_typesupport_introspection_c.cpython-310-x86_64-linux-gnu.so
-- Up-to-date symlink: /home/vishvesh/ros2_ws/install/kratos_vishvesh_q2_msgs/local/lib/python3.10/dist-packages/kratos_vishvesh_q2_msgs/libkratos_vishvesh_q2_msgs__rosidl_generator_py.so
-- Up-to-date symlink: /home/vishvesh/ros2_ws/install/kratos_vishvesh_q2_msgs/local/lib/python3.10/dist-packages/kratos_vishvesh_q2_msgs/msg/__init__.py
-- Up-to-date symlink: /home/vishvesh/ros2_ws/install/kratos_vishvesh_q2_msgs/local/lib/python3.10/dist-packages/kratos_vishvesh_q2_msgs/msg/_rover_status.py
-- Up-to-date symlink: /home/vishvesh/ros2_ws/install/kratos_vishvesh_q2_msgs/local/lib/python3.10/dist-packages/kratos_vishvesh_q2_msgs/msg/_rover_status_s.c
-- Up-to-date symlink: /home/vishvesh/ros2_ws/install/kratos_vishvesh_q2_msgs/local/lib/python3.10/dist-packages/kratos_vishvesh_q2_msgs/kratos_vishvesh_q2_msgs_s__rosidl_typesupport_fastrtps_c.cpython-310-x86_64-linux-gnu.so
-- Up-to-date symlink: /home/vishvesh/ros2_ws/install/kratos_vishvesh_q2_msgs/local/lib/python3.10/dist-packages/kratos_vishvesh_q2_msgs/kratos_vishvesh_q2_msgs_s__rosidl_typesupport_introspection_c.cpython-310-x86_64-linux-gnu.so
-- Up-to-date symlink: /home/vishvesh/ros2_ws/install/kratos_vishvesh_q2_msgs/local/lib/python3.10/dist-packages/kratos_vishvesh_q2_msgs/kratos_vishvesh_q2_msgs_s__rosidl_typesupport_c.cpython-310-x86_64-linux-gnu.so
-- Up-to-date symlink: /home/vishvesh/ros2_ws/install/kratos_vishvesh_q2_msgs/share/ament_index/resource_index/rust_packages/kratos_vishvesh_q2_msgs
-- Up-to-date symlink: /home/vishvesh/ros2_ws/install/kratos_vishvesh_q2_msgs/share/kratos_vishvesh_q2_msgs/rust/Cargo.toml
-- Up-to-date symlink: /home/vishvesh/ros2_ws/install/kratos_vishvesh_q2_msgs/share/kratos_vishvesh_q2_msgs/rust/build.rs
-- Up-to-date symlink: /home/vishvesh/ros2_ws/install/kratos_vishvesh_q2_msgs/share/kratos_vishvesh_q2_msgs/rust/src/lib.rs
-- Up-to-date symlink: /home/vishvesh/ros2_ws/install/kratos_vishvesh_q2_msgs/share/kratos_vishvesh_q2_msgs/rust/src/msg.rs
-- Up-to-date symlink: /home/vishvesh/ros2_ws/install/kratos_vishvesh_q2_msgs/share/kratos_vishvesh_q2_msgs/rust/src/msg/rmw.rs
-- Up-to-date symlink: /home/vishvesh/ros2_ws/install/kratos_vishvesh_q2_msgs/share/kratos_vishvesh_q2_msgs/msg/RoverStatus.idl
-- Up-to-date symlink: /home/vishvesh/ros2_ws/install/kratos_vishvesh_q2_msgs/share/kratos_vishvesh_q2_msgs/msg/RoverStatus.msg
-- Up-to-date symlink: /home/vishvesh/ros2_ws/install/kratos_vishvesh_q2_msgs/share/ament_index/resource_index/package_run_dependencies/kratos_vishvesh_q2_msgs
-- Up-to-date symlink: /home/vishvesh/ros2_ws/install/kratos_vishvesh_q2_msgs/share/ament_index/resource_index/parent_prefix_path/kratos_vishvesh_q2_msgs
-- Up-to-date symlink: /home/vishvesh/ros2_ws/install/kratos_vishvesh_q2_msgs/share/kratos_vishvesh_q2_msgs/environment/ament_prefix_path.sh
-- Up-to-date symlink: /home/vishvesh/ros2_ws/install/kratos_vishvesh_q2_msgs/share/kratos_vishvesh_q2_msgs/environment/ament_prefix_path.dsv
-- Up-to-date symlink: /home/vishvesh/ros2_ws/install/kratos_vishvesh_q2_msgs/share/kratos_vishvesh_q2_msgs/environment/path.sh
-- Up-to-date symlink: /home/vishvesh/ros2_ws/install/kratos_vishvesh_q2_msgs/share/kratos_vishvesh_q2_msgs/environment/path.dsv
-- Up-to-date symlink: /home/vishvesh/ros2_ws/install/kratos_vishvesh_q2_msgs/share/kratos_vishvesh_q2_msgs/local_setup.bash
-- Up-to-date symlink: /home/vishvesh/ros2_ws/install/kratos_vishvesh_q2_msgs/share/kratos_vishvesh_q2_msgs/local_setup.sh
-- Up-to-date symlink: /home/vishvesh/ros2_ws/install/kratos_vishvesh_q2_msgs/share/kratos_vishvesh_q2_msgs/local_setup.zsh
-- Up-to-date symlink: /home/vishvesh/ros2_ws/install/kratos_vishvesh_q2_msgs/share/kratos_vishvesh_q2_msgs/local_setup.dsv
-- Symlinking: /home/vishvesh/ros2_ws/install/kratos_vishvesh_q2_msgs/share/kratos_vishvesh_q2_msgs/package.dsv
-- Up-to-date symlink: /home/vishvesh/ros2_ws/install/kratos_vishvesh_q2_msgs/share/ament_index/resource_index/packages/kratos_vishvesh_q2_msgs
-- Up-to-date symlink: /home/vishvesh/ros2_ws/install/kratos_vishvesh_q2_msgs/share/kratos_vishvesh_q2_msgs/cmake/rosidl_cmake-extras.cmake
-- Up-to-date symlink: /home/vishvesh/ros2_ws/install/kratos_vishvesh_q2_msgs/share/kratos_vishvesh_q2_msgs/cmake/ament_cmake_export_include_directories-extras.cmake
-- Up-to-date symlink: /home/vishvesh/ros2_ws/install/kratos_vishvesh_q2_msgs/share/kratos_vishvesh_q2_msgs/cmake/ament_cmake_export_libraries-extras.cmake
-- Up-to-date symlink: /home/vishvesh/ros2_ws/install/kratos_vishvesh_q2_msgs/share/kratos_vishvesh_q2_msgs/cmake/ament_cmake_export_targets-extras.cmake
-- Up-to-date symlink: /home/vishvesh/ros2_ws/install/kratos_vishvesh_q2_msgs/share/kratos_vishvesh_q2_msgs/cmake/rosidl_cmake_export_typesupport_targets-extras.cmake
-- Up-to-date symlink: /home/vishvesh/ros2_ws/install/kratos_vishvesh_q2_msgs/share/kratos_vishvesh_q2_msgs/cmake/ament_cmake_export_dependencies-extras.cmake
-- Up-to-date symlink: /home/vishvesh/ros2_ws/install/kratos_vishvesh_q2_msgs/share/kratos_vishvesh_q2_msgs/cmake/rosidl_cmake_export_typesupport_libraries-extras.cmake
-- Up-to-date symlink: /home/vishvesh/ros2_ws/install/kratos_vishvesh_q2_msgs/share/kratos_vishvesh_q2_msgs/cmake/kratos_vishvesh_q2_msgsConfig.cmake
-- Up-to-date symlink: /home/vishvesh/ros2_ws/install/kratos_vishvesh_q2_msgs/share/kratos_vishvesh_q2_msgs/cmake/kratos_vishvesh_q2_msgsConfig-version.cmake
-- Up-to-date symlink: /home/vishvesh/ros2_ws/install/kratos_vishvesh_q2_msgs/share/kratos_vishvesh_q2_msgs/package.xml
-- Up-to-date: /home/vishvesh/ros2_ws/install/kratos_vishvesh_q2_msgs/lib/libkratos_vishvesh_q2_msgs__rosidl_generator_c.so
-- Up-to-date: /home/vishvesh/ros2_ws/install/kratos_vishvesh_q2_msgs/lib/libkratos_vishvesh_q2_msgs__rosidl_typesupport_fastrtps_c.so
-- Up-to-date: /home/vishvesh/ros2_ws/install/kratos_vishvesh_q2_msgs/lib/libkratos_vishvesh_q2_msgs__rosidl_typesupport_introspection_c.so
-- Up-to-date: /home/vishvesh/ros2_ws/install/kratos_vishvesh_q2_msgs/lib/libkratos_vishvesh_q2_msgs__rosidl_typesupport_c.so
-- Up-to-date: /home/vishvesh/ros2_ws/install/kratos_vishvesh_q2_msgs/lib/libkratos_vishvesh_q2_msgs__rosidl_typesupport_fastrtps_cpp.so
-- Up-to-date: /home/vishvesh/ros2_ws/install/kratos_vishvesh_q2_msgs/lib/libkratos_vishvesh_q2_msgs__rosidl_typesupport_introspection_cpp.so
-- Up-to-date: /home/vishvesh/ros2_ws/install/kratos_vishvesh_q2_msgs/lib/libkratos_vishvesh_q2_msgs__rosidl_typesupport_cpp.so
Listing '/home/vishvesh/ros2_ws/install/kratos_vishvesh_q2_msgs/local/lib/python3.10/dist-packages/kratos_vishvesh_q2_msgs'...
Listing '/home/vishvesh/ros2_ws/install/kratos_vishvesh_q2_msgs/local/lib/python3.10/dist-packages/kratos_vishvesh_q2_msgs/msg'...
-- Up-to-date: /home/vishvesh/ros2_ws/install/kratos_vishvesh_q2_msgs/lib/libkratos_vishvesh_q2_msgs__rosidl_generator_py.so
-- Up-to-date: /home/vishvesh/ros2_ws/install/kratos_vishvesh_q2_msgs/share/kratos_vishvesh_q2_msgs/cmake/export_kratos_vishvesh_q2_msgs__rosidl_generator_cExport.cmake
-- Up-to-date: /home/vishvesh/ros2_ws/install/kratos_vishvesh_q2_msgs/share/kratos_vishvesh_q2_msgs/cmake/export_kratos_vishvesh_q2_msgs__rosidl_generator_cExport-noconfig.cmake
-- Up-to-date: /home/vishvesh/ros2_ws/install/kratos_vishvesh_q2_msgs/share/kratos_vishvesh_q2_msgs/cmake/export_kratos_vishvesh_q2_msgs__rosidl_typesupport_fastrtps_cExport.cmake
-- Up-to-date: /home/vishvesh/ros2_ws/install/kratos_vishvesh_q2_msgs/share/kratos_vishvesh_q2_msgs/cmake/export_kratos_vishvesh_q2_msgs__rosidl_typesupport_fastrtps_cExport-noconfig.cmake
-- Up-to-date: /home/vishvesh/ros2_ws/install/kratos_vishvesh_q2_msgs/share/kratos_vishvesh_q2_msgs/cmake/kratos_vishvesh_q2_msgs__rosidl_typesupport_introspection_cExport.cmake
-- Up-to-date: /home/vishvesh/ros2_ws/install/kratos_vishvesh_q2_msgs/share/kratos_vishvesh_q2_msgs/cmake/kratos_vishvesh_q2_msgs__rosidl_typesupport_introspection_cExport-noconfig.cmake
-- Up-to-date: /home/vishvesh/ros2_ws/install/kratos_vishvesh_q2_msgs/share/kratos_vishvesh_q2_msgs/cmake/kratos_vishvesh_q2_msgs__rosidl_typesupport_cExport.cmake
-- Up-to-date: /home/vishvesh/ros2_ws/install/kratos_vishvesh_q2_msgs/share/kratos_vishvesh_q2_msgs/cmake/kratos_vishvesh_q2_msgs__rosidl_typesupport_cExport-noconfig.cmake
-- Up-to-date: /home/vishvesh/ros2_ws/install/kratos_vishvesh_q2_msgs/share/kratos_vishvesh_q2_msgs/cmake/export_kratos_vishvesh_q2_msgs__rosidl_generator_cppExport.cmake
-- Up-to-date: /home/vishvesh/ros2_ws/install/kratos_vishvesh_q2_msgs/share/kratos_vishvesh_q2_msgs/cmake/export_kratos_vishvesh_q2_msgs__rosidl_typesupport_fastrtps_cppExport.cmake
-- Up-to-date: /home/vishvesh/ros2_ws/install/kratos_vishvesh_q2_msgs/share/kratos_vishvesh_q2_msgs/cmake/export_kratos_vishvesh_q2_msgs__rosidl_typesupport_fastrtps_cppExport-noconfig.cmake
-- Up-to-date: /home/vishvesh/ros2_ws/install/kratos_vishvesh_q2_msgs/share/kratos_vishvesh_q2_msgs/cmake/kratos_vishvesh_q2_msgs__rosidl_typesupport_introspection_cppExport.cmake
-- Up-to-date: /home/vishvesh/ros2_ws/install/kratos_vishvesh_q2_msgs/share/kratos_vishvesh_q2_msgs/cmake/kratos_vishvesh_q2_msgs__rosidl_typesupport_introspection_cppExport-noconfig.cmake
-- Up-to-date: /home/vishvesh/ros2_ws/install/kratos_vishvesh_q2_msgs/share/kratos_vishvesh_q2_msgs/cmake/kratos_vishvesh_q2_msgs__rosidl_typesupport_cppExport.cmake
-- Up-to-date: /home/vishvesh/ros2_ws/install/kratos_vishvesh_q2_msgs/share/kratos_vishvesh_q2_msgs/cmake/kratos_vishvesh_q2_msgs__rosidl_typesupport_cppExport-noconfig.cmake
-- Up-to-date: /home/vishvesh/ros2_ws/install/kratos_vishvesh_q2_msgs/share/kratos_vishvesh_q2_msgs/cmake/export_kratos_vishvesh_q2_msgs__rosidl_generator_pyExport.cmake
-- Up-to-date: /home/vishvesh/ros2_ws/install/kratos_vishvesh_q2_msgs/share/kratos_vishvesh_q2_msgs/cmake/export_kratos_vishvesh_q2_msgs__rosidl_generator_pyExport-noconfig.cmake
