[0.013s] Invoking command in '/home/vishvesh/ros2_ws/src/build/kratos_vishvesh_q2': AMENT_PREFIX_PATH=/home/vishvesh/ros2_ws/src/install/kratos_vishvesh_q2_msgs:${AMENT_PREFIX_PATH} CMAKE_PREFIX_PATH=/home/vishvesh/ros2_ws/src/install/kratos_vishvesh_q2_msgs:/home/vishvesh/ros2_ws/install/kratos_vishvesh_q2_msgs:/home/vishvesh/ros2_ws/install/kratos_vishvesh_q2:/home/vishvesh/ros2_ws/install/topic_based_ros2_control:/home/vishvesh/ros2_ws/install/gs_ros_interfaces:/home/vishvesh/ros2_ws/install/simulation_interfaces:/home/vishvesh/ros2_ws/install/kratos_vishvesh:/home/vishvesh/ros2_ws/install/gs_ros2_control_demos:/home/vishvesh/ros2_ws/install/turtle_controller:/home/vishvesh/ros2_ws/install/gs_simulation_interfaces:/home/vishvesh/ros2_ws/install/gs_ros:/home/vishvesh/ros2_ws/install/Practice:/opt/ros/humble LD_LIBRARY_PATH=/home/vishvesh/ros2_ws/src/install/kratos_vishvesh_q2_msgs/lib:${LD_LIBRARY_PATH} PYTHONPATH=/home/vishvesh/ros2_ws/src/install/kratos_vishvesh_q2_msgs/local/lib/python3.10/dist-packages:${PYTHONPATH} /usr/bin/cmake /home/vishvesh/ros2_ws/src/kratos_vishvesh_q2 -DAMENT_CMAKE_SYMLINK_INSTALL=1 -DCMAKE_INSTALL_PREFIX=/home/vishvesh/ros2_ws/src/install/kratos_vishvesh_q2
[0.085s] -- The C compiler identification is GNU 11.4.0
[0.160s] -- The CXX compiler identification is GNU 11.4.0
[0.171s] -- Detecting C compiler ABI info
[0.261s] -- Detecting C compiler ABI info - done
[0.273s] -- Check for working C compiler: /usr/bin/cc - skipped
[0.273s] -- Detecting C compile features
[0.274s] -- Detecting C compile features - done
[0.280s] -- Detecting CXX compiler ABI info
[0.409s] -- Detecting CXX compiler ABI info - done
[0.422s] -- Check for working CXX compiler: /usr/bin/c++ - skipped
[0.423s] -- Detecting CXX compile features
[0.423s] -- Detecting CXX compile features - done
[0.427s] -- Found ament_cmake: 1.3.14 (/opt/ros/humble/share/ament_cmake/cmake)
[1.073s] -- Found Python3: /usr/bin/python3 (found version "3.10.12") found components: Interpreter 
[1.179s] -- Override CMake install command with custom implementation using symlinks instead of copying resources
[1.232s] -- Found rclcpp: 16.0.19 (/opt/ros/humble/share/rclcpp/cmake)
[1.314s] -- Found rosidl_generator_c: 3.1.8 (/opt/ros/humble/share/rosidl_generator_c/cmake)
[1.324s] -- Found rosidl_adapter: 3.1.8 (/opt/ros/humble/share/rosidl_adapter/cmake)
[1.346s] -- Found rosidl_generator_cpp: 3.1.8 (/opt/ros/humble/share/rosidl_generator_cpp/cmake)
[1.369s] -- Using all available rosidl_typesupport_c: rosidl_typesupport_fastrtps_c;rosidl_typesupport_introspection_c
[1.399s] -- Using all available rosidl_typesupport_cpp: rosidl_typesupport_fastrtps_cpp;rosidl_typesupport_introspection_cpp
[1.478s] -- Found rmw_implementation_cmake: 6.1.2 (/opt/ros/humble/share/rmw_implementation_cmake/cmake)
[1.484s] -- Found rmw_fastrtps_cpp: 6.2.10 (/opt/ros/humble/share/rmw_fastrtps_cpp/cmake)
[1.611s] -- Found OpenSSL: /usr/lib/x86_64-linux-gnu/libcrypto.so (found version "3.0.2")  
[1.650s] -- Found FastRTPS: /opt/ros/humble/include  
[1.710s] -- Using RMW implementation 'rmw_fastrtps_cpp' as default
[1.724s] -- Looking for pthread.h
[1.824s] -- Looking for pthread.h - found
[1.825s] -- Performing Test CMAKE_HAVE_LIBC_PTHREAD
[1.925s] -- Performing Test CMAKE_HAVE_LIBC_PTHREAD - Success
[1.925s] -- Found Threads: TRUE  
[2.006s] -- Found kratos_vishvesh_q2_msgs: 0.0.0 (/home/vishvesh/ros2_ws/src/install/kratos_vishvesh_q2_msgs/share/kratos_vishvesh_q2_msgs/cmake)
[2.022s] -- Found ament_lint_auto: 0.12.15 (/opt/ros/humble/share/ament_lint_auto/cmake)
[2.148s] -- Added test 'flake8' to check Python code syntax and style conventions
[2.149s] -- Added test 'lint_cmake' to check CMake code style
[2.150s] -- Added test 'pep257' to check Python code against some of the docstring style conventions in PEP 257
[2.151s] -- Added test 'xmllint' to check XML markup files
[2.154s] -- Configuring done
[2.159s] -- Generating done
[2.164s] -- Build files have been written to: /home/vishvesh/ros2_ws/src/build/kratos_vishvesh_q2
[2.177s] Invoked command in '/home/vishvesh/ros2_ws/src/build/kratos_vishvesh_q2' returned '0': AMENT_PREFIX_PATH=/home/vishvesh/ros2_ws/src/install/kratos_vishvesh_q2_msgs:${AMENT_PREFIX_PATH} CMAKE_PREFIX_PATH=/home/vishvesh/ros2_ws/src/install/kratos_vishvesh_q2_msgs:/home/vishvesh/ros2_ws/install/kratos_vishvesh_q2_msgs:/home/vishvesh/ros2_ws/install/kratos_vishvesh_q2:/home/vishvesh/ros2_ws/install/topic_based_ros2_control:/home/vishvesh/ros2_ws/install/gs_ros_interfaces:/home/vishvesh/ros2_ws/install/simulation_interfaces:/home/vishvesh/ros2_ws/install/kratos_vishvesh:/home/vishvesh/ros2_ws/install/gs_ros2_control_demos:/home/vishvesh/ros2_ws/install/turtle_controller:/home/vishvesh/ros2_ws/install/gs_simulation_interfaces:/home/vishvesh/ros2_ws/install/gs_ros:/home/vishvesh/ros2_ws/install/Practice:/opt/ros/humble LD_LIBRARY_PATH=/home/vishvesh/ros2_ws/src/install/kratos_vishvesh_q2_msgs/lib:${LD_LIBRARY_PATH} PYTHONPATH=/home/vishvesh/ros2_ws/src/install/kratos_vishvesh_q2_msgs/local/lib/python3.10/dist-packages:${PYTHONPATH} /usr/bin/cmake /home/vishvesh/ros2_ws/src/kratos_vishvesh_q2 -DAMENT_CMAKE_SYMLINK_INSTALL=1 -DCMAKE_INSTALL_PREFIX=/home/vishvesh/ros2_ws/src/install/kratos_vishvesh_q2
[2.178s] Invoking command in '/home/vishvesh/ros2_ws/src/build/kratos_vishvesh_q2': AMENT_PREFIX_PATH=/home/vishvesh/ros2_ws/src/install/kratos_vishvesh_q2_msgs:${AMENT_PREFIX_PATH} CMAKE_PREFIX_PATH=/home/vishvesh/ros2_ws/src/install/kratos_vishvesh_q2_msgs:/home/vishvesh/ros2_ws/install/kratos_vishvesh_q2_msgs:/home/vishvesh/ros2_ws/install/kratos_vishvesh_q2:/home/vishvesh/ros2_ws/install/topic_based_ros2_control:/home/vishvesh/ros2_ws/install/gs_ros_interfaces:/home/vishvesh/ros2_ws/install/simulation_interfaces:/home/vishvesh/ros2_ws/install/kratos_vishvesh:/home/vishvesh/ros2_ws/install/gs_ros2_control_demos:/home/vishvesh/ros2_ws/install/turtle_controller:/home/vishvesh/ros2_ws/install/gs_simulation_interfaces:/home/vishvesh/ros2_ws/install/gs_ros:/home/vishvesh/ros2_ws/install/Practice:/opt/ros/humble LD_LIBRARY_PATH=/home/vishvesh/ros2_ws/src/install/kratos_vishvesh_q2_msgs/lib:${LD_LIBRARY_PATH} PYTHONPATH=/home/vishvesh/ros2_ws/src/install/kratos_vishvesh_q2_msgs/local/lib/python3.10/dist-packages:${PYTHONPATH} /usr/bin/cmake --build /home/vishvesh/ros2_ws/src/build/kratos_vishvesh_q2 -- -j16 -l16
[2.235s] Invoked command in '/home/vishvesh/ros2_ws/src/build/kratos_vishvesh_q2' returned '0': AMENT_PREFIX_PATH=/home/vishvesh/ros2_ws/src/install/kratos_vishvesh_q2_msgs:${AMENT_PREFIX_PATH} CMAKE_PREFIX_PATH=/home/vishvesh/ros2_ws/src/install/kratos_vishvesh_q2_msgs:/home/vishvesh/ros2_ws/install/kratos_vishvesh_q2_msgs:/home/vishvesh/ros2_ws/install/kratos_vishvesh_q2:/home/vishvesh/ros2_ws/install/topic_based_ros2_control:/home/vishvesh/ros2_ws/install/gs_ros_interfaces:/home/vishvesh/ros2_ws/install/simulation_interfaces:/home/vishvesh/ros2_ws/install/kratos_vishvesh:/home/vishvesh/ros2_ws/install/gs_ros2_control_demos:/home/vishvesh/ros2_ws/install/turtle_controller:/home/vishvesh/ros2_ws/install/gs_simulation_interfaces:/home/vishvesh/ros2_ws/install/gs_ros:/home/vishvesh/ros2_ws/install/Practice:/opt/ros/humble LD_LIBRARY_PATH=/home/vishvesh/ros2_ws/src/install/kratos_vishvesh_q2_msgs/lib:${LD_LIBRARY_PATH} PYTHONPATH=/home/vishvesh/ros2_ws/src/install/kratos_vishvesh_q2_msgs/local/lib/python3.10/dist-packages:${PYTHONPATH} /usr/bin/cmake --build /home/vishvesh/ros2_ws/src/build/kratos_vishvesh_q2 -- -j16 -l16
[2.237s] Invoking command in '/home/vishvesh/ros2_ws/src/build/kratos_vishvesh_q2': AMENT_PREFIX_PATH=/home/vishvesh/ros2_ws/src/install/kratos_vishvesh_q2_msgs:${AMENT_PREFIX_PATH} CMAKE_PREFIX_PATH=/home/vishvesh/ros2_ws/src/install/kratos_vishvesh_q2_msgs:/home/vishvesh/ros2_ws/install/kratos_vishvesh_q2_msgs:/home/vishvesh/ros2_ws/install/kratos_vishvesh_q2:/home/vishvesh/ros2_ws/install/topic_based_ros2_control:/home/vishvesh/ros2_ws/install/gs_ros_interfaces:/home/vishvesh/ros2_ws/install/simulation_interfaces:/home/vishvesh/ros2_ws/install/kratos_vishvesh:/home/vishvesh/ros2_ws/install/gs_ros2_control_demos:/home/vishvesh/ros2_ws/install/turtle_controller:/home/vishvesh/ros2_ws/install/gs_simulation_interfaces:/home/vishvesh/ros2_ws/install/gs_ros:/home/vishvesh/ros2_ws/install/Practice:/opt/ros/humble LD_LIBRARY_PATH=/home/vishvesh/ros2_ws/src/install/kratos_vishvesh_q2_msgs/lib:${LD_LIBRARY_PATH} PYTHONPATH=/home/vishvesh/ros2_ws/src/install/kratos_vishvesh_q2_msgs/local/lib/python3.10/dist-packages:${PYTHONPATH} /usr/bin/cmake --install /home/vishvesh/ros2_ws/src/build/kratos_vishvesh_q2
[2.246s] -- Install configuration: ""
[2.247s] -- Execute custom install script
[2.247s] -- Symlinking: /home/vishvesh/ros2_ws/src/install/kratos_vishvesh_q2/share/ament_index/resource_index/package_run_dependencies/kratos_vishvesh_q2
[2.261s] -- Symlinking: /home/vishvesh/ros2_ws/src/install/kratos_vishvesh_q2/share/ament_index/resource_index/parent_prefix_path/kratos_vishvesh_q2
[2.274s] -- Symlinking: /home/vishvesh/ros2_ws/src/install/kratos_vishvesh_q2/share/kratos_vishvesh_q2/environment/ament_prefix_path.sh
[2.288s] -- Symlinking: /home/vishvesh/ros2_ws/src/install/kratos_vishvesh_q2/share/kratos_vishvesh_q2/environment/ament_prefix_path.dsv
[2.301s] -- Symlinking: /home/vishvesh/ros2_ws/src/install/kratos_vishvesh_q2/share/kratos_vishvesh_q2/environment/path.sh
[2.314s] -- Symlinking: /home/vishvesh/ros2_ws/src/install/kratos_vishvesh_q2/share/kratos_vishvesh_q2/environment/path.dsv
[2.325s] -- Symlinking: /home/vishvesh/ros2_ws/src/install/kratos_vishvesh_q2/share/kratos_vishvesh_q2/local_setup.bash
[2.346s] -- Symlinking: /home/vishvesh/ros2_ws/src/install/kratos_vishvesh_q2/share/kratos_vishvesh_q2/local_setup.sh
[2.356s] -- Symlinking: /home/vishvesh/ros2_ws/src/install/kratos_vishvesh_q2/share/kratos_vishvesh_q2/local_setup.zsh
[2.369s] -- Symlinking: /home/vishvesh/ros2_ws/src/install/kratos_vishvesh_q2/share/kratos_vishvesh_q2/local_setup.dsv
[2.385s] -- Symlinking: /home/vishvesh/ros2_ws/src/install/kratos_vishvesh_q2/share/kratos_vishvesh_q2/package.dsv
[2.399s] -- Symlinking: /home/vishvesh/ros2_ws/src/install/kratos_vishvesh_q2/share/ament_index/resource_index/packages/kratos_vishvesh_q2
[2.412s] -- Symlinking: /home/vishvesh/ros2_ws/src/install/kratos_vishvesh_q2/share/kratos_vishvesh_q2/cmake/kratos_vishvesh_q2Config.cmake
[2.425s] -- Symlinking: /home/vishvesh/ros2_ws/src/install/kratos_vishvesh_q2/share/kratos_vishvesh_q2/cmake/kratos_vishvesh_q2Config-version.cmake
[2.439s] -- Symlinking: /home/vishvesh/ros2_ws/src/install/kratos_vishvesh_q2/share/kratos_vishvesh_q2/package.xml
[2.454s] Invoked command in '/home/vishvesh/ros2_ws/src/build/kratos_vishvesh_q2' returned '0': AMENT_PREFIX_PATH=/home/vishvesh/ros2_ws/src/install/kratos_vishvesh_q2_msgs:${AMENT_PREFIX_PATH} CMAKE_PREFIX_PATH=/home/vishvesh/ros2_ws/src/install/kratos_vishvesh_q2_msgs:/home/vishvesh/ros2_ws/install/kratos_vishvesh_q2_msgs:/home/vishvesh/ros2_ws/install/kratos_vishvesh_q2:/home/vishvesh/ros2_ws/install/topic_based_ros2_control:/home/vishvesh/ros2_ws/install/gs_ros_interfaces:/home/vishvesh/ros2_ws/install/simulation_interfaces:/home/vishvesh/ros2_ws/install/kratos_vishvesh:/home/vishvesh/ros2_ws/install/gs_ros2_control_demos:/home/vishvesh/ros2_ws/install/turtle_controller:/home/vishvesh/ros2_ws/install/gs_simulation_interfaces:/home/vishvesh/ros2_ws/install/gs_ros:/home/vishvesh/ros2_ws/install/Practice:/opt/ros/humble LD_LIBRARY_PATH=/home/vishvesh/ros2_ws/src/install/kratos_vishvesh_q2_msgs/lib:${LD_LIBRARY_PATH} PYTHONPATH=/home/vishvesh/ros2_ws/src/install/kratos_vishvesh_q2_msgs/local/lib/python3.10/dist-packages:${PYTHONPATH} /usr/bin/cmake --install /home/vishvesh/ros2_ws/src/build/kratos_vishvesh_q2
