[0.945s] Invoking command in '/home/vishvesh/ros2_ws/build/gs_ros': PYTHONPATH=/home/vishvesh/ros2_ws/build/gs_ros/prefix_override:/usr/lib/python3/dist-packages/colcon_core/task/python/colcon_distutils_commands:/home/vishvesh/ros2_ws/install/gs_ros/lib/python3.10/site-packages:${PYTHONPATH} /usr/bin/python3 -W ignore:setup.py install is deprecated -W ignore:easy_install command is deprecated setup.py develop --editable --build-directory /home/vishvesh/ros2_ws/build/gs_ros/build --no-deps symlink_data
[1.182s] /home/vishvesh/.local/lib/python3.10/site-packages/setuptools/_distutils/dist.py:289: UserWarning: Unknown distribution option: 'tests_require'
[1.182s]   warnings.warn(msg)
[1.377s] running develop
[1.514s] running egg_info
[1.527s] creating gs_ros.egg-info
[1.527s] writing gs_ros.egg-info/PKG-INFO
[1.527s] writing dependency_links to gs_ros.egg-info/dependency_links.txt
[1.527s] writing requirements to gs_ros.egg-info/requires.txt
[1.527s] writing top-level names to gs_ros.egg-info/top_level.txt
[1.527s] writing manifest file 'gs_ros.egg-info/SOURCES.txt'
[1.550s] reading manifest file 'gs_ros.egg-info/SOURCES.txt'
[1.551s] writing manifest file 'gs_ros.egg-info/SOURCES.txt'
[1.561s] running build_ext
[1.562s] Creating /home/vishvesh/ros2_ws/install/gs_ros/lib/python3.10/site-packages/gs-ros.egg-link (link to .)
[1.562s] 
[1.562s] Installed /home/vishvesh/ros2_ws/build/gs_ros
[1.562s] running symlink_data
[1.562s] creating /home/vishvesh/ros2_ws/install/gs_ros/share/ament_index/resource_index/packages
[1.562s] symbolically linking /home/vishvesh/ros2_ws/build/gs_ros/resource/gs_ros -> /home/vishvesh/ros2_ws/install/gs_ros/share/ament_index/resource_index/packages
[1.562s] symbolically linking /home/vishvesh/ros2_ws/build/gs_ros/package.xml -> /home/vishvesh/ros2_ws/install/gs_ros/share/gs_ros
[1.587s] Invoked command in '/home/vishvesh/ros2_ws/build/gs_ros' returned '0': PYTHONPATH=/home/vishvesh/ros2_ws/build/gs_ros/prefix_override:/usr/lib/python3/dist-packages/colcon_core/task/python/colcon_distutils_commands:/home/vishvesh/ros2_ws/install/gs_ros/lib/python3.10/site-packages:${PYTHONPATH} /usr/bin/python3 -W ignore:setup.py install is deprecated -W ignore:easy_install command is deprecated setup.py develop --editable --build-directory /home/vishvesh/ros2_ws/build/gs_ros/build --no-deps symlink_data
