[0.091s] DEBUG:colcon:Command line arguments: ['/usr/bin/colcon', 'build', '--symlink-install']
[0.091s] DEBUG:colcon:Parsed command line arguments: Namespace(log_base=None, log_level=None, verb_name='build', build_base='build', install_base='install', merge_install=False, symlink_install=True, test_result_base=None, continue_on_error=False, executor='parallel', parallel_workers=16, event_handlers=None, ignore_user_meta=False, metas=['./colcon.meta'], base_paths=['.'], packages_ignore=None, packages_ignore_regex=None, paths=None, packages_up_to=None, packages_up_to_regex=None, packages_above=None, packages_above_and_dependencies=None, packages_above_depth=None, packages_select_by_dep=None, packages_skip_by_dep=None, packages_skip_up_to=None, packages_select_build_failed=False, packages_skip_build_finished=False, packages_select_test_failures=False, packages_skip_test_passed=False, packages_select=None, packages_skip=None, packages_select_regex=None, packages_skip_regex=None, packages_start=None, packages_end=None, allow_overriding=[], cmake_args=None, cmake_target=None, cmake_target_skip_unavailable=False, cmake_clean_cache=False, cmake_clean_first=False, cmake_force_configure=False, ament_cmake_args=None, catkin_cmake_args=None, catkin_skip_building_tests=False, verb_parser=<colcon_defaults.argument_parser.defaults.DefaultArgumentsDecorator object at 0x7aaa2f2f2d10>, verb_extension=<colcon_core.verb.build.BuildVerb object at 0x7aaa2f4cfac0>, main=<bound method BuildVerb.main of <colcon_core.verb.build.BuildVerb object at 0x7aaa2f4cfac0>>)
[0.147s] Level 1:colcon.colcon_core.package_discovery:discover_packages(colcon_meta) check parameters
[0.147s] Level 1:colcon.colcon_core.package_discovery:discover_packages(recursive) check parameters
[0.147s] Level 1:colcon.colcon_core.package_discovery:discover_packages(ignore) check parameters
[0.147s] Level 1:colcon.colcon_core.package_discovery:discover_packages(path) check parameters
[0.147s] Level 1:colcon.colcon_core.package_discovery:discover_packages(colcon_meta) discover
[0.147s] Level 1:colcon.colcon_core.package_discovery:discover_packages(recursive) discover
[0.147s] INFO:colcon.colcon_core.package_discovery:Crawling recursively for packages in '/home/vishvesh/ros2_ws'
[0.147s] Level 1:colcon.colcon_core.package_identification:_identify(.) by extensions ['ignore', 'ignore_ament_install']
[0.147s] Level 1:colcon.colcon_core.package_identification:_identify(.) by extension 'ignore'
[0.147s] Level 1:colcon.colcon_core.package_identification:_identify(.) by extension 'ignore_ament_install'
[0.147s] Level 1:colcon.colcon_core.package_identification:_identify(.) by extensions ['colcon_pkg']
[0.147s] Level 1:colcon.colcon_core.package_identification:_identify(.) by extension 'colcon_pkg'
[0.147s] Level 1:colcon.colcon_core.package_identification:_identify(.) by extensions ['colcon_meta']
[0.147s] Level 1:colcon.colcon_core.package_identification:_identify(.) by extension 'colcon_meta'
[0.147s] Level 1:colcon.colcon_core.package_identification:_identify(.) by extensions ['ros']
[0.147s] Level 1:colcon.colcon_core.package_identification:_identify(.) by extension 'ros'
[0.166s] Level 1:colcon.colcon_core.package_identification:_identify(.) by extensions ['cmake', 'python']
[0.166s] Level 1:colcon.colcon_core.package_identification:_identify(.) by extension 'cmake'
[0.166s] Level 1:colcon.colcon_core.package_identification:_identify(.) by extension 'python'
[0.166s] Level 1:colcon.colcon_core.package_identification:_identify(.) by extensions ['python_setup_py']
[0.166s] Level 1:colcon.colcon_core.package_identification:_identify(.) by extension 'python_setup_py'
[0.166s] Level 1:colcon.colcon_core.package_identification:_identify(build) by extensions ['ignore', 'ignore_ament_install']
[0.166s] Level 1:colcon.colcon_core.package_identification:_identify(build) by extension 'ignore'
[0.166s] Level 1:colcon.colcon_core.package_identification:_identify(build) ignored
[0.167s] Level 1:colcon.colcon_core.package_identification:_identify(install) by extensions ['ignore', 'ignore_ament_install']
[0.167s] Level 1:colcon.colcon_core.package_identification:_identify(install) by extension 'ignore'
[0.167s] Level 1:colcon.colcon_core.package_identification:_identify(install) ignored
[0.167s] Level 1:colcon.colcon_core.package_identification:_identify(log) by extensions ['ignore', 'ignore_ament_install']
[0.167s] Level 1:colcon.colcon_core.package_identification:_identify(log) by extension 'ignore'
[0.167s] Level 1:colcon.colcon_core.package_identification:_identify(log) ignored
[0.167s] Level 1:colcon.colcon_core.package_identification:_identify(src) by extensions ['ignore', 'ignore_ament_install']
[0.167s] Level 1:colcon.colcon_core.package_identification:_identify(src) by extension 'ignore'
[0.167s] Level 1:colcon.colcon_core.package_identification:_identify(src) by extension 'ignore_ament_install'
[0.167s] Level 1:colcon.colcon_core.package_identification:_identify(src) by extensions ['colcon_pkg']
[0.167s] Level 1:colcon.colcon_core.package_identification:_identify(src) by extension 'colcon_pkg'
[0.167s] Level 1:colcon.colcon_core.package_identification:_identify(src) by extensions ['colcon_meta']
[0.167s] Level 1:colcon.colcon_core.package_identification:_identify(src) by extension 'colcon_meta'
[0.167s] Level 1:colcon.colcon_core.package_identification:_identify(src) by extensions ['ros']
[0.167s] Level 1:colcon.colcon_core.package_identification:_identify(src) by extension 'ros'
[0.167s] Level 1:colcon.colcon_core.package_identification:_identify(src) by extensions ['cmake', 'python']
[0.167s] Level 1:colcon.colcon_core.package_identification:_identify(src) by extension 'cmake'
[0.168s] Level 1:colcon.colcon_core.package_identification:_identify(src) by extension 'python'
[0.168s] Level 1:colcon.colcon_core.package_identification:_identify(src) by extensions ['python_setup_py']
[0.168s] Level 1:colcon.colcon_core.package_identification:_identify(src) by extension 'python_setup_py'
[0.168s] Level 1:colcon.colcon_core.package_identification:_identify(src/Practice) by extensions ['ignore', 'ignore_ament_install']
[0.168s] Level 1:colcon.colcon_core.package_identification:_identify(src/Practice) by extension 'ignore'
[0.168s] Level 1:colcon.colcon_core.package_identification:_identify(src/Practice) by extension 'ignore_ament_install'
[0.168s] Level 1:colcon.colcon_core.package_identification:_identify(src/Practice) by extensions ['colcon_pkg']
[0.168s] Level 1:colcon.colcon_core.package_identification:_identify(src/Practice) by extension 'colcon_pkg'
[0.168s] Level 1:colcon.colcon_core.package_identification:_identify(src/Practice) by extensions ['colcon_meta']
[0.168s] Level 1:colcon.colcon_core.package_identification:_identify(src/Practice) by extension 'colcon_meta'
[0.168s] Level 1:colcon.colcon_core.package_identification:_identify(src/Practice) by extensions ['ros']
[0.168s] Level 1:colcon.colcon_core.package_identification:_identify(src/Practice) by extension 'ros'
[0.171s] DEBUG:colcon.colcon_core.package_identification:Package 'src/Practice' with type 'ros.ament_python' and name 'Practice'
[0.172s] Level 1:colcon.colcon_core.package_identification:_identify(src/build) by extensions ['ignore', 'ignore_ament_install']
[0.172s] Level 1:colcon.colcon_core.package_identification:_identify(src/build) by extension 'ignore'
[0.172s] Level 1:colcon.colcon_core.package_identification:_identify(src/build) ignored
[0.172s] Level 1:colcon.colcon_core.package_identification:_identify(src/install) by extensions ['ignore', 'ignore_ament_install']
[0.172s] Level 1:colcon.colcon_core.package_identification:_identify(src/install) by extension 'ignore'
[0.172s] Level 1:colcon.colcon_core.package_identification:_identify(src/install) ignored
[0.172s] Level 1:colcon.colcon_core.package_identification:_identify(src/kratos_inductions) by extensions ['ignore', 'ignore_ament_install']
[0.172s] Level 1:colcon.colcon_core.package_identification:_identify(src/kratos_inductions) by extension 'ignore'
[0.172s] Level 1:colcon.colcon_core.package_identification:_identify(src/kratos_inductions) by extension 'ignore_ament_install'
[0.172s] Level 1:colcon.colcon_core.package_identification:_identify(src/kratos_inductions) by extensions ['colcon_pkg']
[0.172s] Level 1:colcon.colcon_core.package_identification:_identify(src/kratos_inductions) by extension 'colcon_pkg'
[0.172s] Level 1:colcon.colcon_core.package_identification:_identify(src/kratos_inductions) by extensions ['colcon_meta']
[0.172s] Level 1:colcon.colcon_core.package_identification:_identify(src/kratos_inductions) by extension 'colcon_meta'
[0.172s] Level 1:colcon.colcon_core.package_identification:_identify(src/kratos_inductions) by extensions ['ros']
[0.172s] Level 1:colcon.colcon_core.package_identification:_identify(src/kratos_inductions) by extension 'ros'
[0.173s] Level 1:colcon.colcon_core.package_identification:_identify(src/kratos_inductions) by extensions ['cmake', 'python']
[0.173s] Level 1:colcon.colcon_core.package_identification:_identify(src/kratos_inductions) by extension 'cmake'
[0.173s] Level 1:colcon.colcon_core.package_identification:_identify(src/kratos_inductions) by extension 'python'
[0.173s] Level 1:colcon.colcon_core.package_identification:_identify(src/kratos_inductions) by extensions ['python_setup_py']
[0.173s] Level 1:colcon.colcon_core.package_identification:_identify(src/kratos_inductions) by extension 'python_setup_py'
[0.173s] Level 1:colcon.colcon_core.package_identification:_identify(src/kratos_inductions/arm_humble) by extensions ['ignore', 'ignore_ament_install']
[0.173s] Level 1:colcon.colcon_core.package_identification:_identify(src/kratos_inductions/arm_humble) by extension 'ignore'
[0.173s] Level 1:colcon.colcon_core.package_identification:_identify(src/kratos_inductions/arm_humble) by extension 'ignore_ament_install'
[0.173s] Level 1:colcon.colcon_core.package_identification:_identify(src/kratos_inductions/arm_humble) by extensions ['colcon_pkg']
[0.173s] Level 1:colcon.colcon_core.package_identification:_identify(src/kratos_inductions/arm_humble) by extension 'colcon_pkg'
[0.173s] Level 1:colcon.colcon_core.package_identification:_identify(src/kratos_inductions/arm_humble) by extensions ['colcon_meta']
[0.173s] Level 1:colcon.colcon_core.package_identification:_identify(src/kratos_inductions/arm_humble) by extension 'colcon_meta'
[0.173s] Level 1:colcon.colcon_core.package_identification:_identify(src/kratos_inductions/arm_humble) by extensions ['ros']
[0.173s] Level 1:colcon.colcon_core.package_identification:_identify(src/kratos_inductions/arm_humble) by extension 'ros'
[0.174s] DEBUG:colcon.colcon_core.package_identification:Package 'src/kratos_inductions/arm_humble' with type 'ros.ament_cmake' and name 'arm_humble'
[0.174s] Level 1:colcon.colcon_core.package_identification:_identify(src/kratos_vishvesh) by extensions ['ignore', 'ignore_ament_install']
[0.174s] Level 1:colcon.colcon_core.package_identification:_identify(src/kratos_vishvesh) by extension 'ignore'
[0.175s] Level 1:colcon.colcon_core.package_identification:_identify(src/kratos_vishvesh) by extension 'ignore_ament_install'
[0.175s] Level 1:colcon.colcon_core.package_identification:_identify(src/kratos_vishvesh) by extensions ['colcon_pkg']
[0.175s] Level 1:colcon.colcon_core.package_identification:_identify(src/kratos_vishvesh) by extension 'colcon_pkg'
[0.175s] Level 1:colcon.colcon_core.package_identification:_identify(src/kratos_vishvesh) by extensions ['colcon_meta']
[0.175s] Level 1:colcon.colcon_core.package_identification:_identify(src/kratos_vishvesh) by extension 'colcon_meta'
[0.175s] Level 1:colcon.colcon_core.package_identification:_identify(src/kratos_vishvesh) by extensions ['ros']
[0.175s] Level 1:colcon.colcon_core.package_identification:_identify(src/kratos_vishvesh) by extension 'ros'
[0.175s] DEBUG:colcon.colcon_core.package_identification:Package 'src/kratos_vishvesh' with type 'ros.ament_cmake' and name 'kratos_vishvesh'
[0.175s] Level 1:colcon.colcon_core.package_identification:_identify(src/kratos_vishvesh_q2) by extensions ['ignore', 'ignore_ament_install']
[0.176s] Level 1:colcon.colcon_core.package_identification:_identify(src/kratos_vishvesh_q2) by extension 'ignore'
[0.176s] Level 1:colcon.colcon_core.package_identification:_identify(src/kratos_vishvesh_q2) by extension 'ignore_ament_install'
[0.176s] Level 1:colcon.colcon_core.package_identification:_identify(src/kratos_vishvesh_q2) by extensions ['colcon_pkg']
[0.176s] Level 1:colcon.colcon_core.package_identification:_identify(src/kratos_vishvesh_q2) by extension 'colcon_pkg'
[0.176s] Level 1:colcon.colcon_core.package_identification:_identify(src/kratos_vishvesh_q2) by extensions ['colcon_meta']
[0.176s] Level 1:colcon.colcon_core.package_identification:_identify(src/kratos_vishvesh_q2) by extension 'colcon_meta'
[0.176s] Level 1:colcon.colcon_core.package_identification:_identify(src/kratos_vishvesh_q2) by extensions ['ros']
[0.176s] Level 1:colcon.colcon_core.package_identification:_identify(src/kratos_vishvesh_q2) by extension 'ros'
[0.177s] DEBUG:colcon.colcon_core.package_identification:Package 'src/kratos_vishvesh_q2' with type 'ros.ament_cmake' and name 'kratos_vishvesh_q2'
[0.177s] Level 1:colcon.colcon_core.package_identification:_identify(src/kratos_vishvesh_q2_msgs) by extensions ['ignore', 'ignore_ament_install']
[0.177s] Level 1:colcon.colcon_core.package_identification:_identify(src/kratos_vishvesh_q2_msgs) by extension 'ignore'
[0.177s] Level 1:colcon.colcon_core.package_identification:_identify(src/kratos_vishvesh_q2_msgs) by extension 'ignore_ament_install'
[0.177s] Level 1:colcon.colcon_core.package_identification:_identify(src/kratos_vishvesh_q2_msgs) by extensions ['colcon_pkg']
[0.177s] Level 1:colcon.colcon_core.package_identification:_identify(src/kratos_vishvesh_q2_msgs) by extension 'colcon_pkg'
[0.177s] Level 1:colcon.colcon_core.package_identification:_identify(src/kratos_vishvesh_q2_msgs) by extensions ['colcon_meta']
[0.177s] Level 1:colcon.colcon_core.package_identification:_identify(src/kratos_vishvesh_q2_msgs) by extension 'colcon_meta'
[0.177s] Level 1:colcon.colcon_core.package_identification:_identify(src/kratos_vishvesh_q2_msgs) by extensions ['ros']
[0.177s] Level 1:colcon.colcon_core.package_identification:_identify(src/kratos_vishvesh_q2_msgs) by extension 'ros'
[0.178s] DEBUG:colcon.colcon_core.package_identification:Package 'src/kratos_vishvesh_q2_msgs' with type 'ros.ament_cmake' and name 'kratos_vishvesh_q2_msgs'
[0.178s] Level 1:colcon.colcon_core.package_identification:_identify(src/log) by extensions ['ignore', 'ignore_ament_install']
[0.178s] Level 1:colcon.colcon_core.package_identification:_identify(src/log) by extension 'ignore'
[0.178s] Level 1:colcon.colcon_core.package_identification:_identify(src/log) ignored
[0.178s] Level 1:colcon.colcon_core.package_discovery:discover_packages(recursive) using defaults
[0.178s] Level 1:colcon.colcon_core.package_discovery:discover_packages(ignore) discover
[0.178s] Level 1:colcon.colcon_core.package_discovery:discover_packages(ignore) using defaults
[0.178s] Level 1:colcon.colcon_core.package_discovery:discover_packages(path) discover
[0.178s] Level 1:colcon.colcon_core.package_discovery:discover_packages(path) using defaults
[0.213s] Level 1:colcon.colcon_core.package_discovery:discover_packages(prefix_path) check parameters
[0.213s] Level 1:colcon.colcon_core.package_discovery:discover_packages(prefix_path) discover
[0.218s] DEBUG:colcon.colcon_installed_package_information.package_discovery:Found 12 installed packages in /home/vishvesh/ros2_ws/install
[0.221s] DEBUG:colcon.colcon_installed_package_information.package_discovery:Found 306 installed packages in /opt/ros/humble
[0.225s] Level 1:colcon.colcon_core.package_discovery:discover_packages(prefix_path) using defaults
[0.301s] Level 5:colcon.colcon_core.verb:set package 'Practice' build argument 'cmake_args' from command line to 'None'
[0.301s] Level 5:colcon.colcon_core.verb:set package 'Practice' build argument 'cmake_target' from command line to 'None'
[0.302s] Level 5:colcon.colcon_core.verb:set package 'Practice' build argument 'cmake_target_skip_unavailable' from command line to 'False'
[0.302s] Level 5:colcon.colcon_core.verb:set package 'Practice' build argument 'cmake_clean_cache' from command line to 'False'
[0.302s] Level 5:colcon.colcon_core.verb:set package 'Practice' build argument 'cmake_clean_first' from command line to 'False'
[0.302s] Level 5:colcon.colcon_core.verb:set package 'Practice' build argument 'cmake_force_configure' from command line to 'False'
[0.302s] Level 5:colcon.colcon_core.verb:set package 'Practice' build argument 'ament_cmake_args' from command line to 'None'
[0.302s] Level 5:colcon.colcon_core.verb:set package 'Practice' build argument 'catkin_cmake_args' from command line to 'None'
[0.302s] Level 5:colcon.colcon_core.verb:set package 'Practice' build argument 'catkin_skip_building_tests' from command line to 'False'
[0.302s] DEBUG:colcon.colcon_core.verb:Building package 'Practice' with the following arguments: {'ament_cmake_args': None, 'build_base': '/home/vishvesh/ros2_ws/build/Practice', 'catkin_cmake_args': None, 'catkin_skip_building_tests': False, 'cmake_args': None, 'cmake_clean_cache': False, 'cmake_clean_first': False, 'cmake_force_configure': False, 'cmake_target': None, 'cmake_target_skip_unavailable': False, 'install_base': '/home/vishvesh/ros2_ws/install/Practice', 'merge_install': False, 'path': '/home/vishvesh/ros2_ws/src/Practice', 'symlink_install': True, 'test_result_base': None}
[0.302s] Level 5:colcon.colcon_core.verb:set package 'arm_humble' build argument 'cmake_args' from command line to 'None'
[0.302s] Level 5:colcon.colcon_core.verb:set package 'arm_humble' build argument 'cmake_target' from command line to 'None'
[0.302s] Level 5:colcon.colcon_core.verb:set package 'arm_humble' build argument 'cmake_target_skip_unavailable' from command line to 'False'
[0.302s] Level 5:colcon.colcon_core.verb:set package 'arm_humble' build argument 'cmake_clean_cache' from command line to 'False'
[0.302s] Level 5:colcon.colcon_core.verb:set package 'arm_humble' build argument 'cmake_clean_first' from command line to 'False'
[0.302s] Level 5:colcon.colcon_core.verb:set package 'arm_humble' build argument 'cmake_force_configure' from command line to 'False'
[0.302s] Level 5:colcon.colcon_core.verb:set package 'arm_humble' build argument 'ament_cmake_args' from command line to 'None'
[0.303s] Level 5:colcon.colcon_core.verb:set package 'arm_humble' build argument 'catkin_cmake_args' from command line to 'None'
[0.303s] Level 5:colcon.colcon_core.verb:set package 'arm_humble' build argument 'catkin_skip_building_tests' from command line to 'False'
[0.303s] DEBUG:colcon.colcon_core.verb:Building package 'arm_humble' with the following arguments: {'ament_cmake_args': None, 'build_base': '/home/vishvesh/ros2_ws/build/arm_humble', 'catkin_cmake_args': None, 'catkin_skip_building_tests': False, 'cmake_args': None, 'cmake_clean_cache': False, 'cmake_clean_first': False, 'cmake_force_configure': False, 'cmake_target': None, 'cmake_target_skip_unavailable': False, 'install_base': '/home/vishvesh/ros2_ws/install/arm_humble', 'merge_install': False, 'path': '/home/vishvesh/ros2_ws/src/kratos_inductions/arm_humble', 'symlink_install': True, 'test_result_base': None}
[0.303s] Level 5:colcon.colcon_core.verb:set package 'kratos_vishvesh' build argument 'cmake_args' from command line to 'None'
[0.303s] Level 5:colcon.colcon_core.verb:set package 'kratos_vishvesh' build argument 'cmake_target' from command line to 'None'
[0.303s] Level 5:colcon.colcon_core.verb:set package 'kratos_vishvesh' build argument 'cmake_target_skip_unavailable' from command line to 'False'
[0.303s] Level 5:colcon.colcon_core.verb:set package 'kratos_vishvesh' build argument 'cmake_clean_cache' from command line to 'False'
[0.303s] Level 5:colcon.colcon_core.verb:set package 'kratos_vishvesh' build argument 'cmake_clean_first' from command line to 'False'
[0.303s] Level 5:colcon.colcon_core.verb:set package 'kratos_vishvesh' build argument 'cmake_force_configure' from command line to 'False'
[0.303s] Level 5:colcon.colcon_core.verb:set package 'kratos_vishvesh' build argument 'ament_cmake_args' from command line to 'None'
[0.303s] Level 5:colcon.colcon_core.verb:set package 'kratos_vishvesh' build argument 'catkin_cmake_args' from command line to 'None'
[0.303s] Level 5:colcon.colcon_core.verb:set package 'kratos_vishvesh' build argument 'catkin_skip_building_tests' from command line to 'False'
[0.303s] DEBUG:colcon.colcon_core.verb:Building package 'kratos_vishvesh' with the following arguments: {'ament_cmake_args': None, 'build_base': '/home/vishvesh/ros2_ws/build/kratos_vishvesh', 'catkin_cmake_args': None, 'catkin_skip_building_tests': False, 'cmake_args': None, 'cmake_clean_cache': False, 'cmake_clean_first': False, 'cmake_force_configure': False, 'cmake_target': None, 'cmake_target_skip_unavailable': False, 'install_base': '/home/vishvesh/ros2_ws/install/kratos_vishvesh', 'merge_install': False, 'path': '/home/vishvesh/ros2_ws/src/kratos_vishvesh', 'symlink_install': True, 'test_result_base': None}
[0.304s] Level 5:colcon.colcon_core.verb:set package 'kratos_vishvesh_q2_msgs' build argument 'cmake_args' from command line to 'None'
[0.304s] Level 5:colcon.colcon_core.verb:set package 'kratos_vishvesh_q2_msgs' build argument 'cmake_target' from command line to 'None'
[0.304s] Level 5:colcon.colcon_core.verb:set package 'kratos_vishvesh_q2_msgs' build argument 'cmake_target_skip_unavailable' from command line to 'False'
[0.304s] Level 5:colcon.colcon_core.verb:set package 'kratos_vishvesh_q2_msgs' build argument 'cmake_clean_cache' from command line to 'False'
[0.304s] Level 5:colcon.colcon_core.verb:set package 'kratos_vishvesh_q2_msgs' build argument 'cmake_clean_first' from command line to 'False'
[0.304s] Level 5:colcon.colcon_core.verb:set package 'kratos_vishvesh_q2_msgs' build argument 'cmake_force_configure' from command line to 'False'
[0.304s] Level 5:colcon.colcon_core.verb:set package 'kratos_vishvesh_q2_msgs' build argument 'ament_cmake_args' from command line to 'None'
[0.304s] Level 5:colcon.colcon_core.verb:set package 'kratos_vishvesh_q2_msgs' build argument 'catkin_cmake_args' from command line to 'None'
[0.304s] Level 5:colcon.colcon_core.verb:set package 'kratos_vishvesh_q2_msgs' build argument 'catkin_skip_building_tests' from command line to 'False'
[0.304s] DEBUG:colcon.colcon_core.verb:Building package 'kratos_vishvesh_q2_msgs' with the following arguments: {'ament_cmake_args': None, 'build_base': '/home/vishvesh/ros2_ws/build/kratos_vishvesh_q2_msgs', 'catkin_cmake_args': None, 'catkin_skip_building_tests': False, 'cmake_args': None, 'cmake_clean_cache': False, 'cmake_clean_first': False, 'cmake_force_configure': False, 'cmake_target': None, 'cmake_target_skip_unavailable': False, 'install_base': '/home/vishvesh/ros2_ws/install/kratos_vishvesh_q2_msgs', 'merge_install': False, 'path': '/home/vishvesh/ros2_ws/src/kratos_vishvesh_q2_msgs', 'symlink_install': True, 'test_result_base': None}
[0.305s] Level 5:colcon.colcon_core.verb:set package 'kratos_vishvesh_q2' build argument 'cmake_args' from command line to 'None'
[0.305s] Level 5:colcon.colcon_core.verb:set package 'kratos_vishvesh_q2' build argument 'cmake_target' from command line to 'None'
[0.305s] Level 5:colcon.colcon_core.verb:set package 'kratos_vishvesh_q2' build argument 'cmake_target_skip_unavailable' from command line to 'False'
[0.305s] Level 5:colcon.colcon_core.verb:set package 'kratos_vishvesh_q2' build argument 'cmake_clean_cache' from command line to 'False'
[0.305s] Level 5:colcon.colcon_core.verb:set package 'kratos_vishvesh_q2' build argument 'cmake_clean_first' from command line to 'False'
[0.305s] Level 5:colcon.colcon_core.verb:set package 'kratos_vishvesh_q2' build argument 'cmake_force_configure' from command line to 'False'
[0.305s] Level 5:colcon.colcon_core.verb:set package 'kratos_vishvesh_q2' build argument 'ament_cmake_args' from command line to 'None'
[0.305s] Level 5:colcon.colcon_core.verb:set package 'kratos_vishvesh_q2' build argument 'catkin_cmake_args' from command line to 'None'
[0.305s] Level 5:colcon.colcon_core.verb:set package 'kratos_vishvesh_q2' build argument 'catkin_skip_building_tests' from command line to 'False'
[0.305s] DEBUG:colcon.colcon_core.verb:Building package 'kratos_vishvesh_q2' with the following arguments: {'ament_cmake_args': None, 'build_base': '/home/vishvesh/ros2_ws/build/kratos_vishvesh_q2', 'catkin_cmake_args': None, 'catkin_skip_building_tests': False, 'cmake_args': None, 'cmake_clean_cache': False, 'cmake_clean_first': False, 'cmake_force_configure': False, 'cmake_target': None, 'cmake_target_skip_unavailable': False, 'install_base': '/home/vishvesh/ros2_ws/install/kratos_vishvesh_q2', 'merge_install': False, 'path': '/home/vishvesh/ros2_ws/src/kratos_vishvesh_q2', 'symlink_install': True, 'test_result_base': None}
[0.305s] INFO:colcon.colcon_core.executor:Executing jobs using 'parallel' executor
[0.307s] DEBUG:colcon.colcon_parallel_executor.executor.parallel:run_until_complete
[0.307s] INFO:colcon.colcon_ros.task.ament_cmake.build:Building ROS package in '/home/vishvesh/ros2_ws/src/kratos_vishvesh_q2_msgs' with build type 'ament_cmake'
[0.307s] INFO:colcon.colcon_cmake.task.cmake.build:Building CMake package in '/home/vishvesh/ros2_ws/src/kratos_vishvesh_q2_msgs'
[0.312s] INFO:colcon.colcon_core.plugin_system:Skipping extension 'colcon_core.shell.bat': Not used on non-Windows systems
[0.313s] INFO:colcon.colcon_core.shell:Skip shell extension 'powershell' for command environment: Not usable outside of PowerShell
[0.313s] DEBUG:colcon.colcon_core.shell:Skip shell extension 'dsv' for command environment
[0.319s] INFO:colcon.colcon_ros.task.ament_python.build:Building ROS package in '/home/vishvesh/ros2_ws/src/Practice' with build type 'ament_python'
[0.319s] Level 1:colcon.colcon_core.shell:create_environment_hook('Practice', 'ament_prefix_path')
[0.320s] INFO:colcon.colcon_core.shell:Creating environment hook '/home/vishvesh/ros2_ws/install/Practice/share/Practice/hook/ament_prefix_path.ps1'
[0.322s] INFO:colcon.colcon_core.shell:Creating environment descriptor '/home/vishvesh/ros2_ws/install/Practice/share/Practice/hook/ament_prefix_path.dsv'
[0.323s] INFO:colcon.colcon_core.shell:Creating environment hook '/home/vishvesh/ros2_ws/install/Practice/share/Practice/hook/ament_prefix_path.sh'
[0.325s] INFO:colcon.colcon_core.shell:Skip shell extension 'powershell' for command environment: Not usable outside of PowerShell
[0.325s] DEBUG:colcon.colcon_core.shell:Skip shell extension 'dsv' for command environment
[0.333s] INFO:colcon.colcon_ros.task.ament_cmake.build:Building ROS package in '/home/vishvesh/ros2_ws/src/kratos_inductions/arm_humble' with build type 'ament_cmake'
[0.333s] INFO:colcon.colcon_cmake.task.cmake.build:Building CMake package in '/home/vishvesh/ros2_ws/src/kratos_inductions/arm_humble'
[0.334s] INFO:colcon.colcon_core.shell:Skip shell extension 'powershell' for command environment: Not usable outside of PowerShell
[0.334s] DEBUG:colcon.colcon_core.shell:Skip shell extension 'dsv' for command environment
[0.342s] INFO:colcon.colcon_ros.task.ament_cmake.build:Building ROS package in '/home/vishvesh/ros2_ws/src/kratos_vishvesh' with build type 'ament_cmake'
[0.342s] INFO:colcon.colcon_cmake.task.cmake.build:Building CMake package in '/home/vishvesh/ros2_ws/src/kratos_vishvesh'
[0.343s] INFO:colcon.colcon_core.shell:Skip shell extension 'powershell' for command environment: Not usable outside of PowerShell
[0.343s] DEBUG:colcon.colcon_core.shell:Skip shell extension 'dsv' for command environment
[0.363s] DEBUG:colcon.colcon_core.event_handler.log_command:Invoking command in '/home/vishvesh/ros2_ws/build/kratos_vishvesh_q2_msgs': CMAKE_PREFIX_PATH=${CMAKE_PREFIX_PATH}:/home/vishvesh/ros2_ws/install/turtle_controller:/home/vishvesh/ros2_ws/install/gs_simulation_interfaces:/home/vishvesh/ros2_ws/install/gs_ros:/home/vishvesh/ros2_ws/install/Practice:/opt/ros/humble /usr/bin/cmake --build /home/vishvesh/ros2_ws/build/kratos_vishvesh_q2_msgs -- -j16 -l16
[0.962s] INFO:colcon.colcon_core.task.python.build:Building Python package in '/home/vishvesh/ros2_ws/src/Practice'
[0.963s] INFO:colcon.colcon_core.shell:Skip shell extension 'powershell' for command environment: Not usable outside of PowerShell
[0.963s] DEBUG:colcon.colcon_core.shell:Skip shell extension 'dsv' for command environment
[0.978s] DEBUG:colcon.colcon_core.event_handler.log_command:Invoking command in '/home/vishvesh/ros2_ws/build/arm_humble': CMAKE_PREFIX_PATH=${CMAKE_PREFIX_PATH}:/home/vishvesh/ros2_ws/install/turtle_controller:/home/vishvesh/ros2_ws/install/gs_simulation_interfaces:/home/vishvesh/ros2_ws/install/gs_ros:/home/vishvesh/ros2_ws/install/Practice:/opt/ros/humble /usr/bin/cmake --build /home/vishvesh/ros2_ws/build/arm_humble -- -j16 -l16
[0.991s] DEBUG:colcon.colcon_core.event_handler.log_command:Invoking command in '/home/vishvesh/ros2_ws/build/kratos_vishvesh': CMAKE_PREFIX_PATH=${CMAKE_PREFIX_PATH}:/home/vishvesh/ros2_ws/install/turtle_controller:/home/vishvesh/ros2_ws/install/gs_simulation_interfaces:/home/vishvesh/ros2_ws/install/gs_ros:/home/vishvesh/ros2_ws/install/Practice:/opt/ros/humble /usr/bin/cmake --build /home/vishvesh/ros2_ws/build/kratos_vishvesh -- -j16 -l16
[1.056s] DEBUG:colcon.colcon_core.event_handler.log_command:Invoked command in '/home/vishvesh/ros2_ws/build/arm_humble' returned '0': CMAKE_PREFIX_PATH=${CMAKE_PREFIX_PATH}:/home/vishvesh/ros2_ws/install/turtle_controller:/home/vishvesh/ros2_ws/install/gs_simulation_interfaces:/home/vishvesh/ros2_ws/install/gs_ros:/home/vishvesh/ros2_ws/install/Practice:/opt/ros/humble /usr/bin/cmake --build /home/vishvesh/ros2_ws/build/arm_humble -- -j16 -l16
[1.075s] DEBUG:colcon.colcon_core.event_handler.log_command:Invoking command in '/home/vishvesh/ros2_ws/build/arm_humble': CMAKE_PREFIX_PATH=${CMAKE_PREFIX_PATH}:/home/vishvesh/ros2_ws/install/turtle_controller:/home/vishvesh/ros2_ws/install/gs_simulation_interfaces:/home/vishvesh/ros2_ws/install/gs_ros:/home/vishvesh/ros2_ws/install/Practice:/opt/ros/humble /usr/bin/cmake --install /home/vishvesh/ros2_ws/build/arm_humble
[1.077s] DEBUG:colcon.colcon_core.event_handler.log_command:Invoked command in '/home/vishvesh/ros2_ws/build/kratos_vishvesh' returned '0': CMAKE_PREFIX_PATH=${CMAKE_PREFIX_PATH}:/home/vishvesh/ros2_ws/install/turtle_controller:/home/vishvesh/ros2_ws/install/gs_simulation_interfaces:/home/vishvesh/ros2_ws/install/gs_ros:/home/vishvesh/ros2_ws/install/Practice:/opt/ros/humble /usr/bin/cmake --build /home/vishvesh/ros2_ws/build/kratos_vishvesh -- -j16 -l16
[1.080s] DEBUG:colcon.colcon_core.event_handler.log_command:Invoking command in '/home/vishvesh/ros2_ws/build/kratos_vishvesh': CMAKE_PREFIX_PATH=${CMAKE_PREFIX_PATH}:/home/vishvesh/ros2_ws/install/turtle_controller:/home/vishvesh/ros2_ws/install/gs_simulation_interfaces:/home/vishvesh/ros2_ws/install/gs_ros:/home/vishvesh/ros2_ws/install/Practice:/opt/ros/humble /usr/bin/cmake --install /home/vishvesh/ros2_ws/build/kratos_vishvesh
[1.118s] Level 1:colcon.colcon_core.environment:create_environment_scripts_only(kratos_vishvesh)
[1.119s] DEBUG:colcon.colcon_core.event_handler.log_command:Invoked command in '/home/vishvesh/ros2_ws/build/kratos_vishvesh' returned '0': CMAKE_PREFIX_PATH=${CMAKE_PREFIX_PATH}:/home/vishvesh/ros2_ws/install/turtle_controller:/home/vishvesh/ros2_ws/install/gs_simulation_interfaces:/home/vishvesh/ros2_ws/install/gs_ros:/home/vishvesh/ros2_ws/install/Practice:/opt/ros/humble /usr/bin/cmake --install /home/vishvesh/ros2_ws/build/kratos_vishvesh
[1.128s] Level 1:colcon.colcon_core.environment:checking '/home/vishvesh/ros2_ws/install/kratos_vishvesh' for CMake module files
[1.129s] Level 1:colcon.colcon_core.environment:checking '/home/vishvesh/ros2_ws/install/kratos_vishvesh' for CMake config files
[1.130s] Level 1:colcon.colcon_core.shell:create_environment_hook('kratos_vishvesh', 'cmake_prefix_path')
[1.130s] INFO:colcon.colcon_core.shell:Creating environment hook '/home/vishvesh/ros2_ws/install/kratos_vishvesh/share/kratos_vishvesh/hook/cmake_prefix_path.ps1'
[1.131s] INFO:colcon.colcon_core.shell:Creating environment descriptor '/home/vishvesh/ros2_ws/install/kratos_vishvesh/share/kratos_vishvesh/hook/cmake_prefix_path.dsv'
[1.132s] INFO:colcon.colcon_core.shell:Creating environment hook '/home/vishvesh/ros2_ws/install/kratos_vishvesh/share/kratos_vishvesh/hook/cmake_prefix_path.sh'
[1.134s] Level 1:colcon.colcon_core.environment:checking '/home/vishvesh/ros2_ws/install/kratos_vishvesh/lib'
[1.134s] Level 1:colcon.colcon_core.environment:checking '/home/vishvesh/ros2_ws/install/kratos_vishvesh/bin'
[1.134s] Level 1:colcon.colcon_core.environment:checking '/home/vishvesh/ros2_ws/install/kratos_vishvesh/lib/pkgconfig/kratos_vishvesh.pc'
[1.135s] Level 1:colcon.colcon_core.environment:checking '/home/vishvesh/ros2_ws/install/kratos_vishvesh/lib/python3.10/site-packages'
[1.136s] Level 1:colcon.colcon_core.environment:checking '/home/vishvesh/ros2_ws/install/kratos_vishvesh/bin'
[1.136s] INFO:colcon.colcon_core.shell:Creating package script '/home/vishvesh/ros2_ws/install/kratos_vishvesh/share/kratos_vishvesh/package.ps1'
[1.139s] INFO:colcon.colcon_core.shell:Creating package descriptor '/home/vishvesh/ros2_ws/install/kratos_vishvesh/share/kratos_vishvesh/package.dsv'
[1.141s] INFO:colcon.colcon_core.shell:Creating package script '/home/vishvesh/ros2_ws/install/kratos_vishvesh/share/kratos_vishvesh/package.sh'
[1.143s] INFO:colcon.colcon_core.shell:Creating package script '/home/vishvesh/ros2_ws/install/kratos_vishvesh/share/kratos_vishvesh/package.bash'
[1.146s] INFO:colcon.colcon_core.shell:Creating package script '/home/vishvesh/ros2_ws/install/kratos_vishvesh/share/kratos_vishvesh/package.zsh'
[1.148s] Level 1:colcon.colcon_core.environment:create_file_with_runtime_dependencies(/home/vishvesh/ros2_ws/install/kratos_vishvesh/share/colcon-core/packages/kratos_vishvesh)
[1.149s] Level 1:colcon.colcon_core.environment:create_environment_scripts_only(kratos_vishvesh)
[1.149s] Level 1:colcon.colcon_core.environment:checking '/home/vishvesh/ros2_ws/install/kratos_vishvesh' for CMake module files
[1.150s] Level 1:colcon.colcon_core.environment:checking '/home/vishvesh/ros2_ws/install/kratos_vishvesh' for CMake config files
[1.151s] Level 1:colcon.colcon_core.shell:create_environment_hook('kratos_vishvesh', 'cmake_prefix_path')
[1.151s] INFO:colcon.colcon_core.shell:Creating environment hook '/home/vishvesh/ros2_ws/install/kratos_vishvesh/share/kratos_vishvesh/hook/cmake_prefix_path.ps1'
[1.152s] INFO:colcon.colcon_core.shell:Creating environment descriptor '/home/vishvesh/ros2_ws/install/kratos_vishvesh/share/kratos_vishvesh/hook/cmake_prefix_path.dsv'
[1.153s] INFO:colcon.colcon_core.shell:Creating environment hook '/home/vishvesh/ros2_ws/install/kratos_vishvesh/share/kratos_vishvesh/hook/cmake_prefix_path.sh'
[1.154s] Level 1:colcon.colcon_core.environment:checking '/home/vishvesh/ros2_ws/install/kratos_vishvesh/lib'
[1.154s] Level 1:colcon.colcon_core.environment:checking '/home/vishvesh/ros2_ws/install/kratos_vishvesh/bin'
[1.154s] Level 1:colcon.colcon_core.environment:checking '/home/vishvesh/ros2_ws/install/kratos_vishvesh/lib/pkgconfig/kratos_vishvesh.pc'
[1.155s] Level 1:colcon.colcon_core.environment:checking '/home/vishvesh/ros2_ws/install/kratos_vishvesh/lib/python3.10/site-packages'
[1.156s] Level 1:colcon.colcon_core.environment:checking '/home/vishvesh/ros2_ws/install/kratos_vishvesh/bin'
[1.156s] INFO:colcon.colcon_core.shell:Creating package script '/home/vishvesh/ros2_ws/install/kratos_vishvesh/share/kratos_vishvesh/package.ps1'
[1.158s] INFO:colcon.colcon_core.shell:Creating package descriptor '/home/vishvesh/ros2_ws/install/kratos_vishvesh/share/kratos_vishvesh/package.dsv'
[1.159s] INFO:colcon.colcon_core.shell:Creating package script '/home/vishvesh/ros2_ws/install/kratos_vishvesh/share/kratos_vishvesh/package.sh'
[1.160s] INFO:colcon.colcon_core.shell:Creating package script '/home/vishvesh/ros2_ws/install/kratos_vishvesh/share/kratos_vishvesh/package.bash'
[1.161s] INFO:colcon.colcon_core.shell:Creating package script '/home/vishvesh/ros2_ws/install/kratos_vishvesh/share/kratos_vishvesh/package.zsh'
[1.162s] Level 1:colcon.colcon_core.environment:create_file_with_runtime_dependencies(/home/vishvesh/ros2_ws/install/kratos_vishvesh/share/colcon-core/packages/kratos_vishvesh)
[1.164s] Level 1:colcon.colcon_core.environment:create_environment_scripts_only(arm_humble)
[1.165s] Level 1:colcon.colcon_core.environment:checking '/home/vishvesh/ros2_ws/install/arm_humble' for CMake module files
[1.166s] DEBUG:colcon.colcon_core.event_handler.log_command:Invoked command in '/home/vishvesh/ros2_ws/build/arm_humble' returned '0': CMAKE_PREFIX_PATH=${CMAKE_PREFIX_PATH}:/home/vishvesh/ros2_ws/install/turtle_controller:/home/vishvesh/ros2_ws/install/gs_simulation_interfaces:/home/vishvesh/ros2_ws/install/gs_ros:/home/vishvesh/ros2_ws/install/Practice:/opt/ros/humble /usr/bin/cmake --install /home/vishvesh/ros2_ws/build/arm_humble
[1.166s] Level 1:colcon.colcon_core.environment:checking '/home/vishvesh/ros2_ws/install/arm_humble' for CMake config files
[1.167s] Level 1:colcon.colcon_core.shell:create_environment_hook('arm_humble', 'cmake_prefix_path')
[1.168s] INFO:colcon.colcon_core.shell:Creating environment hook '/home/vishvesh/ros2_ws/install/arm_humble/share/arm_humble/hook/cmake_prefix_path.ps1'
[1.169s] INFO:colcon.colcon_core.shell:Creating environment descriptor '/home/vishvesh/ros2_ws/install/arm_humble/share/arm_humble/hook/cmake_prefix_path.dsv'
[1.170s] INFO:colcon.colcon_core.shell:Creating environment hook '/home/vishvesh/ros2_ws/install/arm_humble/share/arm_humble/hook/cmake_prefix_path.sh'
[1.172s] Level 1:colcon.colcon_core.environment:checking '/home/vishvesh/ros2_ws/install/arm_humble/lib'
[1.172s] Level 1:colcon.colcon_core.environment:checking '/home/vishvesh/ros2_ws/install/arm_humble/bin'
[1.172s] Level 1:colcon.colcon_core.environment:checking '/home/vishvesh/ros2_ws/install/arm_humble/lib/pkgconfig/arm_humble.pc'
[1.173s] Level 1:colcon.colcon_core.environment:checking '/home/vishvesh/ros2_ws/install/arm_humble/lib/python3.10/site-packages'
[1.174s] Level 1:colcon.colcon_core.environment:checking '/home/vishvesh/ros2_ws/install/arm_humble/bin'
[1.174s] INFO:colcon.colcon_core.shell:Creating package script '/home/vishvesh/ros2_ws/install/arm_humble/share/arm_humble/package.ps1'
[1.176s] INFO:colcon.colcon_core.shell:Creating package descriptor '/home/vishvesh/ros2_ws/install/arm_humble/share/arm_humble/package.dsv'
[1.177s] INFO:colcon.colcon_core.shell:Creating package script '/home/vishvesh/ros2_ws/install/arm_humble/share/arm_humble/package.sh'
[1.177s] INFO:colcon.colcon_core.shell:Creating package script '/home/vishvesh/ros2_ws/install/arm_humble/share/arm_humble/package.bash'
[1.178s] INFO:colcon.colcon_core.shell:Creating package script '/home/vishvesh/ros2_ws/install/arm_humble/share/arm_humble/package.zsh'
[1.179s] Level 1:colcon.colcon_core.environment:create_file_with_runtime_dependencies(/home/vishvesh/ros2_ws/install/arm_humble/share/colcon-core/packages/arm_humble)
[1.180s] Level 1:colcon.colcon_core.environment:create_environment_scripts_only(arm_humble)
[1.180s] Level 1:colcon.colcon_core.environment:checking '/home/vishvesh/ros2_ws/install/arm_humble' for CMake module files
[1.181s] Level 1:colcon.colcon_core.environment:checking '/home/vishvesh/ros2_ws/install/arm_humble' for CMake config files
[1.181s] Level 1:colcon.colcon_core.shell:create_environment_hook('arm_humble', 'cmake_prefix_path')
[1.182s] INFO:colcon.colcon_core.shell:Creating environment hook '/home/vishvesh/ros2_ws/install/arm_humble/share/arm_humble/hook/cmake_prefix_path.ps1'
[1.182s] INFO:colcon.colcon_core.shell:Creating environment descriptor '/home/vishvesh/ros2_ws/install/arm_humble/share/arm_humble/hook/cmake_prefix_path.dsv'
[1.183s] INFO:colcon.colcon_core.shell:Creating environment hook '/home/vishvesh/ros2_ws/install/arm_humble/share/arm_humble/hook/cmake_prefix_path.sh'
[1.184s] Level 1:colcon.colcon_core.environment:checking '/home/vishvesh/ros2_ws/install/arm_humble/lib'
[1.184s] Level 1:colcon.colcon_core.environment:checking '/home/vishvesh/ros2_ws/install/arm_humble/bin'
[1.184s] Level 1:colcon.colcon_core.environment:checking '/home/vishvesh/ros2_ws/install/arm_humble/lib/pkgconfig/arm_humble.pc'
[1.184s] Level 1:colcon.colcon_core.environment:checking '/home/vishvesh/ros2_ws/install/arm_humble/lib/python3.10/site-packages'
[1.185s] Level 1:colcon.colcon_core.environment:checking '/home/vishvesh/ros2_ws/install/arm_humble/bin'
[1.185s] INFO:colcon.colcon_core.shell:Creating package script '/home/vishvesh/ros2_ws/install/arm_humble/share/arm_humble/package.ps1'
[1.186s] INFO:colcon.colcon_core.shell:Creating package descriptor '/home/vishvesh/ros2_ws/install/arm_humble/share/arm_humble/package.dsv'
[1.187s] INFO:colcon.colcon_core.shell:Creating package script '/home/vishvesh/ros2_ws/install/arm_humble/share/arm_humble/package.sh'
[1.188s] INFO:colcon.colcon_core.shell:Creating package script '/home/vishvesh/ros2_ws/install/arm_humble/share/arm_humble/package.bash'
[1.188s] INFO:colcon.colcon_core.shell:Creating package script '/home/vishvesh/ros2_ws/install/arm_humble/share/arm_humble/package.zsh'
[1.189s] Level 1:colcon.colcon_core.environment:create_file_with_runtime_dependencies(/home/vishvesh/ros2_ws/install/arm_humble/share/colcon-core/packages/arm_humble)
[1.226s] DEBUG:colcon.colcon_core.event_handler.log_command:Invoked command in '/home/vishvesh/ros2_ws/build/kratos_vishvesh_q2_msgs' returned '0': CMAKE_PREFIX_PATH=${CMAKE_PREFIX_PATH}:/home/vishvesh/ros2_ws/install/turtle_controller:/home/vishvesh/ros2_ws/install/gs_simulation_interfaces:/home/vishvesh/ros2_ws/install/gs_ros:/home/vishvesh/ros2_ws/install/Practice:/opt/ros/humble /usr/bin/cmake --build /home/vishvesh/ros2_ws/build/kratos_vishvesh_q2_msgs -- -j16 -l16
[1.229s] DEBUG:colcon.colcon_core.event_handler.log_command:Invoking command in '/home/vishvesh/ros2_ws/build/kratos_vishvesh_q2_msgs': CMAKE_PREFIX_PATH=${CMAKE_PREFIX_PATH}:/home/vishvesh/ros2_ws/install/turtle_controller:/home/vishvesh/ros2_ws/install/gs_simulation_interfaces:/home/vishvesh/ros2_ws/install/gs_ros:/home/vishvesh/ros2_ws/install/Practice:/opt/ros/humble /usr/bin/cmake --install /home/vishvesh/ros2_ws/build/kratos_vishvesh_q2_msgs
[1.370s] Level 1:colcon.colcon_core.environment:create_environment_scripts_only(kratos_vishvesh_q2_msgs)
[1.371s] DEBUG:colcon.colcon_core.event_handler.log_command:Invoked command in '/home/vishvesh/ros2_ws/build/kratos_vishvesh_q2_msgs' returned '0': CMAKE_PREFIX_PATH=${CMAKE_PREFIX_PATH}:/home/vishvesh/ros2_ws/install/turtle_controller:/home/vishvesh/ros2_ws/install/gs_simulation_interfaces:/home/vishvesh/ros2_ws/install/gs_ros:/home/vishvesh/ros2_ws/install/Practice:/opt/ros/humble /usr/bin/cmake --install /home/vishvesh/ros2_ws/build/kratos_vishvesh_q2_msgs
[1.372s] Level 1:colcon.colcon_core.environment:checking '/home/vishvesh/ros2_ws/install/kratos_vishvesh_q2_msgs' for CMake module files
[1.373s] Level 1:colcon.colcon_core.environment:checking '/home/vishvesh/ros2_ws/install/kratos_vishvesh_q2_msgs' for CMake config files
[1.374s] Level 1:colcon.colcon_core.shell:create_environment_hook('kratos_vishvesh_q2_msgs', 'cmake_prefix_path')
[1.374s] INFO:colcon.colcon_core.shell:Creating environment hook '/home/vishvesh/ros2_ws/install/kratos_vishvesh_q2_msgs/share/kratos_vishvesh_q2_msgs/hook/cmake_prefix_path.ps1'
[1.375s] INFO:colcon.colcon_core.shell:Creating environment descriptor '/home/vishvesh/ros2_ws/install/kratos_vishvesh_q2_msgs/share/kratos_vishvesh_q2_msgs/hook/cmake_prefix_path.dsv'
[1.376s] INFO:colcon.colcon_core.shell:Creating environment hook '/home/vishvesh/ros2_ws/install/kratos_vishvesh_q2_msgs/share/kratos_vishvesh_q2_msgs/hook/cmake_prefix_path.sh'
[1.377s] Level 1:colcon.colcon_core.environment:checking '/home/vishvesh/ros2_ws/install/kratos_vishvesh_q2_msgs/lib'
[1.377s] Level 1:colcon.colcon_core.shell:create_environment_hook('kratos_vishvesh_q2_msgs', 'ld_library_path_lib')
[1.377s] INFO:colcon.colcon_core.shell:Creating environment hook '/home/vishvesh/ros2_ws/install/kratos_vishvesh_q2_msgs/share/kratos_vishvesh_q2_msgs/hook/ld_library_path_lib.ps1'
[1.378s] INFO:colcon.colcon_core.shell:Creating environment descriptor '/home/vishvesh/ros2_ws/install/kratos_vishvesh_q2_msgs/share/kratos_vishvesh_q2_msgs/hook/ld_library_path_lib.dsv'
[1.378s] INFO:colcon.colcon_core.shell:Creating environment hook '/home/vishvesh/ros2_ws/install/kratos_vishvesh_q2_msgs/share/kratos_vishvesh_q2_msgs/hook/ld_library_path_lib.sh'
[1.379s] Level 1:colcon.colcon_core.environment:checking '/home/vishvesh/ros2_ws/install/kratos_vishvesh_q2_msgs/bin'
[1.379s] Level 1:colcon.colcon_core.environment:checking '/home/vishvesh/ros2_ws/install/kratos_vishvesh_q2_msgs/lib/pkgconfig/kratos_vishvesh_q2_msgs.pc'
[1.379s] Level 1:colcon.colcon_core.environment:checking '/home/vishvesh/ros2_ws/install/kratos_vishvesh_q2_msgs/lib/python3.10/site-packages'
[1.380s] Level 1:colcon.colcon_core.environment:checking '/home/vishvesh/ros2_ws/install/kratos_vishvesh_q2_msgs/bin'
[1.380s] INFO:colcon.colcon_core.shell:Creating package script '/home/vishvesh/ros2_ws/install/kratos_vishvesh_q2_msgs/share/kratos_vishvesh_q2_msgs/package.ps1'
[1.381s] INFO:colcon.colcon_core.shell:Creating package descriptor '/home/vishvesh/ros2_ws/install/kratos_vishvesh_q2_msgs/share/kratos_vishvesh_q2_msgs/package.dsv'
[1.382s] INFO:colcon.colcon_core.shell:Creating package script '/home/vishvesh/ros2_ws/install/kratos_vishvesh_q2_msgs/share/kratos_vishvesh_q2_msgs/package.sh'
[1.383s] INFO:colcon.colcon_core.shell:Creating package script '/home/vishvesh/ros2_ws/install/kratos_vishvesh_q2_msgs/share/kratos_vishvesh_q2_msgs/package.bash'
[1.383s] INFO:colcon.colcon_core.shell:Creating package script '/home/vishvesh/ros2_ws/install/kratos_vishvesh_q2_msgs/share/kratos_vishvesh_q2_msgs/package.zsh'
[1.384s] Level 1:colcon.colcon_core.environment:create_file_with_runtime_dependencies(/home/vishvesh/ros2_ws/install/kratos_vishvesh_q2_msgs/share/colcon-core/packages/kratos_vishvesh_q2_msgs)
[1.385s] Level 1:colcon.colcon_core.environment:create_environment_scripts_only(kratos_vishvesh_q2_msgs)
[1.385s] Level 1:colcon.colcon_core.environment:checking '/home/vishvesh/ros2_ws/install/kratos_vishvesh_q2_msgs' for CMake module files
[1.386s] Level 1:colcon.colcon_core.environment:checking '/home/vishvesh/ros2_ws/install/kratos_vishvesh_q2_msgs' for CMake config files
[1.387s] Level 1:colcon.colcon_core.shell:create_environment_hook('kratos_vishvesh_q2_msgs', 'cmake_prefix_path')
[1.387s] INFO:colcon.colcon_core.shell:Creating environment hook '/home/vishvesh/ros2_ws/install/kratos_vishvesh_q2_msgs/share/kratos_vishvesh_q2_msgs/hook/cmake_prefix_path.ps1'
[1.388s] INFO:colcon.colcon_core.shell:Creating environment descriptor '/home/vishvesh/ros2_ws/install/kratos_vishvesh_q2_msgs/share/kratos_vishvesh_q2_msgs/hook/cmake_prefix_path.dsv'
[1.388s] INFO:colcon.colcon_core.shell:Creating environment hook '/home/vishvesh/ros2_ws/install/kratos_vishvesh_q2_msgs/share/kratos_vishvesh_q2_msgs/hook/cmake_prefix_path.sh'
[1.389s] Level 1:colcon.colcon_core.environment:checking '/home/vishvesh/ros2_ws/install/kratos_vishvesh_q2_msgs/lib'
[1.389s] Level 1:colcon.colcon_core.shell:create_environment_hook('kratos_vishvesh_q2_msgs', 'ld_library_path_lib')
[1.390s] INFO:colcon.colcon_core.shell:Creating environment hook '/home/vishvesh/ros2_ws/install/kratos_vishvesh_q2_msgs/share/kratos_vishvesh_q2_msgs/hook/ld_library_path_lib.ps1'
[1.390s] INFO:colcon.colcon_core.shell:Creating environment descriptor '/home/vishvesh/ros2_ws/install/kratos_vishvesh_q2_msgs/share/kratos_vishvesh_q2_msgs/hook/ld_library_path_lib.dsv'
[1.391s] INFO:colcon.colcon_core.shell:Creating environment hook '/home/vishvesh/ros2_ws/install/kratos_vishvesh_q2_msgs/share/kratos_vishvesh_q2_msgs/hook/ld_library_path_lib.sh'
[1.391s] Level 1:colcon.colcon_core.environment:checking '/home/vishvesh/ros2_ws/install/kratos_vishvesh_q2_msgs/bin'
[1.391s] Level 1:colcon.colcon_core.environment:checking '/home/vishvesh/ros2_ws/install/kratos_vishvesh_q2_msgs/lib/pkgconfig/kratos_vishvesh_q2_msgs.pc'
[1.392s] Level 1:colcon.colcon_core.environment:checking '/home/vishvesh/ros2_ws/install/kratos_vishvesh_q2_msgs/lib/python3.10/site-packages'
[1.392s] Level 1:colcon.colcon_core.environment:checking '/home/vishvesh/ros2_ws/install/kratos_vishvesh_q2_msgs/bin'
[1.393s] INFO:colcon.colcon_core.shell:Creating package script '/home/vishvesh/ros2_ws/install/kratos_vishvesh_q2_msgs/share/kratos_vishvesh_q2_msgs/package.ps1'
[1.394s] INFO:colcon.colcon_core.shell:Creating package descriptor '/home/vishvesh/ros2_ws/install/kratos_vishvesh_q2_msgs/share/kratos_vishvesh_q2_msgs/package.dsv'
[1.395s] INFO:colcon.colcon_core.shell:Creating package script '/home/vishvesh/ros2_ws/install/kratos_vishvesh_q2_msgs/share/kratos_vishvesh_q2_msgs/package.sh'
[1.396s] INFO:colcon.colcon_core.shell:Creating package script '/home/vishvesh/ros2_ws/install/kratos_vishvesh_q2_msgs/share/kratos_vishvesh_q2_msgs/package.bash'
[1.396s] INFO:colcon.colcon_core.shell:Creating package script '/home/vishvesh/ros2_ws/install/kratos_vishvesh_q2_msgs/share/kratos_vishvesh_q2_msgs/package.zsh'
[1.397s] Level 1:colcon.colcon_core.environment:create_file_with_runtime_dependencies(/home/vishvesh/ros2_ws/install/kratos_vishvesh_q2_msgs/share/colcon-core/packages/kratos_vishvesh_q2_msgs)
[1.397s] INFO:colcon.colcon_ros.task.ament_cmake.build:Building ROS package in '/home/vishvesh/ros2_ws/src/kratos_vishvesh_q2' with build type 'ament_cmake'
[1.397s] INFO:colcon.colcon_cmake.task.cmake.build:Building CMake package in '/home/vishvesh/ros2_ws/src/kratos_vishvesh_q2'
[1.398s] INFO:colcon.colcon_core.shell:Skip shell extension 'powershell' for command environment: Not usable outside of PowerShell
[1.398s] DEBUG:colcon.colcon_core.shell:Skip shell extension 'dsv' for command environment
[1.417s] DEBUG:colcon.colcon_core.event_handler.log_command:Invoking command in '/home/vishvesh/ros2_ws/build/kratos_vishvesh_q2': CMAKE_PREFIX_PATH=/home/vishvesh/ros2_ws/install/kratos_vishvesh_q2_msgs:/home/vishvesh/ros2_ws/install/topic_based_ros2_control:/home/vishvesh/ros2_ws/install/gs_ros_interfaces:/home/vishvesh/ros2_ws/install/simulation_interfaces:/home/vishvesh/ros2_ws/install/kratos_vishvesh_q2:/home/vishvesh/ros2_ws/install/kratos_vishvesh:/home/vishvesh/ros2_ws/install/gs_ros2_control_demos:/home/vishvesh/ros2_ws/install/arm_humble:/home/vishvesh/ros2_ws/install/turtle_controller:/home/vishvesh/ros2_ws/install/gs_simulation_interfaces:/home/vishvesh/ros2_ws/install/gs_ros:/home/vishvesh/ros2_ws/install/Practice:/opt/ros/humble LD_LIBRARY_PATH=/home/vishvesh/ros2_ws/install/kratos_vishvesh_q2_msgs/lib:/home/vishvesh/ros2_ws/install/topic_based_ros2_control/lib:/home/vishvesh/ros2_ws/install/gs_ros_interfaces/lib:/home/vishvesh/ros2_ws/install/simulation_interfaces/lib:/opt/ros/humble/opt/rviz_ogre_vendor/lib:/opt/ros/humble/lib/x86_64-linux-gnu:/opt/ros/humble/lib /usr/bin/cmake --build /home/vishvesh/ros2_ws/build/kratos_vishvesh_q2 -- -j16 -l16
[1.488s] DEBUG:colcon.colcon_core.event_handler.log_command:Invoked command in '/home/vishvesh/ros2_ws/build/kratos_vishvesh_q2' returned '0': CMAKE_PREFIX_PATH=/home/vishvesh/ros2_ws/install/kratos_vishvesh_q2_msgs:/home/vishvesh/ros2_ws/install/topic_based_ros2_control:/home/vishvesh/ros2_ws/install/gs_ros_interfaces:/home/vishvesh/ros2_ws/install/simulation_interfaces:/home/vishvesh/ros2_ws/install/kratos_vishvesh_q2:/home/vishvesh/ros2_ws/install/kratos_vishvesh:/home/vishvesh/ros2_ws/install/gs_ros2_control_demos:/home/vishvesh/ros2_ws/install/arm_humble:/home/vishvesh/ros2_ws/install/turtle_controller:/home/vishvesh/ros2_ws/install/gs_simulation_interfaces:/home/vishvesh/ros2_ws/install/gs_ros:/home/vishvesh/ros2_ws/install/Practice:/opt/ros/humble LD_LIBRARY_PATH=/home/vishvesh/ros2_ws/install/kratos_vishvesh_q2_msgs/lib:/home/vishvesh/ros2_ws/install/topic_based_ros2_control/lib:/home/vishvesh/ros2_ws/install/gs_ros_interfaces/lib:/home/vishvesh/ros2_ws/install/simulation_interfaces/lib:/opt/ros/humble/opt/rviz_ogre_vendor/lib:/opt/ros/humble/lib/x86_64-linux-gnu:/opt/ros/humble/lib /usr/bin/cmake --build /home/vishvesh/ros2_ws/build/kratos_vishvesh_q2 -- -j16 -l16
[1.491s] DEBUG:colcon.colcon_core.event_handler.log_command:Invoking command in '/home/vishvesh/ros2_ws/build/kratos_vishvesh_q2': CMAKE_PREFIX_PATH=/home/vishvesh/ros2_ws/install/kratos_vishvesh_q2_msgs:/home/vishvesh/ros2_ws/install/topic_based_ros2_control:/home/vishvesh/ros2_ws/install/gs_ros_interfaces:/home/vishvesh/ros2_ws/install/simulation_interfaces:/home/vishvesh/ros2_ws/install/kratos_vishvesh_q2:/home/vishvesh/ros2_ws/install/kratos_vishvesh:/home/vishvesh/ros2_ws/install/gs_ros2_control_demos:/home/vishvesh/ros2_ws/install/arm_humble:/home/vishvesh/ros2_ws/install/turtle_controller:/home/vishvesh/ros2_ws/install/gs_simulation_interfaces:/home/vishvesh/ros2_ws/install/gs_ros:/home/vishvesh/ros2_ws/install/Practice:/opt/ros/humble LD_LIBRARY_PATH=/home/vishvesh/ros2_ws/install/kratos_vishvesh_q2_msgs/lib:/home/vishvesh/ros2_ws/install/topic_based_ros2_control/lib:/home/vishvesh/ros2_ws/install/gs_ros_interfaces/lib:/home/vishvesh/ros2_ws/install/simulation_interfaces/lib:/opt/ros/humble/opt/rviz_ogre_vendor/lib:/opt/ros/humble/lib/x86_64-linux-gnu:/opt/ros/humble/lib /usr/bin/cmake --install /home/vishvesh/ros2_ws/build/kratos_vishvesh_q2
[1.532s] Level 1:colcon.colcon_core.environment:create_environment_scripts_only(kratos_vishvesh_q2)
[1.533s] Level 1:colcon.colcon_core.environment:checking '/home/vishvesh/ros2_ws/install/kratos_vishvesh_q2' for CMake module files
[1.533s] DEBUG:colcon.colcon_core.event_handler.log_command:Invoked command in '/home/vishvesh/ros2_ws/build/kratos_vishvesh_q2' returned '0': CMAKE_PREFIX_PATH=/home/vishvesh/ros2_ws/install/kratos_vishvesh_q2_msgs:/home/vishvesh/ros2_ws/install/topic_based_ros2_control:/home/vishvesh/ros2_ws/install/gs_ros_interfaces:/home/vishvesh/ros2_ws/install/simulation_interfaces:/home/vishvesh/ros2_ws/install/kratos_vishvesh_q2:/home/vishvesh/ros2_ws/install/kratos_vishvesh:/home/vishvesh/ros2_ws/install/gs_ros2_control_demos:/home/vishvesh/ros2_ws/install/arm_humble:/home/vishvesh/ros2_ws/install/turtle_controller:/home/vishvesh/ros2_ws/install/gs_simulation_interfaces:/home/vishvesh/ros2_ws/install/gs_ros:/home/vishvesh/ros2_ws/install/Practice:/opt/ros/humble LD_LIBRARY_PATH=/home/vishvesh/ros2_ws/install/kratos_vishvesh_q2_msgs/lib:/home/vishvesh/ros2_ws/install/topic_based_ros2_control/lib:/home/vishvesh/ros2_ws/install/gs_ros_interfaces/lib:/home/vishvesh/ros2_ws/install/simulation_interfaces/lib:/opt/ros/humble/opt/rviz_ogre_vendor/lib:/opt/ros/humble/lib/x86_64-linux-gnu:/opt/ros/humble/lib /usr/bin/cmake --install /home/vishvesh/ros2_ws/build/kratos_vishvesh_q2
[1.534s] Level 1:colcon.colcon_core.environment:checking '/home/vishvesh/ros2_ws/install/kratos_vishvesh_q2' for CMake config files
[1.535s] Level 1:colcon.colcon_core.shell:create_environment_hook('kratos_vishvesh_q2', 'cmake_prefix_path')
[1.535s] INFO:colcon.colcon_core.shell:Creating environment hook '/home/vishvesh/ros2_ws/install/kratos_vishvesh_q2/share/kratos_vishvesh_q2/hook/cmake_prefix_path.ps1'
[1.536s] INFO:colcon.colcon_core.shell:Creating environment descriptor '/home/vishvesh/ros2_ws/install/kratos_vishvesh_q2/share/kratos_vishvesh_q2/hook/cmake_prefix_path.dsv'
[1.536s] INFO:colcon.colcon_core.shell:Creating environment hook '/home/vishvesh/ros2_ws/install/kratos_vishvesh_q2/share/kratos_vishvesh_q2/hook/cmake_prefix_path.sh'
[1.537s] Level 1:colcon.colcon_core.environment:checking '/home/vishvesh/ros2_ws/install/kratos_vishvesh_q2/lib'
[1.537s] Level 1:colcon.colcon_core.environment:checking '/home/vishvesh/ros2_ws/install/kratos_vishvesh_q2/bin'
[1.537s] Level 1:colcon.colcon_core.environment:checking '/home/vishvesh/ros2_ws/install/kratos_vishvesh_q2/lib/pkgconfig/kratos_vishvesh_q2.pc'
[1.538s] Level 1:colcon.colcon_core.environment:checking '/home/vishvesh/ros2_ws/install/kratos_vishvesh_q2/lib/python3.10/site-packages'
[1.538s] Level 1:colcon.colcon_core.environment:checking '/home/vishvesh/ros2_ws/install/kratos_vishvesh_q2/bin'
[1.539s] INFO:colcon.colcon_core.shell:Creating package script '/home/vishvesh/ros2_ws/install/kratos_vishvesh_q2/share/kratos_vishvesh_q2/package.ps1'
[1.540s] INFO:colcon.colcon_core.shell:Creating package descriptor '/home/vishvesh/ros2_ws/install/kratos_vishvesh_q2/share/kratos_vishvesh_q2/package.dsv'
[1.540s] INFO:colcon.colcon_core.shell:Creating package script '/home/vishvesh/ros2_ws/install/kratos_vishvesh_q2/share/kratos_vishvesh_q2/package.sh'
[1.541s] INFO:colcon.colcon_core.shell:Creating package script '/home/vishvesh/ros2_ws/install/kratos_vishvesh_q2/share/kratos_vishvesh_q2/package.bash'
[1.541s] INFO:colcon.colcon_core.shell:Creating package script '/home/vishvesh/ros2_ws/install/kratos_vishvesh_q2/share/kratos_vishvesh_q2/package.zsh'
[1.542s] Level 1:colcon.colcon_core.environment:create_file_with_runtime_dependencies(/home/vishvesh/ros2_ws/install/kratos_vishvesh_q2/share/colcon-core/packages/kratos_vishvesh_q2)
[1.543s] Level 1:colcon.colcon_core.environment:create_environment_scripts_only(kratos_vishvesh_q2)
[1.543s] Level 1:colcon.colcon_core.environment:checking '/home/vishvesh/ros2_ws/install/kratos_vishvesh_q2' for CMake module files
[1.544s] Level 1:colcon.colcon_core.environment:checking '/home/vishvesh/ros2_ws/install/kratos_vishvesh_q2' for CMake config files
[1.544s] Level 1:colcon.colcon_core.shell:create_environment_hook('kratos_vishvesh_q2', 'cmake_prefix_path')
[1.544s] INFO:colcon.colcon_core.shell:Creating environment hook '/home/vishvesh/ros2_ws/install/kratos_vishvesh_q2/share/kratos_vishvesh_q2/hook/cmake_prefix_path.ps1'
[1.545s] INFO:colcon.colcon_core.shell:Creating environment descriptor '/home/vishvesh/ros2_ws/install/kratos_vishvesh_q2/share/kratos_vishvesh_q2/hook/cmake_prefix_path.dsv'
[1.545s] INFO:colcon.colcon_core.shell:Creating environment hook '/home/vishvesh/ros2_ws/install/kratos_vishvesh_q2/share/kratos_vishvesh_q2/hook/cmake_prefix_path.sh'
[1.546s] Level 1:colcon.colcon_core.environment:checking '/home/vishvesh/ros2_ws/install/kratos_vishvesh_q2/lib'
[1.546s] Level 1:colcon.colcon_core.environment:checking '/home/vishvesh/ros2_ws/install/kratos_vishvesh_q2/bin'
[1.546s] Level 1:colcon.colcon_core.environment:checking '/home/vishvesh/ros2_ws/install/kratos_vishvesh_q2/lib/pkgconfig/kratos_vishvesh_q2.pc'
[1.547s] Level 1:colcon.colcon_core.environment:checking '/home/vishvesh/ros2_ws/install/kratos_vishvesh_q2/lib/python3.10/site-packages'
[1.547s] Level 1:colcon.colcon_core.environment:checking '/home/vishvesh/ros2_ws/install/kratos_vishvesh_q2/bin'
[1.548s] INFO:colcon.colcon_core.shell:Creating package script '/home/vishvesh/ros2_ws/install/kratos_vishvesh_q2/share/kratos_vishvesh_q2/package.ps1'
[1.548s] INFO:colcon.colcon_core.shell:Creating package descriptor '/home/vishvesh/ros2_ws/install/kratos_vishvesh_q2/share/kratos_vishvesh_q2/package.dsv'
[1.549s] INFO:colcon.colcon_core.shell:Creating package script '/home/vishvesh/ros2_ws/install/kratos_vishvesh_q2/share/kratos_vishvesh_q2/package.sh'
[1.550s] INFO:colcon.colcon_core.shell:Creating package script '/home/vishvesh/ros2_ws/install/kratos_vishvesh_q2/share/kratos_vishvesh_q2/package.bash'
[1.550s] INFO:colcon.colcon_core.shell:Creating package script '/home/vishvesh/ros2_ws/install/kratos_vishvesh_q2/share/kratos_vishvesh_q2/package.zsh'
[1.551s] Level 1:colcon.colcon_core.environment:create_file_with_runtime_dependencies(/home/vishvesh/ros2_ws/install/kratos_vishvesh_q2/share/colcon-core/packages/kratos_vishvesh_q2)
[2.022s] DEBUG:colcon.colcon_core.event_handler.log_command:Invoking command in '/home/vishvesh/ros2_ws/build/Practice': PYTHONPATH=/home/vishvesh/ros2_ws/build/Practice/prefix_override:/usr/lib/python3/dist-packages/colcon_core/task/python/colcon_distutils_commands:/home/vishvesh/ros2_ws/install/Practice/lib/python3.10/site-packages:${PYTHONPATH} /usr/bin/python3 -W ignore:setup.py install is deprecated -W ignore:easy_install command is deprecated setup.py develop --editable --build-directory /home/vishvesh/ros2_ws/build/Practice/build --no-deps symlink_data
[2.830s] Level 1:colcon.colcon_core.shell:create_environment_hook('Practice', 'pythonpath_develop')
[2.831s] INFO:colcon.colcon_core.shell:Creating environment hook '/home/vishvesh/ros2_ws/build/Practice/share/Practice/hook/pythonpath_develop.ps1'
[2.831s] DEBUG:colcon.colcon_core.event_handler.log_command:Invoked command in '/home/vishvesh/ros2_ws/build/Practice' returned '0': PYTHONPATH=/home/vishvesh/ros2_ws/build/Practice/prefix_override:/usr/lib/python3/dist-packages/colcon_core/task/python/colcon_distutils_commands:/home/vishvesh/ros2_ws/install/Practice/lib/python3.10/site-packages:${PYTHONPATH} /usr/bin/python3 -W ignore:setup.py install is deprecated -W ignore:easy_install command is deprecated setup.py develop --editable --build-directory /home/vishvesh/ros2_ws/build/Practice/build --no-deps symlink_data
[2.832s] INFO:colcon.colcon_core.shell:Creating environment descriptor '/home/vishvesh/ros2_ws/build/Practice/share/Practice/hook/pythonpath_develop.dsv'
[2.832s] INFO:colcon.colcon_core.shell:Creating environment hook '/home/vishvesh/ros2_ws/build/Practice/share/Practice/hook/pythonpath_develop.sh'
[2.833s] Level 1:colcon.colcon_core.environment:checking '/home/vishvesh/ros2_ws/install/Practice' for CMake module files
[2.834s] Level 1:colcon.colcon_core.environment:checking '/home/vishvesh/ros2_ws/install/Practice' for CMake config files
[2.834s] Level 1:colcon.colcon_core.environment:checking '/home/vishvesh/ros2_ws/install/Practice/lib'
[2.834s] Level 1:colcon.colcon_core.environment:checking '/home/vishvesh/ros2_ws/install/Practice/bin'
[2.834s] Level 1:colcon.colcon_core.environment:checking '/home/vishvesh/ros2_ws/install/Practice/lib/pkgconfig/Practice.pc'
[2.834s] Level 1:colcon.colcon_core.environment:checking '/home/vishvesh/ros2_ws/install/Practice/lib/python3.10/site-packages'
[2.834s] Level 1:colcon.colcon_core.shell:create_environment_hook('Practice', 'pythonpath')
[2.835s] INFO:colcon.colcon_core.shell:Creating environment hook '/home/vishvesh/ros2_ws/install/Practice/share/Practice/hook/pythonpath.ps1'
[2.835s] INFO:colcon.colcon_core.shell:Creating environment descriptor '/home/vishvesh/ros2_ws/install/Practice/share/Practice/hook/pythonpath.dsv'
[2.835s] INFO:colcon.colcon_core.shell:Creating environment hook '/home/vishvesh/ros2_ws/install/Practice/share/Practice/hook/pythonpath.sh'
[2.836s] Level 1:colcon.colcon_core.environment:checking '/home/vishvesh/ros2_ws/install/Practice/bin'
[2.836s] Level 1:colcon.colcon_core.environment:create_environment_scripts_only(Practice)
[2.836s] INFO:colcon.colcon_core.shell:Creating package script '/home/vishvesh/ros2_ws/install/Practice/share/Practice/package.ps1'
[2.837s] INFO:colcon.colcon_core.shell:Creating package descriptor '/home/vishvesh/ros2_ws/install/Practice/share/Practice/package.dsv'
[2.837s] INFO:colcon.colcon_core.shell:Creating package script '/home/vishvesh/ros2_ws/install/Practice/share/Practice/package.sh'
[2.837s] INFO:colcon.colcon_core.shell:Creating package script '/home/vishvesh/ros2_ws/install/Practice/share/Practice/package.bash'
[2.838s] INFO:colcon.colcon_core.shell:Creating package script '/home/vishvesh/ros2_ws/install/Practice/share/Practice/package.zsh'
[2.838s] Level 1:colcon.colcon_core.environment:create_file_with_runtime_dependencies(/home/vishvesh/ros2_ws/install/Practice/share/colcon-core/packages/Practice)
[2.838s] DEBUG:colcon.colcon_parallel_executor.executor.parallel:closing loop
[2.838s] DEBUG:colcon.colcon_parallel_executor.executor.parallel:loop closed
[2.838s] DEBUG:colcon.colcon_parallel_executor.executor.parallel:run_until_complete finished with '0'
[2.839s] DEBUG:colcon.colcon_core.event_reactor:joining thread
[2.844s] INFO:colcon.colcon_core.plugin_system:Skipping extension 'colcon_notification.desktop_notification.terminal_notifier': Not used on non-Darwin systems
[2.844s] INFO:colcon.colcon_core.plugin_system:Skipping extension 'colcon_notification.desktop_notification.win32': Not used on non-Windows systems
[2.844s] INFO:colcon.colcon_notification.desktop_notification:Sending desktop notification using 'notify2'
[2.860s] DEBUG:colcon.colcon_core.event_reactor:joined thread
[2.861s] INFO:colcon.colcon_core.shell:Creating prefix script '/home/vishvesh/ros2_ws/install/local_setup.ps1'
[2.862s] INFO:colcon.colcon_core.shell:Creating prefix util module '/home/vishvesh/ros2_ws/install/_local_setup_util_ps1.py'
[2.864s] INFO:colcon.colcon_core.shell:Creating prefix chain script '/home/vishvesh/ros2_ws/install/setup.ps1'
[2.867s] INFO:colcon.colcon_core.shell:Creating prefix script '/home/vishvesh/ros2_ws/install/local_setup.sh'
[2.869s] INFO:colcon.colcon_core.shell:Creating prefix util module '/home/vishvesh/ros2_ws/install/_local_setup_util_sh.py'
[2.869s] INFO:colcon.colcon_core.shell:Creating prefix chain script '/home/vishvesh/ros2_ws/install/setup.sh'
[2.872s] INFO:colcon.colcon_core.shell:Creating prefix script '/home/vishvesh/ros2_ws/install/local_setup.bash'
[2.873s] INFO:colcon.colcon_core.shell:Creating prefix chain script '/home/vishvesh/ros2_ws/install/setup.bash'
[2.875s] INFO:colcon.colcon_core.shell:Creating prefix script '/home/vishvesh/ros2_ws/install/local_setup.zsh'
[2.876s] INFO:colcon.colcon_core.shell:Creating prefix chain script '/home/vishvesh/ros2_ws/install/setup.zsh'
