running develop
running egg_info
creating Practice.egg-info
writing Practice.egg-info/PKG-INFO
writing dependency_links to Practice.egg-info/dependency_links.txt
writing entry points to Practice.egg-info/entry_points.txt
writing requirements to Practice.egg-info/requires.txt
writing top-level names to Practice.egg-info/top_level.txt
writing manifest file 'Practice.egg-info/SOURCES.txt'
reading manifest file 'Practice.egg-info/SOURCES.txt'
writing manifest file 'Practice.egg-info/SOURCES.txt'
running build_ext
Creating /home/vishvesh/ros2_ws/install/Practice/lib/python3.10/site-packages/Practice.egg-link (link to .)
Installing draw_circle_node script to /home/vishvesh/ros2_ws/install/Practice/lib/Practice
Installing name_to_run script to /home/vishvesh/ros2_ws/install/Practice/lib/Practice
Installing pose_node script to /home/vishvesh/ros2_ws/install/Practice/lib/Practice

Installed /home/vishvesh/ros2_ws/build/Practice
running symlink_data
creating /home/vishvesh/ros2_ws/install/Practice/share/ament_index/resource_index/packages
symbolically linking /home/vishvesh/ros2_ws/build/Practice/resource/Practice -> /home/vishvesh/ros2_ws/install/Practice/share/ament_index/resource_index/packages
symbolically linking /home/vishvesh/ros2_ws/build/Practice/package.xml -> /home/vishvesh/ros2_ws/install/Practice/share/Practice
