[0.906s] Invoking command in '/home/vishvesh/ros2_ws/build/Practice': PYTHONPATH=/home/vishvesh/ros2_ws/build/Practice/prefix_override:/usr/lib/python3/dist-packages/colcon_core/task/python/colcon_distutils_commands:/home/vishvesh/ros2_ws/install/Practice/lib/python3.10/site-packages:${PYTHONPATH} /usr/bin/python3 -W ignore:setup.py install is deprecated -W ignore:easy_install command is deprecated setup.py develop --editable --build-directory /home/vishvesh/ros2_ws/build/Practice/build --no-deps symlink_data
[1.166s] running develop
[1.312s] running egg_info
[1.325s] creating Practice.egg-info
[1.325s] writing Practice.egg-info/PKG-INFO
[1.326s] writing dependency_links to Practice.egg-info/dependency_links.txt
[1.326s] writing entry points to Practice.egg-info/entry_points.txt
[1.326s] writing requirements to Practice.egg-info/requires.txt
[1.327s] writing top-level names to Practice.egg-info/top_level.txt
[1.327s] writing manifest file 'Practice.egg-info/SOURCES.txt'
[1.353s] reading manifest file 'Practice.egg-info/SOURCES.txt'
[1.354s] writing manifest file 'Practice.egg-info/SOURCES.txt'
[1.367s] running build_ext
[1.367s] Creating /home/vishvesh/ros2_ws/install/Practice/lib/python3.10/site-packages/Practice.egg-link (link to .)
[1.368s] Installing draw_circle_node script to /home/vishvesh/ros2_ws/install/Practice/lib/Practice
[1.368s] Installing name_to_run script to /home/vishvesh/ros2_ws/install/Practice/lib/Practice
[1.368s] Installing pose_node script to /home/vishvesh/ros2_ws/install/Practice/lib/Practice
[1.368s] 
[1.368s] Installed /home/vishvesh/ros2_ws/build/Practice
[1.368s] running symlink_data
[1.369s] creating /home/vishvesh/ros2_ws/install/Practice/share/ament_index/resource_index/packages
[1.369s] symbolically linking /home/vishvesh/ros2_ws/build/Practice/resource/Practice -> /home/vishvesh/ros2_ws/install/Practice/share/ament_index/resource_index/packages
[1.369s] symbolically linking /home/vishvesh/ros2_ws/build/Practice/package.xml -> /home/vishvesh/ros2_ws/install/Practice/share/Practice
[1.397s] Invoked command in '/home/vishvesh/ros2_ws/build/Practice' returned '0': PYTHONPATH=/home/vishvesh/ros2_ws/build/Practice/prefix_override:/usr/lib/python3/dist-packages/colcon_core/task/python/colcon_distutils_commands:/home/vishvesh/ros2_ws/install/Practice/lib/python3.10/site-packages:${PYTHONPATH} /usr/bin/python3 -W ignore:setup.py install is deprecated -W ignore:easy_install command is deprecated setup.py develop --editable --build-directory /home/vishvesh/ros2_ws/build/Practice/build --no-deps symlink_data
