[0.030s] Invoking command in '/home/vishvesh/ros2_ws/build/kratos_vishvesh_q2_msgs': CMAKE_PREFIX_PATH=${CMAKE_PREFIX_PATH}:/home/vishvesh/ros2_ws/install/turtle_controller:/home/vishvesh/ros2_ws/install/gs_simulation_interfaces:/home/vishvesh/ros2_ws/install/simulation_interfaces:/home/vishvesh/ros2_ws/install/gs_ros:/home/vishvesh/ros2_ws/install/Practice:/opt/ros/humble /usr/bin/cmake /home/vishvesh/ros2_ws/src/kratos_vishvesh_q2_msgs -DAMENT_CMAKE_SYMLINK_INSTALL=1 -DCMAKE_INSTALL_PREFIX=/home/vishvesh/ros2_ws/install/kratos_vishvesh_q2_msgs
[0.312s] -- The C compiler identification is GNU 11.4.0
[0.312s] -- The CXX compiler identification is GNU 11.4.0
[0.312s] -- Detecting C compiler ABI info
[0.312s] -- Detecting C compiler ABI info - done
[0.312s] -- Check for working C compiler: /usr/bin/cc - skipped
[0.312s] -- Detecting C compile features
[0.312s] -- Detecting C compile features - done
[0.313s] -- Detecting CXX compiler ABI info
[0.313s] -- Detecting CXX compiler ABI info - done
[0.317s] -- Check for working CXX compiler: /usr/bin/c++ - skipped
[0.317s] -- Detecting CXX compile features
[0.318s] -- Detecting CXX compile features - done
[0.320s] -- Found ament_cmake: 1.3.14 (/opt/ros/humble/share/ament_cmake/cmake)
[0.698s] -- Found Python3: /usr/bin/python3 (found version "3.10.12") found components: Interpreter 
[0.759s] -- Override CMake install command with custom implementation using symlinks instead of copying resources
[0.791s] -- Found rosidl_default_generators: 1.2.1 (/opt/ros/humble/share/rosidl_default_generators/cmake)
[0.796s] -- Using all available rosidl_typesupport_c: rosidl_typesupport_fastrtps_c;rosidl_typesupport_introspection_c
[0.805s] -- Found rosidl_adapter: 3.1.8 (/opt/ros/humble/share/rosidl_adapter/cmake)
[0.842s] -- Using all available rosidl_typesupport_cpp: rosidl_typesupport_fastrtps_cpp;rosidl_typesupport_introspection_cpp
[1.134s] -- Found ament_cmake_ros: 0.10.0 (/opt/ros/humble/share/ament_cmake_ros/cmake)
[1.337s] -- Using all available rosidl_typesupport_c: rosidl_typesupport_fastrtps_c;rosidl_typesupport_introspection_c
[1.605s] -- Using all available rosidl_typesupport_cpp: rosidl_typesupport_fastrtps_cpp;rosidl_typesupport_introspection_cpp
[1.626s] -- Found PythonInterp: /usr/bin/python3 (found suitable version "3.10.12", minimum required is "3.6") 
[1.627s] -- Found python_cmake_module: 0.10.0 (/opt/ros/humble/share/python_cmake_module/cmake)
[1.652s] -- Found PythonLibs: /usr/lib/x86_64-linux-gnu/libpython3.10.so (found suitable version "3.10.12", minimum required is "3.5") 
[1.652s] -- Using PYTHON_EXECUTABLE: /usr/bin/python3
[1.652s] -- Using PYTHON_INCLUDE_DIRS: /usr/include/python3.10
[1.653s] -- Using PYTHON_LIBRARIES: /usr/lib/x86_64-linux-gnu/libpython3.10.so
[1.669s] -- Found PythonExtra: .so  
[1.760s] -- Found ament_lint_auto: 0.12.15 (/opt/ros/humble/share/ament_lint_auto/cmake)
[1.774s] -- Added test 'lint_cmake' to check CMake code style
[1.775s] -- Added test 'xmllint' to check XML markup files
[1.777s] -- Configuring done
[1.797s] -- Generating done
[1.805s] -- Build files have been written to: /home/vishvesh/ros2_ws/build/kratos_vishvesh_q2_msgs
[1.811s] Invoked command in '/home/vishvesh/ros2_ws/build/kratos_vishvesh_q2_msgs' returned '0': CMAKE_PREFIX_PATH=${CMAKE_PREFIX_PATH}:/home/vishvesh/ros2_ws/install/turtle_controller:/home/vishvesh/ros2_ws/install/gs_simulation_interfaces:/home/vishvesh/ros2_ws/install/simulation_interfaces:/home/vishvesh/ros2_ws/install/gs_ros:/home/vishvesh/ros2_ws/install/Practice:/opt/ros/humble /usr/bin/cmake /home/vishvesh/ros2_ws/src/kratos_vishvesh_q2_msgs -DAMENT_CMAKE_SYMLINK_INSTALL=1 -DCMAKE_INSTALL_PREFIX=/home/vishvesh/ros2_ws/install/kratos_vishvesh_q2_msgs
[1.812s] Invoking command in '/home/vishvesh/ros2_ws/build/kratos_vishvesh_q2_msgs': CMAKE_PREFIX_PATH=${CMAKE_PREFIX_PATH}:/home/vishvesh/ros2_ws/install/turtle_controller:/home/vishvesh/ros2_ws/install/gs_simulation_interfaces:/home/vishvesh/ros2_ws/install/simulation_interfaces:/home/vishvesh/ros2_ws/install/gs_ros:/home/vishvesh/ros2_ws/install/Practice:/opt/ros/humble /usr/bin/cmake --build /home/vishvesh/ros2_ws/build/kratos_vishvesh_q2_msgs -- -j16 -l16
[1.853s] [  3%] [34m[1mGenerating C code for ROS interfaces[0m
[1.863s] [  6%] [34m[1mGenerating C++ code for ROS interfaces[0m
[1.865s] [  9%] [34m[1mGenerating Rust code for ROS interfaces[0m
[1.873s] [  9%] Built target ament_cmake_python_symlink_kratos_vishvesh_q2_msgs
[2.137s] running egg_info
[2.157s] creating kratos_vishvesh_q2_msgs.egg-info
[2.157s] writing kratos_vishvesh_q2_msgs.egg-info/PKG-INFO
[2.157s] writing dependency_links to kratos_vishvesh_q2_msgs.egg-info/dependency_links.txt
[2.158s] writing top-level names to kratos_vishvesh_q2_msgs.egg-info/top_level.txt
[2.158s] writing manifest file 'kratos_vishvesh_q2_msgs.egg-info/SOURCES.txt'
[2.161s] [  9%] Built target kratos_vishvesh_q2_msgs__cpp
[2.167s] [ 12%] [32mBuilding C object CMakeFiles/kratos_vishvesh_q2_msgs__rosidl_generator_c.dir/rosidl_generator_c/kratos_vishvesh_q2_msgs/msg/detail/rover_status__functions.c.o[0m
[2.174s] [ 21%] [34m[1mGenerating C++ type support dispatch for ROS interfaces[0m
[2.174s] [ 21%] [34m[1mGenerating C++ introspection for ROS interfaces[0m
[2.174s] [ 21%] [34m[1mGenerating C++ type support for eProsima Fast-RTPS[0m
[2.218s] [ 21%] Built target kratos_vishvesh_q2_msgs__rs
[2.229s] reading manifest file 'kratos_vishvesh_q2_msgs.egg-info/SOURCES.txt'
[2.231s] writing manifest file 'kratos_vishvesh_q2_msgs.egg-info/SOURCES.txt'
[2.250s] [ 25%] [32m[1mLinking C shared library libkratos_vishvesh_q2_msgs__rosidl_generator_c.so[0m
[2.280s] [ 25%] Built target ament_cmake_python_build_kratos_vishvesh_q2_msgs_egg
[2.301s] [ 25%] Built target kratos_vishvesh_q2_msgs__rosidl_generator_c
[2.311s] [ 28%] [34m[1mGenerating C type support dispatch for ROS interfaces[0m
[2.316s] [ 31%] [34m[1mGenerating C type support for eProsima Fast-RTPS[0m
[2.325s] [ 34%] [34m[1mGenerating C introspection for ROS interfaces[0m
[2.544s] [ 37%] [32mBuilding CXX object CMakeFiles/kratos_vishvesh_q2_msgs__rosidl_typesupport_introspection_cpp.dir/rosidl_typesupport_introspection_cpp/kratos_vishvesh_q2_msgs/msg/detail/rover_status__type_support.cpp.o[0m
[2.573s] [ 40%] [32mBuilding CXX object CMakeFiles/kratos_vishvesh_q2_msgs__rosidl_typesupport_cpp.dir/rosidl_typesupport_cpp/kratos_vishvesh_q2_msgs/msg/rover_status__type_support.cpp.o[0m
[2.597s] [ 43%] [32mBuilding CXX object CMakeFiles/kratos_vishvesh_q2_msgs__rosidl_typesupport_fastrtps_cpp.dir/rosidl_typesupport_fastrtps_cpp/kratos_vishvesh_q2_msgs/msg/detail/dds_fastrtps/rover_status__type_support.cpp.o[0m
[2.650s] [ 46%] [32mBuilding CXX object CMakeFiles/kratos_vishvesh_q2_msgs__rosidl_typesupport_c.dir/rosidl_typesupport_c/kratos_vishvesh_q2_msgs/msg/rover_status__type_support.cpp.o[0m
[2.693s] [ 50%] [32m[1mLinking CXX shared library libkratos_vishvesh_q2_msgs__rosidl_typesupport_c.so[0m
[2.732s] [ 53%] [32mBuilding CXX object CMakeFiles/kratos_vishvesh_q2_msgs__rosidl_typesupport_fastrtps_c.dir/rosidl_typesupport_fastrtps_c/kratos_vishvesh_q2_msgs/msg/detail/rover_status__type_support_c.cpp.o[0m
[2.752s] [ 53%] Built target kratos_vishvesh_q2_msgs__rosidl_typesupport_c
[2.762s] [ 56%] [32mBuilding C object CMakeFiles/kratos_vishvesh_q2_msgs__rosidl_typesupport_introspection_c.dir/rosidl_typesupport_introspection_c/kratos_vishvesh_q2_msgs/msg/detail/rover_status__type_support.c.o[0m
[2.812s] [ 59%] [32m[1mLinking C shared library libkratos_vishvesh_q2_msgs__rosidl_typesupport_introspection_c.so[0m
[2.857s] [ 59%] Built target kratos_vishvesh_q2_msgs__rosidl_typesupport_introspection_c
[2.976s] [ 62%] [32m[1mLinking CXX shared library libkratos_vishvesh_q2_msgs__rosidl_typesupport_cpp.so[0m
[3.036s] [ 62%] Built target kratos_vishvesh_q2_msgs__rosidl_typesupport_cpp
[3.118s] [ 65%] [32m[1mLinking CXX shared library libkratos_vishvesh_q2_msgs__rosidl_typesupport_introspection_cpp.so[0m
[3.216s] [ 65%] Built target kratos_vishvesh_q2_msgs__rosidl_typesupport_introspection_cpp
[3.228s] [ 68%] [32m[1mLinking CXX shared library libkratos_vishvesh_q2_msgs__rosidl_typesupport_fastrtps_c.so[0m
[3.301s] [ 71%] [32m[1mLinking CXX shared library libkratos_vishvesh_q2_msgs__rosidl_typesupport_fastrtps_cpp.so[0m
[3.344s] [ 71%] Built target kratos_vishvesh_q2_msgs__rosidl_typesupport_fastrtps_c
[3.418s] [ 71%] Built target kratos_vishvesh_q2_msgs__rosidl_typesupport_fastrtps_cpp
[3.450s] [ 71%] Built target kratos_vishvesh_q2_msgs
[3.483s] [ 75%] [34m[1mGenerating Python code for ROS interfaces[0m
[4.003s] [ 75%] Built target kratos_vishvesh_q2_msgs__py
[4.030s] [ 78%] [32mBuilding C object CMakeFiles/kratos_vishvesh_q2_msgs__rosidl_generator_py.dir/rosidl_generator_py/kratos_vishvesh_q2_msgs/msg/_rover_status_s.c.o[0m
[4.195s] [ 81%] [32m[1mLinking C shared library rosidl_generator_py/kratos_vishvesh_q2_msgs/libkratos_vishvesh_q2_msgs__rosidl_generator_py.so[0m
[4.250s] [ 81%] Built target kratos_vishvesh_q2_msgs__rosidl_generator_py
[4.278s] [ 84%] [32mBuilding C object CMakeFiles/kratos_vishvesh_q2_msgs__rosidl_typesupport_introspection_c__pyext.dir/rosidl_generator_py/kratos_vishvesh_q2_msgs/_kratos_vishvesh_q2_msgs_s.ep.rosidl_typesupport_introspection_c.c.o[0m
[4.278s] [ 87%] [32mBuilding C object CMakeFiles/kratos_vishvesh_q2_msgs__rosidl_typesupport_c__pyext.dir/rosidl_generator_py/kratos_vishvesh_q2_msgs/_kratos_vishvesh_q2_msgs_s.ep.rosidl_typesupport_c.c.o[0m
[4.280s] [ 90%] [32mBuilding C object CMakeFiles/kratos_vishvesh_q2_msgs__rosidl_typesupport_fastrtps_c__pyext.dir/rosidl_generator_py/kratos_vishvesh_q2_msgs/_kratos_vishvesh_q2_msgs_s.ep.rosidl_typesupport_fastrtps_c.c.o[0m
[4.415s] [ 93%] [32m[1mLinking C shared library rosidl_generator_py/kratos_vishvesh_q2_msgs/kratos_vishvesh_q2_msgs_s__rosidl_typesupport_c.cpython-310-x86_64-linux-gnu.so[0m
[4.418s] [ 96%] [32m[1mLinking C shared library rosidl_generator_py/kratos_vishvesh_q2_msgs/kratos_vishvesh_q2_msgs_s__rosidl_typesupport_introspection_c.cpython-310-x86_64-linux-gnu.so[0m
[4.425s] [100%] [32m[1mLinking C shared library rosidl_generator_py/kratos_vishvesh_q2_msgs/kratos_vishvesh_q2_msgs_s__rosidl_typesupport_fastrtps_c.cpython-310-x86_64-linux-gnu.so[0m
[4.469s] [100%] Built target kratos_vishvesh_q2_msgs__rosidl_typesupport_c__pyext
[4.477s] [100%] Built target kratos_vishvesh_q2_msgs__rosidl_typesupport_fastrtps_c__pyext
[4.478s] [100%] Built target kratos_vishvesh_q2_msgs__rosidl_typesupport_introspection_c__pyext
[4.501s] Invoked command in '/home/vishvesh/ros2_ws/build/kratos_vishvesh_q2_msgs' returned '0': CMAKE_PREFIX_PATH=${CMAKE_PREFIX_PATH}:/home/vishvesh/ros2_ws/install/turtle_controller:/home/vishvesh/ros2_ws/install/gs_simulation_interfaces:/home/vishvesh/ros2_ws/install/simulation_interfaces:/home/vishvesh/ros2_ws/install/gs_ros:/home/vishvesh/ros2_ws/install/Practice:/opt/ros/humble /usr/bin/cmake --build /home/vishvesh/ros2_ws/build/kratos_vishvesh_q2_msgs -- -j16 -l16
[4.503s] Invoking command in '/home/vishvesh/ros2_ws/build/kratos_vishvesh_q2_msgs': CMAKE_PREFIX_PATH=${CMAKE_PREFIX_PATH}:/home/vishvesh/ros2_ws/install/turtle_controller:/home/vishvesh/ros2_ws/install/gs_simulation_interfaces:/home/vishvesh/ros2_ws/install/simulation_interfaces:/home/vishvesh/ros2_ws/install/gs_ros:/home/vishvesh/ros2_ws/install/Practice:/opt/ros/humble /usr/bin/cmake --install /home/vishvesh/ros2_ws/build/kratos_vishvesh_q2_msgs
[4.513s] -- Install configuration: ""
[4.513s] -- Execute custom install script
[4.514s] -- Symlinking: /home/vishvesh/ros2_ws/install/kratos_vishvesh_q2_msgs/share/ament_index/resource_index/rosidl_interfaces/kratos_vishvesh_q2_msgs
[4.526s] -- Symlinking: /home/vishvesh/ros2_ws/install/kratos_vishvesh_q2_msgs/include/kratos_vishvesh_q2_msgs/kratos_vishvesh_q2_msgs/msg/detail/rover_status__functions.h
[4.538s] -- Symlinking: /home/vishvesh/ros2_ws/install/kratos_vishvesh_q2_msgs/include/kratos_vishvesh_q2_msgs/kratos_vishvesh_q2_msgs/msg/detail/rover_status__struct.h
[4.550s] -- Symlinking: /home/vishvesh/ros2_ws/install/kratos_vishvesh_q2_msgs/include/kratos_vishvesh_q2_msgs/kratos_vishvesh_q2_msgs/msg/detail/rover_status__type_support.h
[4.562s] -- Symlinking: /home/vishvesh/ros2_ws/install/kratos_vishvesh_q2_msgs/include/kratos_vishvesh_q2_msgs/kratos_vishvesh_q2_msgs/msg/rosidl_generator_c__visibility_control.h
[4.573s] -- Symlinking: /home/vishvesh/ros2_ws/install/kratos_vishvesh_q2_msgs/include/kratos_vishvesh_q2_msgs/kratos_vishvesh_q2_msgs/msg/rover_status.h
[4.586s] -- Symlinking: /home/vishvesh/ros2_ws/install/kratos_vishvesh_q2_msgs/share/kratos_vishvesh_q2_msgs/environment/library_path.sh
[4.597s] -- Symlinking: /home/vishvesh/ros2_ws/install/kratos_vishvesh_q2_msgs/share/kratos_vishvesh_q2_msgs/environment/library_path.dsv
[4.609s] -- Symlinking: /home/vishvesh/ros2_ws/install/kratos_vishvesh_q2_msgs/include/kratos_vishvesh_q2_msgs/kratos_vishvesh_q2_msgs/msg/detail/rover_status__rosidl_typesupport_fastrtps_c.h
[4.620s] -- Symlinking: /home/vishvesh/ros2_ws/install/kratos_vishvesh_q2_msgs/include/kratos_vishvesh_q2_msgs/kratos_vishvesh_q2_msgs/msg/rosidl_typesupport_fastrtps_c__visibility_control.h
[4.631s] -- Symlinking: /home/vishvesh/ros2_ws/install/kratos_vishvesh_q2_msgs/include/kratos_vishvesh_q2_msgs/kratos_vishvesh_q2_msgs/msg/detail/rover_status__rosidl_typesupport_introspection_c.h
[4.643s] -- Symlinking: /home/vishvesh/ros2_ws/install/kratos_vishvesh_q2_msgs/include/kratos_vishvesh_q2_msgs/kratos_vishvesh_q2_msgs/msg/rosidl_typesupport_introspection_c__visibility_control.h
[4.655s] -- Symlinking: /home/vishvesh/ros2_ws/install/kratos_vishvesh_q2_msgs/include/kratos_vishvesh_q2_msgs/kratos_vishvesh_q2_msgs/msg/detail/rover_status__builder.hpp
[4.669s] -- Symlinking: /home/vishvesh/ros2_ws/install/kratos_vishvesh_q2_msgs/include/kratos_vishvesh_q2_msgs/kratos_vishvesh_q2_msgs/msg/detail/rover_status__struct.hpp
[4.681s] -- Symlinking: /home/vishvesh/ros2_ws/install/kratos_vishvesh_q2_msgs/include/kratos_vishvesh_q2_msgs/kratos_vishvesh_q2_msgs/msg/detail/rover_status__traits.hpp
[4.692s] -- Symlinking: /home/vishvesh/ros2_ws/install/kratos_vishvesh_q2_msgs/include/kratos_vishvesh_q2_msgs/kratos_vishvesh_q2_msgs/msg/detail/rover_status__type_support.hpp
[4.704s] -- Symlinking: /home/vishvesh/ros2_ws/install/kratos_vishvesh_q2_msgs/include/kratos_vishvesh_q2_msgs/kratos_vishvesh_q2_msgs/msg/rosidl_generator_cpp__visibility_control.hpp
[4.715s] -- Symlinking: /home/vishvesh/ros2_ws/install/kratos_vishvesh_q2_msgs/include/kratos_vishvesh_q2_msgs/kratos_vishvesh_q2_msgs/msg/rover_status.hpp
[4.727s] -- Symlinking: /home/vishvesh/ros2_ws/install/kratos_vishvesh_q2_msgs/include/kratos_vishvesh_q2_msgs/kratos_vishvesh_q2_msgs/msg/detail/rover_status__rosidl_typesupport_fastrtps_cpp.hpp
[4.741s] -- Symlinking: /home/vishvesh/ros2_ws/install/kratos_vishvesh_q2_msgs/include/kratos_vishvesh_q2_msgs/kratos_vishvesh_q2_msgs/msg/rosidl_typesupport_fastrtps_cpp__visibility_control.h
[4.754s] -- Symlinking: /home/vishvesh/ros2_ws/install/kratos_vishvesh_q2_msgs/include/kratos_vishvesh_q2_msgs/kratos_vishvesh_q2_msgs/msg/detail/rover_status__rosidl_typesupport_introspection_cpp.hpp
[4.769s] -- Symlinking: /home/vishvesh/ros2_ws/install/kratos_vishvesh_q2_msgs/share/kratos_vishvesh_q2_msgs/environment/pythonpath.sh
[4.780s] -- Symlinking: /home/vishvesh/ros2_ws/install/kratos_vishvesh_q2_msgs/share/kratos_vishvesh_q2_msgs/environment/pythonpath.dsv
[4.795s] -- Symlinking: /home/vishvesh/ros2_ws/install/kratos_vishvesh_q2_msgs/local/lib/python3.10/dist-packages/kratos_vishvesh_q2_msgs-0.0.0-py3.10.egg-info/PKG-INFO
[4.811s] -- Symlinking: /home/vishvesh/ros2_ws/install/kratos_vishvesh_q2_msgs/local/lib/python3.10/dist-packages/kratos_vishvesh_q2_msgs-0.0.0-py3.10.egg-info/SOURCES.txt
[4.825s] -- Symlinking: /home/vishvesh/ros2_ws/install/kratos_vishvesh_q2_msgs/local/lib/python3.10/dist-packages/kratos_vishvesh_q2_msgs-0.0.0-py3.10.egg-info/dependency_links.txt
[4.840s] -- Symlinking: /home/vishvesh/ros2_ws/install/kratos_vishvesh_q2_msgs/local/lib/python3.10/dist-packages/kratos_vishvesh_q2_msgs-0.0.0-py3.10.egg-info/top_level.txt
[4.858s] -- Symlinking: /home/vishvesh/ros2_ws/install/kratos_vishvesh_q2_msgs/local/lib/python3.10/dist-packages/kratos_vishvesh_q2_msgs/__init__.py
[4.875s] -- Symlinking: /home/vishvesh/ros2_ws/install/kratos_vishvesh_q2_msgs/local/lib/python3.10/dist-packages/kratos_vishvesh_q2_msgs/_kratos_vishvesh_q2_msgs_s.ep.rosidl_typesupport_c.c
[4.889s] -- Symlinking: /home/vishvesh/ros2_ws/install/kratos_vishvesh_q2_msgs/local/lib/python3.10/dist-packages/kratos_vishvesh_q2_msgs/_kratos_vishvesh_q2_msgs_s.ep.rosidl_typesupport_fastrtps_c.c
[4.910s] -- Symlinking: /home/vishvesh/ros2_ws/install/kratos_vishvesh_q2_msgs/local/lib/python3.10/dist-packages/kratos_vishvesh_q2_msgs/_kratos_vishvesh_q2_msgs_s.ep.rosidl_typesupport_introspection_c.c
[4.924s] -- Symlinking: /home/vishvesh/ros2_ws/install/kratos_vishvesh_q2_msgs/local/lib/python3.10/dist-packages/kratos_vishvesh_q2_msgs/kratos_vishvesh_q2_msgs_s__rosidl_typesupport_c.cpython-310-x86_64-linux-gnu.so
[4.942s] -- Symlinking: /home/vishvesh/ros2_ws/install/kratos_vishvesh_q2_msgs/local/lib/python3.10/dist-packages/kratos_vishvesh_q2_msgs/kratos_vishvesh_q2_msgs_s__rosidl_typesupport_fastrtps_c.cpython-310-x86_64-linux-gnu.so
[4.958s] -- Symlinking: /home/vishvesh/ros2_ws/install/kratos_vishvesh_q2_msgs/local/lib/python3.10/dist-packages/kratos_vishvesh_q2_msgs/kratos_vishvesh_q2_msgs_s__rosidl_typesupport_introspection_c.cpython-310-x86_64-linux-gnu.so
[4.973s] -- Symlinking: /home/vishvesh/ros2_ws/install/kratos_vishvesh_q2_msgs/local/lib/python3.10/dist-packages/kratos_vishvesh_q2_msgs/libkratos_vishvesh_q2_msgs__rosidl_generator_py.so
[4.987s] -- Symlinking: /home/vishvesh/ros2_ws/install/kratos_vishvesh_q2_msgs/local/lib/python3.10/dist-packages/kratos_vishvesh_q2_msgs/msg/__init__.py
[5.001s] -- Symlinking: /home/vishvesh/ros2_ws/install/kratos_vishvesh_q2_msgs/local/lib/python3.10/dist-packages/kratos_vishvesh_q2_msgs/msg/_rover_status.py
[5.014s] -- Symlinking: /home/vishvesh/ros2_ws/install/kratos_vishvesh_q2_msgs/local/lib/python3.10/dist-packages/kratos_vishvesh_q2_msgs/msg/_rover_status_s.c
[5.029s] -- Up-to-date symlink: /home/vishvesh/ros2_ws/install/kratos_vishvesh_q2_msgs/local/lib/python3.10/dist-packages/kratos_vishvesh_q2_msgs/kratos_vishvesh_q2_msgs_s__rosidl_typesupport_fastrtps_c.cpython-310-x86_64-linux-gnu.so
[5.029s] -- Up-to-date symlink: /home/vishvesh/ros2_ws/install/kratos_vishvesh_q2_msgs/local/lib/python3.10/dist-packages/kratos_vishvesh_q2_msgs/kratos_vishvesh_q2_msgs_s__rosidl_typesupport_introspection_c.cpython-310-x86_64-linux-gnu.so
[5.029s] -- Up-to-date symlink: /home/vishvesh/ros2_ws/install/kratos_vishvesh_q2_msgs/local/lib/python3.10/dist-packages/kratos_vishvesh_q2_msgs/kratos_vishvesh_q2_msgs_s__rosidl_typesupport_c.cpython-310-x86_64-linux-gnu.so
[5.029s] -- Symlinking: /home/vishvesh/ros2_ws/install/kratos_vishvesh_q2_msgs/share/ament_index/resource_index/rust_packages/kratos_vishvesh_q2_msgs
[5.046s] -- Symlinking: /home/vishvesh/ros2_ws/install/kratos_vishvesh_q2_msgs/share/kratos_vishvesh_q2_msgs/rust/Cargo.toml
[5.056s] -- Symlinking: /home/vishvesh/ros2_ws/install/kratos_vishvesh_q2_msgs/share/kratos_vishvesh_q2_msgs/rust/build.rs
[5.068s] -- Symlinking: /home/vishvesh/ros2_ws/install/kratos_vishvesh_q2_msgs/share/kratos_vishvesh_q2_msgs/rust/src/lib.rs
[5.080s] -- Symlinking: /home/vishvesh/ros2_ws/install/kratos_vishvesh_q2_msgs/share/kratos_vishvesh_q2_msgs/rust/src/msg.rs
[5.091s] -- Symlinking: /home/vishvesh/ros2_ws/install/kratos_vishvesh_q2_msgs/share/kratos_vishvesh_q2_msgs/rust/src/msg/rmw.rs
[5.103s] -- Symlinking: /home/vishvesh/ros2_ws/install/kratos_vishvesh_q2_msgs/share/kratos_vishvesh_q2_msgs/msg/RoverStatus.idl
[5.114s] -- Symlinking: /home/vishvesh/ros2_ws/install/kratos_vishvesh_q2_msgs/share/kratos_vishvesh_q2_msgs/msg/RoverStatus.msg
[5.126s] -- Symlinking: /home/vishvesh/ros2_ws/install/kratos_vishvesh_q2_msgs/share/ament_index/resource_index/package_run_dependencies/kratos_vishvesh_q2_msgs
[5.138s] -- Symlinking: /home/vishvesh/ros2_ws/install/kratos_vishvesh_q2_msgs/share/ament_index/resource_index/parent_prefix_path/kratos_vishvesh_q2_msgs
[5.151s] -- Symlinking: /home/vishvesh/ros2_ws/install/kratos_vishvesh_q2_msgs/share/kratos_vishvesh_q2_msgs/environment/ament_prefix_path.sh
[5.167s] -- Symlinking: /home/vishvesh/ros2_ws/install/kratos_vishvesh_q2_msgs/share/kratos_vishvesh_q2_msgs/environment/ament_prefix_path.dsv
[5.179s] -- Symlinking: /home/vishvesh/ros2_ws/install/kratos_vishvesh_q2_msgs/share/kratos_vishvesh_q2_msgs/environment/path.sh
[5.192s] -- Symlinking: /home/vishvesh/ros2_ws/install/kratos_vishvesh_q2_msgs/share/kratos_vishvesh_q2_msgs/environment/path.dsv
[5.206s] -- Symlinking: /home/vishvesh/ros2_ws/install/kratos_vishvesh_q2_msgs/share/kratos_vishvesh_q2_msgs/local_setup.bash
[5.220s] -- Symlinking: /home/vishvesh/ros2_ws/install/kratos_vishvesh_q2_msgs/share/kratos_vishvesh_q2_msgs/local_setup.sh
[5.233s] -- Symlinking: /home/vishvesh/ros2_ws/install/kratos_vishvesh_q2_msgs/share/kratos_vishvesh_q2_msgs/local_setup.zsh
[5.245s] -- Symlinking: /home/vishvesh/ros2_ws/install/kratos_vishvesh_q2_msgs/share/kratos_vishvesh_q2_msgs/local_setup.dsv
[5.258s] -- Symlinking: /home/vishvesh/ros2_ws/install/kratos_vishvesh_q2_msgs/share/kratos_vishvesh_q2_msgs/package.dsv
[5.279s] -- Symlinking: /home/vishvesh/ros2_ws/install/kratos_vishvesh_q2_msgs/share/ament_index/resource_index/packages/kratos_vishvesh_q2_msgs
[5.292s] -- Symlinking: /home/vishvesh/ros2_ws/install/kratos_vishvesh_q2_msgs/share/kratos_vishvesh_q2_msgs/cmake/rosidl_cmake-extras.cmake
[5.305s] -- Symlinking: /home/vishvesh/ros2_ws/install/kratos_vishvesh_q2_msgs/share/kratos_vishvesh_q2_msgs/cmake/ament_cmake_export_include_directories-extras.cmake
[5.327s] -- Symlinking: /home/vishvesh/ros2_ws/install/kratos_vishvesh_q2_msgs/share/kratos_vishvesh_q2_msgs/cmake/ament_cmake_export_libraries-extras.cmake
[5.340s] -- Symlinking: /home/vishvesh/ros2_ws/install/kratos_vishvesh_q2_msgs/share/kratos_vishvesh_q2_msgs/cmake/ament_cmake_export_targets-extras.cmake
[5.361s] -- Symlinking: /home/vishvesh/ros2_ws/install/kratos_vishvesh_q2_msgs/share/kratos_vishvesh_q2_msgs/cmake/rosidl_cmake_export_typesupport_targets-extras.cmake
[5.379s] -- Symlinking: /home/vishvesh/ros2_ws/install/kratos_vishvesh_q2_msgs/share/kratos_vishvesh_q2_msgs/cmake/ament_cmake_export_dependencies-extras.cmake
[5.396s] -- Symlinking: /home/vishvesh/ros2_ws/install/kratos_vishvesh_q2_msgs/share/kratos_vishvesh_q2_msgs/cmake/rosidl_cmake_export_typesupport_libraries-extras.cmake
[5.415s] -- Symlinking: /home/vishvesh/ros2_ws/install/kratos_vishvesh_q2_msgs/share/kratos_vishvesh_q2_msgs/cmake/kratos_vishvesh_q2_msgsConfig.cmake
[5.429s] -- Symlinking: /home/vishvesh/ros2_ws/install/kratos_vishvesh_q2_msgs/share/kratos_vishvesh_q2_msgs/cmake/kratos_vishvesh_q2_msgsConfig-version.cmake
[5.445s] -- Symlinking: /home/vishvesh/ros2_ws/install/kratos_vishvesh_q2_msgs/share/kratos_vishvesh_q2_msgs/package.xml
[5.460s] -- Installing: /home/vishvesh/ros2_ws/install/kratos_vishvesh_q2_msgs/lib/libkratos_vishvesh_q2_msgs__rosidl_generator_c.so
[5.461s] -- Set runtime path of "/home/vishvesh/ros2_ws/install/kratos_vishvesh_q2_msgs/lib/libkratos_vishvesh_q2_msgs__rosidl_generator_c.so" to ""
[5.461s] -- Installing: /home/vishvesh/ros2_ws/install/kratos_vishvesh_q2_msgs/lib/libkratos_vishvesh_q2_msgs__rosidl_typesupport_fastrtps_c.so
[5.466s] -- Set runtime path of "/home/vishvesh/ros2_ws/install/kratos_vishvesh_q2_msgs/lib/libkratos_vishvesh_q2_msgs__rosidl_typesupport_fastrtps_c.so" to ""
[5.471s] -- Installing: /home/vishvesh/ros2_ws/install/kratos_vishvesh_q2_msgs/lib/libkratos_vishvesh_q2_msgs__rosidl_typesupport_introspection_c.so
[5.472s] -- Set runtime path of "/home/vishvesh/ros2_ws/install/kratos_vishvesh_q2_msgs/lib/libkratos_vishvesh_q2_msgs__rosidl_typesupport_introspection_c.so" to ""
[5.473s] -- Installing: /home/vishvesh/ros2_ws/install/kratos_vishvesh_q2_msgs/lib/libkratos_vishvesh_q2_msgs__rosidl_typesupport_c.so
[5.475s] -- Set runtime path of "/home/vishvesh/ros2_ws/install/kratos_vishvesh_q2_msgs/lib/libkratos_vishvesh_q2_msgs__rosidl_typesupport_c.so" to ""
[5.475s] -- Installing: /home/vishvesh/ros2_ws/install/kratos_vishvesh_q2_msgs/lib/libkratos_vishvesh_q2_msgs__rosidl_typesupport_fastrtps_cpp.so
[5.475s] -- Set runtime path of "/home/vishvesh/ros2_ws/install/kratos_vishvesh_q2_msgs/lib/libkratos_vishvesh_q2_msgs__rosidl_typesupport_fastrtps_cpp.so" to ""
[5.475s] -- Installing: /home/vishvesh/ros2_ws/install/kratos_vishvesh_q2_msgs/lib/libkratos_vishvesh_q2_msgs__rosidl_typesupport_introspection_cpp.so
[5.478s] -- Set runtime path of "/home/vishvesh/ros2_ws/install/kratos_vishvesh_q2_msgs/lib/libkratos_vishvesh_q2_msgs__rosidl_typesupport_introspection_cpp.so" to ""
[5.478s] -- Installing: /home/vishvesh/ros2_ws/install/kratos_vishvesh_q2_msgs/lib/libkratos_vishvesh_q2_msgs__rosidl_typesupport_cpp.so
[5.478s] -- Set runtime path of "/home/vishvesh/ros2_ws/install/kratos_vishvesh_q2_msgs/lib/libkratos_vishvesh_q2_msgs__rosidl_typesupport_cpp.so" to ""
[5.535s] Listing '/home/vishvesh/ros2_ws/install/kratos_vishvesh_q2_msgs/local/lib/python3.10/dist-packages/kratos_vishvesh_q2_msgs'...
[5.535s] Compiling '/home/vishvesh/ros2_ws/install/kratos_vishvesh_q2_msgs/local/lib/python3.10/dist-packages/kratos_vishvesh_q2_msgs/__init__.py'...
[5.535s] Listing '/home/vishvesh/ros2_ws/install/kratos_vishvesh_q2_msgs/local/lib/python3.10/dist-packages/kratos_vishvesh_q2_msgs/msg'...
[5.535s] Compiling '/home/vishvesh/ros2_ws/install/kratos_vishvesh_q2_msgs/local/lib/python3.10/dist-packages/kratos_vishvesh_q2_msgs/msg/__init__.py'...
[5.535s] Compiling '/home/vishvesh/ros2_ws/install/kratos_vishvesh_q2_msgs/local/lib/python3.10/dist-packages/kratos_vishvesh_q2_msgs/msg/_rover_status.py'...
[5.544s] -- Installing: /home/vishvesh/ros2_ws/install/kratos_vishvesh_q2_msgs/lib/libkratos_vishvesh_q2_msgs__rosidl_generator_py.so
[5.546s] -- Set runtime path of "/home/vishvesh/ros2_ws/install/kratos_vishvesh_q2_msgs/lib/libkratos_vishvesh_q2_msgs__rosidl_generator_py.so" to ""
[5.546s] -- Installing: /home/vishvesh/ros2_ws/install/kratos_vishvesh_q2_msgs/share/kratos_vishvesh_q2_msgs/cmake/export_kratos_vishvesh_q2_msgs__rosidl_generator_cExport.cmake
[5.547s] -- Installing: /home/vishvesh/ros2_ws/install/kratos_vishvesh_q2_msgs/share/kratos_vishvesh_q2_msgs/cmake/export_kratos_vishvesh_q2_msgs__rosidl_generator_cExport-noconfig.cmake
[5.548s] -- Installing: /home/vishvesh/ros2_ws/install/kratos_vishvesh_q2_msgs/share/kratos_vishvesh_q2_msgs/cmake/export_kratos_vishvesh_q2_msgs__rosidl_typesupport_fastrtps_cExport.cmake
[5.549s] -- Installing: /home/vishvesh/ros2_ws/install/kratos_vishvesh_q2_msgs/share/kratos_vishvesh_q2_msgs/cmake/export_kratos_vishvesh_q2_msgs__rosidl_typesupport_fastrtps_cExport-noconfig.cmake
[5.549s] -- Installing: /home/vishvesh/ros2_ws/install/kratos_vishvesh_q2_msgs/share/kratos_vishvesh_q2_msgs/cmake/kratos_vishvesh_q2_msgs__rosidl_typesupport_introspection_cExport.cmake
[5.550s] -- Installing: /home/vishvesh/ros2_ws/install/kratos_vishvesh_q2_msgs/share/kratos_vishvesh_q2_msgs/cmake/kratos_vishvesh_q2_msgs__rosidl_typesupport_introspection_cExport-noconfig.cmake
[5.551s] -- Installing: /home/vishvesh/ros2_ws/install/kratos_vishvesh_q2_msgs/share/kratos_vishvesh_q2_msgs/cmake/kratos_vishvesh_q2_msgs__rosidl_typesupport_cExport.cmake
[5.552s] -- Installing: /home/vishvesh/ros2_ws/install/kratos_vishvesh_q2_msgs/share/kratos_vishvesh_q2_msgs/cmake/kratos_vishvesh_q2_msgs__rosidl_typesupport_cExport-noconfig.cmake
[5.553s] -- Installing: /home/vishvesh/ros2_ws/install/kratos_vishvesh_q2_msgs/share/kratos_vishvesh_q2_msgs/cmake/export_kratos_vishvesh_q2_msgs__rosidl_generator_cppExport.cmake
[5.553s] -- Installing: /home/vishvesh/ros2_ws/install/kratos_vishvesh_q2_msgs/share/kratos_vishvesh_q2_msgs/cmake/export_kratos_vishvesh_q2_msgs__rosidl_typesupport_fastrtps_cppExport.cmake
[5.554s] -- Installing: /home/vishvesh/ros2_ws/install/kratos_vishvesh_q2_msgs/share/kratos_vishvesh_q2_msgs/cmake/export_kratos_vishvesh_q2_msgs__rosidl_typesupport_fastrtps_cppExport-noconfig.cmake
[5.555s] -- Installing: /home/vishvesh/ros2_ws/install/kratos_vishvesh_q2_msgs/share/kratos_vishvesh_q2_msgs/cmake/kratos_vishvesh_q2_msgs__rosidl_typesupport_introspection_cppExport.cmake
[5.555s] -- Installing: /home/vishvesh/ros2_ws/install/kratos_vishvesh_q2_msgs/share/kratos_vishvesh_q2_msgs/cmake/kratos_vishvesh_q2_msgs__rosidl_typesupport_introspection_cppExport-noconfig.cmake
[5.556s] -- Installing: /home/vishvesh/ros2_ws/install/kratos_vishvesh_q2_msgs/share/kratos_vishvesh_q2_msgs/cmake/kratos_vishvesh_q2_msgs__rosidl_typesupport_cppExport.cmake
[5.557s] -- Installing: /home/vishvesh/ros2_ws/install/kratos_vishvesh_q2_msgs/share/kratos_vishvesh_q2_msgs/cmake/kratos_vishvesh_q2_msgs__rosidl_typesupport_cppExport-noconfig.cmake
[5.558s] -- Installing: /home/vishvesh/ros2_ws/install/kratos_vishvesh_q2_msgs/share/kratos_vishvesh_q2_msgs/cmake/export_kratos_vishvesh_q2_msgs__rosidl_generator_pyExport.cmake
[5.559s] -- Installing: /home/vishvesh/ros2_ws/install/kratos_vishvesh_q2_msgs/share/kratos_vishvesh_q2_msgs/cmake/export_kratos_vishvesh_q2_msgs__rosidl_generator_pyExport-noconfig.cmake
[5.565s] Invoked command in '/home/vishvesh/ros2_ws/build/kratos_vishvesh_q2_msgs' returned '0': CMAKE_PREFIX_PATH=${CMAKE_PREFIX_PATH}:/home/vishvesh/ros2_ws/install/turtle_controller:/home/vishvesh/ros2_ws/install/gs_simulation_interfaces:/home/vishvesh/ros2_ws/install/simulation_interfaces:/home/vishvesh/ros2_ws/install/gs_ros:/home/vishvesh/ros2_ws/install/Practice:/opt/ros/humble /usr/bin/cmake --install /home/vishvesh/ros2_ws/build/kratos_vishvesh_q2_msgs
