[0.789s] Invoking command in '/home/vishvesh/ros2_ws/src/build/Practice': PYTHONPATH=/home/vishvesh/ros2_ws/src/build/Practice/prefix_override:/usr/lib/python3/dist-packages/colcon_core/task/python/colcon_distutils_commands:/home/vishvesh/ros2_ws/src/install/Practice/lib/python3.10/site-packages:${PYTHONPATH} /usr/bin/python3 -W ignore:setup.py install is deprecated -W ignore:easy_install command is deprecated setup.py develop --editable --build-directory /home/vishvesh/ros2_ws/src/build/Practice/build --no-deps symlink_data
[0.959s] running develop
[1.064s] running egg_info
[1.074s] creating Practice.egg-info
[1.074s] writing Practice.egg-info/PKG-INFO
[1.074s] writing dependency_links to Practice.egg-info/dependency_links.txt
[1.074s] writing entry points to Practice.egg-info/entry_points.txt
[1.074s] writing requirements to Practice.egg-info/requires.txt
[1.075s] writing top-level names to Practice.egg-info/top_level.txt
[1.075s] writing manifest file 'Practice.egg-info/SOURCES.txt'
[1.093s] reading manifest file 'Practice.egg-info/SOURCES.txt'
[1.094s] writing manifest file 'Practice.egg-info/SOURCES.txt'
[1.103s] running build_ext
[1.103s] Creating /home/vishvesh/ros2_ws/src/install/Practice/lib/python3.10/site-packages/Practice.egg-link (link to .)
[1.103s] Installing draw_circle_node script to /home/vishvesh/ros2_ws/src/install/Practice/lib/Practice
[1.103s] Installing name_to_run script to /home/vishvesh/ros2_ws/src/install/Practice/lib/Practice
[1.104s] Installing pose_node script to /home/vishvesh/ros2_ws/src/install/Practice/lib/Practice
[1.104s] 
[1.104s] Installed /home/vishvesh/ros2_ws/src/build/Practice
[1.104s] running symlink_data
[1.104s] creating /home/vishvesh/ros2_ws/src/install/Practice/share/ament_index/resource_index/packages
[1.104s] symbolically linking /home/vishvesh/ros2_ws/src/build/Practice/resource/Practice -> /home/vishvesh/ros2_ws/src/install/Practice/share/ament_index/resource_index/packages
[1.105s] symbolically linking /home/vishvesh/ros2_ws/src/build/Practice/package.xml -> /home/vishvesh/ros2_ws/src/install/Practice/share/Practice
[1.127s] Invoked command in '/home/vishvesh/ros2_ws/src/build/Practice' returned '0': PYTHONPATH=/home/vishvesh/ros2_ws/src/build/Practice/prefix_override:/usr/lib/python3/dist-packages/colcon_core/task/python/colcon_distutils_commands:/home/vishvesh/ros2_ws/src/install/Practice/lib/python3.10/site-packages:${PYTHONPATH} /usr/bin/python3 -W ignore:setup.py install is deprecated -W ignore:easy_install command is deprecated setup.py develop --editable --build-directory /home/vishvesh/ros2_ws/src/build/Practice/build --no-deps symlink_data
