[0.257s] Invoking command in '/home/vishvesh/ros2_ws/src/build/kratos_vishvesh': CMAKE_PREFIX_PATH=${CMAKE_PREFIX_PATH}:/home/vishvesh/ros2_ws/install/turtle_controller:/home/vishvesh/ros2_ws/install/gs_simulation_interfaces:/home/vishvesh/ros2_ws/install/gs_ros:/home/vishvesh/ros2_ws/install/Practice:/opt/ros/humble /usr/bin/cmake /home/vishvesh/ros2_ws/src/kratos_vishvesh -DAMENT_CMAKE_SYMLINK_INSTALL=1 -DCMAKE_INSTALL_PREFIX=/home/vishvesh/ros2_ws/src/install/kratos_vishvesh
[0.296s] -- The C compiler identification is GNU 11.4.0
[0.340s] -- The CXX compiler identification is GNU 11.4.0
[0.345s] -- Detecting C compiler ABI info
[0.399s] -- Detecting C compiler ABI info - done
[0.406s] -- Check for working C compiler: /usr/bin/cc - skipped
[0.406s] -- Detecting C compile features
[0.407s] -- Detecting C compile features - done
[0.410s] -- Detecting CXX compiler ABI info
[0.473s] -- Detecting CXX compiler ABI info - done
[0.481s] -- Check for working CXX compiler: /usr/bin/c++ - skipped
[0.481s] -- Detecting CXX compile features
[0.481s] -- Detecting CXX compile features - done
[0.484s] -- Found ament_cmake: 1.3.14 (/opt/ros/humble/share/ament_cmake/cmake)
[0.798s] -- Found Python3: /usr/bin/python3 (found version "3.10.12") found components: Interpreter 
[0.842s] -- Override CMake install command with custom implementation using symlinks instead of copying resources
[0.861s] -- Found ament_lint_auto: 0.12.15 (/opt/ros/humble/share/ament_lint_auto/cmake)
[0.913s] -- Added test 'flake8' to check Python code syntax and style conventions
[0.913s] -- Added test 'lint_cmake' to check CMake code style
[0.913s] -- Added test 'pep257' to check Python code against some of the docstring style conventions in PEP 257
[0.914s] -- Added test 'xmllint' to check XML markup files
[0.915s] -- Configuring done
[0.916s] -- Generating done
[0.917s] -- Build files have been written to: /home/vishvesh/ros2_ws/src/build/kratos_vishvesh
[0.920s] Invoked command in '/home/vishvesh/ros2_ws/src/build/kratos_vishvesh' returned '0': CMAKE_PREFIX_PATH=${CMAKE_PREFIX_PATH}:/home/vishvesh/ros2_ws/install/turtle_controller:/home/vishvesh/ros2_ws/install/gs_simulation_interfaces:/home/vishvesh/ros2_ws/install/gs_ros:/home/vishvesh/ros2_ws/install/Practice:/opt/ros/humble /usr/bin/cmake /home/vishvesh/ros2_ws/src/kratos_vishvesh -DAMENT_CMAKE_SYMLINK_INSTALL=1 -DCMAKE_INSTALL_PREFIX=/home/vishvesh/ros2_ws/src/install/kratos_vishvesh
[0.922s] Invoking command in '/home/vishvesh/ros2_ws/src/build/kratos_vishvesh': CMAKE_PREFIX_PATH=${CMAKE_PREFIX_PATH}:/home/vishvesh/ros2_ws/install/turtle_controller:/home/vishvesh/ros2_ws/install/gs_simulation_interfaces:/home/vishvesh/ros2_ws/install/gs_ros:/home/vishvesh/ros2_ws/install/Practice:/opt/ros/humble /usr/bin/cmake --build /home/vishvesh/ros2_ws/src/build/kratos_vishvesh -- -j16 -l16
[0.944s] Invoked command in '/home/vishvesh/ros2_ws/src/build/kratos_vishvesh' returned '0': CMAKE_PREFIX_PATH=${CMAKE_PREFIX_PATH}:/home/vishvesh/ros2_ws/install/turtle_controller:/home/vishvesh/ros2_ws/install/gs_simulation_interfaces:/home/vishvesh/ros2_ws/install/gs_ros:/home/vishvesh/ros2_ws/install/Practice:/opt/ros/humble /usr/bin/cmake --build /home/vishvesh/ros2_ws/src/build/kratos_vishvesh -- -j16 -l16
[0.950s] Invoking command in '/home/vishvesh/ros2_ws/src/build/kratos_vishvesh': CMAKE_PREFIX_PATH=${CMAKE_PREFIX_PATH}:/home/vishvesh/ros2_ws/install/turtle_controller:/home/vishvesh/ros2_ws/install/gs_simulation_interfaces:/home/vishvesh/ros2_ws/install/gs_ros:/home/vishvesh/ros2_ws/install/Practice:/opt/ros/humble /usr/bin/cmake --install /home/vishvesh/ros2_ws/src/build/kratos_vishvesh
[0.954s] -- Install configuration: ""
[0.955s] -- Execute custom install script
[0.955s] -- Symlinking: /home/vishvesh/ros2_ws/src/install/kratos_vishvesh/lib/kratos_vishvesh/rover_status_msg_publisher.py
[0.962s] -- Symlinking: /home/vishvesh/ros2_ws/src/install/kratos_vishvesh/lib/kratos_vishvesh/rover_status_msg_subscriber.py
[0.968s] -- Symlinking: /home/vishvesh/ros2_ws/src/install/kratos_vishvesh/share/ament_index/resource_index/package_run_dependencies/kratos_vishvesh
[0.973s] -- Symlinking: /home/vishvesh/ros2_ws/src/install/kratos_vishvesh/share/ament_index/resource_index/parent_prefix_path/kratos_vishvesh
[0.979s] -- Symlinking: /home/vishvesh/ros2_ws/src/install/kratos_vishvesh/share/kratos_vishvesh/environment/ament_prefix_path.sh
[0.984s] -- Symlinking: /home/vishvesh/ros2_ws/src/install/kratos_vishvesh/share/kratos_vishvesh/environment/ament_prefix_path.dsv
[0.989s] -- Symlinking: /home/vishvesh/ros2_ws/src/install/kratos_vishvesh/share/kratos_vishvesh/environment/path.sh
[0.994s] -- Symlinking: /home/vishvesh/ros2_ws/src/install/kratos_vishvesh/share/kratos_vishvesh/environment/path.dsv
[0.999s] -- Symlinking: /home/vishvesh/ros2_ws/src/install/kratos_vishvesh/share/kratos_vishvesh/local_setup.bash
[1.005s] -- Symlinking: /home/vishvesh/ros2_ws/src/install/kratos_vishvesh/share/kratos_vishvesh/local_setup.sh
[1.011s] -- Symlinking: /home/vishvesh/ros2_ws/src/install/kratos_vishvesh/share/kratos_vishvesh/local_setup.zsh
[1.016s] -- Symlinking: /home/vishvesh/ros2_ws/src/install/kratos_vishvesh/share/kratos_vishvesh/local_setup.dsv
[1.023s] -- Symlinking: /home/vishvesh/ros2_ws/src/install/kratos_vishvesh/share/kratos_vishvesh/package.dsv
[1.028s] -- Symlinking: /home/vishvesh/ros2_ws/src/install/kratos_vishvesh/share/ament_index/resource_index/packages/kratos_vishvesh
[1.035s] -- Symlinking: /home/vishvesh/ros2_ws/src/install/kratos_vishvesh/share/kratos_vishvesh/cmake/kratos_vishveshConfig.cmake
[1.041s] -- Symlinking: /home/vishvesh/ros2_ws/src/install/kratos_vishvesh/share/kratos_vishvesh/cmake/kratos_vishveshConfig-version.cmake
[1.047s] -- Symlinking: /home/vishvesh/ros2_ws/src/install/kratos_vishvesh/share/kratos_vishvesh/package.xml
[1.066s] Invoked command in '/home/vishvesh/ros2_ws/src/build/kratos_vishvesh' returned '0': CMAKE_PREFIX_PATH=${CMAKE_PREFIX_PATH}:/home/vishvesh/ros2_ws/install/turtle_controller:/home/vishvesh/ros2_ws/install/gs_simulation_interfaces:/home/vishvesh/ros2_ws/install/gs_ros:/home/vishvesh/ros2_ws/install/Practice:/opt/ros/humble /usr/bin/cmake --install /home/vishvesh/ros2_ws/src/build/kratos_vishvesh
