/home/vishvesh/ros2_ws/src/install/gs_simulation_interfaces/lib/python3.10/site-packages/gs_simulation_interfaces/simulation_interface.py
/home/vishvesh/ros2_ws/src/install/gs_simulation_interfaces/lib/python3.10/site-packages/gs_simulation_interfaces/__init__.py
/home/vishvesh/ros2_ws/src/install/gs_simulation_interfaces/lib/python3.10/site-packages/gs_simulation_interfaces/scene_manager.py
/home/vishvesh/ros2_ws/src/install/gs_simulation_interfaces/lib/python3.10/site-packages/gs_simulation_interfaces/handlers/world_management.py
/home/vishvesh/ros2_ws/src/install/gs_simulation_interfaces/lib/python3.10/site-packages/gs_simulation_interfaces/handlers/__init__.py
/home/vishvesh/ros2_ws/src/install/gs_simulation_interfaces/lib/python3.10/site-packages/gs_simulation_interfaces/handlers/entity/entity_state.py
/home/vishvesh/ros2_ws/src/install/gs_simulation_interfaces/lib/python3.10/site-packages/gs_simulation_interfaces/handlers/entity/entity_helpers.py
/home/vishvesh/ros2_ws/src/install/gs_simulation_interfaces/lib/python3.10/site-packages/gs_simulation_interfaces/handlers/entity/entity_lifecycle.py
/home/vishvesh/ros2_ws/src/install/gs_simulation_interfaces/lib/python3.10/site-packages/gs_simulation_interfaces/handlers/entity/entity_metadata.py
/home/vishvesh/ros2_ws/src/install/gs_simulation_interfaces/lib/python3.10/site-packages/gs_simulation_interfaces/handlers/entity/entity_options.py
/home/vishvesh/ros2_ws/src/install/gs_simulation_interfaces/lib/python3.10/site-packages/gs_simulation_interfaces/handlers/entity/sensor_options.py
/home/vishvesh/ros2_ws/src/install/gs_simulation_interfaces/lib/python3.10/site-packages/gs_simulation_interfaces/handlers/entity/__init__.py
/home/vishvesh/ros2_ws/src/install/gs_simulation_interfaces/lib/python3.10/site-packages/gs_simulation_interfaces/handlers/simulator/simulation_control.py
/home/vishvesh/ros2_ws/src/install/gs_simulation_interfaces/lib/python3.10/site-packages/gs_simulation_interfaces/handlers/simulator/simulator_features.py
/home/vishvesh/ros2_ws/src/install/gs_simulation_interfaces/lib/python3.10/site-packages/gs_simulation_interfaces/handlers/simulator/__init__.py
/home/vishvesh/ros2_ws/src/install/gs_simulation_interfaces/lib/python3.10/site-packages/gs_simulation_interfaces/__pycache__/simulation_interface.cpython-310.pyc
/home/vishvesh/ros2_ws/src/install/gs_simulation_interfaces/lib/python3.10/site-packages/gs_simulation_interfaces/__pycache__/__init__.cpython-310.pyc
/home/vishvesh/ros2_ws/src/install/gs_simulation_interfaces/lib/python3.10/site-packages/gs_simulation_interfaces/__pycache__/scene_manager.cpython-310.pyc
/home/vishvesh/ros2_ws/src/install/gs_simulation_interfaces/lib/python3.10/site-packages/gs_simulation_interfaces/handlers/__pycache__/world_management.cpython-310.pyc
/home/vishvesh/ros2_ws/src/install/gs_simulation_interfaces/lib/python3.10/site-packages/gs_simulation_interfaces/handlers/__pycache__/__init__.cpython-310.pyc
/home/vishvesh/ros2_ws/src/install/gs_simulation_interfaces/lib/python3.10/site-packages/gs_simulation_interfaces/handlers/entity/__pycache__/entity_state.cpython-310.pyc
/home/vishvesh/ros2_ws/src/install/gs_simulation_interfaces/lib/python3.10/site-packages/gs_simulation_interfaces/handlers/entity/__pycache__/entity_helpers.cpython-310.pyc
/home/vishvesh/ros2_ws/src/install/gs_simulation_interfaces/lib/python3.10/site-packages/gs_simulation_interfaces/handlers/entity/__pycache__/entity_lifecycle.cpython-310.pyc
/home/vishvesh/ros2_ws/src/install/gs_simulation_interfaces/lib/python3.10/site-packages/gs_simulation_interfaces/handlers/entity/__pycache__/entity_metadata.cpython-310.pyc
/home/vishvesh/ros2_ws/src/install/gs_simulation_interfaces/lib/python3.10/site-packages/gs_simulation_interfaces/handlers/entity/__pycache__/entity_options.cpython-310.pyc
/home/vishvesh/ros2_ws/src/install/gs_simulation_interfaces/lib/python3.10/site-packages/gs_simulation_interfaces/handlers/entity/__pycache__/sensor_options.cpython-310.pyc
/home/vishvesh/ros2_ws/src/install/gs_simulation_interfaces/lib/python3.10/site-packages/gs_simulation_interfaces/handlers/entity/__pycache__/__init__.cpython-310.pyc
/home/vishvesh/ros2_ws/src/install/gs_simulation_interfaces/lib/python3.10/site-packages/gs_simulation_interfaces/handlers/simulator/__pycache__/simulation_control.cpython-310.pyc
/home/vishvesh/ros2_ws/src/install/gs_simulation_interfaces/lib/python3.10/site-packages/gs_simulation_interfaces/handlers/simulator/__pycache__/simulator_features.cpython-310.pyc
/home/vishvesh/ros2_ws/src/install/gs_simulation_interfaces/lib/python3.10/site-packages/gs_simulation_interfaces/handlers/simulator/__pycache__/__init__.cpython-310.pyc
/home/vishvesh/ros2_ws/src/install/gs_simulation_interfaces/share/ament_index/resource_index/packages/gs_simulation_interfaces
/home/vishvesh/ros2_ws/src/install/gs_simulation_interfaces/share/gs_simulation_interfaces/package.xml
/home/vishvesh/ros2_ws/src/install/gs_simulation_interfaces/lib/python3.10/site-packages/gs_simulation_interfaces-1.0.0-py3.10.egg-info/dependency_links.txt
/home/vishvesh/ros2_ws/src/install/gs_simulation_interfaces/lib/python3.10/site-packages/gs_simulation_interfaces-1.0.0-py3.10.egg-info/requires.txt
/home/vishvesh/ros2_ws/src/install/gs_simulation_interfaces/lib/python3.10/site-packages/gs_simulation_interfaces-1.0.0-py3.10.egg-info/top_level.txt
/home/vishvesh/ros2_ws/src/install/gs_simulation_interfaces/lib/python3.10/site-packages/gs_simulation_interfaces-1.0.0-py3.10.egg-info/PKG-INFO
/home/vishvesh/ros2_ws/src/install/gs_simulation_interfaces/lib/python3.10/site-packages/gs_simulation_interfaces-1.0.0-py3.10.egg-info/zip-safe
/home/vishvesh/ros2_ws/src/install/gs_simulation_interfaces/lib/python3.10/site-packages/gs_simulation_interfaces-1.0.0-py3.10.egg-info/SOURCES.txt
