[0.822s] Invoking command in '/home/vishvesh/ros2_ws/src/build/gs_ros': PYTHONPATH=/home/vishvesh/ros2_ws/src/build/gs_ros/prefix_override:/usr/lib/python3/dist-packages/colcon_core/task/python/colcon_distutils_commands:/home/vishvesh/ros2_ws/src/install/gs_ros/lib/python3.10/site-packages:${PYTHONPATH} /usr/bin/python3 -W ignore:setup.py install is deprecated -W ignore:easy_install command is deprecated setup.py develop --uninstall --editable --build-directory /home/vishvesh/ros2_ws/src/build/gs_ros/build
[0.957s] /home/vishvesh/.local/lib/python3.10/site-packages/setuptools/_distutils/dist.py:289: UserWarning: Unknown distribution option: 'tests_require'
[0.957s]   warnings.warn(msg)
[1.042s] running develop
[1.158s] Removing /home/vishvesh/ros2_ws/src/install/gs_ros/lib/python3.10/site-packages/gs-ros.egg-link (link to .)
[1.178s] Invoked command in '/home/vishvesh/ros2_ws/src/build/gs_ros' returned '0': PYTHONPATH=/home/vishvesh/ros2_ws/src/build/gs_ros/prefix_override:/usr/lib/python3/dist-packages/colcon_core/task/python/colcon_distutils_commands:/home/vishvesh/ros2_ws/src/install/gs_ros/lib/python3.10/site-packages:${PYTHONPATH} /usr/bin/python3 -W ignore:setup.py install is deprecated -W ignore:easy_install command is deprecated setup.py develop --uninstall --editable --build-directory /home/vishvesh/ros2_ws/src/build/gs_ros/build
[1.179s] Invoking command in '/home/vishvesh/ros2_ws/src/genesis_ros/gs_ros': PYTHONPATH=/home/vishvesh/ros2_ws/src/build/gs_ros/prefix_override:/usr/lib/python3/dist-packages/colcon_core/task/python/colcon_distutils_commands:/home/vishvesh/ros2_ws/src/install/gs_ros/lib/python3.10/site-packages:${PYTHONPATH} /usr/bin/python3 -W ignore:setup.py install is deprecated -W ignore:easy_install command is deprecated setup.py egg_info --egg-base ../../build/gs_ros build --build-base /home/vishvesh/ros2_ws/src/build/gs_ros/build install --record /home/vishvesh/ros2_ws/src/build/gs_ros/install.log --single-version-externally-managed install_data --force
[1.285s] /home/vishvesh/.local/lib/python3.10/site-packages/setuptools/_distutils/dist.py:289: UserWarning: Unknown distribution option: 'tests_require'
[1.285s]   warnings.warn(msg)
[1.336s] running egg_info
[1.345s] writing ../../build/gs_ros/gs_ros.egg-info/PKG-INFO
[1.345s] writing dependency_links to ../../build/gs_ros/gs_ros.egg-info/dependency_links.txt
[1.345s] writing requirements to ../../build/gs_ros/gs_ros.egg-info/requires.txt
[1.345s] writing top-level names to ../../build/gs_ros/gs_ros.egg-info/top_level.txt
[1.363s] reading manifest file '../../build/gs_ros/gs_ros.egg-info/SOURCES.txt'
[1.364s] writing manifest file '../../build/gs_ros/gs_ros.egg-info/SOURCES.txt'
[1.364s] running build
[1.364s] running build_py
[1.364s] creating /home/vishvesh/ros2_ws/src/build/gs_ros/build/lib/gs_ros
[1.365s] copying gs_ros/gs_ros_services.py -> /home/vishvesh/ros2_ws/src/build/gs_ros/build/lib/gs_ros
[1.365s] copying gs_ros/gs_ros_sensors.py -> /home/vishvesh/ros2_ws/src/build/gs_ros/build/lib/gs_ros
[1.365s] copying gs_ros/gs_ros_robot_control.py -> /home/vishvesh/ros2_ws/src/build/gs_ros/build/lib/gs_ros
[1.365s] copying gs_ros/gs_ros_sim.py -> /home/vishvesh/ros2_ws/src/build/gs_ros/build/lib/gs_ros
[1.365s] copying gs_ros/__init__.py -> /home/vishvesh/ros2_ws/src/build/gs_ros/build/lib/gs_ros
[1.365s] copying gs_ros/gs_ros_bridge.py -> /home/vishvesh/ros2_ws/src/build/gs_ros/build/lib/gs_ros
[1.365s] copying gs_ros/gs_ros_utils.py -> /home/vishvesh/ros2_ws/src/build/gs_ros/build/lib/gs_ros
[1.365s] creating /home/vishvesh/ros2_ws/src/build/gs_ros/build/lib/gs_ros/sensors
[1.365s] copying gs_ros/sensors/grid_lidar_sensor.py -> /home/vishvesh/ros2_ws/src/build/gs_ros/build/lib/gs_ros/sensors
[1.365s] copying gs_ros/sensors/camera_sensor.py -> /home/vishvesh/ros2_ws/src/build/gs_ros/build/lib/gs_ros/sensors
[1.365s] copying gs_ros/sensors/lidar_sensor.py -> /home/vishvesh/ros2_ws/src/build/gs_ros/build/lib/gs_ros/sensors
[1.365s] copying gs_ros/sensors/imu_sensor.py -> /home/vishvesh/ros2_ws/src/build/gs_ros/build/lib/gs_ros/sensors
[1.366s] copying gs_ros/sensors/sectional_lidar_sensor.py -> /home/vishvesh/ros2_ws/src/build/gs_ros/build/lib/gs_ros/sensors
[1.366s] copying gs_ros/sensors/base_sensor.py -> /home/vishvesh/ros2_ws/src/build/gs_ros/build/lib/gs_ros/sensors
[1.366s] copying gs_ros/sensors/laser_scan_sensor.py -> /home/vishvesh/ros2_ws/src/build/gs_ros/build/lib/gs_ros/sensors
[1.366s] copying gs_ros/sensors/contact_sensor.py -> /home/vishvesh/ros2_ws/src/build/gs_ros/build/lib/gs_ros/sensors
[1.366s] copying gs_ros/sensors/__init__.py -> /home/vishvesh/ros2_ws/src/build/gs_ros/build/lib/gs_ros/sensors
[1.366s] copying gs_ros/sensors/sensor_helper.py -> /home/vishvesh/ros2_ws/src/build/gs_ros/build/lib/gs_ros/sensors
[1.366s] copying gs_ros/sensors/contact_force_sensor.py -> /home/vishvesh/ros2_ws/src/build/gs_ros/build/lib/gs_ros/sensors
[1.366s] running install
[1.369s] running install_lib
[1.377s] creating /home/vishvesh/ros2_ws/src/install/gs_ros/lib/python3.10/site-packages/gs_ros
[1.377s] copying /home/vishvesh/ros2_ws/src/build/gs_ros/build/lib/gs_ros/gs_ros_services.py -> /home/vishvesh/ros2_ws/src/install/gs_ros/lib/python3.10/site-packages/gs_ros
[1.378s] copying /home/vishvesh/ros2_ws/src/build/gs_ros/build/lib/gs_ros/gs_ros_sensors.py -> /home/vishvesh/ros2_ws/src/install/gs_ros/lib/python3.10/site-packages/gs_ros
[1.378s] copying /home/vishvesh/ros2_ws/src/build/gs_ros/build/lib/gs_ros/gs_ros_robot_control.py -> /home/vishvesh/ros2_ws/src/install/gs_ros/lib/python3.10/site-packages/gs_ros
[1.378s] copying /home/vishvesh/ros2_ws/src/build/gs_ros/build/lib/gs_ros/gs_ros_sim.py -> /home/vishvesh/ros2_ws/src/install/gs_ros/lib/python3.10/site-packages/gs_ros
[1.378s] creating /home/vishvesh/ros2_ws/src/install/gs_ros/lib/python3.10/site-packages/gs_ros/sensors
[1.378s] copying /home/vishvesh/ros2_ws/src/build/gs_ros/build/lib/gs_ros/sensors/grid_lidar_sensor.py -> /home/vishvesh/ros2_ws/src/install/gs_ros/lib/python3.10/site-packages/gs_ros/sensors
[1.378s] copying /home/vishvesh/ros2_ws/src/build/gs_ros/build/lib/gs_ros/sensors/camera_sensor.py -> /home/vishvesh/ros2_ws/src/install/gs_ros/lib/python3.10/site-packages/gs_ros/sensors
[1.378s] copying /home/vishvesh/ros2_ws/src/build/gs_ros/build/lib/gs_ros/sensors/lidar_sensor.py -> /home/vishvesh/ros2_ws/src/install/gs_ros/lib/python3.10/site-packages/gs_ros/sensors
[1.378s] copying /home/vishvesh/ros2_ws/src/build/gs_ros/build/lib/gs_ros/sensors/imu_sensor.py -> /home/vishvesh/ros2_ws/src/install/gs_ros/lib/python3.10/site-packages/gs_ros/sensors
[1.378s] copying /home/vishvesh/ros2_ws/src/build/gs_ros/build/lib/gs_ros/sensors/sectional_lidar_sensor.py -> /home/vishvesh/ros2_ws/src/install/gs_ros/lib/python3.10/site-packages/gs_ros/sensors
[1.378s] copying /home/vishvesh/ros2_ws/src/build/gs_ros/build/lib/gs_ros/sensors/base_sensor.py -> /home/vishvesh/ros2_ws/src/install/gs_ros/lib/python3.10/site-packages/gs_ros/sensors
[1.378s] copying /home/vishvesh/ros2_ws/src/build/gs_ros/build/lib/gs_ros/sensors/laser_scan_sensor.py -> /home/vishvesh/ros2_ws/src/install/gs_ros/lib/python3.10/site-packages/gs_ros/sensors
[1.378s] copying /home/vishvesh/ros2_ws/src/build/gs_ros/build/lib/gs_ros/sensors/contact_sensor.py -> /home/vishvesh/ros2_ws/src/install/gs_ros/lib/python3.10/site-packages/gs_ros/sensors
[1.378s] copying /home/vishvesh/ros2_ws/src/build/gs_ros/build/lib/gs_ros/sensors/__init__.py -> /home/vishvesh/ros2_ws/src/install/gs_ros/lib/python3.10/site-packages/gs_ros/sensors
[1.378s] copying /home/vishvesh/ros2_ws/src/build/gs_ros/build/lib/gs_ros/sensors/sensor_helper.py -> /home/vishvesh/ros2_ws/src/install/gs_ros/lib/python3.10/site-packages/gs_ros/sensors
[1.378s] copying /home/vishvesh/ros2_ws/src/build/gs_ros/build/lib/gs_ros/sensors/contact_force_sensor.py -> /home/vishvesh/ros2_ws/src/install/gs_ros/lib/python3.10/site-packages/gs_ros/sensors
[1.378s] copying /home/vishvesh/ros2_ws/src/build/gs_ros/build/lib/gs_ros/__init__.py -> /home/vishvesh/ros2_ws/src/install/gs_ros/lib/python3.10/site-packages/gs_ros
[1.378s] copying /home/vishvesh/ros2_ws/src/build/gs_ros/build/lib/gs_ros/gs_ros_bridge.py -> /home/vishvesh/ros2_ws/src/install/gs_ros/lib/python3.10/site-packages/gs_ros
[1.379s] copying /home/vishvesh/ros2_ws/src/build/gs_ros/build/lib/gs_ros/gs_ros_utils.py -> /home/vishvesh/ros2_ws/src/install/gs_ros/lib/python3.10/site-packages/gs_ros
[1.379s] byte-compiling /home/vishvesh/ros2_ws/src/install/gs_ros/lib/python3.10/site-packages/gs_ros/gs_ros_services.py to gs_ros_services.cpython-310.pyc
[1.381s] byte-compiling /home/vishvesh/ros2_ws/src/install/gs_ros/lib/python3.10/site-packages/gs_ros/gs_ros_sensors.py to gs_ros_sensors.cpython-310.pyc
[1.382s] byte-compiling /home/vishvesh/ros2_ws/src/install/gs_ros/lib/python3.10/site-packages/gs_ros/gs_ros_robot_control.py to gs_ros_robot_control.cpython-310.pyc
[1.383s] byte-compiling /home/vishvesh/ros2_ws/src/install/gs_ros/lib/python3.10/site-packages/gs_ros/gs_ros_sim.py to gs_ros_sim.cpython-310.pyc
[1.384s] byte-compiling /home/vishvesh/ros2_ws/src/install/gs_ros/lib/python3.10/site-packages/gs_ros/sensors/grid_lidar_sensor.py to grid_lidar_sensor.cpython-310.pyc
[1.384s] byte-compiling /home/vishvesh/ros2_ws/src/install/gs_ros/lib/python3.10/site-packages/gs_ros/sensors/camera_sensor.py to camera_sensor.cpython-310.pyc
[1.385s] byte-compiling /home/vishvesh/ros2_ws/src/install/gs_ros/lib/python3.10/site-packages/gs_ros/sensors/lidar_sensor.py to lidar_sensor.cpython-310.pyc
[1.385s] byte-compiling /home/vishvesh/ros2_ws/src/install/gs_ros/lib/python3.10/site-packages/gs_ros/sensors/imu_sensor.py to imu_sensor.cpython-310.pyc
[1.386s] byte-compiling /home/vishvesh/ros2_ws/src/install/gs_ros/lib/python3.10/site-packages/gs_ros/sensors/sectional_lidar_sensor.py to sectional_lidar_sensor.cpython-310.pyc
[1.386s] byte-compiling /home/vishvesh/ros2_ws/src/install/gs_ros/lib/python3.10/site-packages/gs_ros/sensors/base_sensor.py to base_sensor.cpython-310.pyc
[1.387s] byte-compiling /home/vishvesh/ros2_ws/src/install/gs_ros/lib/python3.10/site-packages/gs_ros/sensors/laser_scan_sensor.py to laser_scan_sensor.cpython-310.pyc
[1.387s] byte-compiling /home/vishvesh/ros2_ws/src/install/gs_ros/lib/python3.10/site-packages/gs_ros/sensors/contact_sensor.py to contact_sensor.cpython-310.pyc
[1.388s] byte-compiling /home/vishvesh/ros2_ws/src/install/gs_ros/lib/python3.10/site-packages/gs_ros/sensors/__init__.py to __init__.cpython-310.pyc
[1.388s] byte-compiling /home/vishvesh/ros2_ws/src/install/gs_ros/lib/python3.10/site-packages/gs_ros/sensors/sensor_helper.py to sensor_helper.cpython-310.pyc
[1.388s] byte-compiling /home/vishvesh/ros2_ws/src/install/gs_ros/lib/python3.10/site-packages/gs_ros/sensors/contact_force_sensor.py to contact_force_sensor.cpython-310.pyc
[1.389s] byte-compiling /home/vishvesh/ros2_ws/src/install/gs_ros/lib/python3.10/site-packages/gs_ros/__init__.py to __init__.cpython-310.pyc
[1.389s] byte-compiling /home/vishvesh/ros2_ws/src/install/gs_ros/lib/python3.10/site-packages/gs_ros/gs_ros_bridge.py to gs_ros_bridge.cpython-310.pyc
[1.390s] byte-compiling /home/vishvesh/ros2_ws/src/install/gs_ros/lib/python3.10/site-packages/gs_ros/gs_ros_utils.py to gs_ros_utils.cpython-310.pyc
[1.394s] running install_data
[1.394s] copying resource/gs_ros -> /home/vishvesh/ros2_ws/src/install/gs_ros/share/ament_index/resource_index/packages
[1.394s] copying package.xml -> /home/vishvesh/ros2_ws/src/install/gs_ros/share/gs_ros
[1.394s] running install_egg_info
[1.405s] Copying ../../build/gs_ros/gs_ros.egg-info to /home/vishvesh/ros2_ws/src/install/gs_ros/lib/python3.10/site-packages/gs_ros-0.0.0-py3.10.egg-info
[1.405s] running install_scripts
[1.482s] writing list of installed files to '/home/vishvesh/ros2_ws/src/build/gs_ros/install.log'
[1.500s] Invoked command in '/home/vishvesh/ros2_ws/src/genesis_ros/gs_ros' returned '0': PYTHONPATH=/home/vishvesh/ros2_ws/src/build/gs_ros/prefix_override:/usr/lib/python3/dist-packages/colcon_core/task/python/colcon_distutils_commands:/home/vishvesh/ros2_ws/src/install/gs_ros/lib/python3.10/site-packages:${PYTHONPATH} /usr/bin/python3 -W ignore:setup.py install is deprecated -W ignore:easy_install command is deprecated setup.py egg_info --egg-base ../../build/gs_ros build --build-base /home/vishvesh/ros2_ws/src/build/gs_ros/build install --record /home/vishvesh/ros2_ws/src/build/gs_ros/install.log --single-version-externally-managed install_data --force
