-- The C compiler identification is GNU 11.4.0
-- The CXX compiler identification is GNU 11.4.0
-- Detecting C compiler ABI info
-- Detecting C compiler ABI info - done
-- Check for working C compiler: /usr/bin/cc - skipped
-- Detecting C compile features
-- Detecting C compile features - done
-- Detecting CXX compiler ABI info
-- Detecting CXX compiler ABI info - done
-- Check for working CXX compiler: /usr/bin/c++ - skipped
-- Detecting CXX compile features
-- Detecting CXX compile features - done
-- Found ament_cmake: 1.3.14 (/opt/ros/humble/share/ament_cmake/cmake)
-- Found Python3: /usr/bin/python3 (found version "3.10.12") found components: Interpreter 
-- Override CMake install command with custom implementation using symlinks instead of copying resources
-- Found control_msgs: 4.9.0 (/opt/ros/humble/share/control_msgs/cmake)
-- Found rosidl_generator_c: 3.1.8 (/opt/ros/humble/share/rosidl_generator_c/cmake)
-- Found rosidl_adapter: 3.1.8 (/opt/ros/humble/share/rosidl_adapter/cmake)
-- Found rosidl_generator_cpp: 3.1.8 (/opt/ros/humble/share/rosidl_generator_cpp/cmake)
-- Using all available rosidl_typesupport_c: rosidl_typesupport_fastrtps_c;rosidl_typesupport_introspection_c
-- Using all available rosidl_typesupport_cpp: rosidl_typesupport_fastrtps_cpp;rosidl_typesupport_introspection_cpp
-- Found rclcpp: 16.0.19 (/opt/ros/humble/share/rclcpp/cmake)
-- Found rmw_implementation_cmake: 6.1.2 (/opt/ros/humble/share/rmw_implementation_cmake/cmake)
-- Found rmw_fastrtps_cpp: 6.2.10 (/opt/ros/humble/share/rmw_fastrtps_cpp/cmake)
-- Found OpenSSL: /usr/lib/x86_64-linux-gnu/libcrypto.so (found version "3.0.2")  
-- Found FastRTPS: /opt/ros/humble/include  
-- Using RMW implementation 'rmw_fastrtps_cpp' as default
-- Looking for pthread.h
-- Looking for pthread.h - found
-- Performing Test CMAKE_HAVE_LIBC_PTHREAD
-- Performing Test CMAKE_HAVE_LIBC_PTHREAD - Success
-- Found Threads: TRUE  
-- Found rclcpp_action: 16.0.19 (/opt/ros/humble/share/rclcpp_action/cmake)
-- Found ament_lint_auto: 0.12.15 (/opt/ros/humble/share/ament_lint_auto/cmake)
-- Added test 'copyright' to check source files copyright and LICENSE
-- Added test 'cppcheck' to perform static code analysis on C / C++ code
-- Configured cppcheck include dirs: 
-- Configured cppcheck exclude dirs and/or files: 
-- Added test 'cpplint' to check C / C++ code against the Google style
-- Configured cpplint exclude dirs and/or files: 
-- Added test 'flake8' to check Python code syntax and style conventions
-- Added test 'lint_cmake' to check CMake code style
-- Added test 'pep257' to check Python code against some of the docstring style conventions in PEP 257
-- Added test 'uncrustify' to check C / C++ code style
-- Configured uncrustify additional arguments: 
-- Added test 'xmllint' to check XML markup files
-- Configuring done
-- Generating done
-- Build files have been written to: /home/vishvesh/ros2_ws/src/build/gs_ros2_control_demos
[  7%] [32mBuilding CXX object CMakeFiles/example_velocity.dir/examples/example_position.cpp.o[0m
[ 14%] [32mBuilding CXX object CMakeFiles/example_position.dir/examples/example_position.cpp.o[0m
[ 21%] [32mBuilding CXX object CMakeFiles/example_tricycle_drive.dir/examples/example_tricycle_drive.cpp.o[0m
[ 28%] [32mBuilding CXX object CMakeFiles/example_effort.dir/examples/example_position.cpp.o[0m
[ 35%] [32mBuilding CXX object CMakeFiles/example_diff_drive.dir/examples/example_diff_drive.cpp.o[0m
[ 42%] [32mBuilding CXX object CMakeFiles/example_gripper.dir/examples/example_gripper.cpp.o[0m
[ 50%] [32mBuilding CXX object CMakeFiles/example_ackermann_drive.dir/examples/example_ackermann_drive.cpp.o[0m
[ 57%] [32m[1mLinking CXX executable example_ackermann_drive[0m
[ 64%] [32m[1mLinking CXX executable example_tricycle_drive[0m
[ 64%] Built target example_ackermann_drive
[ 64%] Built target example_tricycle_drive
[ 71%] [32m[1mLinking CXX executable example_diff_drive[0m
[ 78%] [32m[1mLinking CXX executable example_velocity[0m
[ 78%] Built target example_diff_drive
[ 85%] [32m[1mLinking CXX executable example_gripper[0m
[ 92%] [32m[1mLinking CXX executable example_position[0m
[ 92%] Built target example_velocity
[ 92%] Built target example_gripper
[ 92%] Built target example_position
[100%] [32m[1mLinking CXX executable example_effort[0m
[100%] Built target example_effort
-- Install configuration: ""
-- Execute custom install script
-- Symlinking: /home/vishvesh/ros2_ws/src/install/gs_ros2_control_demos/share/gs_ros2_control_demos//launch/ackermann_drive_example.launch.py
-- Symlinking: /home/vishvesh/ros2_ws/src/install/gs_ros2_control_demos/share/gs_ros2_control_demos//launch/cart_example_effort.launch.py
-- Symlinking: /home/vishvesh/ros2_ws/src/install/gs_ros2_control_demos/share/gs_ros2_control_demos//launch/cart_example_position.launch.py
-- Symlinking: /home/vishvesh/ros2_ws/src/install/gs_ros2_control_demos/share/gs_ros2_control_demos//launch/cart_example_velocity.launch.py
-- Symlinking: /home/vishvesh/ros2_ws/src/install/gs_ros2_control_demos/share/gs_ros2_control_demos//launch/diff_drive_example.launch.py
-- Symlinking: /home/vishvesh/ros2_ws/src/install/gs_ros2_control_demos/share/gs_ros2_control_demos//launch/diff_drive_example_namespaced.launch.py
-- Symlinking: /home/vishvesh/ros2_ws/src/install/gs_ros2_control_demos/share/gs_ros2_control_demos//launch/gripper_mimic_joint_example.launch.py
-- Symlinking: /home/vishvesh/ros2_ws/src/install/gs_ros2_control_demos/share/gs_ros2_control_demos//launch/mecanum_drive_example.launch.py
-- Symlinking: /home/vishvesh/ros2_ws/src/install/gs_ros2_control_demos/share/gs_ros2_control_demos//launch/panda_example_position.launch.py
-- Symlinking: /home/vishvesh/ros2_ws/src/install/gs_ros2_control_demos/share/gs_ros2_control_demos//launch/pendulum_example_effort.launch.py
-- Symlinking: /home/vishvesh/ros2_ws/src/install/gs_ros2_control_demos/share/gs_ros2_control_demos//launch/pendulum_example_position.launch.py
-- Symlinking: /home/vishvesh/ros2_ws/src/install/gs_ros2_control_demos/share/gs_ros2_control_demos//launch/tricycle_drive_example.launch.py
-- Symlinking: /home/vishvesh/ros2_ws/src/install/gs_ros2_control_demos/share/gs_ros2_control_demos//config/ackermann_drive_controller.yaml
-- Symlinking: /home/vishvesh/ros2_ws/src/install/gs_ros2_control_demos/share/gs_ros2_control_demos//config/cart_controller_effort.yaml
-- Symlinking: /home/vishvesh/ros2_ws/src/install/gs_ros2_control_demos/share/gs_ros2_control_demos//config/cart_controller_position.yaml
-- Symlinking: /home/vishvesh/ros2_ws/src/install/gs_ros2_control_demos/share/gs_ros2_control_demos//config/cart_controller_velocity.yaml
-- Symlinking: /home/vishvesh/ros2_ws/src/install/gs_ros2_control_demos/share/gs_ros2_control_demos//config/diff_drive_controller.yaml
-- Symlinking: /home/vishvesh/ros2_ws/src/install/gs_ros2_control_demos/share/gs_ros2_control_demos//config/gripper_controller.yaml
-- Symlinking: /home/vishvesh/ros2_ws/src/install/gs_ros2_control_demos/share/gs_ros2_control_demos//config/mecanum_drive_controller.yaml
-- Symlinking: /home/vishvesh/ros2_ws/src/install/gs_ros2_control_demos/share/gs_ros2_control_demos//config/panda_controller_position.yaml
-- Symlinking: /home/vishvesh/ros2_ws/src/install/gs_ros2_control_demos/share/gs_ros2_control_demos//config/tricycle_drive_controller.yaml
-- Symlinking: /home/vishvesh/ros2_ws/src/install/gs_ros2_control_demos/share/gs_ros2_control_demos//urdf/panda_bullet/meshes/collision/finger.obj
-- Symlinking: /home/vishvesh/ros2_ws/src/install/gs_ros2_control_demos/share/gs_ros2_control_demos//urdf/panda_bullet/meshes/collision/hand.obj
-- Symlinking: /home/vishvesh/ros2_ws/src/install/gs_ros2_control_demos/share/gs_ros2_control_demos//urdf/panda_bullet/meshes/collision/link0.obj
-- Symlinking: /home/vishvesh/ros2_ws/src/install/gs_ros2_control_demos/share/gs_ros2_control_demos//urdf/panda_bullet/meshes/collision/link1.obj
-- Symlinking: /home/vishvesh/ros2_ws/src/install/gs_ros2_control_demos/share/gs_ros2_control_demos//urdf/panda_bullet/meshes/collision/link2.obj
-- Symlinking: /home/vishvesh/ros2_ws/src/install/gs_ros2_control_demos/share/gs_ros2_control_demos//urdf/panda_bullet/meshes/collision/link3.obj
-- Symlinking: /home/vishvesh/ros2_ws/src/install/gs_ros2_control_demos/share/gs_ros2_control_demos//urdf/panda_bullet/meshes/collision/link4.obj
-- Symlinking: /home/vishvesh/ros2_ws/src/install/gs_ros2_control_demos/share/gs_ros2_control_demos//urdf/panda_bullet/meshes/collision/link5.obj
-- Symlinking: /home/vishvesh/ros2_ws/src/install/gs_ros2_control_demos/share/gs_ros2_control_demos//urdf/panda_bullet/meshes/collision/link6.mtl
-- Symlinking: /home/vishvesh/ros2_ws/src/install/gs_ros2_control_demos/share/gs_ros2_control_demos//urdf/panda_bullet/meshes/collision/link6.obj
-- Symlinking: /home/vishvesh/ros2_ws/src/install/gs_ros2_control_demos/share/gs_ros2_control_demos//urdf/panda_bullet/meshes/collision/link7.obj
-- Symlinking: /home/vishvesh/ros2_ws/src/install/gs_ros2_control_demos/share/gs_ros2_control_demos//urdf/panda_bullet/meshes/visual/base_link.dae
-- Symlinking: /home/vishvesh/ros2_ws/src/install/gs_ros2_control_demos/share/gs_ros2_control_demos//urdf/panda_bullet/meshes/visual/base_link_uv.png
-- Symlinking: /home/vishvesh/ros2_ws/src/install/gs_ros2_control_demos/share/gs_ros2_control_demos//urdf/panda_bullet/meshes/visual/colors.png
-- Symlinking: /home/vishvesh/ros2_ws/src/install/gs_ros2_control_demos/share/gs_ros2_control_demos//urdf/panda_bullet/meshes/visual/finger.mtl
-- Symlinking: /home/vishvesh/ros2_ws/src/install/gs_ros2_control_demos/share/gs_ros2_control_demos//urdf/panda_bullet/meshes/visual/finger.obj
-- Symlinking: /home/vishvesh/ros2_ws/src/install/gs_ros2_control_demos/share/gs_ros2_control_demos//urdf/panda_bullet/meshes/visual/hand.mtl
-- Symlinking: /home/vishvesh/ros2_ws/src/install/gs_ros2_control_demos/share/gs_ros2_control_demos//urdf/panda_bullet/meshes/visual/hand.obj
-- Symlinking: /home/vishvesh/ros2_ws/src/install/gs_ros2_control_demos/share/gs_ros2_control_demos//urdf/panda_bullet/meshes/visual/link1.mtl
-- Symlinking: /home/vishvesh/ros2_ws/src/install/gs_ros2_control_demos/share/gs_ros2_control_demos//urdf/panda_bullet/meshes/visual/link1.obj
-- Symlinking: /home/vishvesh/ros2_ws/src/install/gs_ros2_control_demos/share/gs_ros2_control_demos//urdf/panda_bullet/meshes/visual/link2.mtl
-- Symlinking: /home/vishvesh/ros2_ws/src/install/gs_ros2_control_demos/share/gs_ros2_control_demos//urdf/panda_bullet/meshes/visual/link2.obj
-- Symlinking: /home/vishvesh/ros2_ws/src/install/gs_ros2_control_demos/share/gs_ros2_control_demos//urdf/panda_bullet/meshes/visual/link3.mtl
-- Symlinking: /home/vishvesh/ros2_ws/src/install/gs_ros2_control_demos/share/gs_ros2_control_demos//urdf/panda_bullet/meshes/visual/link3.obj
-- Symlinking: /home/vishvesh/ros2_ws/src/install/gs_ros2_control_demos/share/gs_ros2_control_demos//urdf/panda_bullet/meshes/visual/link4.mtl
-- Symlinking: /home/vishvesh/ros2_ws/src/install/gs_ros2_control_demos/share/gs_ros2_control_demos//urdf/panda_bullet/meshes/visual/link4.obj
-- Symlinking: /home/vishvesh/ros2_ws/src/install/gs_ros2_control_demos/share/gs_ros2_control_demos//urdf/panda_bullet/meshes/visual/link5.mtl
-- Symlinking: /home/vishvesh/ros2_ws/src/install/gs_ros2_control_demos/share/gs_ros2_control_demos//urdf/panda_bullet/meshes/visual/link5.obj
-- Symlinking: /home/vishvesh/ros2_ws/src/install/gs_ros2_control_demos/share/gs_ros2_control_demos//urdf/panda_bullet/meshes/visual/link6.mtl
-- Symlinking: /home/vishvesh/ros2_ws/src/install/gs_ros2_control_demos/share/gs_ros2_control_demos//urdf/panda_bullet/meshes/visual/link6.obj
-- Symlinking: /home/vishvesh/ros2_ws/src/install/gs_ros2_control_demos/share/gs_ros2_control_demos//urdf/panda_bullet/meshes/visual/visualShapeBench.json_0.json
-- Symlinking: /home/vishvesh/ros2_ws/src/install/gs_ros2_control_demos/share/gs_ros2_control_demos//urdf/panda_bullet/panda.urdf
-- Symlinking: /home/vishvesh/ros2_ws/src/install/gs_ros2_control_demos/share/gs_ros2_control_demos//urdf/test_ackermann_drive.xacro.urdf
-- Symlinking: /home/vishvesh/ros2_ws/src/install/gs_ros2_control_demos/share/gs_ros2_control_demos//urdf/test_cart_effort.xacro.urdf
-- Symlinking: /home/vishvesh/ros2_ws/src/install/gs_ros2_control_demos/share/gs_ros2_control_demos//urdf/test_cart_position.xacro.urdf
-- Symlinking: /home/vishvesh/ros2_ws/src/install/gs_ros2_control_demos/share/gs_ros2_control_demos//urdf/test_cart_velocity.xacro.urdf
-- Symlinking: /home/vishvesh/ros2_ws/src/install/gs_ros2_control_demos/share/gs_ros2_control_demos//urdf/test_diff_drive.xacro.urdf
-- Symlinking: /home/vishvesh/ros2_ws/src/install/gs_ros2_control_demos/share/gs_ros2_control_demos//urdf/test_gripper_mimic_joint.xacro.urdf
-- Symlinking: /home/vishvesh/ros2_ws/src/install/gs_ros2_control_demos/share/gs_ros2_control_demos//urdf/test_mecanum_drive.xacro.urdf
-- Symlinking: /home/vishvesh/ros2_ws/src/install/gs_ros2_control_demos/share/gs_ros2_control_demos//urdf/test_pendulum_effort.xacro.urdf
-- Symlinking: /home/vishvesh/ros2_ws/src/install/gs_ros2_control_demos/share/gs_ros2_control_demos//urdf/test_pendulum_position.xacro.urdf
-- Symlinking: /home/vishvesh/ros2_ws/src/install/gs_ros2_control_demos/share/gs_ros2_control_demos//urdf/test_tricycle_drive.xacro.urdf
-- Symlinking: /home/vishvesh/ros2_ws/src/install/gs_ros2_control_demos/lib/gs_ros2_control_demos/example_position
-- Symlinking: /home/vishvesh/ros2_ws/src/install/gs_ros2_control_demos/lib/gs_ros2_control_demos/example_velocity
-- Symlinking: /home/vishvesh/ros2_ws/src/install/gs_ros2_control_demos/lib/gs_ros2_control_demos/example_effort
-- Symlinking: /home/vishvesh/ros2_ws/src/install/gs_ros2_control_demos/lib/gs_ros2_control_demos/example_diff_drive
-- Symlinking: /home/vishvesh/ros2_ws/src/install/gs_ros2_control_demos/lib/gs_ros2_control_demos/example_tricycle_drive
-- Symlinking: /home/vishvesh/ros2_ws/src/install/gs_ros2_control_demos/lib/gs_ros2_control_demos/example_ackermann_drive
-- Symlinking: /home/vishvesh/ros2_ws/src/install/gs_ros2_control_demos/lib/gs_ros2_control_demos/example_gripper
-- Symlinking: /home/vishvesh/ros2_ws/src/install/gs_ros2_control_demos/share/ament_index/resource_index/package_run_dependencies/gs_ros2_control_demos
-- Symlinking: /home/vishvesh/ros2_ws/src/install/gs_ros2_control_demos/share/ament_index/resource_index/parent_prefix_path/gs_ros2_control_demos
-- Symlinking: /home/vishvesh/ros2_ws/src/install/gs_ros2_control_demos/share/gs_ros2_control_demos/environment/ament_prefix_path.sh
-- Symlinking: /home/vishvesh/ros2_ws/src/install/gs_ros2_control_demos/share/gs_ros2_control_demos/environment/ament_prefix_path.dsv
-- Symlinking: /home/vishvesh/ros2_ws/src/install/gs_ros2_control_demos/share/gs_ros2_control_demos/environment/path.sh
-- Symlinking: /home/vishvesh/ros2_ws/src/install/gs_ros2_control_demos/share/gs_ros2_control_demos/environment/path.dsv
-- Symlinking: /home/vishvesh/ros2_ws/src/install/gs_ros2_control_demos/share/gs_ros2_control_demos/local_setup.bash
-- Symlinking: /home/vishvesh/ros2_ws/src/install/gs_ros2_control_demos/share/gs_ros2_control_demos/local_setup.sh
-- Symlinking: /home/vishvesh/ros2_ws/src/install/gs_ros2_control_demos/share/gs_ros2_control_demos/local_setup.zsh
-- Symlinking: /home/vishvesh/ros2_ws/src/install/gs_ros2_control_demos/share/gs_ros2_control_demos/local_setup.dsv
-- Symlinking: /home/vishvesh/ros2_ws/src/install/gs_ros2_control_demos/share/gs_ros2_control_demos/package.dsv
-- Symlinking: /home/vishvesh/ros2_ws/src/install/gs_ros2_control_demos/share/ament_index/resource_index/packages/gs_ros2_control_demos
-- Symlinking: /home/vishvesh/ros2_ws/src/install/gs_ros2_control_demos/share/gs_ros2_control_demos/cmake/gs_ros2_control_demosConfig.cmake
-- Symlinking: /home/vishvesh/ros2_ws/src/install/gs_ros2_control_demos/share/gs_ros2_control_demos/cmake/gs_ros2_control_demosConfig-version.cmake
-- Symlinking: /home/vishvesh/ros2_ws/src/install/gs_ros2_control_demos/share/gs_ros2_control_demos/package.xml
