[0.258s] Invoking command in '/home/vishvesh/ros2_ws/src/build/gs_ros2_control_demos': CMAKE_PREFIX_PATH=${CMAKE_PREFIX_PATH}:/home/vishvesh/ros2_ws/install/turtle_controller:/home/vishvesh/ros2_ws/install/gs_simulation_interfaces:/home/vishvesh/ros2_ws/install/gs_ros:/home/vishvesh/ros2_ws/install/Practice:/opt/ros/humble /usr/bin/cmake /home/vishvesh/ros2_ws/src/genesis_ros/gs_ros2_control_demos -DAMENT_CMAKE_SYMLINK_INSTALL=1 -DCMAKE_INSTALL_PREFIX=/home/vishvesh/ros2_ws/src/install/gs_ros2_control_demos
[0.296s] -- The C compiler identification is GNU 11.4.0
[0.331s] -- The CXX compiler identification is GNU 11.4.0
[0.337s] -- Detecting C compiler ABI info
[0.387s] -- Detecting C compiler ABI info - done
[0.394s] -- Check for working C compiler: /usr/bin/cc - skipped
[0.394s] -- Detecting C compile features
[0.395s] -- Detecting C compile features - done
[0.398s] -- Detecting CXX compiler ABI info
[0.466s] -- Detecting CXX compiler ABI info - done
[0.472s] -- Check for working CXX compiler: /usr/bin/c++ - skipped
[0.472s] -- Detecting CXX compile features
[0.473s] -- Detecting CXX compile features - done
[0.474s] -- Found ament_cmake: 1.3.14 (/opt/ros/humble/share/ament_cmake/cmake)
[0.759s] -- Found Python3: /usr/bin/python3 (found version "3.10.12") found components: Interpreter 
[0.814s] -- Override CMake install command with custom implementation using symlinks instead of copying resources
[0.845s] -- Found control_msgs: 4.9.0 (/opt/ros/humble/share/control_msgs/cmake)
[0.884s] -- Found rosidl_generator_c: 3.1.8 (/opt/ros/humble/share/rosidl_generator_c/cmake)
[0.890s] -- Found rosidl_adapter: 3.1.8 (/opt/ros/humble/share/rosidl_adapter/cmake)
[0.900s] -- Found rosidl_generator_cpp: 3.1.8 (/opt/ros/humble/share/rosidl_generator_cpp/cmake)
[0.913s] -- Using all available rosidl_typesupport_c: rosidl_typesupport_fastrtps_c;rosidl_typesupport_introspection_c
[0.930s] -- Using all available rosidl_typesupport_cpp: rosidl_typesupport_fastrtps_cpp;rosidl_typesupport_introspection_cpp
[1.068s] -- Found rclcpp: 16.0.19 (/opt/ros/humble/share/rclcpp/cmake)
[1.111s] -- Found rmw_implementation_cmake: 6.1.2 (/opt/ros/humble/share/rmw_implementation_cmake/cmake)
[1.115s] -- Found rmw_fastrtps_cpp: 6.2.10 (/opt/ros/humble/share/rmw_fastrtps_cpp/cmake)
[1.189s] -- Found OpenSSL: /usr/lib/x86_64-linux-gnu/libcrypto.so (found version "3.0.2")  
[1.211s] -- Found FastRTPS: /opt/ros/humble/include  
[1.243s] -- Using RMW implementation 'rmw_fastrtps_cpp' as default
[1.249s] -- Looking for pthread.h
[1.300s] -- Looking for pthread.h - found
[1.300s] -- Performing Test CMAKE_HAVE_LIBC_PTHREAD
[1.352s] -- Performing Test CMAKE_HAVE_LIBC_PTHREAD - Success
[1.353s] -- Found Threads: TRUE  
[1.382s] -- Found rclcpp_action: 16.0.19 (/opt/ros/humble/share/rclcpp_action/cmake)
[1.396s] -- Found ament_lint_auto: 0.12.15 (/opt/ros/humble/share/ament_lint_auto/cmake)
[1.463s] -- Added test 'copyright' to check source files copyright and LICENSE
[1.465s] -- Added test 'cppcheck' to perform static code analysis on C / C++ code
[1.465s] -- Configured cppcheck include dirs: 
[1.465s] -- Configured cppcheck exclude dirs and/or files: 
[1.466s] -- Added test 'cpplint' to check C / C++ code against the Google style
[1.466s] -- Configured cpplint exclude dirs and/or files: 
[1.467s] -- Added test 'flake8' to check Python code syntax and style conventions
[1.467s] -- Added test 'lint_cmake' to check CMake code style
[1.468s] -- Added test 'pep257' to check Python code against some of the docstring style conventions in PEP 257
[1.469s] -- Added test 'uncrustify' to check C / C++ code style
[1.469s] -- Configured uncrustify additional arguments: 
[1.470s] -- Added test 'xmllint' to check XML markup files
[1.471s] -- Configuring done
[1.489s] -- Generating done
[1.497s] -- Build files have been written to: /home/vishvesh/ros2_ws/src/build/gs_ros2_control_demos
[1.504s] Invoked command in '/home/vishvesh/ros2_ws/src/build/gs_ros2_control_demos' returned '0': CMAKE_PREFIX_PATH=${CMAKE_PREFIX_PATH}:/home/vishvesh/ros2_ws/install/turtle_controller:/home/vishvesh/ros2_ws/install/gs_simulation_interfaces:/home/vishvesh/ros2_ws/install/gs_ros:/home/vishvesh/ros2_ws/install/Practice:/opt/ros/humble /usr/bin/cmake /home/vishvesh/ros2_ws/src/genesis_ros/gs_ros2_control_demos -DAMENT_CMAKE_SYMLINK_INSTALL=1 -DCMAKE_INSTALL_PREFIX=/home/vishvesh/ros2_ws/src/install/gs_ros2_control_demos
[1.506s] Invoking command in '/home/vishvesh/ros2_ws/src/build/gs_ros2_control_demos': CMAKE_PREFIX_PATH=${CMAKE_PREFIX_PATH}:/home/vishvesh/ros2_ws/install/turtle_controller:/home/vishvesh/ros2_ws/install/gs_simulation_interfaces:/home/vishvesh/ros2_ws/install/gs_ros:/home/vishvesh/ros2_ws/install/Practice:/opt/ros/humble /usr/bin/cmake --build /home/vishvesh/ros2_ws/src/build/gs_ros2_control_demos -- -j16 -l16
[1.541s] [  7%] [32mBuilding CXX object CMakeFiles/example_velocity.dir/examples/example_position.cpp.o[0m
[1.541s] [ 14%] [32mBuilding CXX object CMakeFiles/example_position.dir/examples/example_position.cpp.o[0m
[1.541s] [ 21%] [32mBuilding CXX object CMakeFiles/example_tricycle_drive.dir/examples/example_tricycle_drive.cpp.o[0m
[1.545s] [ 28%] [32mBuilding CXX object CMakeFiles/example_effort.dir/examples/example_position.cpp.o[0m
[1.545s] [ 35%] [32mBuilding CXX object CMakeFiles/example_diff_drive.dir/examples/example_diff_drive.cpp.o[0m
[1.546s] [ 42%] [32mBuilding CXX object CMakeFiles/example_gripper.dir/examples/example_gripper.cpp.o[0m
[1.548s] [ 50%] [32mBuilding CXX object CMakeFiles/example_ackermann_drive.dir/examples/example_ackermann_drive.cpp.o[0m
[7.311s] [ 57%] [32m[1mLinking CXX executable example_ackermann_drive[0m
[7.406s] [ 64%] [32m[1mLinking CXX executable example_tricycle_drive[0m
[7.624s] [ 64%] Built target example_ackermann_drive
[7.671s] [ 64%] Built target example_tricycle_drive
[7.754s] [ 71%] [32m[1mLinking CXX executable example_diff_drive[0m
[7.915s] [ 78%] [32m[1mLinking CXX executable example_velocity[0m
[7.924s] [ 78%] Built target example_diff_drive
[7.966s] [ 85%] [32m[1mLinking CXX executable example_gripper[0m
[7.975s] [ 92%] [32m[1mLinking CXX executable example_position[0m
[8.104s] [ 92%] Built target example_velocity
[8.121s] [ 92%] Built target example_gripper
[8.160s] [ 92%] Built target example_position
[8.280s] [100%] [32m[1mLinking CXX executable example_effort[0m
[8.446s] [100%] Built target example_effort
[8.458s] Invoked command in '/home/vishvesh/ros2_ws/src/build/gs_ros2_control_demos' returned '0': CMAKE_PREFIX_PATH=${CMAKE_PREFIX_PATH}:/home/vishvesh/ros2_ws/install/turtle_controller:/home/vishvesh/ros2_ws/install/gs_simulation_interfaces:/home/vishvesh/ros2_ws/install/gs_ros:/home/vishvesh/ros2_ws/install/Practice:/opt/ros/humble /usr/bin/cmake --build /home/vishvesh/ros2_ws/src/build/gs_ros2_control_demos -- -j16 -l16
[8.459s] Invoking command in '/home/vishvesh/ros2_ws/src/build/gs_ros2_control_demos': CMAKE_PREFIX_PATH=${CMAKE_PREFIX_PATH}:/home/vishvesh/ros2_ws/install/turtle_controller:/home/vishvesh/ros2_ws/install/gs_simulation_interfaces:/home/vishvesh/ros2_ws/install/gs_ros:/home/vishvesh/ros2_ws/install/Practice:/opt/ros/humble /usr/bin/cmake --install /home/vishvesh/ros2_ws/src/build/gs_ros2_control_demos
[8.467s] -- Install configuration: ""
[8.468s] -- Execute custom install script
[8.468s] -- Symlinking: /home/vishvesh/ros2_ws/src/install/gs_ros2_control_demos/share/gs_ros2_control_demos//launch/ackermann_drive_example.launch.py
[8.474s] -- Symlinking: /home/vishvesh/ros2_ws/src/install/gs_ros2_control_demos/share/gs_ros2_control_demos//launch/cart_example_effort.launch.py
[8.484s] -- Symlinking: /home/vishvesh/ros2_ws/src/install/gs_ros2_control_demos/share/gs_ros2_control_demos//launch/cart_example_position.launch.py
[8.491s] -- Symlinking: /home/vishvesh/ros2_ws/src/install/gs_ros2_control_demos/share/gs_ros2_control_demos//launch/cart_example_velocity.launch.py
[8.498s] -- Symlinking: /home/vishvesh/ros2_ws/src/install/gs_ros2_control_demos/share/gs_ros2_control_demos//launch/diff_drive_example.launch.py
[8.504s] -- Symlinking: /home/vishvesh/ros2_ws/src/install/gs_ros2_control_demos/share/gs_ros2_control_demos//launch/diff_drive_example_namespaced.launch.py
[8.512s] -- Symlinking: /home/vishvesh/ros2_ws/src/install/gs_ros2_control_demos/share/gs_ros2_control_demos//launch/gripper_mimic_joint_example.launch.py
[8.521s] -- Symlinking: /home/vishvesh/ros2_ws/src/install/gs_ros2_control_demos/share/gs_ros2_control_demos//launch/mecanum_drive_example.launch.py
[8.530s] -- Symlinking: /home/vishvesh/ros2_ws/src/install/gs_ros2_control_demos/share/gs_ros2_control_demos//launch/panda_example_position.launch.py
[8.538s] -- Symlinking: /home/vishvesh/ros2_ws/src/install/gs_ros2_control_demos/share/gs_ros2_control_demos//launch/pendulum_example_effort.launch.py
[8.547s] -- Symlinking: /home/vishvesh/ros2_ws/src/install/gs_ros2_control_demos/share/gs_ros2_control_demos//launch/pendulum_example_position.launch.py
[8.554s] -- Symlinking: /home/vishvesh/ros2_ws/src/install/gs_ros2_control_demos/share/gs_ros2_control_demos//launch/tricycle_drive_example.launch.py
[8.563s] -- Symlinking: /home/vishvesh/ros2_ws/src/install/gs_ros2_control_demos/share/gs_ros2_control_demos//config/ackermann_drive_controller.yaml
[8.569s] -- Symlinking: /home/vishvesh/ros2_ws/src/install/gs_ros2_control_demos/share/gs_ros2_control_demos//config/cart_controller_effort.yaml
[8.578s] -- Symlinking: /home/vishvesh/ros2_ws/src/install/gs_ros2_control_demos/share/gs_ros2_control_demos//config/cart_controller_position.yaml
[8.585s] -- Symlinking: /home/vishvesh/ros2_ws/src/install/gs_ros2_control_demos/share/gs_ros2_control_demos//config/cart_controller_velocity.yaml
[8.591s] -- Symlinking: /home/vishvesh/ros2_ws/src/install/gs_ros2_control_demos/share/gs_ros2_control_demos//config/diff_drive_controller.yaml
[8.598s] -- Symlinking: /home/vishvesh/ros2_ws/src/install/gs_ros2_control_demos/share/gs_ros2_control_demos//config/gripper_controller.yaml
[8.606s] -- Symlinking: /home/vishvesh/ros2_ws/src/install/gs_ros2_control_demos/share/gs_ros2_control_demos//config/mecanum_drive_controller.yaml
[8.612s] -- Symlinking: /home/vishvesh/ros2_ws/src/install/gs_ros2_control_demos/share/gs_ros2_control_demos//config/panda_controller_position.yaml
[8.620s] -- Symlinking: /home/vishvesh/ros2_ws/src/install/gs_ros2_control_demos/share/gs_ros2_control_demos//config/tricycle_drive_controller.yaml
[8.628s] -- Symlinking: /home/vishvesh/ros2_ws/src/install/gs_ros2_control_demos/share/gs_ros2_control_demos//urdf/panda_bullet/meshes/collision/finger.obj
[8.637s] -- Symlinking: /home/vishvesh/ros2_ws/src/install/gs_ros2_control_demos/share/gs_ros2_control_demos//urdf/panda_bullet/meshes/collision/hand.obj
[8.646s] -- Symlinking: /home/vishvesh/ros2_ws/src/install/gs_ros2_control_demos/share/gs_ros2_control_demos//urdf/panda_bullet/meshes/collision/link0.obj
[8.653s] -- Symlinking: /home/vishvesh/ros2_ws/src/install/gs_ros2_control_demos/share/gs_ros2_control_demos//urdf/panda_bullet/meshes/collision/link1.obj
[8.661s] -- Symlinking: /home/vishvesh/ros2_ws/src/install/gs_ros2_control_demos/share/gs_ros2_control_demos//urdf/panda_bullet/meshes/collision/link2.obj
[8.668s] -- Symlinking: /home/vishvesh/ros2_ws/src/install/gs_ros2_control_demos/share/gs_ros2_control_demos//urdf/panda_bullet/meshes/collision/link3.obj
[8.674s] -- Symlinking: /home/vishvesh/ros2_ws/src/install/gs_ros2_control_demos/share/gs_ros2_control_demos//urdf/panda_bullet/meshes/collision/link4.obj
[8.684s] -- Symlinking: /home/vishvesh/ros2_ws/src/install/gs_ros2_control_demos/share/gs_ros2_control_demos//urdf/panda_bullet/meshes/collision/link5.obj
[8.692s] -- Symlinking: /home/vishvesh/ros2_ws/src/install/gs_ros2_control_demos/share/gs_ros2_control_demos//urdf/panda_bullet/meshes/collision/link6.mtl
[8.699s] -- Symlinking: /home/vishvesh/ros2_ws/src/install/gs_ros2_control_demos/share/gs_ros2_control_demos//urdf/panda_bullet/meshes/collision/link6.obj
[8.707s] -- Symlinking: /home/vishvesh/ros2_ws/src/install/gs_ros2_control_demos/share/gs_ros2_control_demos//urdf/panda_bullet/meshes/collision/link7.obj
[8.716s] -- Symlinking: /home/vishvesh/ros2_ws/src/install/gs_ros2_control_demos/share/gs_ros2_control_demos//urdf/panda_bullet/meshes/visual/base_link.dae
[8.724s] -- Symlinking: /home/vishvesh/ros2_ws/src/install/gs_ros2_control_demos/share/gs_ros2_control_demos//urdf/panda_bullet/meshes/visual/base_link_uv.png
[8.731s] -- Symlinking: /home/vishvesh/ros2_ws/src/install/gs_ros2_control_demos/share/gs_ros2_control_demos//urdf/panda_bullet/meshes/visual/colors.png
[8.737s] -- Symlinking: /home/vishvesh/ros2_ws/src/install/gs_ros2_control_demos/share/gs_ros2_control_demos//urdf/panda_bullet/meshes/visual/finger.mtl
[8.744s] -- Symlinking: /home/vishvesh/ros2_ws/src/install/gs_ros2_control_demos/share/gs_ros2_control_demos//urdf/panda_bullet/meshes/visual/finger.obj
[8.751s] -- Symlinking: /home/vishvesh/ros2_ws/src/install/gs_ros2_control_demos/share/gs_ros2_control_demos//urdf/panda_bullet/meshes/visual/hand.mtl
[8.758s] -- Symlinking: /home/vishvesh/ros2_ws/src/install/gs_ros2_control_demos/share/gs_ros2_control_demos//urdf/panda_bullet/meshes/visual/hand.obj
[8.764s] -- Symlinking: /home/vishvesh/ros2_ws/src/install/gs_ros2_control_demos/share/gs_ros2_control_demos//urdf/panda_bullet/meshes/visual/link1.mtl
[8.771s] -- Symlinking: /home/vishvesh/ros2_ws/src/install/gs_ros2_control_demos/share/gs_ros2_control_demos//urdf/panda_bullet/meshes/visual/link1.obj
[8.779s] -- Symlinking: /home/vishvesh/ros2_ws/src/install/gs_ros2_control_demos/share/gs_ros2_control_demos//urdf/panda_bullet/meshes/visual/link2.mtl
[8.786s] -- Symlinking: /home/vishvesh/ros2_ws/src/install/gs_ros2_control_demos/share/gs_ros2_control_demos//urdf/panda_bullet/meshes/visual/link2.obj
[8.793s] -- Symlinking: /home/vishvesh/ros2_ws/src/install/gs_ros2_control_demos/share/gs_ros2_control_demos//urdf/panda_bullet/meshes/visual/link3.mtl
[8.801s] -- Symlinking: /home/vishvesh/ros2_ws/src/install/gs_ros2_control_demos/share/gs_ros2_control_demos//urdf/panda_bullet/meshes/visual/link3.obj
[8.807s] -- Symlinking: /home/vishvesh/ros2_ws/src/install/gs_ros2_control_demos/share/gs_ros2_control_demos//urdf/panda_bullet/meshes/visual/link4.mtl
[8.814s] -- Symlinking: /home/vishvesh/ros2_ws/src/install/gs_ros2_control_demos/share/gs_ros2_control_demos//urdf/panda_bullet/meshes/visual/link4.obj
[8.820s] -- Symlinking: /home/vishvesh/ros2_ws/src/install/gs_ros2_control_demos/share/gs_ros2_control_demos//urdf/panda_bullet/meshes/visual/link5.mtl
[8.828s] -- Symlinking: /home/vishvesh/ros2_ws/src/install/gs_ros2_control_demos/share/gs_ros2_control_demos//urdf/panda_bullet/meshes/visual/link5.obj
[8.834s] -- Symlinking: /home/vishvesh/ros2_ws/src/install/gs_ros2_control_demos/share/gs_ros2_control_demos//urdf/panda_bullet/meshes/visual/link6.mtl
[8.841s] -- Symlinking: /home/vishvesh/ros2_ws/src/install/gs_ros2_control_demos/share/gs_ros2_control_demos//urdf/panda_bullet/meshes/visual/link6.obj
[8.849s] -- Symlinking: /home/vishvesh/ros2_ws/src/install/gs_ros2_control_demos/share/gs_ros2_control_demos//urdf/panda_bullet/meshes/visual/visualShapeBench.json_0.json
[8.855s] -- Symlinking: /home/vishvesh/ros2_ws/src/install/gs_ros2_control_demos/share/gs_ros2_control_demos//urdf/panda_bullet/panda.urdf
[8.862s] -- Symlinking: /home/vishvesh/ros2_ws/src/install/gs_ros2_control_demos/share/gs_ros2_control_demos//urdf/test_ackermann_drive.xacro.urdf
[8.868s] -- Symlinking: /home/vishvesh/ros2_ws/src/install/gs_ros2_control_demos/share/gs_ros2_control_demos//urdf/test_cart_effort.xacro.urdf
[8.876s] -- Symlinking: /home/vishvesh/ros2_ws/src/install/gs_ros2_control_demos/share/gs_ros2_control_demos//urdf/test_cart_position.xacro.urdf
[8.883s] -- Symlinking: /home/vishvesh/ros2_ws/src/install/gs_ros2_control_demos/share/gs_ros2_control_demos//urdf/test_cart_velocity.xacro.urdf
[8.891s] -- Symlinking: /home/vishvesh/ros2_ws/src/install/gs_ros2_control_demos/share/gs_ros2_control_demos//urdf/test_diff_drive.xacro.urdf
[8.899s] -- Symlinking: /home/vishvesh/ros2_ws/src/install/gs_ros2_control_demos/share/gs_ros2_control_demos//urdf/test_gripper_mimic_joint.xacro.urdf
[8.908s] -- Symlinking: /home/vishvesh/ros2_ws/src/install/gs_ros2_control_demos/share/gs_ros2_control_demos//urdf/test_mecanum_drive.xacro.urdf
[8.915s] -- Symlinking: /home/vishvesh/ros2_ws/src/install/gs_ros2_control_demos/share/gs_ros2_control_demos//urdf/test_pendulum_effort.xacro.urdf
[8.924s] -- Symlinking: /home/vishvesh/ros2_ws/src/install/gs_ros2_control_demos/share/gs_ros2_control_demos//urdf/test_pendulum_position.xacro.urdf
[8.931s] -- Symlinking: /home/vishvesh/ros2_ws/src/install/gs_ros2_control_demos/share/gs_ros2_control_demos//urdf/test_tricycle_drive.xacro.urdf
[8.939s] -- Symlinking: /home/vishvesh/ros2_ws/src/install/gs_ros2_control_demos/lib/gs_ros2_control_demos/example_position
[8.947s] -- Symlinking: /home/vishvesh/ros2_ws/src/install/gs_ros2_control_demos/lib/gs_ros2_control_demos/example_velocity
[8.956s] -- Symlinking: /home/vishvesh/ros2_ws/src/install/gs_ros2_control_demos/lib/gs_ros2_control_demos/example_effort
[8.965s] -- Symlinking: /home/vishvesh/ros2_ws/src/install/gs_ros2_control_demos/lib/gs_ros2_control_demos/example_diff_drive
[8.973s] -- Symlinking: /home/vishvesh/ros2_ws/src/install/gs_ros2_control_demos/lib/gs_ros2_control_demos/example_tricycle_drive
[8.982s] -- Symlinking: /home/vishvesh/ros2_ws/src/install/gs_ros2_control_demos/lib/gs_ros2_control_demos/example_ackermann_drive
[8.989s] -- Symlinking: /home/vishvesh/ros2_ws/src/install/gs_ros2_control_demos/lib/gs_ros2_control_demos/example_gripper
[8.996s] -- Symlinking: /home/vishvesh/ros2_ws/src/install/gs_ros2_control_demos/share/ament_index/resource_index/package_run_dependencies/gs_ros2_control_demos
[9.005s] -- Symlinking: /home/vishvesh/ros2_ws/src/install/gs_ros2_control_demos/share/ament_index/resource_index/parent_prefix_path/gs_ros2_control_demos
[9.013s] -- Symlinking: /home/vishvesh/ros2_ws/src/install/gs_ros2_control_demos/share/gs_ros2_control_demos/environment/ament_prefix_path.sh
[9.022s] -- Symlinking: /home/vishvesh/ros2_ws/src/install/gs_ros2_control_demos/share/gs_ros2_control_demos/environment/ament_prefix_path.dsv
[9.029s] -- Symlinking: /home/vishvesh/ros2_ws/src/install/gs_ros2_control_demos/share/gs_ros2_control_demos/environment/path.sh
[9.039s] -- Symlinking: /home/vishvesh/ros2_ws/src/install/gs_ros2_control_demos/share/gs_ros2_control_demos/environment/path.dsv
[9.050s] -- Symlinking: /home/vishvesh/ros2_ws/src/install/gs_ros2_control_demos/share/gs_ros2_control_demos/local_setup.bash
[9.057s] -- Symlinking: /home/vishvesh/ros2_ws/src/install/gs_ros2_control_demos/share/gs_ros2_control_demos/local_setup.sh
[9.068s] -- Symlinking: /home/vishvesh/ros2_ws/src/install/gs_ros2_control_demos/share/gs_ros2_control_demos/local_setup.zsh
[9.077s] -- Symlinking: /home/vishvesh/ros2_ws/src/install/gs_ros2_control_demos/share/gs_ros2_control_demos/local_setup.dsv
[9.087s] -- Symlinking: /home/vishvesh/ros2_ws/src/install/gs_ros2_control_demos/share/gs_ros2_control_demos/package.dsv
[9.096s] -- Symlinking: /home/vishvesh/ros2_ws/src/install/gs_ros2_control_demos/share/ament_index/resource_index/packages/gs_ros2_control_demos
[9.107s] -- Symlinking: /home/vishvesh/ros2_ws/src/install/gs_ros2_control_demos/share/gs_ros2_control_demos/cmake/gs_ros2_control_demosConfig.cmake
[9.114s] -- Symlinking: /home/vishvesh/ros2_ws/src/install/gs_ros2_control_demos/share/gs_ros2_control_demos/cmake/gs_ros2_control_demosConfig-version.cmake
[9.124s] -- Symlinking: /home/vishvesh/ros2_ws/src/install/gs_ros2_control_demos/share/gs_ros2_control_demos/package.xml
[9.139s] Invoked command in '/home/vishvesh/ros2_ws/src/build/gs_ros2_control_demos' returned '0': CMAKE_PREFIX_PATH=${CMAKE_PREFIX_PATH}:/home/vishvesh/ros2_ws/install/turtle_controller:/home/vishvesh/ros2_ws/install/gs_simulation_interfaces:/home/vishvesh/ros2_ws/install/gs_ros:/home/vishvesh/ros2_ws/install/Practice:/opt/ros/humble /usr/bin/cmake --install /home/vishvesh/ros2_ws/src/build/gs_ros2_control_demos
