[0.292s] Invoking command in '/home/vishvesh/ros2_ws/build/topic_based_ros2_control': CMAKE_PREFIX_PATH=${CMAKE_PREFIX_PATH}:/home/vishvesh/ros2_ws/install/turtle_controller:/home/vishvesh/ros2_ws/install/gs_simulation_interfaces:/home/vishvesh/ros2_ws/install/simulation_interfaces:/home/vishvesh/ros2_ws/install/gs_ros:/home/vishvesh/ros2_ws/install/Practice:/opt/ros/humble /usr/bin/cmake /home/vishvesh/ros2_ws/src/genesis_ros/topic_based_ros2_control -DAMENT_CMAKE_SYMLINK_INSTALL=1 -DCMAKE_INSTALL_PREFIX=/home/vishvesh/ros2_ws/install/topic_based_ros2_control
[0.348s] -- The CXX compiler identification is GNU 11.4.0
[0.355s] -- Detecting CXX compiler ABI info
[0.433s] -- Detecting CXX compiler ABI info - done
[0.440s] -- Check for working CXX compiler: /usr/bin/c++ - skipped
[0.440s] -- Detecting CXX compile features
[0.440s] -- Detecting CXX compile features - done
[0.442s] -- Found ament_cmake: 1.3.14 (/opt/ros/humble/share/ament_cmake/cmake)
[0.803s] -- Found Python3: /usr/bin/python3 (found version "3.10.12") found components: Interpreter 
[0.864s] -- Override CMake install command with custom implementation using symlinks instead of copying resources
[0.893s] -- Found angles: 1.15.0 (/opt/ros/humble/share/angles/cmake)
[0.898s] -- Found rclcpp: 16.0.19 (/opt/ros/humble/share/rclcpp/cmake)
[0.946s] -- Found rosidl_generator_c: 3.1.8 (/opt/ros/humble/share/rosidl_generator_c/cmake)
[0.950s] -- Found rosidl_adapter: 3.1.8 (/opt/ros/humble/share/rosidl_adapter/cmake)
[0.958s] -- Found rosidl_generator_cpp: 3.1.8 (/opt/ros/humble/share/rosidl_generator_cpp/cmake)
[0.970s] -- Using all available rosidl_typesupport_c: rosidl_typesupport_fastrtps_c;rosidl_typesupport_introspection_c
[0.984s] -- Using all available rosidl_typesupport_cpp: rosidl_typesupport_fastrtps_cpp;rosidl_typesupport_introspection_cpp
[1.027s] -- Found rmw_implementation_cmake: 6.1.2 (/opt/ros/humble/share/rmw_implementation_cmake/cmake)
[1.030s] -- Found rmw_fastrtps_cpp: 6.2.10 (/opt/ros/humble/share/rmw_fastrtps_cpp/cmake)
[1.114s] -- Found OpenSSL: /usr/lib/x86_64-linux-gnu/libcrypto.so (found version "3.0.2")  
[1.145s] -- Found FastRTPS: /opt/ros/humble/include  
[1.183s] -- Using RMW implementation 'rmw_fastrtps_cpp' as default
[1.191s] -- Looking for C++ include pthread.h
[1.277s] -- Looking for C++ include pthread.h - found
[1.277s] -- Performing Test CMAKE_HAVE_LIBC_PTHREAD
[1.367s] -- Performing Test CMAKE_HAVE_LIBC_PTHREAD - Success
[1.369s] -- Found Threads: TRUE  
[1.445s] -- Found hardware_interface: 2.54.0 (/opt/ros/humble/share/hardware_interface/cmake)
[1.580s] -- Found ament_cmake_gtest: 1.3.14 (/opt/ros/humble/share/ament_cmake_gtest/cmake)
[1.582s] -- Found ament_lint_auto: 0.12.15 (/opt/ros/humble/share/ament_lint_auto/cmake)
[1.582s] -- Found ament_cmake_pytest: 1.3.14 (/opt/ros/humble/share/ament_cmake_pytest/cmake)
[1.584s] -- Found ros2_control_test_assets: 2.54.0 (/opt/ros/humble/share/ros2_control_test_assets/cmake)
[1.585s] -- Found ros_testing: 0.4.0 (/opt/ros/humble/share/ros_testing/cmake)
[1.586s] -- Found launch_testing_ament_cmake: 1.0.14 (/opt/ros/humble/share/launch_testing_ament_cmake/cmake)
[1.587s] -- Found python_cmake_module: 0.10.0 (/opt/ros/humble/share/python_cmake_module/cmake)
[1.610s] -- Found PythonInterp: /usr/bin/python3 (found suitable version "3.10.12", minimum required is "3.6") 
[1.615s] -- Found PythonLibs: /usr/lib/x86_64-linux-gnu/libpython3.10.so (found suitable version "3.10.12", minimum required is "3.5") 
[1.615s] -- Using PYTHON_EXECUTABLE: /usr/bin/python3
[1.615s] -- Using PYTHON_INCLUDE_DIRS: /usr/include/python3.10
[1.615s] -- Using PYTHON_LIBRARIES: /usr/lib/x86_64-linux-gnu/libpython3.10.so
[1.635s] -- Found PythonExtra: .so  
[1.814s] -- Found eigen3_cmake_module: 0.1.1 (/opt/ros/humble/share/eigen3_cmake_module/cmake)
[1.815s] -- Found Eigen3: TRUE (found version "3.4.0") 
[1.815s] -- Ensuring Eigen3 include directory is part of orocos-kdl CMake target
[1.923s] -- Found gtest sources under '/opt/ros/humble/src/gtest_vendor': C++ tests using 'Google Test' will be built
[1.980s] -- The C compiler identification is GNU 11.4.0
[1.996s] -- Detecting C compiler ABI info
[2.079s] -- Detecting C compiler ABI info - done
[2.091s] -- Check for working C compiler: /usr/bin/cc - skipped
[2.091s] -- Detecting C compile features
[2.092s] -- Detecting C compile features - done
[2.108s] -- Added test 'copyright' to check source files copyright and LICENSE
[2.111s] -- Added test 'cppcheck' to perform static code analysis on C / C++ code
[2.111s] -- Configured cppcheck include dirs: $<BUILD_INTERFACE:/home/vishvesh/ros2_ws/src/genesis_ros/topic_based_ros2_control/include>
[2.111s] -- Configured cppcheck exclude dirs and/or files: 
[2.112s] -- Added test 'lint_cmake' to check CMake code style
[2.113s] -- Added test 'xmllint' to check XML markup files
[2.118s] -- Configuring done
[2.151s] -- Generating done
[2.161s] -- Build files have been written to: /home/vishvesh/ros2_ws/build/topic_based_ros2_control
[2.182s] Invoked command in '/home/vishvesh/ros2_ws/build/topic_based_ros2_control' returned '0': CMAKE_PREFIX_PATH=${CMAKE_PREFIX_PATH}:/home/vishvesh/ros2_ws/install/turtle_controller:/home/vishvesh/ros2_ws/install/gs_simulation_interfaces:/home/vishvesh/ros2_ws/install/simulation_interfaces:/home/vishvesh/ros2_ws/install/gs_ros:/home/vishvesh/ros2_ws/install/Practice:/opt/ros/humble /usr/bin/cmake /home/vishvesh/ros2_ws/src/genesis_ros/topic_based_ros2_control -DAMENT_CMAKE_SYMLINK_INSTALL=1 -DCMAKE_INSTALL_PREFIX=/home/vishvesh/ros2_ws/install/topic_based_ros2_control
[2.184s] Invoking command in '/home/vishvesh/ros2_ws/build/topic_based_ros2_control': CMAKE_PREFIX_PATH=${CMAKE_PREFIX_PATH}:/home/vishvesh/ros2_ws/install/turtle_controller:/home/vishvesh/ros2_ws/install/gs_simulation_interfaces:/home/vishvesh/ros2_ws/install/simulation_interfaces:/home/vishvesh/ros2_ws/install/gs_ros:/home/vishvesh/ros2_ws/install/Practice:/opt/ros/humble /usr/bin/cmake --build /home/vishvesh/ros2_ws/build/topic_based_ros2_control -- -j16 -l16
[2.257s] [ 12%] [32mBuilding CXX object gtest/CMakeFiles/gtest.dir/src/gtest-all.cc.o[0m
[2.258s] [ 25%] [32mBuilding CXX object gtest/CMakeFiles/gtest_main.dir/src/gtest_main.cc.o[0m
[2.264s] [ 37%] [32mBuilding CXX object CMakeFiles/topic_based_ros2_control.dir/src/topic_based_system.cpp.o[0m
[3.698s] [ 50%] [32m[1mLinking CXX static library libgtest_main.a[0m
[3.745s] [ 50%] Built target gtest_main
[7.352s] [ 62%] [32m[1mLinking CXX static library libgtest.a[0m
[7.423s] [ 62%] Built target gtest
[11.069s] [ 75%] [32m[1mLinking CXX shared library libtopic_based_ros2_control.so[0m
[11.577s] [ 75%] Built target topic_based_ros2_control
[11.600s] [ 87%] [32mBuilding CXX object CMakeFiles/topic_based_system_test.dir/test/topic_based_system_test.cpp.o[0m
[14.980s] [100%] [32m[1mLinking CXX executable topic_based_system_test[0m
[15.414s] [100%] Built target topic_based_system_test
[15.449s] Invoked command in '/home/vishvesh/ros2_ws/build/topic_based_ros2_control' returned '0': CMAKE_PREFIX_PATH=${CMAKE_PREFIX_PATH}:/home/vishvesh/ros2_ws/install/turtle_controller:/home/vishvesh/ros2_ws/install/gs_simulation_interfaces:/home/vishvesh/ros2_ws/install/simulation_interfaces:/home/vishvesh/ros2_ws/install/gs_ros:/home/vishvesh/ros2_ws/install/Practice:/opt/ros/humble /usr/bin/cmake --build /home/vishvesh/ros2_ws/build/topic_based_ros2_control -- -j16 -l16
[15.451s] Invoking command in '/home/vishvesh/ros2_ws/build/topic_based_ros2_control': CMAKE_PREFIX_PATH=${CMAKE_PREFIX_PATH}:/home/vishvesh/ros2_ws/install/turtle_controller:/home/vishvesh/ros2_ws/install/gs_simulation_interfaces:/home/vishvesh/ros2_ws/install/simulation_interfaces:/home/vishvesh/ros2_ws/install/gs_ros:/home/vishvesh/ros2_ws/install/Practice:/opt/ros/humble /usr/bin/cmake --install /home/vishvesh/ros2_ws/build/topic_based_ros2_control
[15.463s] -- Install configuration: ""
[15.464s] -- Execute custom install script
[15.465s] -- Symlinking: /home/vishvesh/ros2_ws/install/topic_based_ros2_control/share/topic_based_ros2_control//topic_based_ros2_control_plugin_description.xml
[15.481s] -- Symlinking: /home/vishvesh/ros2_ws/install/topic_based_ros2_control/share/topic_based_ros2_control/environment/library_path.sh
[15.489s] -- Symlinking: /home/vishvesh/ros2_ws/install/topic_based_ros2_control/share/topic_based_ros2_control/environment/library_path.dsv
[15.503s] -- Symlinking: /home/vishvesh/ros2_ws/install/topic_based_ros2_control/share/ament_index/resource_index/package_run_dependencies/topic_based_ros2_control
[15.514s] -- Symlinking: /home/vishvesh/ros2_ws/install/topic_based_ros2_control/share/ament_index/resource_index/parent_prefix_path/topic_based_ros2_control
[15.526s] -- Symlinking: /home/vishvesh/ros2_ws/install/topic_based_ros2_control/share/topic_based_ros2_control/environment/ament_prefix_path.sh
[15.538s] -- Symlinking: /home/vishvesh/ros2_ws/install/topic_based_ros2_control/share/topic_based_ros2_control/environment/ament_prefix_path.dsv
[15.549s] -- Symlinking: /home/vishvesh/ros2_ws/install/topic_based_ros2_control/share/topic_based_ros2_control/environment/path.sh
[15.561s] -- Symlinking: /home/vishvesh/ros2_ws/install/topic_based_ros2_control/share/topic_based_ros2_control/environment/path.dsv
[15.580s] -- Symlinking: /home/vishvesh/ros2_ws/install/topic_based_ros2_control/share/topic_based_ros2_control/local_setup.bash
[15.596s] -- Symlinking: /home/vishvesh/ros2_ws/install/topic_based_ros2_control/share/topic_based_ros2_control/local_setup.sh
[15.607s] -- Symlinking: /home/vishvesh/ros2_ws/install/topic_based_ros2_control/share/topic_based_ros2_control/local_setup.zsh
[15.622s] -- Symlinking: /home/vishvesh/ros2_ws/install/topic_based_ros2_control/share/topic_based_ros2_control/local_setup.dsv
[15.635s] -- Symlinking: /home/vishvesh/ros2_ws/install/topic_based_ros2_control/share/topic_based_ros2_control/package.dsv
[15.653s] -- Symlinking: /home/vishvesh/ros2_ws/install/topic_based_ros2_control/share/ament_index/resource_index/packages/topic_based_ros2_control
[15.664s] -- Symlinking: /home/vishvesh/ros2_ws/install/topic_based_ros2_control/share/ament_index/resource_index/hardware_interface__pluginlib__plugin/topic_based_ros2_control
[15.675s] -- Symlinking: /home/vishvesh/ros2_ws/install/topic_based_ros2_control/share/topic_based_ros2_control/cmake/ament_cmake_export_targets-extras.cmake
[15.686s] -- Symlinking: /home/vishvesh/ros2_ws/install/topic_based_ros2_control/share/topic_based_ros2_control/cmake/ament_cmake_export_dependencies-extras.cmake
[15.699s] -- Symlinking: /home/vishvesh/ros2_ws/install/topic_based_ros2_control/share/topic_based_ros2_control/cmake/topic_based_ros2_controlConfig.cmake
[15.709s] -- Symlinking: /home/vishvesh/ros2_ws/install/topic_based_ros2_control/share/topic_based_ros2_control/cmake/topic_based_ros2_controlConfig-version.cmake
[15.720s] -- Symlinking: /home/vishvesh/ros2_ws/install/topic_based_ros2_control/share/topic_based_ros2_control/package.xml
[15.732s] -- Installing: /home/vishvesh/ros2_ws/install/topic_based_ros2_control/lib/libtopic_based_ros2_control.so
[15.765s] -- Set runtime path of "/home/vishvesh/ros2_ws/install/topic_based_ros2_control/lib/libtopic_based_ros2_control.so" to ""
[15.766s] -- Installing: /home/vishvesh/ros2_ws/install/topic_based_ros2_control/share/topic_based_ros2_control/cmake/topic_based_ros2_controlTargetsExport.cmake
[15.777s] -- Installing: /home/vishvesh/ros2_ws/install/topic_based_ros2_control/share/topic_based_ros2_control/cmake/topic_based_ros2_controlTargetsExport-noconfig.cmake
[15.777s] Invoked command in '/home/vishvesh/ros2_ws/build/topic_based_ros2_control' returned '0': CMAKE_PREFIX_PATH=${CMAKE_PREFIX_PATH}:/home/vishvesh/ros2_ws/install/turtle_controller:/home/vishvesh/ros2_ws/install/gs_simulation_interfaces:/home/vishvesh/ros2_ws/install/simulation_interfaces:/home/vishvesh/ros2_ws/install/gs_ros:/home/vishvesh/ros2_ws/install/Practice:/opt/ros/humble /usr/bin/cmake --install /home/vishvesh/ros2_ws/build/topic_based_ros2_control
