[0.135s] Invoking command in '/home/vishvesh/ros2_ws/build/arm_humble': CMAKE_PREFIX_PATH=${CMAKE_PREFIX_PATH}:/home/vishvesh/ros2_ws/install/turtle_controller:/home/vishvesh/ros2_ws/install/gs_simulation_interfaces:/home/vishvesh/ros2_ws/install/gs_ros:/home/vishvesh/ros2_ws/install/Practice:/opt/ros/humble /usr/bin/cmake /home/vishvesh/ros2_ws/src/kratos_inductions/arm_humble -DAMENT_CMAKE_SYMLINK_INSTALL=1 -DCMAKE_INSTALL_PREFIX=/home/vishvesh/ros2_ws/install/arm_humble
[0.147s] -- Found ament_cmake: 1.3.14 (/opt/ros/humble/share/ament_cmake/cmake)
[0.258s] -- Override CMake install command with custom implementation using symlinks instead of copying resources
[0.264s] -- Found ament_lint_auto: 0.12.15 (/opt/ros/humble/share/ament_lint_auto/cmake)
[0.324s] -- Added test 'flake8' to check Python code syntax and style conventions
[0.324s] -- Added test 'lint_cmake' to check CMake code style
[0.324s] -- Added test 'pep257' to check Python code against some of the docstring style conventions in PEP 257
[0.325s] -- Added test 'xmllint' to check XML markup files
[0.326s] -- Configuring done
[0.328s] -- Generating done
[0.329s] -- Build files have been written to: /home/vishvesh/ros2_ws/build/arm_humble
[0.331s] Invoked command in '/home/vishvesh/ros2_ws/build/arm_humble' returned '0': CMAKE_PREFIX_PATH=${CMAKE_PREFIX_PATH}:/home/vishvesh/ros2_ws/install/turtle_controller:/home/vishvesh/ros2_ws/install/gs_simulation_interfaces:/home/vishvesh/ros2_ws/install/gs_ros:/home/vishvesh/ros2_ws/install/Practice:/opt/ros/humble /usr/bin/cmake /home/vishvesh/ros2_ws/src/kratos_inductions/arm_humble -DAMENT_CMAKE_SYMLINK_INSTALL=1 -DCMAKE_INSTALL_PREFIX=/home/vishvesh/ros2_ws/install/arm_humble
[0.332s] Invoking command in '/home/vishvesh/ros2_ws/build/arm_humble': CMAKE_PREFIX_PATH=${CMAKE_PREFIX_PATH}:/home/vishvesh/ros2_ws/install/turtle_controller:/home/vishvesh/ros2_ws/install/gs_simulation_interfaces:/home/vishvesh/ros2_ws/install/gs_ros:/home/vishvesh/ros2_ws/install/Practice:/opt/ros/humble /usr/bin/cmake --build /home/vishvesh/ros2_ws/build/arm_humble -- -j16 -l16
[0.368s] Invoked command in '/home/vishvesh/ros2_ws/build/arm_humble' returned '0': CMAKE_PREFIX_PATH=${CMAKE_PREFIX_PATH}:/home/vishvesh/ros2_ws/install/turtle_controller:/home/vishvesh/ros2_ws/install/gs_simulation_interfaces:/home/vishvesh/ros2_ws/install/gs_ros:/home/vishvesh/ros2_ws/install/Practice:/opt/ros/humble /usr/bin/cmake --build /home/vishvesh/ros2_ws/build/arm_humble -- -j16 -l16
[0.369s] Invoking command in '/home/vishvesh/ros2_ws/build/arm_humble': CMAKE_PREFIX_PATH=${CMAKE_PREFIX_PATH}:/home/vishvesh/ros2_ws/install/turtle_controller:/home/vishvesh/ros2_ws/install/gs_simulation_interfaces:/home/vishvesh/ros2_ws/install/gs_ros:/home/vishvesh/ros2_ws/install/Practice:/opt/ros/humble /usr/bin/cmake --install /home/vishvesh/ros2_ws/build/arm_humble
[0.374s] -- Install configuration: ""
[0.375s] -- Execute custom install script
[0.375s] -- Symlinking: /home/vishvesh/ros2_ws/install/arm_humble/share/arm_humble/launch/display.launch.py
[0.384s] -- Symlinking: /home/vishvesh/ros2_ws/install/arm_humble/share/arm_humble/urdf/arm.urdf
[0.391s] -- Symlinking: /home/vishvesh/ros2_ws/install/arm_humble/share/arm_humble/urdf/my_custom_arm.urdf.xacro
[0.399s] -- Symlinking: /home/vishvesh/ros2_ws/install/arm_humble/share/arm_humble/rviz/view_arm.rviz
[0.406s] -- Symlinking: /home/vishvesh/ros2_ws/install/arm_humble//ik_controller.py
[0.415s] -- Symlinking: /home/vishvesh/ros2_ws/install/arm_humble/share/ament_index/resource_index/package_run_dependencies/arm_humble
[0.424s] -- Symlinking: /home/vishvesh/ros2_ws/install/arm_humble/share/ament_index/resource_index/parent_prefix_path/arm_humble
[0.432s] -- Symlinking: /home/vishvesh/ros2_ws/install/arm_humble/share/arm_humble/environment/ament_prefix_path.sh
[0.439s] -- Symlinking: /home/vishvesh/ros2_ws/install/arm_humble/share/arm_humble/environment/ament_prefix_path.dsv
[0.447s] -- Symlinking: /home/vishvesh/ros2_ws/install/arm_humble/share/arm_humble/environment/path.sh
[0.455s] -- Symlinking: /home/vishvesh/ros2_ws/install/arm_humble/share/arm_humble/environment/path.dsv
[0.462s] -- Symlinking: /home/vishvesh/ros2_ws/install/arm_humble/share/arm_humble/local_setup.bash
[0.469s] -- Symlinking: /home/vishvesh/ros2_ws/install/arm_humble/share/arm_humble/local_setup.sh
[0.476s] -- Symlinking: /home/vishvesh/ros2_ws/install/arm_humble/share/arm_humble/local_setup.zsh
[0.484s] -- Symlinking: /home/vishvesh/ros2_ws/install/arm_humble/share/arm_humble/local_setup.dsv
[0.490s] -- Symlinking: /home/vishvesh/ros2_ws/install/arm_humble/share/arm_humble/package.dsv
[0.499s] -- Symlinking: /home/vishvesh/ros2_ws/install/arm_humble/share/ament_index/resource_index/packages/arm_humble
[0.507s] -- Symlinking: /home/vishvesh/ros2_ws/install/arm_humble/share/arm_humble/cmake/arm_humbleConfig.cmake
[0.517s] -- Symlinking: /home/vishvesh/ros2_ws/install/arm_humble/share/arm_humble/cmake/arm_humbleConfig-version.cmake
[0.524s] -- Symlinking: /home/vishvesh/ros2_ws/install/arm_humble/share/arm_humble/package.xml
[0.538s] Invoked command in '/home/vishvesh/ros2_ws/build/arm_humble' returned '0': CMAKE_PREFIX_PATH=${CMAKE_PREFIX_PATH}:/home/vishvesh/ros2_ws/install/turtle_controller:/home/vishvesh/ros2_ws/install/gs_simulation_interfaces:/home/vishvesh/ros2_ws/install/gs_ros:/home/vishvesh/ros2_ws/install/Practice:/opt/ros/humble /usr/bin/cmake --install /home/vishvesh/ros2_ws/build/arm_humble
