[0.293s] Invoking command in '/home/vishvesh/ros2_ws/build/kratos_vishvesh': CMAKE_PREFIX_PATH=${CMAKE_PREFIX_PATH}:/home/vishvesh/ros2_ws/install/turtle_controller:/home/vishvesh/ros2_ws/install/gs_simulation_interfaces:/home/vishvesh/ros2_ws/install/simulation_interfaces:/home/vishvesh/ros2_ws/install/gs_ros:/home/vishvesh/ros2_ws/install/Practice:/opt/ros/humble /usr/bin/cmake /home/vishvesh/ros2_ws/src/kratos_vishvesh -DAMENT_CMAKE_SYMLINK_INSTALL=1 -DCMAKE_INSTALL_PREFIX=/home/vishvesh/ros2_ws/install/kratos_vishvesh
[0.342s] -- The C compiler identification is GNU 11.4.0
[0.394s] -- The CXX compiler identification is GNU 11.4.0
[0.401s] -- Detecting C compiler ABI info
[0.464s] -- Detecting C compiler ABI info - done
[0.474s] -- Check for working C compiler: /usr/bin/cc - skipped
[0.474s] -- Detecting C compile features
[0.475s] -- Detecting C compile features - done
[0.478s] -- Detecting CXX compiler ABI info
[0.565s] -- Detecting CXX compiler ABI info - done
[0.575s] -- Check for working CXX compiler: /usr/bin/c++ - skipped
[0.575s] -- Detecting CXX compile features
[0.576s] -- Detecting CXX compile features - done
[0.579s] -- Found ament_cmake: 1.3.14 (/opt/ros/humble/share/ament_cmake/cmake)
[0.973s] -- Found Python3: /usr/bin/python3 (found version "3.10.12") found components: Interpreter 
[1.049s] -- Override CMake install command with custom implementation using symlinks instead of copying resources
[1.080s] -- Found ament_lint_auto: 0.12.15 (/opt/ros/humble/share/ament_lint_auto/cmake)
[1.170s] -- Added test 'flake8' to check Python code syntax and style conventions
[1.171s] -- Added test 'lint_cmake' to check CMake code style
[1.172s] -- Added test 'pep257' to check Python code against some of the docstring style conventions in PEP 257
[1.173s] -- Added test 'xmllint' to check XML markup files
[1.175s] -- Configuring done
[1.179s] -- Generating done
[1.181s] -- Build files have been written to: /home/vishvesh/ros2_ws/build/kratos_vishvesh
[1.186s] Invoked command in '/home/vishvesh/ros2_ws/build/kratos_vishvesh' returned '0': CMAKE_PREFIX_PATH=${CMAKE_PREFIX_PATH}:/home/vishvesh/ros2_ws/install/turtle_controller:/home/vishvesh/ros2_ws/install/gs_simulation_interfaces:/home/vishvesh/ros2_ws/install/simulation_interfaces:/home/vishvesh/ros2_ws/install/gs_ros:/home/vishvesh/ros2_ws/install/Practice:/opt/ros/humble /usr/bin/cmake /home/vishvesh/ros2_ws/src/kratos_vishvesh -DAMENT_CMAKE_SYMLINK_INSTALL=1 -DCMAKE_INSTALL_PREFIX=/home/vishvesh/ros2_ws/install/kratos_vishvesh
[1.188s] Invoking command in '/home/vishvesh/ros2_ws/build/kratos_vishvesh': CMAKE_PREFIX_PATH=${CMAKE_PREFIX_PATH}:/home/vishvesh/ros2_ws/install/turtle_controller:/home/vishvesh/ros2_ws/install/gs_simulation_interfaces:/home/vishvesh/ros2_ws/install/simulation_interfaces:/home/vishvesh/ros2_ws/install/gs_ros:/home/vishvesh/ros2_ws/install/Practice:/opt/ros/humble /usr/bin/cmake --build /home/vishvesh/ros2_ws/build/kratos_vishvesh -- -j16 -l16
[1.232s] Invoked command in '/home/vishvesh/ros2_ws/build/kratos_vishvesh' returned '0': CMAKE_PREFIX_PATH=${CMAKE_PREFIX_PATH}:/home/vishvesh/ros2_ws/install/turtle_controller:/home/vishvesh/ros2_ws/install/gs_simulation_interfaces:/home/vishvesh/ros2_ws/install/simulation_interfaces:/home/vishvesh/ros2_ws/install/gs_ros:/home/vishvesh/ros2_ws/install/Practice:/opt/ros/humble /usr/bin/cmake --build /home/vishvesh/ros2_ws/build/kratos_vishvesh -- -j16 -l16
[1.241s] Invoking command in '/home/vishvesh/ros2_ws/build/kratos_vishvesh': CMAKE_PREFIX_PATH=${CMAKE_PREFIX_PATH}:/home/vishvesh/ros2_ws/install/turtle_controller:/home/vishvesh/ros2_ws/install/gs_simulation_interfaces:/home/vishvesh/ros2_ws/install/simulation_interfaces:/home/vishvesh/ros2_ws/install/gs_ros:/home/vishvesh/ros2_ws/install/Practice:/opt/ros/humble /usr/bin/cmake --install /home/vishvesh/ros2_ws/build/kratos_vishvesh
[1.247s] -- Install configuration: ""
[1.247s] -- Execute custom install script
[1.247s] -- Symlinking: /home/vishvesh/ros2_ws/install/kratos_vishvesh/lib/kratos_vishvesh/rover_status_msg_publisher.py
[1.257s] -- Symlinking: /home/vishvesh/ros2_ws/install/kratos_vishvesh/lib/kratos_vishvesh/rover_status_msg_subscriber.py
[1.266s] -- Symlinking: /home/vishvesh/ros2_ws/install/kratos_vishvesh/share/ament_index/resource_index/package_run_dependencies/kratos_vishvesh
[1.273s] -- Symlinking: /home/vishvesh/ros2_ws/install/kratos_vishvesh/share/ament_index/resource_index/parent_prefix_path/kratos_vishvesh
[1.283s] -- Symlinking: /home/vishvesh/ros2_ws/install/kratos_vishvesh/share/kratos_vishvesh/environment/ament_prefix_path.sh
[1.290s] -- Symlinking: /home/vishvesh/ros2_ws/install/kratos_vishvesh/share/kratos_vishvesh/environment/ament_prefix_path.dsv
[1.296s] -- Symlinking: /home/vishvesh/ros2_ws/install/kratos_vishvesh/share/kratos_vishvesh/environment/path.sh
[1.304s] -- Symlinking: /home/vishvesh/ros2_ws/install/kratos_vishvesh/share/kratos_vishvesh/environment/path.dsv
[1.314s] -- Symlinking: /home/vishvesh/ros2_ws/install/kratos_vishvesh/share/kratos_vishvesh/local_setup.bash
[1.324s] -- Symlinking: /home/vishvesh/ros2_ws/install/kratos_vishvesh/share/kratos_vishvesh/local_setup.sh
[1.332s] -- Symlinking: /home/vishvesh/ros2_ws/install/kratos_vishvesh/share/kratos_vishvesh/local_setup.zsh
[1.339s] -- Symlinking: /home/vishvesh/ros2_ws/install/kratos_vishvesh/share/kratos_vishvesh/local_setup.dsv
[1.346s] -- Symlinking: /home/vishvesh/ros2_ws/install/kratos_vishvesh/share/kratos_vishvesh/package.dsv
[1.352s] -- Symlinking: /home/vishvesh/ros2_ws/install/kratos_vishvesh/share/ament_index/resource_index/packages/kratos_vishvesh
[1.360s] -- Symlinking: /home/vishvesh/ros2_ws/install/kratos_vishvesh/share/kratos_vishvesh/cmake/kratos_vishveshConfig.cmake
[1.368s] -- Symlinking: /home/vishvesh/ros2_ws/install/kratos_vishvesh/share/kratos_vishvesh/cmake/kratos_vishveshConfig-version.cmake
[1.378s] -- Symlinking: /home/vishvesh/ros2_ws/install/kratos_vishvesh/share/kratos_vishvesh/package.xml
[1.405s] Invoked command in '/home/vishvesh/ros2_ws/build/kratos_vishvesh' returned '0': CMAKE_PREFIX_PATH=${CMAKE_PREFIX_PATH}:/home/vishvesh/ros2_ws/install/turtle_controller:/home/vishvesh/ros2_ws/install/gs_simulation_interfaces:/home/vishvesh/ros2_ws/install/simulation_interfaces:/home/vishvesh/ros2_ws/install/gs_ros:/home/vishvesh/ros2_ws/install/Practice:/opt/ros/humble /usr/bin/cmake --install /home/vishvesh/ros2_ws/build/kratos_vishvesh
