[0.274s] Invoking command in '/home/vishvesh/ros2_ws/src/build/topic_based_ros2_control': CMAKE_PREFIX_PATH=${CMAKE_PREFIX_PATH}:/home/vishvesh/ros2_ws/install/turtle_controller:/home/vishvesh/ros2_ws/install/gs_simulation_interfaces:/home/vishvesh/ros2_ws/install/gs_ros:/home/vishvesh/ros2_ws/install/Practice:/opt/ros/humble /usr/bin/cmake /home/vishvesh/ros2_ws/src/genesis_ros/topic_based_ros2_control -DCMAKE_INSTALL_PREFIX=/home/vishvesh/ros2_ws/src/install/topic_based_ros2_control
[0.282s] -- Found ament_cmake: 1.3.14 (/opt/ros/humble/share/ament_cmake/cmake)
[0.386s] -- Override CMake install command with custom implementation using symlinks instead of copying resources
[0.390s] -- Found angles: 1.15.0 (/opt/ros/humble/share/angles/cmake)
[0.390s] -- Found rclcpp: 16.0.19 (/opt/ros/humble/share/rclcpp/cmake)
[0.407s] -- Found rosidl_generator_c: 3.1.8 (/opt/ros/humble/share/rosidl_generator_c/cmake)
[0.409s] -- Found rosidl_adapter: 3.1.8 (/opt/ros/humble/share/rosidl_adapter/cmake)
[0.413s] -- Found rosidl_generator_cpp: 3.1.8 (/opt/ros/humble/share/rosidl_generator_cpp/cmake)
[0.419s] -- Using all available rosidl_typesupport_c: rosidl_typesupport_fastrtps_c;rosidl_typesupport_introspection_c
[0.427s] -- Using all available rosidl_typesupport_cpp: rosidl_typesupport_fastrtps_cpp;rosidl_typesupport_introspection_cpp
[0.451s] -- Found rmw_implementation_cmake: 6.1.2 (/opt/ros/humble/share/rmw_implementation_cmake/cmake)
[0.452s] -- Found rmw_fastrtps_cpp: 6.2.10 (/opt/ros/humble/share/rmw_fastrtps_cpp/cmake)
[0.528s] -- Using RMW implementation 'rmw_fastrtps_cpp' as default
[0.560s] -- Found hardware_interface: 2.54.0 (/opt/ros/humble/share/hardware_interface/cmake)
[0.642s] -- Found ament_cmake_gtest: 1.3.14 (/opt/ros/humble/share/ament_cmake_gtest/cmake)
[0.642s] -- Found ament_lint_auto: 0.12.15 (/opt/ros/humble/share/ament_lint_auto/cmake)
[0.643s] -- Found ament_cmake_pytest: 1.3.14 (/opt/ros/humble/share/ament_cmake_pytest/cmake)
[0.643s] -- Found ros2_control_test_assets: 2.54.0 (/opt/ros/humble/share/ros2_control_test_assets/cmake)
[0.643s] -- Found ros_testing: 0.4.0 (/opt/ros/humble/share/ros_testing/cmake)
[0.644s] -- Found launch_testing_ament_cmake: 1.0.14 (/opt/ros/humble/share/launch_testing_ament_cmake/cmake)
[0.644s] -- Found python_cmake_module: 0.10.0 (/opt/ros/humble/share/python_cmake_module/cmake)
[0.662s] -- Using PYTHON_EXECUTABLE: /usr/bin/python3
[0.663s] -- Using PYTHON_INCLUDE_DIRS: /usr/include/python3.10
[0.663s] -- Using PYTHON_LIBRARIES: /usr/lib/x86_64-linux-gnu/libpython3.10.so
[0.793s] -- Found eigen3_cmake_module: 0.1.1 (/opt/ros/humble/share/eigen3_cmake_module/cmake)
[0.794s] -- Ensuring Eigen3 include directory is part of orocos-kdl CMake target
[0.841s] -- Found gtest sources under '/opt/ros/humble/src/gtest_vendor': C++ tests using 'Google Test' will be built
[0.851s] -- Added test 'copyright' to check source files copyright and LICENSE
[0.854s] -- Added test 'cppcheck' to perform static code analysis on C / C++ code
[0.854s] -- Configured cppcheck include dirs: $<BUILD_INTERFACE:/home/vishvesh/ros2_ws/src/genesis_ros/topic_based_ros2_control/include>
[0.854s] -- Configured cppcheck exclude dirs and/or files: 
[0.854s] -- Added test 'lint_cmake' to check CMake code style
[0.854s] -- Added test 'xmllint' to check XML markup files
[0.854s] -- Configuring done
[0.868s] -- Generating done
[0.874s] -- Build files have been written to: /home/vishvesh/ros2_ws/src/build/topic_based_ros2_control
[0.882s] Invoked command in '/home/vishvesh/ros2_ws/src/build/topic_based_ros2_control' returned '0': CMAKE_PREFIX_PATH=${CMAKE_PREFIX_PATH}:/home/vishvesh/ros2_ws/install/turtle_controller:/home/vishvesh/ros2_ws/install/gs_simulation_interfaces:/home/vishvesh/ros2_ws/install/gs_ros:/home/vishvesh/ros2_ws/install/Practice:/opt/ros/humble /usr/bin/cmake /home/vishvesh/ros2_ws/src/genesis_ros/topic_based_ros2_control -DCMAKE_INSTALL_PREFIX=/home/vishvesh/ros2_ws/src/install/topic_based_ros2_control
[0.883s] Invoking command in '/home/vishvesh/ros2_ws/src/build/topic_based_ros2_control': CMAKE_PREFIX_PATH=${CMAKE_PREFIX_PATH}:/home/vishvesh/ros2_ws/install/turtle_controller:/home/vishvesh/ros2_ws/install/gs_simulation_interfaces:/home/vishvesh/ros2_ws/install/gs_ros:/home/vishvesh/ros2_ws/install/Practice:/opt/ros/humble /usr/bin/cmake --build /home/vishvesh/ros2_ws/src/build/topic_based_ros2_control -- -j16 -l16
[0.912s] [35m[1mConsolidate compiler generated dependencies of target gtest_main[0m
[0.914s] [35m[1mConsolidate compiler generated dependencies of target topic_based_ros2_control[0m
[0.914s] [35m[1mConsolidate compiler generated dependencies of target gtest[0m
[0.921s] [ 25%] Built target gtest_main
[0.923s] [ 50%] Built target gtest
[0.927s] [ 75%] Built target topic_based_ros2_control
[0.935s] [35m[1mConsolidate compiler generated dependencies of target topic_based_system_test[0m
[0.945s] [100%] Built target topic_based_system_test
[0.953s] Invoked command in '/home/vishvesh/ros2_ws/src/build/topic_based_ros2_control' returned '0': CMAKE_PREFIX_PATH=${CMAKE_PREFIX_PATH}:/home/vishvesh/ros2_ws/install/turtle_controller:/home/vishvesh/ros2_ws/install/gs_simulation_interfaces:/home/vishvesh/ros2_ws/install/gs_ros:/home/vishvesh/ros2_ws/install/Practice:/opt/ros/humble /usr/bin/cmake --build /home/vishvesh/ros2_ws/src/build/topic_based_ros2_control -- -j16 -l16
[0.954s] Invoking command in '/home/vishvesh/ros2_ws/src/build/topic_based_ros2_control': CMAKE_PREFIX_PATH=${CMAKE_PREFIX_PATH}:/home/vishvesh/ros2_ws/install/turtle_controller:/home/vishvesh/ros2_ws/install/gs_simulation_interfaces:/home/vishvesh/ros2_ws/install/gs_ros:/home/vishvesh/ros2_ws/install/Practice:/opt/ros/humble /usr/bin/cmake --install /home/vishvesh/ros2_ws/src/build/topic_based_ros2_control
[0.960s] -- Install configuration: ""
[0.960s] -- Execute custom install script
[0.960s] -- Up-to-date symlink: /home/vishvesh/ros2_ws/src/install/topic_based_ros2_control/share/topic_based_ros2_control//topic_based_ros2_control_plugin_description.xml
[0.960s] -- Up-to-date symlink: /home/vishvesh/ros2_ws/src/install/topic_based_ros2_control/share/topic_based_ros2_control/environment/library_path.sh
[0.960s] -- Up-to-date symlink: /home/vishvesh/ros2_ws/src/install/topic_based_ros2_control/share/topic_based_ros2_control/environment/library_path.dsv
[0.961s] -- Up-to-date symlink: /home/vishvesh/ros2_ws/src/install/topic_based_ros2_control/share/ament_index/resource_index/package_run_dependencies/topic_based_ros2_control
[0.961s] -- Up-to-date symlink: /home/vishvesh/ros2_ws/src/install/topic_based_ros2_control/share/ament_index/resource_index/parent_prefix_path/topic_based_ros2_control
[0.961s] -- Up-to-date symlink: /home/vishvesh/ros2_ws/src/install/topic_based_ros2_control/share/topic_based_ros2_control/environment/ament_prefix_path.sh
[0.961s] -- Up-to-date symlink: /home/vishvesh/ros2_ws/src/install/topic_based_ros2_control/share/topic_based_ros2_control/environment/ament_prefix_path.dsv
[0.961s] -- Up-to-date symlink: /home/vishvesh/ros2_ws/src/install/topic_based_ros2_control/share/topic_based_ros2_control/environment/path.sh
[0.961s] -- Up-to-date symlink: /home/vishvesh/ros2_ws/src/install/topic_based_ros2_control/share/topic_based_ros2_control/environment/path.dsv
[0.961s] -- Up-to-date symlink: /home/vishvesh/ros2_ws/src/install/topic_based_ros2_control/share/topic_based_ros2_control/local_setup.bash
[0.962s] -- Up-to-date symlink: /home/vishvesh/ros2_ws/src/install/topic_based_ros2_control/share/topic_based_ros2_control/local_setup.sh
[0.962s] -- Up-to-date symlink: /home/vishvesh/ros2_ws/src/install/topic_based_ros2_control/share/topic_based_ros2_control/local_setup.zsh
[0.962s] -- Up-to-date symlink: /home/vishvesh/ros2_ws/src/install/topic_based_ros2_control/share/topic_based_ros2_control/local_setup.dsv
[0.962s] -- Symlinking: /home/vishvesh/ros2_ws/src/install/topic_based_ros2_control/share/topic_based_ros2_control/package.dsv
[0.968s] -- Up-to-date symlink: /home/vishvesh/ros2_ws/src/install/topic_based_ros2_control/share/ament_index/resource_index/packages/topic_based_ros2_control
[0.968s] -- Up-to-date symlink: /home/vishvesh/ros2_ws/src/install/topic_based_ros2_control/share/ament_index/resource_index/hardware_interface__pluginlib__plugin/topic_based_ros2_control
[0.968s] -- Up-to-date symlink: /home/vishvesh/ros2_ws/src/install/topic_based_ros2_control/share/topic_based_ros2_control/cmake/ament_cmake_export_targets-extras.cmake
[0.968s] -- Up-to-date symlink: /home/vishvesh/ros2_ws/src/install/topic_based_ros2_control/share/topic_based_ros2_control/cmake/ament_cmake_export_dependencies-extras.cmake
[0.969s] -- Up-to-date symlink: /home/vishvesh/ros2_ws/src/install/topic_based_ros2_control/share/topic_based_ros2_control/cmake/topic_based_ros2_controlConfig.cmake
[0.969s] -- Up-to-date symlink: /home/vishvesh/ros2_ws/src/install/topic_based_ros2_control/share/topic_based_ros2_control/cmake/topic_based_ros2_controlConfig-version.cmake
[0.969s] -- Up-to-date symlink: /home/vishvesh/ros2_ws/src/install/topic_based_ros2_control/share/topic_based_ros2_control/package.xml
[0.969s] -- Up-to-date: /home/vishvesh/ros2_ws/src/install/topic_based_ros2_control/lib/libtopic_based_ros2_control.so
[0.969s] -- Up-to-date: /home/vishvesh/ros2_ws/src/install/topic_based_ros2_control/share/topic_based_ros2_control/cmake/topic_based_ros2_controlTargetsExport.cmake
[0.969s] -- Up-to-date: /home/vishvesh/ros2_ws/src/install/topic_based_ros2_control/share/topic_based_ros2_control/cmake/topic_based_ros2_controlTargetsExport-noconfig.cmake
[0.971s] Invoked command in '/home/vishvesh/ros2_ws/src/build/topic_based_ros2_control' returned '0': CMAKE_PREFIX_PATH=${CMAKE_PREFIX_PATH}:/home/vishvesh/ros2_ws/install/turtle_controller:/home/vishvesh/ros2_ws/install/gs_simulation_interfaces:/home/vishvesh/ros2_ws/install/gs_ros:/home/vishvesh/ros2_ws/install/Practice:/opt/ros/humble /usr/bin/cmake --install /home/vishvesh/ros2_ws/src/build/topic_based_ros2_control
