-- Found ament_cmake: 1.3.14 (/opt/ros/humble/share/ament_cmake/cmake)
-- Override CMake install command with custom implementation using symlinks instead of copying resources
-- Found kratos_vishvesh_q2_msgs: 0.0.0 (/home/vishvesh/ros2_ws/install/kratos_vishvesh_q2_msgs/share/kratos_vishvesh_q2_msgs/cmake)
-- Found rosidl_generator_c: 3.1.8 (/opt/ros/humble/share/rosidl_generator_c/cmake)
-- Found rosidl_adapter: 3.1.8 (/opt/ros/humble/share/rosidl_adapter/cmake)
-- Found rosidl_generator_cpp: 3.1.8 (/opt/ros/humble/share/rosidl_generator_cpp/cmake)
-- Using all available rosidl_typesupport_c: rosidl_typesupport_fastrtps_c;rosidl_typesupport_introspection_c
-- Using all available rosidl_typesupport_cpp: rosidl_typesupport_fastrtps_cpp;rosidl_typesupport_introspection_cpp
-- Found ament_lint_auto: 0.12.15 (/opt/ros/humble/share/ament_lint_auto/cmake)
-- Added test 'flake8' to check Python code syntax and style conventions
-- Added test 'lint_cmake' to check CMake code style
-- Added test 'pep257' to check Python code against some of the docstring style conventions in PEP 257
-- Added test 'xmllint' to check XML markup files
-- Configuring done
-- Generating done
-- Build files have been written to: /home/vishvesh/ros2_ws/build/kratos_vishvesh_q2
-- Install configuration: ""
-- Execute custom install script
-- Up-to-date symlink: /home/vishvesh/ros2_ws/install/kratos_vishvesh_q2/lib/kratos_vishvesh_q2/rover_status_msg_publisher.py
-- Symlinking: /home/vishvesh/ros2_ws/install/kratos_vishvesh_q2/lib/kratos_vishvesh_q2/rover_status_msg_subscriber.py
-- Up-to-date symlink: /home/vishvesh/ros2_ws/install/kratos_vishvesh_q2/share/ament_index/resource_index/package_run_dependencies/kratos_vishvesh_q2
-- Up-to-date symlink: /home/vishvesh/ros2_ws/install/kratos_vishvesh_q2/share/ament_index/resource_index/parent_prefix_path/kratos_vishvesh_q2
-- Up-to-date symlink: /home/vishvesh/ros2_ws/install/kratos_vishvesh_q2/share/kratos_vishvesh_q2/environment/ament_prefix_path.sh
-- Up-to-date symlink: /home/vishvesh/ros2_ws/install/kratos_vishvesh_q2/share/kratos_vishvesh_q2/environment/ament_prefix_path.dsv
-- Up-to-date symlink: /home/vishvesh/ros2_ws/install/kratos_vishvesh_q2/share/kratos_vishvesh_q2/environment/path.sh
-- Up-to-date symlink: /home/vishvesh/ros2_ws/install/kratos_vishvesh_q2/share/kratos_vishvesh_q2/environment/path.dsv
-- Up-to-date symlink: /home/vishvesh/ros2_ws/install/kratos_vishvesh_q2/share/kratos_vishvesh_q2/local_setup.bash
-- Up-to-date symlink: /home/vishvesh/ros2_ws/install/kratos_vishvesh_q2/share/kratos_vishvesh_q2/local_setup.sh
-- Up-to-date symlink: /home/vishvesh/ros2_ws/install/kratos_vishvesh_q2/share/kratos_vishvesh_q2/local_setup.zsh
-- Up-to-date symlink: /home/vishvesh/ros2_ws/install/kratos_vishvesh_q2/share/kratos_vishvesh_q2/local_setup.dsv
-- Symlinking: /home/vishvesh/ros2_ws/install/kratos_vishvesh_q2/share/kratos_vishvesh_q2/package.dsv
-- Up-to-date symlink: /home/vishvesh/ros2_ws/install/kratos_vishvesh_q2/share/ament_index/resource_index/packages/kratos_vishvesh_q2
-- Up-to-date symlink: /home/vishvesh/ros2_ws/install/kratos_vishvesh_q2/share/kratos_vishvesh_q2/cmake/kratos_vishvesh_q2Config.cmake
-- Up-to-date symlink: /home/vishvesh/ros2_ws/install/kratos_vishvesh_q2/share/kratos_vishvesh_q2/cmake/kratos_vishvesh_q2Config-version.cmake
-- Up-to-date symlink: /home/vishvesh/ros2_ws/install/kratos_vishvesh_q2/share/kratos_vishvesh_q2/package.xml
