[0.256s] Invoking command in '/home/vishvesh/ros2_ws/src/build/topic_based_ros2_control': CMAKE_PREFIX_PATH=${CMAKE_PREFIX_PATH}:/home/vishvesh/ros2_ws/install/turtle_controller:/home/vishvesh/ros2_ws/install/gs_simulation_interfaces:/home/vishvesh/ros2_ws/install/gs_ros:/home/vishvesh/ros2_ws/install/Practice:/opt/ros/humble /usr/bin/cmake /home/vishvesh/ros2_ws/src/genesis_ros/topic_based_ros2_control -DAMENT_CMAKE_SYMLINK_INSTALL=1 -DCMAKE_INSTALL_PREFIX=/home/vishvesh/ros2_ws/src/install/topic_based_ros2_control
[0.295s] -- The CXX compiler identification is GNU 11.4.0
[0.300s] -- Detecting CXX compiler ABI info
[0.358s] -- Detecting CXX compiler ABI info - done
[0.365s] -- Check for working CXX compiler: /usr/bin/c++ - skipped
[0.365s] -- Detecting CXX compile features
[0.366s] -- Detecting CXX compile features - done
[0.369s] -- Found ament_cmake: 1.3.14 (/opt/ros/humble/share/ament_cmake/cmake)
[0.676s] -- Found Python3: /usr/bin/python3 (found version "3.10.12") found components: Interpreter 
[0.749s] -- Override CMake install command with custom implementation using symlinks instead of copying resources
[0.779s] -- Found angles: 1.15.0 (/opt/ros/humble/share/angles/cmake)
[0.779s] -- Found rclcpp: 16.0.19 (/opt/ros/humble/share/rclcpp/cmake)
[0.800s] -- Found rosidl_generator_c: 3.1.8 (/opt/ros/humble/share/rosidl_generator_c/cmake)
[0.803s] -- Found rosidl_adapter: 3.1.8 (/opt/ros/humble/share/rosidl_adapter/cmake)
[0.809s] -- Found rosidl_generator_cpp: 3.1.8 (/opt/ros/humble/share/rosidl_generator_cpp/cmake)
[0.822s] -- Using all available rosidl_typesupport_c: rosidl_typesupport_fastrtps_c;rosidl_typesupport_introspection_c
[0.834s] -- Using all available rosidl_typesupport_cpp: rosidl_typesupport_fastrtps_cpp;rosidl_typesupport_introspection_cpp
[0.863s] -- Found rmw_implementation_cmake: 6.1.2 (/opt/ros/humble/share/rmw_implementation_cmake/cmake)
[0.864s] -- Found rmw_fastrtps_cpp: 6.2.10 (/opt/ros/humble/share/rmw_fastrtps_cpp/cmake)
[0.921s] -- Found OpenSSL: /usr/lib/x86_64-linux-gnu/libcrypto.so (found version "3.0.2")  
[0.940s] -- Found FastRTPS: /opt/ros/humble/include  
[0.968s] -- Using RMW implementation 'rmw_fastrtps_cpp' as default
[0.978s] -- Looking for C++ include pthread.h
[1.036s] -- Looking for C++ include pthread.h - found
[1.036s] -- Performing Test CMAKE_HAVE_LIBC_PTHREAD
[1.100s] -- Performing Test CMAKE_HAVE_LIBC_PTHREAD - Success
[1.101s] -- Found Threads: TRUE  
[1.139s] -- Found hardware_interface: 2.54.0 (/opt/ros/humble/share/hardware_interface/cmake)
[1.236s] -- Found ament_cmake_gtest: 1.3.14 (/opt/ros/humble/share/ament_cmake_gtest/cmake)
[1.237s] -- Found ament_lint_auto: 0.12.15 (/opt/ros/humble/share/ament_lint_auto/cmake)
[1.238s] -- Found ament_cmake_pytest: 1.3.14 (/opt/ros/humble/share/ament_cmake_pytest/cmake)
[1.240s] -- Found ros2_control_test_assets: 2.54.0 (/opt/ros/humble/share/ros2_control_test_assets/cmake)
[1.241s] -- Found ros_testing: 0.4.0 (/opt/ros/humble/share/ros_testing/cmake)
[1.242s] -- Found launch_testing_ament_cmake: 1.0.14 (/opt/ros/humble/share/launch_testing_ament_cmake/cmake)
[1.243s] -- Found python_cmake_module: 0.10.0 (/opt/ros/humble/share/python_cmake_module/cmake)
[1.263s] -- Found PythonInterp: /usr/bin/python3 (found suitable version "3.10.12", minimum required is "3.6") 
[1.268s] -- Found PythonLibs: /usr/lib/x86_64-linux-gnu/libpython3.10.so (found suitable version "3.10.12", minimum required is "3.5") 
[1.269s] -- Using PYTHON_EXECUTABLE: /usr/bin/python3
[1.269s] -- Using PYTHON_INCLUDE_DIRS: /usr/include/python3.10
[1.269s] -- Using PYTHON_LIBRARIES: /usr/lib/x86_64-linux-gnu/libpython3.10.so
[1.290s] -- Found PythonExtra: .so  
[1.495s] -- Found eigen3_cmake_module: 0.1.1 (/opt/ros/humble/share/eigen3_cmake_module/cmake)
[1.496s] -- Found Eigen3: TRUE (found version "3.4.0") 
[1.496s] -- Ensuring Eigen3 include directory is part of orocos-kdl CMake target
[1.564s] -- Found gtest sources under '/opt/ros/humble/src/gtest_vendor': C++ tests using 'Google Test' will be built
[1.609s] -- The C compiler identification is GNU 11.4.0
[1.614s] -- Detecting C compiler ABI info
[1.694s] -- Detecting C compiler ABI info - done
[1.702s] -- Check for working C compiler: /usr/bin/cc - skipped
[1.702s] -- Detecting C compile features
[1.703s] -- Detecting C compile features - done
[1.717s] -- Added test 'copyright' to check source files copyright and LICENSE
[1.720s] -- Added test 'cppcheck' to perform static code analysis on C / C++ code
[1.720s] -- Configured cppcheck include dirs: $<BUILD_INTERFACE:/home/vishvesh/ros2_ws/src/genesis_ros/topic_based_ros2_control/include>
[1.720s] -- Configured cppcheck exclude dirs and/or files: 
[1.721s] -- Added test 'lint_cmake' to check CMake code style
[1.721s] -- Added test 'xmllint' to check XML markup files
[1.725s] -- Configuring done
[1.752s] -- Generating done
[1.761s] -- Build files have been written to: /home/vishvesh/ros2_ws/src/build/topic_based_ros2_control
[1.788s] Invoked command in '/home/vishvesh/ros2_ws/src/build/topic_based_ros2_control' returned '0': CMAKE_PREFIX_PATH=${CMAKE_PREFIX_PATH}:/home/vishvesh/ros2_ws/install/turtle_controller:/home/vishvesh/ros2_ws/install/gs_simulation_interfaces:/home/vishvesh/ros2_ws/install/gs_ros:/home/vishvesh/ros2_ws/install/Practice:/opt/ros/humble /usr/bin/cmake /home/vishvesh/ros2_ws/src/genesis_ros/topic_based_ros2_control -DAMENT_CMAKE_SYMLINK_INSTALL=1 -DCMAKE_INSTALL_PREFIX=/home/vishvesh/ros2_ws/src/install/topic_based_ros2_control
[1.789s] Invoking command in '/home/vishvesh/ros2_ws/src/build/topic_based_ros2_control': CMAKE_PREFIX_PATH=${CMAKE_PREFIX_PATH}:/home/vishvesh/ros2_ws/install/turtle_controller:/home/vishvesh/ros2_ws/install/gs_simulation_interfaces:/home/vishvesh/ros2_ws/install/gs_ros:/home/vishvesh/ros2_ws/install/Practice:/opt/ros/humble /usr/bin/cmake --build /home/vishvesh/ros2_ws/src/build/topic_based_ros2_control -- -j16 -l16
[1.851s] [ 12%] [32mBuilding CXX object CMakeFiles/topic_based_ros2_control.dir/src/topic_based_system.cpp.o[0m
[1.855s] [ 25%] [32mBuilding CXX object gtest/CMakeFiles/gtest.dir/src/gtest-all.cc.o[0m
[1.860s] [ 37%] [32mBuilding CXX object gtest/CMakeFiles/gtest_main.dir/src/gtest_main.cc.o[0m
[2.986s] [ 50%] [32m[1mLinking CXX static library libgtest_main.a[0m
[3.060s] [ 50%] Built target gtest_main
[6.935s] [ 62%] [32m[1mLinking CXX static library libgtest.a[0m
[7.028s] [ 62%] Built target gtest
[11.232s] [ 75%] [32m[1mLinking CXX shared library libtopic_based_ros2_control.so[0m
[11.719s] [ 75%] Built target topic_based_ros2_control
[11.741s] [ 87%] [32mBuilding CXX object CMakeFiles/topic_based_system_test.dir/test/topic_based_system_test.cpp.o[0m
[15.241s] [100%] [32m[1mLinking CXX executable topic_based_system_test[0m
[15.689s] [100%] Built target topic_based_system_test
[15.719s] Invoked command in '/home/vishvesh/ros2_ws/src/build/topic_based_ros2_control' returned '0': CMAKE_PREFIX_PATH=${CMAKE_PREFIX_PATH}:/home/vishvesh/ros2_ws/install/turtle_controller:/home/vishvesh/ros2_ws/install/gs_simulation_interfaces:/home/vishvesh/ros2_ws/install/gs_ros:/home/vishvesh/ros2_ws/install/Practice:/opt/ros/humble /usr/bin/cmake --build /home/vishvesh/ros2_ws/src/build/topic_based_ros2_control -- -j16 -l16
[15.719s] Invoking command in '/home/vishvesh/ros2_ws/src/build/topic_based_ros2_control': CMAKE_PREFIX_PATH=${CMAKE_PREFIX_PATH}:/home/vishvesh/ros2_ws/install/turtle_controller:/home/vishvesh/ros2_ws/install/gs_simulation_interfaces:/home/vishvesh/ros2_ws/install/gs_ros:/home/vishvesh/ros2_ws/install/Practice:/opt/ros/humble /usr/bin/cmake --install /home/vishvesh/ros2_ws/src/build/topic_based_ros2_control
[15.726s] -- Install configuration: ""
[15.727s] -- Execute custom install script
[15.727s] -- Symlinking: /home/vishvesh/ros2_ws/src/install/topic_based_ros2_control/share/topic_based_ros2_control//topic_based_ros2_control_plugin_description.xml
[15.738s] -- Symlinking: /home/vishvesh/ros2_ws/src/install/topic_based_ros2_control/share/topic_based_ros2_control/environment/library_path.sh
[15.746s] -- Symlinking: /home/vishvesh/ros2_ws/src/install/topic_based_ros2_control/share/topic_based_ros2_control/environment/library_path.dsv
[15.768s] -- Symlinking: /home/vishvesh/ros2_ws/src/install/topic_based_ros2_control/share/ament_index/resource_index/package_run_dependencies/topic_based_ros2_control
[15.782s] -- Symlinking: /home/vishvesh/ros2_ws/src/install/topic_based_ros2_control/share/ament_index/resource_index/parent_prefix_path/topic_based_ros2_control
[15.798s] -- Symlinking: /home/vishvesh/ros2_ws/src/install/topic_based_ros2_control/share/topic_based_ros2_control/environment/ament_prefix_path.sh
[15.823s] -- Symlinking: /home/vishvesh/ros2_ws/src/install/topic_based_ros2_control/share/topic_based_ros2_control/environment/ament_prefix_path.dsv
[15.834s] -- Symlinking: /home/vishvesh/ros2_ws/src/install/topic_based_ros2_control/share/topic_based_ros2_control/environment/path.sh
[15.846s] -- Symlinking: /home/vishvesh/ros2_ws/src/install/topic_based_ros2_control/share/topic_based_ros2_control/environment/path.dsv
[15.857s] -- Symlinking: /home/vishvesh/ros2_ws/src/install/topic_based_ros2_control/share/topic_based_ros2_control/local_setup.bash
[15.882s] -- Symlinking: /home/vishvesh/ros2_ws/src/install/topic_based_ros2_control/share/topic_based_ros2_control/local_setup.sh
[15.894s] -- Symlinking: /home/vishvesh/ros2_ws/src/install/topic_based_ros2_control/share/topic_based_ros2_control/local_setup.zsh
[15.905s] -- Symlinking: /home/vishvesh/ros2_ws/src/install/topic_based_ros2_control/share/topic_based_ros2_control/local_setup.dsv
[15.921s] -- Symlinking: /home/vishvesh/ros2_ws/src/install/topic_based_ros2_control/share/topic_based_ros2_control/package.dsv
[15.936s] -- Symlinking: /home/vishvesh/ros2_ws/src/install/topic_based_ros2_control/share/ament_index/resource_index/packages/topic_based_ros2_control
[15.949s] -- Symlinking: /home/vishvesh/ros2_ws/src/install/topic_based_ros2_control/share/ament_index/resource_index/hardware_interface__pluginlib__plugin/topic_based_ros2_control
[15.964s] -- Symlinking: /home/vishvesh/ros2_ws/src/install/topic_based_ros2_control/share/topic_based_ros2_control/cmake/ament_cmake_export_targets-extras.cmake
[15.979s] -- Symlinking: /home/vishvesh/ros2_ws/src/install/topic_based_ros2_control/share/topic_based_ros2_control/cmake/ament_cmake_export_dependencies-extras.cmake
[15.993s] -- Symlinking: /home/vishvesh/ros2_ws/src/install/topic_based_ros2_control/share/topic_based_ros2_control/cmake/topic_based_ros2_controlConfig.cmake
[16.007s] -- Symlinking: /home/vishvesh/ros2_ws/src/install/topic_based_ros2_control/share/topic_based_ros2_control/cmake/topic_based_ros2_controlConfig-version.cmake
[16.021s] -- Symlinking: /home/vishvesh/ros2_ws/src/install/topic_based_ros2_control/share/topic_based_ros2_control/package.xml
[16.046s] -- Installing: /home/vishvesh/ros2_ws/src/install/topic_based_ros2_control/lib/libtopic_based_ros2_control.so
[16.094s] -- Set runtime path of "/home/vishvesh/ros2_ws/src/install/topic_based_ros2_control/lib/libtopic_based_ros2_control.so" to ""
[16.094s] -- Installing: /home/vishvesh/ros2_ws/src/install/topic_based_ros2_control/share/topic_based_ros2_control/cmake/topic_based_ros2_controlTargetsExport.cmake
[16.094s] -- Installing: /home/vishvesh/ros2_ws/src/install/topic_based_ros2_control/share/topic_based_ros2_control/cmake/topic_based_ros2_controlTargetsExport-noconfig.cmake
[16.100s] Invoked command in '/home/vishvesh/ros2_ws/src/build/topic_based_ros2_control' returned '0': CMAKE_PREFIX_PATH=${CMAKE_PREFIX_PATH}:/home/vishvesh/ros2_ws/install/turtle_controller:/home/vishvesh/ros2_ws/install/gs_simulation_interfaces:/home/vishvesh/ros2_ws/install/gs_ros:/home/vishvesh/ros2_ws/install/Practice:/opt/ros/humble /usr/bin/cmake --install /home/vishvesh/ros2_ws/src/build/topic_based_ros2_control
