[0.015s] Invoking command in '/home/vishvesh/ros2_ws/build/kratos_vishvesh_q2': CMAKE_PREFIX_PATH=/home/vishvesh/ros2_ws/install/kratos_vishvesh_q2_msgs:/home/vishvesh/ros2_ws/install/topic_based_ros2_control:/home/vishvesh/ros2_ws/install/gs_ros_interfaces:/home/vishvesh/ros2_ws/install/kratos_vishvesh_q2:/home/vishvesh/ros2_ws/install/kratos_vishvesh:/home/vishvesh/ros2_ws/install/gs_ros2_control_demos:/home/vishvesh/ros2_ws/install/turtle_controller:/home/vishvesh/ros2_ws/install/gs_simulation_interfaces:/home/vishvesh/ros2_ws/install/simulation_interfaces:/home/vishvesh/ros2_ws/install/gs_ros:/home/vishvesh/ros2_ws/install/Practice:/opt/ros/humble LD_LIBRARY_PATH=/home/vishvesh/ros2_ws/install/kratos_vishvesh_q2_msgs/lib:/home/vishvesh/ros2_ws/install/topic_based_ros2_control/lib:/home/vishvesh/ros2_ws/install/gs_ros_interfaces/lib:/home/vishvesh/ros2_ws/install/simulation_interfaces/lib:/opt/ros/humble/opt/rviz_ogre_vendor/lib:/opt/ros/humble/lib/x86_64-linux-gnu:/opt/ros/humble/lib /usr/bin/cmake /home/vishvesh/ros2_ws/src/kratos_vishvesh_q2 -DAMENT_CMAKE_SYMLINK_INSTALL=1 -DCMAKE_INSTALL_PREFIX=/home/vishvesh/ros2_ws/install/kratos_vishvesh_q2
[0.095s] -- The C compiler identification is GNU 11.4.0
[0.176s] -- The CXX compiler identification is GNU 11.4.0
[0.187s] -- Detecting C compiler ABI info
[0.276s] -- Detecting C compiler ABI info - done
[0.288s] -- Check for working C compiler: /usr/bin/cc - skipped
[0.288s] -- Detecting C compile features
[0.289s] -- Detecting C compile features - done
[0.293s] -- Detecting CXX compiler ABI info
[0.407s] -- Detecting CXX compiler ABI info - done
[0.418s] -- Check for working CXX compiler: /usr/bin/c++ - skipped
[0.419s] -- Detecting CXX compile features
[0.419s] -- Detecting CXX compile features - done
[0.423s] -- Found ament_cmake: 1.3.14 (/opt/ros/humble/share/ament_cmake/cmake)
[1.036s] -- Found Python3: /usr/bin/python3 (found version "3.10.12") found components: Interpreter 
[1.107s] -- Override CMake install command with custom implementation using symlinks instead of copying resources
[1.145s] -- Found kratos_vishvesh_q2_msgs: 0.0.0 (/home/vishvesh/ros2_ws/install/kratos_vishvesh_q2_msgs/share/kratos_vishvesh_q2_msgs/cmake)
[1.175s] -- Found rosidl_generator_c: 3.1.8 (/opt/ros/humble/share/rosidl_generator_c/cmake)
[1.180s] -- Found rosidl_adapter: 3.1.8 (/opt/ros/humble/share/rosidl_adapter/cmake)
[1.188s] -- Found rosidl_generator_cpp: 3.1.8 (/opt/ros/humble/share/rosidl_generator_cpp/cmake)
[1.199s] -- Using all available rosidl_typesupport_c: rosidl_typesupport_fastrtps_c;rosidl_typesupport_introspection_c
[1.215s] -- Using all available rosidl_typesupport_cpp: rosidl_typesupport_fastrtps_cpp;rosidl_typesupport_introspection_cpp
[1.227s] -- Found ament_lint_auto: 0.12.15 (/opt/ros/humble/share/ament_lint_auto/cmake)
[1.326s] -- Added test 'flake8' to check Python code syntax and style conventions
[1.327s] -- Added test 'lint_cmake' to check CMake code style
[1.328s] -- Added test 'pep257' to check Python code against some of the docstring style conventions in PEP 257
[1.329s] -- Added test 'xmllint' to check XML markup files
[1.330s] -- Configuring done
[1.333s] -- Generating done
[1.335s] -- Build files have been written to: /home/vishvesh/ros2_ws/build/kratos_vishvesh_q2
[1.340s] Invoked command in '/home/vishvesh/ros2_ws/build/kratos_vishvesh_q2' returned '0': CMAKE_PREFIX_PATH=/home/vishvesh/ros2_ws/install/kratos_vishvesh_q2_msgs:/home/vishvesh/ros2_ws/install/topic_based_ros2_control:/home/vishvesh/ros2_ws/install/gs_ros_interfaces:/home/vishvesh/ros2_ws/install/kratos_vishvesh_q2:/home/vishvesh/ros2_ws/install/kratos_vishvesh:/home/vishvesh/ros2_ws/install/gs_ros2_control_demos:/home/vishvesh/ros2_ws/install/turtle_controller:/home/vishvesh/ros2_ws/install/gs_simulation_interfaces:/home/vishvesh/ros2_ws/install/simulation_interfaces:/home/vishvesh/ros2_ws/install/gs_ros:/home/vishvesh/ros2_ws/install/Practice:/opt/ros/humble LD_LIBRARY_PATH=/home/vishvesh/ros2_ws/install/kratos_vishvesh_q2_msgs/lib:/home/vishvesh/ros2_ws/install/topic_based_ros2_control/lib:/home/vishvesh/ros2_ws/install/gs_ros_interfaces/lib:/home/vishvesh/ros2_ws/install/simulation_interfaces/lib:/opt/ros/humble/opt/rviz_ogre_vendor/lib:/opt/ros/humble/lib/x86_64-linux-gnu:/opt/ros/humble/lib /usr/bin/cmake /home/vishvesh/ros2_ws/src/kratos_vishvesh_q2 -DAMENT_CMAKE_SYMLINK_INSTALL=1 -DCMAKE_INSTALL_PREFIX=/home/vishvesh/ros2_ws/install/kratos_vishvesh_q2
[1.342s] Invoking command in '/home/vishvesh/ros2_ws/build/kratos_vishvesh_q2': CMAKE_PREFIX_PATH=/home/vishvesh/ros2_ws/install/kratos_vishvesh_q2_msgs:/home/vishvesh/ros2_ws/install/topic_based_ros2_control:/home/vishvesh/ros2_ws/install/gs_ros_interfaces:/home/vishvesh/ros2_ws/install/kratos_vishvesh_q2:/home/vishvesh/ros2_ws/install/kratos_vishvesh:/home/vishvesh/ros2_ws/install/gs_ros2_control_demos:/home/vishvesh/ros2_ws/install/turtle_controller:/home/vishvesh/ros2_ws/install/gs_simulation_interfaces:/home/vishvesh/ros2_ws/install/simulation_interfaces:/home/vishvesh/ros2_ws/install/gs_ros:/home/vishvesh/ros2_ws/install/Practice:/opt/ros/humble LD_LIBRARY_PATH=/home/vishvesh/ros2_ws/install/kratos_vishvesh_q2_msgs/lib:/home/vishvesh/ros2_ws/install/topic_based_ros2_control/lib:/home/vishvesh/ros2_ws/install/gs_ros_interfaces/lib:/home/vishvesh/ros2_ws/install/simulation_interfaces/lib:/opt/ros/humble/opt/rviz_ogre_vendor/lib:/opt/ros/humble/lib/x86_64-linux-gnu:/opt/ros/humble/lib /usr/bin/cmake --build /home/vishvesh/ros2_ws/build/kratos_vishvesh_q2 -- -j16 -l16
[1.396s] Invoked command in '/home/vishvesh/ros2_ws/build/kratos_vishvesh_q2' returned '0': CMAKE_PREFIX_PATH=/home/vishvesh/ros2_ws/install/kratos_vishvesh_q2_msgs:/home/vishvesh/ros2_ws/install/topic_based_ros2_control:/home/vishvesh/ros2_ws/install/gs_ros_interfaces:/home/vishvesh/ros2_ws/install/kratos_vishvesh_q2:/home/vishvesh/ros2_ws/install/kratos_vishvesh:/home/vishvesh/ros2_ws/install/gs_ros2_control_demos:/home/vishvesh/ros2_ws/install/turtle_controller:/home/vishvesh/ros2_ws/install/gs_simulation_interfaces:/home/vishvesh/ros2_ws/install/simulation_interfaces:/home/vishvesh/ros2_ws/install/gs_ros:/home/vishvesh/ros2_ws/install/Practice:/opt/ros/humble LD_LIBRARY_PATH=/home/vishvesh/ros2_ws/install/kratos_vishvesh_q2_msgs/lib:/home/vishvesh/ros2_ws/install/topic_based_ros2_control/lib:/home/vishvesh/ros2_ws/install/gs_ros_interfaces/lib:/home/vishvesh/ros2_ws/install/simulation_interfaces/lib:/opt/ros/humble/opt/rviz_ogre_vendor/lib:/opt/ros/humble/lib/x86_64-linux-gnu:/opt/ros/humble/lib /usr/bin/cmake --build /home/vishvesh/ros2_ws/build/kratos_vishvesh_q2 -- -j16 -l16
[1.397s] Invoking command in '/home/vishvesh/ros2_ws/build/kratos_vishvesh_q2': CMAKE_PREFIX_PATH=/home/vishvesh/ros2_ws/install/kratos_vishvesh_q2_msgs:/home/vishvesh/ros2_ws/install/topic_based_ros2_control:/home/vishvesh/ros2_ws/install/gs_ros_interfaces:/home/vishvesh/ros2_ws/install/kratos_vishvesh_q2:/home/vishvesh/ros2_ws/install/kratos_vishvesh:/home/vishvesh/ros2_ws/install/gs_ros2_control_demos:/home/vishvesh/ros2_ws/install/turtle_controller:/home/vishvesh/ros2_ws/install/gs_simulation_interfaces:/home/vishvesh/ros2_ws/install/simulation_interfaces:/home/vishvesh/ros2_ws/install/gs_ros:/home/vishvesh/ros2_ws/install/Practice:/opt/ros/humble LD_LIBRARY_PATH=/home/vishvesh/ros2_ws/install/kratos_vishvesh_q2_msgs/lib:/home/vishvesh/ros2_ws/install/topic_based_ros2_control/lib:/home/vishvesh/ros2_ws/install/gs_ros_interfaces/lib:/home/vishvesh/ros2_ws/install/simulation_interfaces/lib:/opt/ros/humble/opt/rviz_ogre_vendor/lib:/opt/ros/humble/lib/x86_64-linux-gnu:/opt/ros/humble/lib /usr/bin/cmake --install /home/vishvesh/ros2_ws/build/kratos_vishvesh_q2
[1.405s] -- Install configuration: ""
[1.406s] -- Execute custom install script
[1.406s] -- Symlinking: /home/vishvesh/ros2_ws/install/kratos_vishvesh_q2/lib/kratos_vishvesh_q2/rover_status_msg_publisher.py
[1.416s] -- Symlinking: /home/vishvesh/ros2_ws/install/kratos_vishvesh_q2/share/ament_index/resource_index/package_run_dependencies/kratos_vishvesh_q2
[1.427s] -- Symlinking: /home/vishvesh/ros2_ws/install/kratos_vishvesh_q2/share/ament_index/resource_index/parent_prefix_path/kratos_vishvesh_q2
[1.440s] -- Symlinking: /home/vishvesh/ros2_ws/install/kratos_vishvesh_q2/share/kratos_vishvesh_q2/environment/ament_prefix_path.sh
[1.453s] -- Symlinking: /home/vishvesh/ros2_ws/install/kratos_vishvesh_q2/share/kratos_vishvesh_q2/environment/ament_prefix_path.dsv
[1.466s] -- Symlinking: /home/vishvesh/ros2_ws/install/kratos_vishvesh_q2/share/kratos_vishvesh_q2/environment/path.sh
[1.475s] -- Symlinking: /home/vishvesh/ros2_ws/install/kratos_vishvesh_q2/share/kratos_vishvesh_q2/environment/path.dsv
[1.486s] -- Symlinking: /home/vishvesh/ros2_ws/install/kratos_vishvesh_q2/share/kratos_vishvesh_q2/local_setup.bash
[1.496s] -- Symlinking: /home/vishvesh/ros2_ws/install/kratos_vishvesh_q2/share/kratos_vishvesh_q2/local_setup.sh
[1.507s] -- Symlinking: /home/vishvesh/ros2_ws/install/kratos_vishvesh_q2/share/kratos_vishvesh_q2/local_setup.zsh
[1.519s] -- Symlinking: /home/vishvesh/ros2_ws/install/kratos_vishvesh_q2/share/kratos_vishvesh_q2/local_setup.dsv
[1.530s] -- Symlinking: /home/vishvesh/ros2_ws/install/kratos_vishvesh_q2/share/kratos_vishvesh_q2/package.dsv
[1.541s] -- Symlinking: /home/vishvesh/ros2_ws/install/kratos_vishvesh_q2/share/ament_index/resource_index/packages/kratos_vishvesh_q2
[1.551s] -- Symlinking: /home/vishvesh/ros2_ws/install/kratos_vishvesh_q2/share/kratos_vishvesh_q2/cmake/kratos_vishvesh_q2Config.cmake
[1.563s] -- Symlinking: /home/vishvesh/ros2_ws/install/kratos_vishvesh_q2/share/kratos_vishvesh_q2/cmake/kratos_vishvesh_q2Config-version.cmake
[1.574s] -- Symlinking: /home/vishvesh/ros2_ws/install/kratos_vishvesh_q2/share/kratos_vishvesh_q2/package.xml
[1.588s] Invoked command in '/home/vishvesh/ros2_ws/build/kratos_vishvesh_q2' returned '0': CMAKE_PREFIX_PATH=/home/vishvesh/ros2_ws/install/kratos_vishvesh_q2_msgs:/home/vishvesh/ros2_ws/install/topic_based_ros2_control:/home/vishvesh/ros2_ws/install/gs_ros_interfaces:/home/vishvesh/ros2_ws/install/kratos_vishvesh_q2:/home/vishvesh/ros2_ws/install/kratos_vishvesh:/home/vishvesh/ros2_ws/install/gs_ros2_control_demos:/home/vishvesh/ros2_ws/install/turtle_controller:/home/vishvesh/ros2_ws/install/gs_simulation_interfaces:/home/vishvesh/ros2_ws/install/simulation_interfaces:/home/vishvesh/ros2_ws/install/gs_ros:/home/vishvesh/ros2_ws/install/Practice:/opt/ros/humble LD_LIBRARY_PATH=/home/vishvesh/ros2_ws/install/kratos_vishvesh_q2_msgs/lib:/home/vishvesh/ros2_ws/install/topic_based_ros2_control/lib:/home/vishvesh/ros2_ws/install/gs_ros_interfaces/lib:/home/vishvesh/ros2_ws/install/simulation_interfaces/lib:/opt/ros/humble/opt/rviz_ogre_vendor/lib:/opt/ros/humble/lib/x86_64-linux-gnu:/opt/ros/humble/lib /usr/bin/cmake --install /home/vishvesh/ros2_ws/build/kratos_vishvesh_q2
