[0.342s] Invoking command in '/home/vishvesh/ros2_ws/src/build/kratos_vishvesh': CMAKE_PREFIX_PATH=${CMAKE_PREFIX_PATH}:/home/vishvesh/ros2_ws/install/turtle_controller:/home/vishvesh/ros2_ws/install/gs_simulation_interfaces:/home/vishvesh/ros2_ws/install/simulation_interfaces:/home/vishvesh/ros2_ws/install/gs_ros:/home/vishvesh/ros2_ws/install/Practice:/opt/ros/humble /usr/bin/cmake --build /home/vishvesh/ros2_ws/src/build/kratos_vishvesh -- -j16 -l16
[0.360s] -- Found ament_cmake: 1.3.14 (/opt/ros/humble/share/ament_cmake/cmake)
[0.466s] -- Override CMake install command with custom implementation using symlinks instead of copying resources
[0.470s] -- Found ament_lint_auto: 0.12.15 (/opt/ros/humble/share/ament_lint_auto/cmake)
[0.550s] -- Added test 'flake8' to check Python code syntax and style conventions
[0.550s] -- Added test 'lint_cmake' to check CMake code style
[0.551s] -- Added test 'pep257' to check Python code against some of the docstring style conventions in PEP 257
[0.554s] -- Added test 'xmllint' to check XML markup files
[0.556s] -- Configuring done
[0.559s] -- Generating done
[0.560s] -- Build files have been written to: /home/vishvesh/ros2_ws/src/build/kratos_vishvesh
[0.642s] Invoked command in '/home/vishvesh/ros2_ws/src/build/kratos_vishvesh' returned '0': CMAKE_PREFIX_PATH=${CMAKE_PREFIX_PATH}:/home/vishvesh/ros2_ws/install/turtle_controller:/home/vishvesh/ros2_ws/install/gs_simulation_interfaces:/home/vishvesh/ros2_ws/install/simulation_interfaces:/home/vishvesh/ros2_ws/install/gs_ros:/home/vishvesh/ros2_ws/install/Practice:/opt/ros/humble /usr/bin/cmake --build /home/vishvesh/ros2_ws/src/build/kratos_vishvesh -- -j16 -l16
[0.643s] Invoking command in '/home/vishvesh/ros2_ws/src/build/kratos_vishvesh': CMAKE_PREFIX_PATH=${CMAKE_PREFIX_PATH}:/home/vishvesh/ros2_ws/install/turtle_controller:/home/vishvesh/ros2_ws/install/gs_simulation_interfaces:/home/vishvesh/ros2_ws/install/simulation_interfaces:/home/vishvesh/ros2_ws/install/gs_ros:/home/vishvesh/ros2_ws/install/Practice:/opt/ros/humble /usr/bin/cmake --install /home/vishvesh/ros2_ws/src/build/kratos_vishvesh
[0.661s] -- Install configuration: ""
[0.662s] -- Execute custom install script
[0.662s] -- Up-to-date symlink: /home/vishvesh/ros2_ws/src/install/kratos_vishvesh/lib/kratos_vishvesh/rover_status_msg_publisher.py
[0.662s] -- Up-to-date symlink: /home/vishvesh/ros2_ws/src/install/kratos_vishvesh/lib/kratos_vishvesh/rover_status_msg_subscriber.py
[0.662s] -- Up-to-date symlink: /home/vishvesh/ros2_ws/src/install/kratos_vishvesh/share/ament_index/resource_index/package_run_dependencies/kratos_vishvesh
[0.662s] -- Up-to-date symlink: /home/vishvesh/ros2_ws/src/install/kratos_vishvesh/share/ament_index/resource_index/parent_prefix_path/kratos_vishvesh
[0.662s] -- Up-to-date symlink: /home/vishvesh/ros2_ws/src/install/kratos_vishvesh/share/kratos_vishvesh/environment/ament_prefix_path.sh
[0.662s] -- Up-to-date symlink: /home/vishvesh/ros2_ws/src/install/kratos_vishvesh/share/kratos_vishvesh/environment/ament_prefix_path.dsv
[0.662s] -- Up-to-date symlink: /home/vishvesh/ros2_ws/src/install/kratos_vishvesh/share/kratos_vishvesh/environment/path.sh
[0.663s] -- Up-to-date symlink: /home/vishvesh/ros2_ws/src/install/kratos_vishvesh/share/kratos_vishvesh/environment/path.dsv
[0.663s] -- Up-to-date symlink: /home/vishvesh/ros2_ws/src/install/kratos_vishvesh/share/kratos_vishvesh/local_setup.bash
[0.663s] -- Up-to-date symlink: /home/vishvesh/ros2_ws/src/install/kratos_vishvesh/share/kratos_vishvesh/local_setup.sh
[0.664s] -- Up-to-date symlink: /home/vishvesh/ros2_ws/src/install/kratos_vishvesh/share/kratos_vishvesh/local_setup.zsh
[0.664s] -- Up-to-date symlink: /home/vishvesh/ros2_ws/src/install/kratos_vishvesh/share/kratos_vishvesh/local_setup.dsv
[0.664s] -- Symlinking: /home/vishvesh/ros2_ws/src/install/kratos_vishvesh/share/kratos_vishvesh/package.dsv
[0.665s] -- Up-to-date symlink: /home/vishvesh/ros2_ws/src/install/kratos_vishvesh/share/ament_index/resource_index/packages/kratos_vishvesh
[0.665s] -- Up-to-date symlink: /home/vishvesh/ros2_ws/src/install/kratos_vishvesh/share/kratos_vishvesh/cmake/kratos_vishveshConfig.cmake
[0.665s] -- Up-to-date symlink: /home/vishvesh/ros2_ws/src/install/kratos_vishvesh/share/kratos_vishvesh/cmake/kratos_vishveshConfig-version.cmake
[0.665s] -- Up-to-date symlink: /home/vishvesh/ros2_ws/src/install/kratos_vishvesh/share/kratos_vishvesh/package.xml
[0.687s] Invoked command in '/home/vishvesh/ros2_ws/src/build/kratos_vishvesh' returned '0': CMAKE_PREFIX_PATH=${CMAKE_PREFIX_PATH}:/home/vishvesh/ros2_ws/install/turtle_controller:/home/vishvesh/ros2_ws/install/gs_simulation_interfaces:/home/vishvesh/ros2_ws/install/simulation_interfaces:/home/vishvesh/ros2_ws/install/gs_ros:/home/vishvesh/ros2_ws/install/Practice:/opt/ros/humble /usr/bin/cmake --install /home/vishvesh/ros2_ws/src/build/kratos_vishvesh
