[0.694s] Invoking command in '/home/vishvesh/ros2_ws/src/build/turtle_controller': PYTHONPATH=/home/vishvesh/ros2_ws/src/build/turtle_controller/prefix_override:/usr/lib/python3/dist-packages/colcon_core/task/python/colcon_distutils_commands:/home/vishvesh/ros2_ws/src/install/turtle_controller/lib/python3.10/site-packages:${PYTHONPATH} /usr/bin/python3 -W ignore:setup.py install is deprecated -W ignore:easy_install command is deprecated setup.py develop --editable --build-directory /home/vishvesh/ros2_ws/src/build/turtle_controller/build --no-deps symlink_data
[0.879s] running develop
[0.999s] running egg_info
[1.017s] creating turtle_controller.egg-info
[1.018s] writing turtle_controller.egg-info/PKG-INFO
[1.018s] writing dependency_links to turtle_controller.egg-info/dependency_links.txt
[1.018s] writing entry points to turtle_controller.egg-info/entry_points.txt
[1.018s] writing requirements to turtle_controller.egg-info/requires.txt
[1.018s] writing top-level names to turtle_controller.egg-info/top_level.txt
[1.018s] writing manifest file 'turtle_controller.egg-info/SOURCES.txt'
[1.046s] reading manifest file 'turtle_controller.egg-info/SOURCES.txt'
[1.047s] writing manifest file 'turtle_controller.egg-info/SOURCES.txt'
[1.057s] running build_ext
[1.058s] Creating /home/vishvesh/ros2_ws/src/install/turtle_controller/lib/python3.10/site-packages/turtle-controller.egg-link (link to .)
[1.058s] Installing circle_publisher script to /home/vishvesh/ros2_ws/src/install/turtle_controller/lib/turtle_controller
[1.058s] 
[1.058s] Installed /home/vishvesh/ros2_ws/src/build/turtle_controller
[1.059s] running symlink_data
[1.059s] creating /home/vishvesh/ros2_ws/src/install/turtle_controller/share/ament_index/resource_index/packages
[1.059s] symbolically linking /home/vishvesh/ros2_ws/src/build/turtle_controller/resource/turtle_controller -> /home/vishvesh/ros2_ws/src/install/turtle_controller/share/ament_index/resource_index/packages
[1.059s] symbolically linking /home/vishvesh/ros2_ws/src/build/turtle_controller/package.xml -> /home/vishvesh/ros2_ws/src/install/turtle_controller/share/turtle_controller
[1.083s] Invoked command in '/home/vishvesh/ros2_ws/src/build/turtle_controller' returned '0': PYTHONPATH=/home/vishvesh/ros2_ws/src/build/turtle_controller/prefix_override:/usr/lib/python3/dist-packages/colcon_core/task/python/colcon_distutils_commands:/home/vishvesh/ros2_ws/src/install/turtle_controller/lib/python3.10/site-packages:${PYTHONPATH} /usr/bin/python3 -W ignore:setup.py install is deprecated -W ignore:easy_install command is deprecated setup.py develop --editable --build-directory /home/vishvesh/ros2_ws/src/build/turtle_controller/build --no-deps symlink_data
