[0.401s] Invoking command in '/home/vishvesh/ros2_ws/src/Practice': PYTHONPATH=/home/vishvesh/ros2_ws/build/Practice/prefix_override:/usr/lib/python3/dist-packages/colcon_core/task/python/colcon_distutils_commands:/home/vishvesh/ros2_ws/install/Practice/lib/python3.10/site-packages:${PYTHONPATH} /usr/bin/python3 -W ignore:setup.py install is deprecated -W ignore:easy_install command is deprecated setup.py egg_info --egg-base ../../build/Practice build --build-base /home/vishvesh/ros2_ws/build/Practice/build install --record /home/vishvesh/ros2_ws/build/Practice/install.log --single-version-externally-managed install_data
[0.534s] running egg_info
[0.541s] writing ../../build/Practice/Practice.egg-info/PKG-INFO
[0.542s] writing dependency_links to ../../build/Practice/Practice.egg-info/dependency_links.txt
[0.542s] writing entry points to ../../build/Practice/Practice.egg-info/entry_points.txt
[0.542s] writing requirements to ../../build/Practice/Practice.egg-info/requires.txt
[0.542s] writing top-level names to ../../build/Practice/Practice.egg-info/top_level.txt
[0.557s] reading manifest file '../../build/Practice/Practice.egg-info/SOURCES.txt'
[0.558s] writing manifest file '../../build/Practice/Practice.egg-info/SOURCES.txt'
[0.558s] running build
[0.558s] running build_py
[0.558s] copying Practice/pose_subscriber.py -> /home/vishvesh/ros2_ws/build/Practice/build/lib/Practice
[0.558s] copying Practice/draw_circle.py -> /home/vishvesh/ros2_ws/build/Practice/build/lib/Practice
[0.558s] copying Practice/my_first_node.py -> /home/vishvesh/ros2_ws/build/Practice/build/lib/Practice
[0.558s] copying Practice/__init__.py -> /home/vishvesh/ros2_ws/build/Practice/build/lib/Practice
[0.558s] running install
[0.561s] running install_lib
[0.568s] running install_data
[0.568s] copying resource/Practice -> /home/vishvesh/ros2_ws/install/Practice/share/ament_index/resource_index/packages
[0.568s] copying package.xml -> /home/vishvesh/ros2_ws/install/Practice/share/Practice
[0.568s] running install_egg_info
[0.576s] removing '/home/vishvesh/ros2_ws/install/Practice/lib/python3.10/site-packages/Practice-0.0.0-py3.10.egg-info' (and everything under it)
[0.576s] Copying ../../build/Practice/Practice.egg-info to /home/vishvesh/ros2_ws/install/Practice/lib/python3.10/site-packages/Practice-0.0.0-py3.10.egg-info
[0.576s] running install_scripts
[0.632s] Installing draw_circle_node script to /home/vishvesh/ros2_ws/install/Practice/lib/Practice
[0.632s] Installing name_to_run script to /home/vishvesh/ros2_ws/install/Practice/lib/Practice
[0.632s] Installing pose_node script to /home/vishvesh/ros2_ws/install/Practice/lib/Practice
[0.632s] writing list of installed files to '/home/vishvesh/ros2_ws/build/Practice/install.log'
[0.647s] Invoked command in '/home/vishvesh/ros2_ws/src/Practice' returned '0': PYTHONPATH=/home/vishvesh/ros2_ws/build/Practice/prefix_override:/usr/lib/python3/dist-packages/colcon_core/task/python/colcon_distutils_commands:/home/vishvesh/ros2_ws/install/Practice/lib/python3.10/site-packages:${PYTHONPATH} /usr/bin/python3 -W ignore:setup.py install is deprecated -W ignore:easy_install command is deprecated setup.py egg_info --egg-base ../../build/Practice build --build-base /home/vishvesh/ros2_ws/build/Practice/build install --record /home/vishvesh/ros2_ws/build/Practice/install.log --single-version-externally-managed install_data
