[0.289s] Invoking command in '/home/vishvesh/ros2_ws/src/build/topic_based_ros2_control': CMAKE_PREFIX_PATH=${CMAKE_PREFIX_PATH}:/home/vishvesh/ros2_ws/install/turtle_controller:/home/vishvesh/ros2_ws/install/gs_simulation_interfaces:/home/vishvesh/ros2_ws/install/gs_ros:/home/vishvesh/ros2_ws/install/Practice:/opt/ros/humble /usr/bin/cmake --build /home/vishvesh/ros2_ws/src/build/topic_based_ros2_control -- -j16 -l16
[0.323s] [ 37%] Built target gtest
[0.323s] [ 50%] Built target gtest_main
[0.327s] [ 75%] Built target topic_based_ros2_control
[0.348s] [100%] Built target topic_based_system_test
[0.462s] Invoked command in '/home/vishvesh/ros2_ws/src/build/topic_based_ros2_control' returned '0': CMAKE_PREFIX_PATH=${CMAKE_PREFIX_PATH}:/home/vishvesh/ros2_ws/install/turtle_controller:/home/vishvesh/ros2_ws/install/gs_simulation_interfaces:/home/vishvesh/ros2_ws/install/gs_ros:/home/vishvesh/ros2_ws/install/Practice:/opt/ros/humble /usr/bin/cmake --build /home/vishvesh/ros2_ws/src/build/topic_based_ros2_control -- -j16 -l16
[0.466s] Invoking command in '/home/vishvesh/ros2_ws/src/build/topic_based_ros2_control': CMAKE_PREFIX_PATH=${CMAKE_PREFIX_PATH}:/home/vishvesh/ros2_ws/install/turtle_controller:/home/vishvesh/ros2_ws/install/gs_simulation_interfaces:/home/vishvesh/ros2_ws/install/gs_ros:/home/vishvesh/ros2_ws/install/Practice:/opt/ros/humble /usr/bin/cmake --install /home/vishvesh/ros2_ws/src/build/topic_based_ros2_control
[0.477s] -- Install configuration: ""
[0.477s] -- Execute custom install script
[0.477s] -- Up-to-date symlink: /home/vishvesh/ros2_ws/src/install/topic_based_ros2_control/share/topic_based_ros2_control//topic_based_ros2_control_plugin_description.xml
[0.477s] -- Up-to-date symlink: /home/vishvesh/ros2_ws/src/install/topic_based_ros2_control/share/topic_based_ros2_control/environment/library_path.sh
[0.477s] -- Up-to-date symlink: /home/vishvesh/ros2_ws/src/install/topic_based_ros2_control/share/topic_based_ros2_control/environment/library_path.dsv
[0.477s] -- Up-to-date symlink: /home/vishvesh/ros2_ws/src/install/topic_based_ros2_control/share/ament_index/resource_index/package_run_dependencies/topic_based_ros2_control
[0.477s] -- Up-to-date symlink: /home/vishvesh/ros2_ws/src/install/topic_based_ros2_control/share/ament_index/resource_index/parent_prefix_path/topic_based_ros2_control
[0.477s] -- Up-to-date symlink: /home/vishvesh/ros2_ws/src/install/topic_based_ros2_control/share/topic_based_ros2_control/environment/ament_prefix_path.sh
[0.477s] -- Up-to-date symlink: /home/vishvesh/ros2_ws/src/install/topic_based_ros2_control/share/topic_based_ros2_control/environment/ament_prefix_path.dsv
[0.477s] -- Up-to-date symlink: /home/vishvesh/ros2_ws/src/install/topic_based_ros2_control/share/topic_based_ros2_control/environment/path.sh
[0.477s] -- Up-to-date symlink: /home/vishvesh/ros2_ws/src/install/topic_based_ros2_control/share/topic_based_ros2_control/environment/path.dsv
[0.477s] -- Up-to-date symlink: /home/vishvesh/ros2_ws/src/install/topic_based_ros2_control/share/topic_based_ros2_control/local_setup.bash
[0.477s] -- Up-to-date symlink: /home/vishvesh/ros2_ws/src/install/topic_based_ros2_control/share/topic_based_ros2_control/local_setup.sh
[0.477s] -- Up-to-date symlink: /home/vishvesh/ros2_ws/src/install/topic_based_ros2_control/share/topic_based_ros2_control/local_setup.zsh
[0.477s] -- Up-to-date symlink: /home/vishvesh/ros2_ws/src/install/topic_based_ros2_control/share/topic_based_ros2_control/local_setup.dsv
[0.477s] -- Symlinking: /home/vishvesh/ros2_ws/src/install/topic_based_ros2_control/share/topic_based_ros2_control/package.dsv
[0.508s] -- Up-to-date symlink: /home/vishvesh/ros2_ws/src/install/topic_based_ros2_control/share/ament_index/resource_index/packages/topic_based_ros2_control
[0.508s] -- Up-to-date symlink: /home/vishvesh/ros2_ws/src/install/topic_based_ros2_control/share/ament_index/resource_index/hardware_interface__pluginlib__plugin/topic_based_ros2_control
[0.508s] -- Up-to-date symlink: /home/vishvesh/ros2_ws/src/install/topic_based_ros2_control/share/topic_based_ros2_control/cmake/ament_cmake_export_targets-extras.cmake
[0.509s] -- Up-to-date symlink: /home/vishvesh/ros2_ws/src/install/topic_based_ros2_control/share/topic_based_ros2_control/cmake/ament_cmake_export_dependencies-extras.cmake
[0.509s] -- Up-to-date symlink: /home/vishvesh/ros2_ws/src/install/topic_based_ros2_control/share/topic_based_ros2_control/cmake/topic_based_ros2_controlConfig.cmake
[0.510s] -- Up-to-date symlink: /home/vishvesh/ros2_ws/src/install/topic_based_ros2_control/share/topic_based_ros2_control/cmake/topic_based_ros2_controlConfig-version.cmake
[0.510s] -- Up-to-date symlink: /home/vishvesh/ros2_ws/src/install/topic_based_ros2_control/share/topic_based_ros2_control/package.xml
[0.510s] -- Up-to-date: /home/vishvesh/ros2_ws/src/install/topic_based_ros2_control/lib/libtopic_based_ros2_control.so
[0.510s] -- Up-to-date: /home/vishvesh/ros2_ws/src/install/topic_based_ros2_control/share/topic_based_ros2_control/cmake/topic_based_ros2_controlTargetsExport.cmake
[0.510s] -- Up-to-date: /home/vishvesh/ros2_ws/src/install/topic_based_ros2_control/share/topic_based_ros2_control/cmake/topic_based_ros2_controlTargetsExport-noconfig.cmake
[0.529s] Invoked command in '/home/vishvesh/ros2_ws/src/build/topic_based_ros2_control' returned '0': CMAKE_PREFIX_PATH=${CMAKE_PREFIX_PATH}:/home/vishvesh/ros2_ws/install/turtle_controller:/home/vishvesh/ros2_ws/install/gs_simulation_interfaces:/home/vishvesh/ros2_ws/install/gs_ros:/home/vishvesh/ros2_ws/install/Practice:/opt/ros/humble /usr/bin/cmake --install /home/vishvesh/ros2_ws/src/build/topic_based_ros2_control
