[0.053s] Invoking command in '/home/vishvesh/ros2_ws/build/kratos_vishvesh_q2_msgs': CMAKE_PREFIX_PATH=${CMAKE_PREFIX_PATH}:/home/vishvesh/ros2_ws/install/turtle_controller:/home/vishvesh/ros2_ws/install/gs_simulation_interfaces:/home/vishvesh/ros2_ws/install/gs_ros:/home/vishvesh/ros2_ws/install/Practice:/opt/ros/humble /usr/bin/cmake --build /home/vishvesh/ros2_ws/build/kratos_vishvesh_q2_msgs -- -j16 -l16
[0.671s] [  3%] Built target kratos_vishvesh_q2_msgs__cpp
[0.671s] [  6%] Built target kratos_vishvesh_q2_msgs__rs
[0.671s] [ 15%] Built target kratos_vishvesh_q2_msgs__rosidl_generator_c
[0.671s] [ 15%] Built target ament_cmake_python_symlink_kratos_vishvesh_q2_msgs
[0.672s] [ 25%] Built target kratos_vishvesh_q2_msgs__rosidl_typesupport_cpp
[0.672s] [ 34%] Built target kratos_vishvesh_q2_msgs__rosidl_typesupport_introspection_cpp
[0.672s] [ 46%] Built target kratos_vishvesh_q2_msgs__rosidl_typesupport_fastrtps_cpp
[0.672s] [ 53%] Built target kratos_vishvesh_q2_msgs__rosidl_typesupport_introspection_c
[0.672s] [ 62%] Built target kratos_vishvesh_q2_msgs__rosidl_typesupport_c
[0.673s] [ 71%] Built target kratos_vishvesh_q2_msgs__rosidl_typesupport_fastrtps_c
[0.673s] [ 71%] Built target kratos_vishvesh_q2_msgs
[0.673s] [ 75%] Built target kratos_vishvesh_q2_msgs__py
[0.673s] [ 81%] Built target kratos_vishvesh_q2_msgs__rosidl_generator_py
[0.673s] [ 87%] Built target kratos_vishvesh_q2_msgs__rosidl_typesupport_fastrtps_c__pyext
[0.673s] [ 93%] Built target kratos_vishvesh_q2_msgs__rosidl_typesupport_introspection_c__pyext
[0.674s] [100%] Built target kratos_vishvesh_q2_msgs__rosidl_typesupport_c__pyext
[0.733s] running egg_info
[0.763s] writing kratos_vishvesh_q2_msgs.egg-info/PKG-INFO
[0.764s] writing dependency_links to kratos_vishvesh_q2_msgs.egg-info/dependency_links.txt
[0.764s] writing top-level names to kratos_vishvesh_q2_msgs.egg-info/top_level.txt
[0.850s] reading manifest file 'kratos_vishvesh_q2_msgs.egg-info/SOURCES.txt'
[0.850s] writing manifest file 'kratos_vishvesh_q2_msgs.egg-info/SOURCES.txt'
[0.899s] [100%] Built target ament_cmake_python_build_kratos_vishvesh_q2_msgs_egg
[0.918s] Invoked command in '/home/vishvesh/ros2_ws/build/kratos_vishvesh_q2_msgs' returned '0': CMAKE_PREFIX_PATH=${CMAKE_PREFIX_PATH}:/home/vishvesh/ros2_ws/install/turtle_controller:/home/vishvesh/ros2_ws/install/gs_simulation_interfaces:/home/vishvesh/ros2_ws/install/gs_ros:/home/vishvesh/ros2_ws/install/Practice:/opt/ros/humble /usr/bin/cmake --build /home/vishvesh/ros2_ws/build/kratos_vishvesh_q2_msgs -- -j16 -l16
[0.921s] Invoking command in '/home/vishvesh/ros2_ws/build/kratos_vishvesh_q2_msgs': CMAKE_PREFIX_PATH=${CMAKE_PREFIX_PATH}:/home/vishvesh/ros2_ws/install/turtle_controller:/home/vishvesh/ros2_ws/install/gs_simulation_interfaces:/home/vishvesh/ros2_ws/install/gs_ros:/home/vishvesh/ros2_ws/install/Practice:/opt/ros/humble /usr/bin/cmake --install /home/vishvesh/ros2_ws/build/kratos_vishvesh_q2_msgs
[0.934s] -- Install configuration: ""
[0.935s] -- Execute custom install script
[0.935s] -- Up-to-date symlink: /home/vishvesh/ros2_ws/install/kratos_vishvesh_q2_msgs/share/ament_index/resource_index/rosidl_interfaces/kratos_vishvesh_q2_msgs
[0.936s] -- Up-to-date symlink: /home/vishvesh/ros2_ws/install/kratos_vishvesh_q2_msgs/include/kratos_vishvesh_q2_msgs/kratos_vishvesh_q2_msgs/msg/detail/rover_status__functions.h
[0.936s] -- Up-to-date symlink: /home/vishvesh/ros2_ws/install/kratos_vishvesh_q2_msgs/include/kratos_vishvesh_q2_msgs/kratos_vishvesh_q2_msgs/msg/detail/rover_status__struct.h
[0.936s] -- Up-to-date symlink: /home/vishvesh/ros2_ws/install/kratos_vishvesh_q2_msgs/include/kratos_vishvesh_q2_msgs/kratos_vishvesh_q2_msgs/msg/detail/rover_status__type_support.h
[0.936s] -- Up-to-date symlink: /home/vishvesh/ros2_ws/install/kratos_vishvesh_q2_msgs/include/kratos_vishvesh_q2_msgs/kratos_vishvesh_q2_msgs/msg/rosidl_generator_c__visibility_control.h
[0.936s] -- Up-to-date symlink: /home/vishvesh/ros2_ws/install/kratos_vishvesh_q2_msgs/include/kratos_vishvesh_q2_msgs/kratos_vishvesh_q2_msgs/msg/rover_status.h
[0.937s] -- Up-to-date symlink: /home/vishvesh/ros2_ws/install/kratos_vishvesh_q2_msgs/share/kratos_vishvesh_q2_msgs/environment/library_path.sh
[0.937s] -- Up-to-date symlink: /home/vishvesh/ros2_ws/install/kratos_vishvesh_q2_msgs/share/kratos_vishvesh_q2_msgs/environment/library_path.dsv
[0.938s] -- Up-to-date symlink: /home/vishvesh/ros2_ws/install/kratos_vishvesh_q2_msgs/include/kratos_vishvesh_q2_msgs/kratos_vishvesh_q2_msgs/msg/detail/rover_status__rosidl_typesupport_fastrtps_c.h
[0.938s] -- Up-to-date symlink: /home/vishvesh/ros2_ws/install/kratos_vishvesh_q2_msgs/include/kratos_vishvesh_q2_msgs/kratos_vishvesh_q2_msgs/msg/rosidl_typesupport_fastrtps_c__visibility_control.h
[0.938s] -- Up-to-date symlink: /home/vishvesh/ros2_ws/install/kratos_vishvesh_q2_msgs/include/kratos_vishvesh_q2_msgs/kratos_vishvesh_q2_msgs/msg/detail/rover_status__rosidl_typesupport_introspection_c.h
[0.939s] -- Up-to-date symlink: /home/vishvesh/ros2_ws/install/kratos_vishvesh_q2_msgs/include/kratos_vishvesh_q2_msgs/kratos_vishvesh_q2_msgs/msg/rosidl_typesupport_introspection_c__visibility_control.h
[0.939s] -- Up-to-date symlink: /home/vishvesh/ros2_ws/install/kratos_vishvesh_q2_msgs/include/kratos_vishvesh_q2_msgs/kratos_vishvesh_q2_msgs/msg/detail/rover_status__builder.hpp
[0.939s] -- Up-to-date symlink: /home/vishvesh/ros2_ws/install/kratos_vishvesh_q2_msgs/include/kratos_vishvesh_q2_msgs/kratos_vishvesh_q2_msgs/msg/detail/rover_status__struct.hpp
[0.939s] -- Up-to-date symlink: /home/vishvesh/ros2_ws/install/kratos_vishvesh_q2_msgs/include/kratos_vishvesh_q2_msgs/kratos_vishvesh_q2_msgs/msg/detail/rover_status__traits.hpp
[0.940s] -- Up-to-date symlink: /home/vishvesh/ros2_ws/install/kratos_vishvesh_q2_msgs/include/kratos_vishvesh_q2_msgs/kratos_vishvesh_q2_msgs/msg/detail/rover_status__type_support.hpp
[0.940s] -- Up-to-date symlink: /home/vishvesh/ros2_ws/install/kratos_vishvesh_q2_msgs/include/kratos_vishvesh_q2_msgs/kratos_vishvesh_q2_msgs/msg/rosidl_generator_cpp__visibility_control.hpp
[0.940s] -- Up-to-date symlink: /home/vishvesh/ros2_ws/install/kratos_vishvesh_q2_msgs/include/kratos_vishvesh_q2_msgs/kratos_vishvesh_q2_msgs/msg/rover_status.hpp
[0.941s] -- Up-to-date symlink: /home/vishvesh/ros2_ws/install/kratos_vishvesh_q2_msgs/include/kratos_vishvesh_q2_msgs/kratos_vishvesh_q2_msgs/msg/detail/rover_status__rosidl_typesupport_fastrtps_cpp.hpp
[0.941s] -- Up-to-date symlink: /home/vishvesh/ros2_ws/install/kratos_vishvesh_q2_msgs/include/kratos_vishvesh_q2_msgs/kratos_vishvesh_q2_msgs/msg/rosidl_typesupport_fastrtps_cpp__visibility_control.h
[0.941s] -- Up-to-date symlink: /home/vishvesh/ros2_ws/install/kratos_vishvesh_q2_msgs/include/kratos_vishvesh_q2_msgs/kratos_vishvesh_q2_msgs/msg/detail/rover_status__rosidl_typesupport_introspection_cpp.hpp
[0.942s] -- Up-to-date symlink: /home/vishvesh/ros2_ws/install/kratos_vishvesh_q2_msgs/share/kratos_vishvesh_q2_msgs/environment/pythonpath.sh
[0.942s] -- Up-to-date symlink: /home/vishvesh/ros2_ws/install/kratos_vishvesh_q2_msgs/share/kratos_vishvesh_q2_msgs/environment/pythonpath.dsv
[0.942s] -- Up-to-date symlink: /home/vishvesh/ros2_ws/install/kratos_vishvesh_q2_msgs/local/lib/python3.10/dist-packages/kratos_vishvesh_q2_msgs-0.0.0-py3.10.egg-info/PKG-INFO
[0.943s] -- Up-to-date symlink: /home/vishvesh/ros2_ws/install/kratos_vishvesh_q2_msgs/local/lib/python3.10/dist-packages/kratos_vishvesh_q2_msgs-0.0.0-py3.10.egg-info/SOURCES.txt
[0.943s] -- Up-to-date symlink: /home/vishvesh/ros2_ws/install/kratos_vishvesh_q2_msgs/local/lib/python3.10/dist-packages/kratos_vishvesh_q2_msgs-0.0.0-py3.10.egg-info/dependency_links.txt
[0.943s] -- Up-to-date symlink: /home/vishvesh/ros2_ws/install/kratos_vishvesh_q2_msgs/local/lib/python3.10/dist-packages/kratos_vishvesh_q2_msgs-0.0.0-py3.10.egg-info/top_level.txt
[0.944s] -- Up-to-date symlink: /home/vishvesh/ros2_ws/install/kratos_vishvesh_q2_msgs/local/lib/python3.10/dist-packages/kratos_vishvesh_q2_msgs/__init__.py
[0.944s] -- Up-to-date symlink: /home/vishvesh/ros2_ws/install/kratos_vishvesh_q2_msgs/local/lib/python3.10/dist-packages/kratos_vishvesh_q2_msgs/_kratos_vishvesh_q2_msgs_s.ep.rosidl_typesupport_c.c
[0.944s] -- Up-to-date symlink: /home/vishvesh/ros2_ws/install/kratos_vishvesh_q2_msgs/local/lib/python3.10/dist-packages/kratos_vishvesh_q2_msgs/_kratos_vishvesh_q2_msgs_s.ep.rosidl_typesupport_fastrtps_c.c
[0.944s] -- Up-to-date symlink: /home/vishvesh/ros2_ws/install/kratos_vishvesh_q2_msgs/local/lib/python3.10/dist-packages/kratos_vishvesh_q2_msgs/_kratos_vishvesh_q2_msgs_s.ep.rosidl_typesupport_introspection_c.c
[0.944s] -- Up-to-date symlink: /home/vishvesh/ros2_ws/install/kratos_vishvesh_q2_msgs/local/lib/python3.10/dist-packages/kratos_vishvesh_q2_msgs/kratos_vishvesh_q2_msgs_s__rosidl_typesupport_c.cpython-310-x86_64-linux-gnu.so
[0.945s] -- Up-to-date symlink: /home/vishvesh/ros2_ws/install/kratos_vishvesh_q2_msgs/local/lib/python3.10/dist-packages/kratos_vishvesh_q2_msgs/kratos_vishvesh_q2_msgs_s__rosidl_typesupport_fastrtps_c.cpython-310-x86_64-linux-gnu.so
[0.945s] -- Up-to-date symlink: /home/vishvesh/ros2_ws/install/kratos_vishvesh_q2_msgs/local/lib/python3.10/dist-packages/kratos_vishvesh_q2_msgs/kratos_vishvesh_q2_msgs_s__rosidl_typesupport_introspection_c.cpython-310-x86_64-linux-gnu.so
[0.945s] -- Up-to-date symlink: /home/vishvesh/ros2_ws/install/kratos_vishvesh_q2_msgs/local/lib/python3.10/dist-packages/kratos_vishvesh_q2_msgs/libkratos_vishvesh_q2_msgs__rosidl_generator_py.so
[0.945s] -- Up-to-date symlink: /home/vishvesh/ros2_ws/install/kratos_vishvesh_q2_msgs/local/lib/python3.10/dist-packages/kratos_vishvesh_q2_msgs/msg/__init__.py
[0.945s] -- Up-to-date symlink: /home/vishvesh/ros2_ws/install/kratos_vishvesh_q2_msgs/local/lib/python3.10/dist-packages/kratos_vishvesh_q2_msgs/msg/_rover_status.py
[0.945s] -- Up-to-date symlink: /home/vishvesh/ros2_ws/install/kratos_vishvesh_q2_msgs/local/lib/python3.10/dist-packages/kratos_vishvesh_q2_msgs/msg/_rover_status_s.c
[0.946s] -- Up-to-date symlink: /home/vishvesh/ros2_ws/install/kratos_vishvesh_q2_msgs/local/lib/python3.10/dist-packages/kratos_vishvesh_q2_msgs/kratos_vishvesh_q2_msgs_s__rosidl_typesupport_fastrtps_c.cpython-310-x86_64-linux-gnu.so
[0.947s] -- Up-to-date symlink: /home/vishvesh/ros2_ws/install/kratos_vishvesh_q2_msgs/local/lib/python3.10/dist-packages/kratos_vishvesh_q2_msgs/kratos_vishvesh_q2_msgs_s__rosidl_typesupport_introspection_c.cpython-310-x86_64-linux-gnu.so
[0.948s] -- Up-to-date symlink: /home/vishvesh/ros2_ws/install/kratos_vishvesh_q2_msgs/local/lib/python3.10/dist-packages/kratos_vishvesh_q2_msgs/kratos_vishvesh_q2_msgs_s__rosidl_typesupport_c.cpython-310-x86_64-linux-gnu.so
[0.948s] -- Up-to-date symlink: /home/vishvesh/ros2_ws/install/kratos_vishvesh_q2_msgs/share/ament_index/resource_index/rust_packages/kratos_vishvesh_q2_msgs
[0.949s] -- Up-to-date symlink: /home/vishvesh/ros2_ws/install/kratos_vishvesh_q2_msgs/share/kratos_vishvesh_q2_msgs/rust/Cargo.toml
[0.949s] -- Up-to-date symlink: /home/vishvesh/ros2_ws/install/kratos_vishvesh_q2_msgs/share/kratos_vishvesh_q2_msgs/rust/build.rs
[0.949s] -- Up-to-date symlink: /home/vishvesh/ros2_ws/install/kratos_vishvesh_q2_msgs/share/kratos_vishvesh_q2_msgs/rust/src/lib.rs
[0.950s] -- Up-to-date symlink: /home/vishvesh/ros2_ws/install/kratos_vishvesh_q2_msgs/share/kratos_vishvesh_q2_msgs/rust/src/msg.rs
[0.950s] -- Up-to-date symlink: /home/vishvesh/ros2_ws/install/kratos_vishvesh_q2_msgs/share/kratos_vishvesh_q2_msgs/rust/src/msg/rmw.rs
[0.950s] -- Up-to-date symlink: /home/vishvesh/ros2_ws/install/kratos_vishvesh_q2_msgs/share/kratos_vishvesh_q2_msgs/msg/RoverStatus.idl
[0.950s] -- Up-to-date symlink: /home/vishvesh/ros2_ws/install/kratos_vishvesh_q2_msgs/share/kratos_vishvesh_q2_msgs/msg/RoverStatus.msg
[0.951s] -- Up-to-date symlink: /home/vishvesh/ros2_ws/install/kratos_vishvesh_q2_msgs/share/ament_index/resource_index/package_run_dependencies/kratos_vishvesh_q2_msgs
[0.951s] -- Up-to-date symlink: /home/vishvesh/ros2_ws/install/kratos_vishvesh_q2_msgs/share/ament_index/resource_index/parent_prefix_path/kratos_vishvesh_q2_msgs
[0.951s] -- Up-to-date symlink: /home/vishvesh/ros2_ws/install/kratos_vishvesh_q2_msgs/share/kratos_vishvesh_q2_msgs/environment/ament_prefix_path.sh
[0.952s] -- Up-to-date symlink: /home/vishvesh/ros2_ws/install/kratos_vishvesh_q2_msgs/share/kratos_vishvesh_q2_msgs/environment/ament_prefix_path.dsv
[0.952s] -- Up-to-date symlink: /home/vishvesh/ros2_ws/install/kratos_vishvesh_q2_msgs/share/kratos_vishvesh_q2_msgs/environment/path.sh
[0.952s] -- Up-to-date symlink: /home/vishvesh/ros2_ws/install/kratos_vishvesh_q2_msgs/share/kratos_vishvesh_q2_msgs/environment/path.dsv
[0.953s] -- Up-to-date symlink: /home/vishvesh/ros2_ws/install/kratos_vishvesh_q2_msgs/share/kratos_vishvesh_q2_msgs/local_setup.bash
[0.953s] -- Up-to-date symlink: /home/vishvesh/ros2_ws/install/kratos_vishvesh_q2_msgs/share/kratos_vishvesh_q2_msgs/local_setup.sh
[0.953s] -- Up-to-date symlink: /home/vishvesh/ros2_ws/install/kratos_vishvesh_q2_msgs/share/kratos_vishvesh_q2_msgs/local_setup.zsh
[0.953s] -- Up-to-date symlink: /home/vishvesh/ros2_ws/install/kratos_vishvesh_q2_msgs/share/kratos_vishvesh_q2_msgs/local_setup.dsv
[0.953s] -- Symlinking: /home/vishvesh/ros2_ws/install/kratos_vishvesh_q2_msgs/share/kratos_vishvesh_q2_msgs/package.dsv
[0.967s] -- Up-to-date symlink: /home/vishvesh/ros2_ws/install/kratos_vishvesh_q2_msgs/share/ament_index/resource_index/packages/kratos_vishvesh_q2_msgs
[0.967s] -- Up-to-date symlink: /home/vishvesh/ros2_ws/install/kratos_vishvesh_q2_msgs/share/kratos_vishvesh_q2_msgs/cmake/rosidl_cmake-extras.cmake
[0.968s] -- Up-to-date symlink: /home/vishvesh/ros2_ws/install/kratos_vishvesh_q2_msgs/share/kratos_vishvesh_q2_msgs/cmake/ament_cmake_export_include_directories-extras.cmake
[0.968s] -- Up-to-date symlink: /home/vishvesh/ros2_ws/install/kratos_vishvesh_q2_msgs/share/kratos_vishvesh_q2_msgs/cmake/ament_cmake_export_libraries-extras.cmake
[0.968s] -- Up-to-date symlink: /home/vishvesh/ros2_ws/install/kratos_vishvesh_q2_msgs/share/kratos_vishvesh_q2_msgs/cmake/ament_cmake_export_targets-extras.cmake
[0.969s] -- Up-to-date symlink: /home/vishvesh/ros2_ws/install/kratos_vishvesh_q2_msgs/share/kratos_vishvesh_q2_msgs/cmake/rosidl_cmake_export_typesupport_targets-extras.cmake
[0.969s] -- Up-to-date symlink: /home/vishvesh/ros2_ws/install/kratos_vishvesh_q2_msgs/share/kratos_vishvesh_q2_msgs/cmake/ament_cmake_export_dependencies-extras.cmake
[0.969s] -- Up-to-date symlink: /home/vishvesh/ros2_ws/install/kratos_vishvesh_q2_msgs/share/kratos_vishvesh_q2_msgs/cmake/rosidl_cmake_export_typesupport_libraries-extras.cmake
[0.970s] -- Up-to-date symlink: /home/vishvesh/ros2_ws/install/kratos_vishvesh_q2_msgs/share/kratos_vishvesh_q2_msgs/cmake/kratos_vishvesh_q2_msgsConfig.cmake
[0.970s] -- Up-to-date symlink: /home/vishvesh/ros2_ws/install/kratos_vishvesh_q2_msgs/share/kratos_vishvesh_q2_msgs/cmake/kratos_vishvesh_q2_msgsConfig-version.cmake
[0.970s] -- Up-to-date symlink: /home/vishvesh/ros2_ws/install/kratos_vishvesh_q2_msgs/share/kratos_vishvesh_q2_msgs/package.xml
[0.971s] -- Up-to-date: /home/vishvesh/ros2_ws/install/kratos_vishvesh_q2_msgs/lib/libkratos_vishvesh_q2_msgs__rosidl_generator_c.so
[0.973s] -- Up-to-date: /home/vishvesh/ros2_ws/install/kratos_vishvesh_q2_msgs/lib/libkratos_vishvesh_q2_msgs__rosidl_typesupport_fastrtps_c.so
[0.973s] -- Up-to-date: /home/vishvesh/ros2_ws/install/kratos_vishvesh_q2_msgs/lib/libkratos_vishvesh_q2_msgs__rosidl_typesupport_introspection_c.so
[0.974s] -- Up-to-date: /home/vishvesh/ros2_ws/install/kratos_vishvesh_q2_msgs/lib/libkratos_vishvesh_q2_msgs__rosidl_typesupport_c.so
[0.974s] -- Up-to-date: /home/vishvesh/ros2_ws/install/kratos_vishvesh_q2_msgs/lib/libkratos_vishvesh_q2_msgs__rosidl_typesupport_fastrtps_cpp.so
[0.975s] -- Up-to-date: /home/vishvesh/ros2_ws/install/kratos_vishvesh_q2_msgs/lib/libkratos_vishvesh_q2_msgs__rosidl_typesupport_introspection_cpp.so
[0.976s] -- Up-to-date: /home/vishvesh/ros2_ws/install/kratos_vishvesh_q2_msgs/lib/libkratos_vishvesh_q2_msgs__rosidl_typesupport_cpp.so
[1.044s] Listing '/home/vishvesh/ros2_ws/install/kratos_vishvesh_q2_msgs/local/lib/python3.10/dist-packages/kratos_vishvesh_q2_msgs'...
[1.044s] Listing '/home/vishvesh/ros2_ws/install/kratos_vishvesh_q2_msgs/local/lib/python3.10/dist-packages/kratos_vishvesh_q2_msgs/msg'...
[1.053s] -- Up-to-date: /home/vishvesh/ros2_ws/install/kratos_vishvesh_q2_msgs/lib/libkratos_vishvesh_q2_msgs__rosidl_generator_py.so
[1.053s] -- Up-to-date: /home/vishvesh/ros2_ws/install/kratos_vishvesh_q2_msgs/share/kratos_vishvesh_q2_msgs/cmake/export_kratos_vishvesh_q2_msgs__rosidl_generator_cExport.cmake
[1.054s] -- Up-to-date: /home/vishvesh/ros2_ws/install/kratos_vishvesh_q2_msgs/share/kratos_vishvesh_q2_msgs/cmake/export_kratos_vishvesh_q2_msgs__rosidl_generator_cExport-noconfig.cmake
[1.054s] -- Up-to-date: /home/vishvesh/ros2_ws/install/kratos_vishvesh_q2_msgs/share/kratos_vishvesh_q2_msgs/cmake/export_kratos_vishvesh_q2_msgs__rosidl_typesupport_fastrtps_cExport.cmake
[1.054s] -- Up-to-date: /home/vishvesh/ros2_ws/install/kratos_vishvesh_q2_msgs/share/kratos_vishvesh_q2_msgs/cmake/export_kratos_vishvesh_q2_msgs__rosidl_typesupport_fastrtps_cExport-noconfig.cmake
[1.055s] -- Up-to-date: /home/vishvesh/ros2_ws/install/kratos_vishvesh_q2_msgs/share/kratos_vishvesh_q2_msgs/cmake/kratos_vishvesh_q2_msgs__rosidl_typesupport_introspection_cExport.cmake
[1.055s] -- Up-to-date: /home/vishvesh/ros2_ws/install/kratos_vishvesh_q2_msgs/share/kratos_vishvesh_q2_msgs/cmake/kratos_vishvesh_q2_msgs__rosidl_typesupport_introspection_cExport-noconfig.cmake
[1.055s] -- Up-to-date: /home/vishvesh/ros2_ws/install/kratos_vishvesh_q2_msgs/share/kratos_vishvesh_q2_msgs/cmake/kratos_vishvesh_q2_msgs__rosidl_typesupport_cExport.cmake
[1.055s] -- Up-to-date: /home/vishvesh/ros2_ws/install/kratos_vishvesh_q2_msgs/share/kratos_vishvesh_q2_msgs/cmake/kratos_vishvesh_q2_msgs__rosidl_typesupport_cExport-noconfig.cmake
[1.056s] -- Up-to-date: /home/vishvesh/ros2_ws/install/kratos_vishvesh_q2_msgs/share/kratos_vishvesh_q2_msgs/cmake/export_kratos_vishvesh_q2_msgs__rosidl_generator_cppExport.cmake
[1.057s] -- Up-to-date: /home/vishvesh/ros2_ws/install/kratos_vishvesh_q2_msgs/share/kratos_vishvesh_q2_msgs/cmake/export_kratos_vishvesh_q2_msgs__rosidl_typesupport_fastrtps_cppExport.cmake
[1.057s] -- Up-to-date: /home/vishvesh/ros2_ws/install/kratos_vishvesh_q2_msgs/share/kratos_vishvesh_q2_msgs/cmake/export_kratos_vishvesh_q2_msgs__rosidl_typesupport_fastrtps_cppExport-noconfig.cmake
[1.058s] -- Up-to-date: /home/vishvesh/ros2_ws/install/kratos_vishvesh_q2_msgs/share/kratos_vishvesh_q2_msgs/cmake/kratos_vishvesh_q2_msgs__rosidl_typesupport_introspection_cppExport.cmake
[1.058s] -- Up-to-date: /home/vishvesh/ros2_ws/install/kratos_vishvesh_q2_msgs/share/kratos_vishvesh_q2_msgs/cmake/kratos_vishvesh_q2_msgs__rosidl_typesupport_introspection_cppExport-noconfig.cmake
[1.059s] -- Up-to-date: /home/vishvesh/ros2_ws/install/kratos_vishvesh_q2_msgs/share/kratos_vishvesh_q2_msgs/cmake/kratos_vishvesh_q2_msgs__rosidl_typesupport_cppExport.cmake
[1.059s] -- Up-to-date: /home/vishvesh/ros2_ws/install/kratos_vishvesh_q2_msgs/share/kratos_vishvesh_q2_msgs/cmake/kratos_vishvesh_q2_msgs__rosidl_typesupport_cppExport-noconfig.cmake
[1.059s] -- Up-to-date: /home/vishvesh/ros2_ws/install/kratos_vishvesh_q2_msgs/share/kratos_vishvesh_q2_msgs/cmake/export_kratos_vishvesh_q2_msgs__rosidl_generator_pyExport.cmake
[1.059s] -- Up-to-date: /home/vishvesh/ros2_ws/install/kratos_vishvesh_q2_msgs/share/kratos_vishvesh_q2_msgs/cmake/export_kratos_vishvesh_q2_msgs__rosidl_generator_pyExport-noconfig.cmake
[1.063s] Invoked command in '/home/vishvesh/ros2_ws/build/kratos_vishvesh_q2_msgs' returned '0': CMAKE_PREFIX_PATH=${CMAKE_PREFIX_PATH}:/home/vishvesh/ros2_ws/install/turtle_controller:/home/vishvesh/ros2_ws/install/gs_simulation_interfaces:/home/vishvesh/ros2_ws/install/gs_ros:/home/vishvesh/ros2_ws/install/Practice:/opt/ros/humble /usr/bin/cmake --install /home/vishvesh/ros2_ws/build/kratos_vishvesh_q2_msgs
