[0.029s] Invoking command in '/home/vishvesh/ros2_ws/src/build/kratos_vishvesh_q2': AMENT_PREFIX_PATH=/home/vishvesh/ros2_ws/src/install/kratos_vishvesh_q2_msgs:${AMENT_PREFIX_PATH} CMAKE_PREFIX_PATH=/home/vishvesh/ros2_ws/src/install/kratos_vishvesh_q2_msgs:/home/vishvesh/ros2_ws/install/kratos_vishvesh_q2_msgs:/home/vishvesh/ros2_ws/install/kratos_vishvesh_q2:/home/vishvesh/ros2_ws/install/topic_based_ros2_control:/home/vishvesh/ros2_ws/install/gs_ros_interfaces:/home/vishvesh/ros2_ws/install/simulation_interfaces:/home/vishvesh/ros2_ws/install/kratos_vishvesh:/home/vishvesh/ros2_ws/install/gs_ros2_control_demos:/home/vishvesh/ros2_ws/install/turtle_controller:/home/vishvesh/ros2_ws/install/gs_simulation_interfaces:/home/vishvesh/ros2_ws/install/gs_ros:/home/vishvesh/ros2_ws/install/Practice:/opt/ros/humble LD_LIBRARY_PATH=/home/vishvesh/ros2_ws/src/install/kratos_vishvesh_q2_msgs/lib:${LD_LIBRARY_PATH} PYTHONPATH=/home/vishvesh/ros2_ws/src/install/kratos_vishvesh_q2_msgs/local/lib/python3.10/dist-packages:${PYTHONPATH} /usr/bin/cmake --build /home/vishvesh/ros2_ws/src/build/kratos_vishvesh_q2 -- -j16 -l16
[0.045s] -- Found ament_cmake: 1.3.14 (/opt/ros/humble/share/ament_cmake/cmake)
[0.161s] -- Override CMake install command with custom implementation using symlinks instead of copying resources
[0.168s] -- Found kratos_vishvesh_q2_msgs: 0.0.0 (/home/vishvesh/ros2_ws/src/install/kratos_vishvesh_q2_msgs/share/kratos_vishvesh_q2_msgs/cmake)
[0.185s] -- Found rosidl_generator_c: 3.1.8 (/opt/ros/humble/share/rosidl_generator_c/cmake)
[0.187s] -- Found rosidl_adapter: 3.1.8 (/opt/ros/humble/share/rosidl_adapter/cmake)
[0.193s] -- Found rosidl_generator_cpp: 3.1.8 (/opt/ros/humble/share/rosidl_generator_cpp/cmake)
[0.203s] -- Using all available rosidl_typesupport_c: rosidl_typesupport_fastrtps_c;rosidl_typesupport_introspection_c
[0.215s] -- Using all available rosidl_typesupport_cpp: rosidl_typesupport_fastrtps_cpp;rosidl_typesupport_introspection_cpp
[0.225s] -- Found ament_lint_auto: 0.12.15 (/opt/ros/humble/share/ament_lint_auto/cmake)
[0.283s] -- Added test 'flake8' to check Python code syntax and style conventions
[0.283s] -- Added test 'lint_cmake' to check CMake code style
[0.283s] -- Added test 'pep257' to check Python code against some of the docstring style conventions in PEP 257
[0.283s] -- Added test 'xmllint' to check XML markup files
[0.284s] -- Configuring done
[0.286s] -- Generating done
[0.287s] -- Build files have been written to: /home/vishvesh/ros2_ws/src/build/kratos_vishvesh_q2
[0.305s] Invoked command in '/home/vishvesh/ros2_ws/src/build/kratos_vishvesh_q2' returned '0': AMENT_PREFIX_PATH=/home/vishvesh/ros2_ws/src/install/kratos_vishvesh_q2_msgs:${AMENT_PREFIX_PATH} CMAKE_PREFIX_PATH=/home/vishvesh/ros2_ws/src/install/kratos_vishvesh_q2_msgs:/home/vishvesh/ros2_ws/install/kratos_vishvesh_q2_msgs:/home/vishvesh/ros2_ws/install/kratos_vishvesh_q2:/home/vishvesh/ros2_ws/install/topic_based_ros2_control:/home/vishvesh/ros2_ws/install/gs_ros_interfaces:/home/vishvesh/ros2_ws/install/simulation_interfaces:/home/vishvesh/ros2_ws/install/kratos_vishvesh:/home/vishvesh/ros2_ws/install/gs_ros2_control_demos:/home/vishvesh/ros2_ws/install/turtle_controller:/home/vishvesh/ros2_ws/install/gs_simulation_interfaces:/home/vishvesh/ros2_ws/install/gs_ros:/home/vishvesh/ros2_ws/install/Practice:/opt/ros/humble LD_LIBRARY_PATH=/home/vishvesh/ros2_ws/src/install/kratos_vishvesh_q2_msgs/lib:${LD_LIBRARY_PATH} PYTHONPATH=/home/vishvesh/ros2_ws/src/install/kratos_vishvesh_q2_msgs/local/lib/python3.10/dist-packages:${PYTHONPATH} /usr/bin/cmake --build /home/vishvesh/ros2_ws/src/build/kratos_vishvesh_q2 -- -j16 -l16
[0.306s] Invoking command in '/home/vishvesh/ros2_ws/src/build/kratos_vishvesh_q2': AMENT_PREFIX_PATH=/home/vishvesh/ros2_ws/src/install/kratos_vishvesh_q2_msgs:${AMENT_PREFIX_PATH} CMAKE_PREFIX_PATH=/home/vishvesh/ros2_ws/src/install/kratos_vishvesh_q2_msgs:/home/vishvesh/ros2_ws/install/kratos_vishvesh_q2_msgs:/home/vishvesh/ros2_ws/install/kratos_vishvesh_q2:/home/vishvesh/ros2_ws/install/topic_based_ros2_control:/home/vishvesh/ros2_ws/install/gs_ros_interfaces:/home/vishvesh/ros2_ws/install/simulation_interfaces:/home/vishvesh/ros2_ws/install/kratos_vishvesh:/home/vishvesh/ros2_ws/install/gs_ros2_control_demos:/home/vishvesh/ros2_ws/install/turtle_controller:/home/vishvesh/ros2_ws/install/gs_simulation_interfaces:/home/vishvesh/ros2_ws/install/gs_ros:/home/vishvesh/ros2_ws/install/Practice:/opt/ros/humble LD_LIBRARY_PATH=/home/vishvesh/ros2_ws/src/install/kratos_vishvesh_q2_msgs/lib:${LD_LIBRARY_PATH} PYTHONPATH=/home/vishvesh/ros2_ws/src/install/kratos_vishvesh_q2_msgs/local/lib/python3.10/dist-packages:${PYTHONPATH} /usr/bin/cmake --install /home/vishvesh/ros2_ws/src/build/kratos_vishvesh_q2
[0.311s] -- Install configuration: ""
[0.312s] -- Execute custom install script
[0.312s] -- Symlinking: /home/vishvesh/ros2_ws/src/install/kratos_vishvesh_q2/lib/kratos_vishvesh_q2/rover_status_msg_publisher.py
[0.317s] [31mCMake Error at ament_cmake_symlink_install/ament_cmake_symlink_install.cmake:209 (message):
[0.317s]   ament_cmake_symlink_install_programs() can't find
[0.317s]   '/home/vishvesh/ros2_ws/src/kratos_vishvesh_q2/src/rover_status_msg_subscriber.py'
[0.317s] Call Stack (most recent call first):
[0.317s]   ament_cmake_symlink_install/ament_cmake_symlink_install.cmake:319 (ament_cmake_symlink_install_programs)
[0.317s]   cmake_install.cmake:46 (include)
[0.317s] 
[0.317s] [0m
[0.319s] Invoked command in '/home/vishvesh/ros2_ws/src/build/kratos_vishvesh_q2' returned '1': AMENT_PREFIX_PATH=/home/vishvesh/ros2_ws/src/install/kratos_vishvesh_q2_msgs:${AMENT_PREFIX_PATH} CMAKE_PREFIX_PATH=/home/vishvesh/ros2_ws/src/install/kratos_vishvesh_q2_msgs:/home/vishvesh/ros2_ws/install/kratos_vishvesh_q2_msgs:/home/vishvesh/ros2_ws/install/kratos_vishvesh_q2:/home/vishvesh/ros2_ws/install/topic_based_ros2_control:/home/vishvesh/ros2_ws/install/gs_ros_interfaces:/home/vishvesh/ros2_ws/install/simulation_interfaces:/home/vishvesh/ros2_ws/install/kratos_vishvesh:/home/vishvesh/ros2_ws/install/gs_ros2_control_demos:/home/vishvesh/ros2_ws/install/turtle_controller:/home/vishvesh/ros2_ws/install/gs_simulation_interfaces:/home/vishvesh/ros2_ws/install/gs_ros:/home/vishvesh/ros2_ws/install/Practice:/opt/ros/humble LD_LIBRARY_PATH=/home/vishvesh/ros2_ws/src/install/kratos_vishvesh_q2_msgs/lib:${LD_LIBRARY_PATH} PYTHONPATH=/home/vishvesh/ros2_ws/src/install/kratos_vishvesh_q2_msgs/local/lib/python3.10/dist-packages:${PYTHONPATH} /usr/bin/cmake --install /home/vishvesh/ros2_ws/src/build/kratos_vishvesh_q2
