[0.264s] Invoking command in '/home/vishvesh/ros2_ws/build/topic_based_ros2_control': CMAKE_PREFIX_PATH=${CMAKE_PREFIX_PATH}:/home/vishvesh/ros2_ws/install/turtle_controller:/home/vishvesh/ros2_ws/install/gs_simulation_interfaces:/home/vishvesh/ros2_ws/install/gs_ros:/home/vishvesh/ros2_ws/install/Practice:/opt/ros/humble /usr/bin/cmake /home/vishvesh/ros2_ws/src/genesis_ros/topic_based_ros2_control -DCMAKE_INSTALL_PREFIX=/home/vishvesh/ros2_ws/install/topic_based_ros2_control
[0.271s] -- Found ament_cmake: 1.3.14 (/opt/ros/humble/share/ament_cmake/cmake)
[0.354s] -- Override CMake install command with custom implementation using symlinks instead of copying resources
[0.359s] -- Found angles: 1.15.0 (/opt/ros/humble/share/angles/cmake)
[0.360s] -- Found rclcpp: 16.0.19 (/opt/ros/humble/share/rclcpp/cmake)
[0.379s] -- Found rosidl_generator_c: 3.1.8 (/opt/ros/humble/share/rosidl_generator_c/cmake)
[0.381s] -- Found rosidl_adapter: 3.1.8 (/opt/ros/humble/share/rosidl_adapter/cmake)
[0.384s] -- Found rosidl_generator_cpp: 3.1.8 (/opt/ros/humble/share/rosidl_generator_cpp/cmake)
[0.390s] -- Using all available rosidl_typesupport_c: rosidl_typesupport_fastrtps_c;rosidl_typesupport_introspection_c
[0.399s] -- Using all available rosidl_typesupport_cpp: rosidl_typesupport_fastrtps_cpp;rosidl_typesupport_introspection_cpp
[0.427s] -- Found rmw_implementation_cmake: 6.1.2 (/opt/ros/humble/share/rmw_implementation_cmake/cmake)
[0.429s] -- Found rmw_fastrtps_cpp: 6.2.10 (/opt/ros/humble/share/rmw_fastrtps_cpp/cmake)
[0.512s] -- Using RMW implementation 'rmw_fastrtps_cpp' as default
[0.561s] -- Found hardware_interface: 2.54.0 (/opt/ros/humble/share/hardware_interface/cmake)
[0.649s] -- Found ament_cmake_gtest: 1.3.14 (/opt/ros/humble/share/ament_cmake_gtest/cmake)
[0.649s] -- Found ament_lint_auto: 0.12.15 (/opt/ros/humble/share/ament_lint_auto/cmake)
[0.650s] -- Found ament_cmake_pytest: 1.3.14 (/opt/ros/humble/share/ament_cmake_pytest/cmake)
[0.650s] -- Found ros2_control_test_assets: 2.54.0 (/opt/ros/humble/share/ros2_control_test_assets/cmake)
[0.651s] -- Found ros_testing: 0.4.0 (/opt/ros/humble/share/ros_testing/cmake)
[0.651s] -- Found launch_testing_ament_cmake: 1.0.14 (/opt/ros/humble/share/launch_testing_ament_cmake/cmake)
[0.652s] -- Found python_cmake_module: 0.10.0 (/opt/ros/humble/share/python_cmake_module/cmake)
[0.675s] -- Using PYTHON_EXECUTABLE: /usr/bin/python3
[0.675s] -- Using PYTHON_INCLUDE_DIRS: /usr/include/python3.10
[0.675s] -- Using PYTHON_LIBRARIES: /usr/lib/x86_64-linux-gnu/libpython3.10.so
[0.826s] -- Found eigen3_cmake_module: 0.1.1 (/opt/ros/humble/share/eigen3_cmake_module/cmake)
[0.826s] -- Ensuring Eigen3 include directory is part of orocos-kdl CMake target
[0.876s] -- Found gtest sources under '/opt/ros/humble/src/gtest_vendor': C++ tests using 'Google Test' will be built
[0.884s] -- Added test 'copyright' to check source files copyright and LICENSE
[0.886s] -- Added test 'cppcheck' to perform static code analysis on C / C++ code
[0.886s] -- Configured cppcheck include dirs: $<BUILD_INTERFACE:/home/vishvesh/ros2_ws/src/genesis_ros/topic_based_ros2_control/include>
[0.886s] -- Configured cppcheck exclude dirs and/or files: 
[0.886s] -- Added test 'lint_cmake' to check CMake code style
[0.886s] -- Added test 'xmllint' to check XML markup files
[0.888s] -- Configuring done
[0.906s] -- Generating done
[0.914s] -- Build files have been written to: /home/vishvesh/ros2_ws/build/topic_based_ros2_control
[0.924s] Invoked command in '/home/vishvesh/ros2_ws/build/topic_based_ros2_control' returned '0': CMAKE_PREFIX_PATH=${CMAKE_PREFIX_PATH}:/home/vishvesh/ros2_ws/install/turtle_controller:/home/vishvesh/ros2_ws/install/gs_simulation_interfaces:/home/vishvesh/ros2_ws/install/gs_ros:/home/vishvesh/ros2_ws/install/Practice:/opt/ros/humble /usr/bin/cmake /home/vishvesh/ros2_ws/src/genesis_ros/topic_based_ros2_control -DCMAKE_INSTALL_PREFIX=/home/vishvesh/ros2_ws/install/topic_based_ros2_control
[0.925s] Invoking command in '/home/vishvesh/ros2_ws/build/topic_based_ros2_control': CMAKE_PREFIX_PATH=${CMAKE_PREFIX_PATH}:/home/vishvesh/ros2_ws/install/turtle_controller:/home/vishvesh/ros2_ws/install/gs_simulation_interfaces:/home/vishvesh/ros2_ws/install/gs_ros:/home/vishvesh/ros2_ws/install/Practice:/opt/ros/humble /usr/bin/cmake --build /home/vishvesh/ros2_ws/build/topic_based_ros2_control -- -j16 -l16
[0.963s] [35m[1mConsolidate compiler generated dependencies of target gtest_main[0m
[0.963s] [35m[1mConsolidate compiler generated dependencies of target gtest[0m
[0.963s] [35m[1mConsolidate compiler generated dependencies of target topic_based_ros2_control[0m
[0.973s] [ 25%] Built target gtest_main
[0.976s] [ 50%] Built target gtest
[0.980s] [ 75%] Built target topic_based_ros2_control
[0.990s] [35m[1mConsolidate compiler generated dependencies of target topic_based_system_test[0m
[1.005s] [100%] Built target topic_based_system_test
[1.013s] Invoked command in '/home/vishvesh/ros2_ws/build/topic_based_ros2_control' returned '0': CMAKE_PREFIX_PATH=${CMAKE_PREFIX_PATH}:/home/vishvesh/ros2_ws/install/turtle_controller:/home/vishvesh/ros2_ws/install/gs_simulation_interfaces:/home/vishvesh/ros2_ws/install/gs_ros:/home/vishvesh/ros2_ws/install/Practice:/opt/ros/humble /usr/bin/cmake --build /home/vishvesh/ros2_ws/build/topic_based_ros2_control -- -j16 -l16
[1.015s] Invoking command in '/home/vishvesh/ros2_ws/build/topic_based_ros2_control': CMAKE_PREFIX_PATH=${CMAKE_PREFIX_PATH}:/home/vishvesh/ros2_ws/install/turtle_controller:/home/vishvesh/ros2_ws/install/gs_simulation_interfaces:/home/vishvesh/ros2_ws/install/gs_ros:/home/vishvesh/ros2_ws/install/Practice:/opt/ros/humble /usr/bin/cmake --install /home/vishvesh/ros2_ws/build/topic_based_ros2_control
[1.022s] -- Install configuration: ""
[1.022s] -- Execute custom install script
[1.023s] -- Up-to-date symlink: /home/vishvesh/ros2_ws/install/topic_based_ros2_control/share/topic_based_ros2_control//topic_based_ros2_control_plugin_description.xml
[1.023s] -- Up-to-date symlink: /home/vishvesh/ros2_ws/install/topic_based_ros2_control/share/topic_based_ros2_control/environment/library_path.sh
[1.023s] -- Up-to-date symlink: /home/vishvesh/ros2_ws/install/topic_based_ros2_control/share/topic_based_ros2_control/environment/library_path.dsv
[1.023s] -- Up-to-date symlink: /home/vishvesh/ros2_ws/install/topic_based_ros2_control/share/ament_index/resource_index/package_run_dependencies/topic_based_ros2_control
[1.023s] -- Up-to-date symlink: /home/vishvesh/ros2_ws/install/topic_based_ros2_control/share/ament_index/resource_index/parent_prefix_path/topic_based_ros2_control
[1.024s] -- Up-to-date symlink: /home/vishvesh/ros2_ws/install/topic_based_ros2_control/share/topic_based_ros2_control/environment/ament_prefix_path.sh
[1.024s] -- Up-to-date symlink: /home/vishvesh/ros2_ws/install/topic_based_ros2_control/share/topic_based_ros2_control/environment/ament_prefix_path.dsv
[1.024s] -- Up-to-date symlink: /home/vishvesh/ros2_ws/install/topic_based_ros2_control/share/topic_based_ros2_control/environment/path.sh
[1.024s] -- Up-to-date symlink: /home/vishvesh/ros2_ws/install/topic_based_ros2_control/share/topic_based_ros2_control/environment/path.dsv
[1.024s] -- Up-to-date symlink: /home/vishvesh/ros2_ws/install/topic_based_ros2_control/share/topic_based_ros2_control/local_setup.bash
[1.025s] -- Up-to-date symlink: /home/vishvesh/ros2_ws/install/topic_based_ros2_control/share/topic_based_ros2_control/local_setup.sh
[1.025s] -- Up-to-date symlink: /home/vishvesh/ros2_ws/install/topic_based_ros2_control/share/topic_based_ros2_control/local_setup.zsh
[1.025s] -- Up-to-date symlink: /home/vishvesh/ros2_ws/install/topic_based_ros2_control/share/topic_based_ros2_control/local_setup.dsv
[1.025s] -- Symlinking: /home/vishvesh/ros2_ws/install/topic_based_ros2_control/share/topic_based_ros2_control/package.dsv
[1.033s] -- Up-to-date symlink: /home/vishvesh/ros2_ws/install/topic_based_ros2_control/share/ament_index/resource_index/packages/topic_based_ros2_control
[1.033s] -- Up-to-date symlink: /home/vishvesh/ros2_ws/install/topic_based_ros2_control/share/ament_index/resource_index/hardware_interface__pluginlib__plugin/topic_based_ros2_control
[1.033s] -- Up-to-date symlink: /home/vishvesh/ros2_ws/install/topic_based_ros2_control/share/topic_based_ros2_control/cmake/ament_cmake_export_targets-extras.cmake
[1.033s] -- Up-to-date symlink: /home/vishvesh/ros2_ws/install/topic_based_ros2_control/share/topic_based_ros2_control/cmake/ament_cmake_export_dependencies-extras.cmake
[1.033s] -- Up-to-date symlink: /home/vishvesh/ros2_ws/install/topic_based_ros2_control/share/topic_based_ros2_control/cmake/topic_based_ros2_controlConfig.cmake
[1.033s] -- Up-to-date symlink: /home/vishvesh/ros2_ws/install/topic_based_ros2_control/share/topic_based_ros2_control/cmake/topic_based_ros2_controlConfig-version.cmake
[1.033s] -- Up-to-date symlink: /home/vishvesh/ros2_ws/install/topic_based_ros2_control/share/topic_based_ros2_control/package.xml
[1.034s] -- Up-to-date: /home/vishvesh/ros2_ws/install/topic_based_ros2_control/lib/libtopic_based_ros2_control.so
[1.034s] -- Up-to-date: /home/vishvesh/ros2_ws/install/topic_based_ros2_control/share/topic_based_ros2_control/cmake/topic_based_ros2_controlTargetsExport.cmake
[1.034s] -- Up-to-date: /home/vishvesh/ros2_ws/install/topic_based_ros2_control/share/topic_based_ros2_control/cmake/topic_based_ros2_controlTargetsExport-noconfig.cmake
[1.036s] Invoked command in '/home/vishvesh/ros2_ws/build/topic_based_ros2_control' returned '0': CMAKE_PREFIX_PATH=${CMAKE_PREFIX_PATH}:/home/vishvesh/ros2_ws/install/turtle_controller:/home/vishvesh/ros2_ws/install/gs_simulation_interfaces:/home/vishvesh/ros2_ws/install/gs_ros:/home/vishvesh/ros2_ws/install/Practice:/opt/ros/humble /usr/bin/cmake --install /home/vishvesh/ros2_ws/build/topic_based_ros2_control
