[0.404s] Invoking command in '/home/vishvesh/ros2_ws/src/build/gs_simulation_interfaces': AMENT_PREFIX_PATH=/home/vishvesh/ros2_ws/src/install/gs_ros_interfaces:/home/vishvesh/ros2_ws/src/install/simulation_interfaces:${AMENT_PREFIX_PATH} CMAKE_PREFIX_PATH=/home/vishvesh/ros2_ws/src/install/gs_ros_interfaces:/home/vishvesh/ros2_ws/src/install/simulation_interfaces:${CMAKE_PREFIX_PATH} LD_LIBRARY_PATH=/home/vishvesh/ros2_ws/src/install/gs_ros_interfaces/lib:/home/vishvesh/ros2_ws/src/install/simulation_interfaces/lib:${LD_LIBRARY_PATH} PYTHONPATH=/home/vishvesh/ros2_ws/src/build/gs_simulation_interfaces/prefix_override:/usr/lib/python3/dist-packages/colcon_core/task/python/colcon_distutils_commands:/home/vishvesh/ros2_ws/src/install/gs_simulation_interfaces/lib/python3.10/site-packages:/home/vishvesh/ros2_ws/src/install/gs_ros_interfaces/local/lib/python3.10/dist-packages:/home/vishvesh/ros2_ws/src/install/simulation_interfaces/local/lib/python3.10/dist-packages:${PYTHONPATH} /usr/bin/python3 -W ignore:setup.py install is deprecated -W ignore:easy_install command is deprecated setup.py develop --uninstall --editable --build-directory /home/vishvesh/ros2_ws/src/build/gs_simulation_interfaces/build
[0.500s] /home/vishvesh/.local/lib/python3.10/site-packages/setuptools/_distutils/dist.py:289: UserWarning: Unknown distribution option: 'tests_require'
[0.500s]   warnings.warn(msg)
[0.570s] running develop
[0.665s] Removing /home/vishvesh/ros2_ws/src/install/gs_simulation_interfaces/lib/python3.10/site-packages/gs-simulation-interfaces.egg-link (link to .)
[0.683s] Invoked command in '/home/vishvesh/ros2_ws/src/build/gs_simulation_interfaces' returned '0': AMENT_PREFIX_PATH=/home/vishvesh/ros2_ws/src/install/gs_ros_interfaces:/home/vishvesh/ros2_ws/src/install/simulation_interfaces:${AMENT_PREFIX_PATH} CMAKE_PREFIX_PATH=/home/vishvesh/ros2_ws/src/install/gs_ros_interfaces:/home/vishvesh/ros2_ws/src/install/simulation_interfaces:${CMAKE_PREFIX_PATH} LD_LIBRARY_PATH=/home/vishvesh/ros2_ws/src/install/gs_ros_interfaces/lib:/home/vishvesh/ros2_ws/src/install/simulation_interfaces/lib:${LD_LIBRARY_PATH} PYTHONPATH=/home/vishvesh/ros2_ws/src/build/gs_simulation_interfaces/prefix_override:/usr/lib/python3/dist-packages/colcon_core/task/python/colcon_distutils_commands:/home/vishvesh/ros2_ws/src/install/gs_simulation_interfaces/lib/python3.10/site-packages:/home/vishvesh/ros2_ws/src/install/gs_ros_interfaces/local/lib/python3.10/dist-packages:/home/vishvesh/ros2_ws/src/install/simulation_interfaces/local/lib/python3.10/dist-packages:${PYTHONPATH} /usr/bin/python3 -W ignore:setup.py install is deprecated -W ignore:easy_install command is deprecated setup.py develop --uninstall --editable --build-directory /home/vishvesh/ros2_ws/src/build/gs_simulation_interfaces/build
[0.683s] Invoking command in '/home/vishvesh/ros2_ws/src/genesis_ros/gs_simulation_interfaces': AMENT_PREFIX_PATH=/home/vishvesh/ros2_ws/src/install/gs_ros_interfaces:/home/vishvesh/ros2_ws/src/install/simulation_interfaces:${AMENT_PREFIX_PATH} CMAKE_PREFIX_PATH=/home/vishvesh/ros2_ws/src/install/gs_ros_interfaces:/home/vishvesh/ros2_ws/src/install/simulation_interfaces:${CMAKE_PREFIX_PATH} LD_LIBRARY_PATH=/home/vishvesh/ros2_ws/src/install/gs_ros_interfaces/lib:/home/vishvesh/ros2_ws/src/install/simulation_interfaces/lib:${LD_LIBRARY_PATH} PYTHONPATH=/home/vishvesh/ros2_ws/src/build/gs_simulation_interfaces/prefix_override:/usr/lib/python3/dist-packages/colcon_core/task/python/colcon_distutils_commands:/home/vishvesh/ros2_ws/src/install/gs_simulation_interfaces/lib/python3.10/site-packages:/home/vishvesh/ros2_ws/src/install/gs_ros_interfaces/local/lib/python3.10/dist-packages:/home/vishvesh/ros2_ws/src/install/simulation_interfaces/local/lib/python3.10/dist-packages:${PYTHONPATH} /usr/bin/python3 -W ignore:setup.py install is deprecated -W ignore:easy_install command is deprecated setup.py egg_info --egg-base ../../build/gs_simulation_interfaces build --build-base /home/vishvesh/ros2_ws/src/build/gs_simulation_interfaces/build install --record /home/vishvesh/ros2_ws/src/build/gs_simulation_interfaces/install.log --single-version-externally-managed install_data --force
[0.781s] /home/vishvesh/.local/lib/python3.10/site-packages/setuptools/_distutils/dist.py:289: UserWarning: Unknown distribution option: 'tests_require'
[0.781s]   warnings.warn(msg)
[0.831s] running egg_info
[0.839s] writing ../../build/gs_simulation_interfaces/gs_simulation_interfaces.egg-info/PKG-INFO
[0.839s] writing dependency_links to ../../build/gs_simulation_interfaces/gs_simulation_interfaces.egg-info/dependency_links.txt
[0.839s] writing requirements to ../../build/gs_simulation_interfaces/gs_simulation_interfaces.egg-info/requires.txt
[0.839s] writing top-level names to ../../build/gs_simulation_interfaces/gs_simulation_interfaces.egg-info/top_level.txt
[0.859s] reading manifest file '../../build/gs_simulation_interfaces/gs_simulation_interfaces.egg-info/SOURCES.txt'
[0.860s] writing manifest file '../../build/gs_simulation_interfaces/gs_simulation_interfaces.egg-info/SOURCES.txt'
[0.860s] running build
[0.860s] running build_py
[0.860s] creating /home/vishvesh/ros2_ws/src/build/gs_simulation_interfaces/build/lib/gs_simulation_interfaces
[0.860s] copying gs_simulation_interfaces/simulation_interface.py -> /home/vishvesh/ros2_ws/src/build/gs_simulation_interfaces/build/lib/gs_simulation_interfaces
[0.860s] copying gs_simulation_interfaces/__init__.py -> /home/vishvesh/ros2_ws/src/build/gs_simulation_interfaces/build/lib/gs_simulation_interfaces
[0.860s] copying gs_simulation_interfaces/scene_manager.py -> /home/vishvesh/ros2_ws/src/build/gs_simulation_interfaces/build/lib/gs_simulation_interfaces
[0.860s] creating /home/vishvesh/ros2_ws/src/build/gs_simulation_interfaces/build/lib/gs_simulation_interfaces/handlers
[0.860s] copying gs_simulation_interfaces/handlers/world_management.py -> /home/vishvesh/ros2_ws/src/build/gs_simulation_interfaces/build/lib/gs_simulation_interfaces/handlers
[0.860s] copying gs_simulation_interfaces/handlers/__init__.py -> /home/vishvesh/ros2_ws/src/build/gs_simulation_interfaces/build/lib/gs_simulation_interfaces/handlers
[0.860s] creating /home/vishvesh/ros2_ws/src/build/gs_simulation_interfaces/build/lib/gs_simulation_interfaces/handlers/entity
[0.860s] copying gs_simulation_interfaces/handlers/entity/entity_state.py -> /home/vishvesh/ros2_ws/src/build/gs_simulation_interfaces/build/lib/gs_simulation_interfaces/handlers/entity
[0.861s] copying gs_simulation_interfaces/handlers/entity/entity_helpers.py -> /home/vishvesh/ros2_ws/src/build/gs_simulation_interfaces/build/lib/gs_simulation_interfaces/handlers/entity
[0.861s] copying gs_simulation_interfaces/handlers/entity/entity_lifecycle.py -> /home/vishvesh/ros2_ws/src/build/gs_simulation_interfaces/build/lib/gs_simulation_interfaces/handlers/entity
[0.861s] copying gs_simulation_interfaces/handlers/entity/entity_metadata.py -> /home/vishvesh/ros2_ws/src/build/gs_simulation_interfaces/build/lib/gs_simulation_interfaces/handlers/entity
[0.861s] copying gs_simulation_interfaces/handlers/entity/entity_options.py -> /home/vishvesh/ros2_ws/src/build/gs_simulation_interfaces/build/lib/gs_simulation_interfaces/handlers/entity
[0.861s] copying gs_simulation_interfaces/handlers/entity/sensor_options.py -> /home/vishvesh/ros2_ws/src/build/gs_simulation_interfaces/build/lib/gs_simulation_interfaces/handlers/entity
[0.861s] copying gs_simulation_interfaces/handlers/entity/__init__.py -> /home/vishvesh/ros2_ws/src/build/gs_simulation_interfaces/build/lib/gs_simulation_interfaces/handlers/entity
[0.861s] creating /home/vishvesh/ros2_ws/src/build/gs_simulation_interfaces/build/lib/gs_simulation_interfaces/handlers/simulator
[0.861s] copying gs_simulation_interfaces/handlers/simulator/simulation_control.py -> /home/vishvesh/ros2_ws/src/build/gs_simulation_interfaces/build/lib/gs_simulation_interfaces/handlers/simulator
[0.861s] copying gs_simulation_interfaces/handlers/simulator/simulator_features.py -> /home/vishvesh/ros2_ws/src/build/gs_simulation_interfaces/build/lib/gs_simulation_interfaces/handlers/simulator
[0.861s] copying gs_simulation_interfaces/handlers/simulator/__init__.py -> /home/vishvesh/ros2_ws/src/build/gs_simulation_interfaces/build/lib/gs_simulation_interfaces/handlers/simulator
[0.861s] running install
[0.864s] running install_lib
[0.872s] creating /home/vishvesh/ros2_ws/src/install/gs_simulation_interfaces/lib/python3.10/site-packages/gs_simulation_interfaces
[0.872s] creating /home/vishvesh/ros2_ws/src/install/gs_simulation_interfaces/lib/python3.10/site-packages/gs_simulation_interfaces/handlers
[0.872s] copying /home/vishvesh/ros2_ws/src/build/gs_simulation_interfaces/build/lib/gs_simulation_interfaces/handlers/world_management.py -> /home/vishvesh/ros2_ws/src/install/gs_simulation_interfaces/lib/python3.10/site-packages/gs_simulation_interfaces/handlers
[0.872s] creating /home/vishvesh/ros2_ws/src/install/gs_simulation_interfaces/lib/python3.10/site-packages/gs_simulation_interfaces/handlers/entity
[0.872s] copying /home/vishvesh/ros2_ws/src/build/gs_simulation_interfaces/build/lib/gs_simulation_interfaces/handlers/entity/entity_state.py -> /home/vishvesh/ros2_ws/src/install/gs_simulation_interfaces/lib/python3.10/site-packages/gs_simulation_interfaces/handlers/entity
[0.872s] copying /home/vishvesh/ros2_ws/src/build/gs_simulation_interfaces/build/lib/gs_simulation_interfaces/handlers/entity/entity_helpers.py -> /home/vishvesh/ros2_ws/src/install/gs_simulation_interfaces/lib/python3.10/site-packages/gs_simulation_interfaces/handlers/entity
[0.872s] copying /home/vishvesh/ros2_ws/src/build/gs_simulation_interfaces/build/lib/gs_simulation_interfaces/handlers/entity/entity_lifecycle.py -> /home/vishvesh/ros2_ws/src/install/gs_simulation_interfaces/lib/python3.10/site-packages/gs_simulation_interfaces/handlers/entity
[0.873s] copying /home/vishvesh/ros2_ws/src/build/gs_simulation_interfaces/build/lib/gs_simulation_interfaces/handlers/entity/entity_metadata.py -> /home/vishvesh/ros2_ws/src/install/gs_simulation_interfaces/lib/python3.10/site-packages/gs_simulation_interfaces/handlers/entity
[0.873s] copying /home/vishvesh/ros2_ws/src/build/gs_simulation_interfaces/build/lib/gs_simulation_interfaces/handlers/entity/entity_options.py -> /home/vishvesh/ros2_ws/src/install/gs_simulation_interfaces/lib/python3.10/site-packages/gs_simulation_interfaces/handlers/entity
[0.873s] copying /home/vishvesh/ros2_ws/src/build/gs_simulation_interfaces/build/lib/gs_simulation_interfaces/handlers/entity/sensor_options.py -> /home/vishvesh/ros2_ws/src/install/gs_simulation_interfaces/lib/python3.10/site-packages/gs_simulation_interfaces/handlers/entity
[0.873s] copying /home/vishvesh/ros2_ws/src/build/gs_simulation_interfaces/build/lib/gs_simulation_interfaces/handlers/entity/__init__.py -> /home/vishvesh/ros2_ws/src/install/gs_simulation_interfaces/lib/python3.10/site-packages/gs_simulation_interfaces/handlers/entity
[0.873s] creating /home/vishvesh/ros2_ws/src/install/gs_simulation_interfaces/lib/python3.10/site-packages/gs_simulation_interfaces/handlers/simulator
[0.873s] copying /home/vishvesh/ros2_ws/src/build/gs_simulation_interfaces/build/lib/gs_simulation_interfaces/handlers/simulator/simulation_control.py -> /home/vishvesh/ros2_ws/src/install/gs_simulation_interfaces/lib/python3.10/site-packages/gs_simulation_interfaces/handlers/simulator
[0.873s] copying /home/vishvesh/ros2_ws/src/build/gs_simulation_interfaces/build/lib/gs_simulation_interfaces/handlers/simulator/simulator_features.py -> /home/vishvesh/ros2_ws/src/install/gs_simulation_interfaces/lib/python3.10/site-packages/gs_simulation_interfaces/handlers/simulator
[0.873s] copying /home/vishvesh/ros2_ws/src/build/gs_simulation_interfaces/build/lib/gs_simulation_interfaces/handlers/simulator/__init__.py -> /home/vishvesh/ros2_ws/src/install/gs_simulation_interfaces/lib/python3.10/site-packages/gs_simulation_interfaces/handlers/simulator
[0.873s] copying /home/vishvesh/ros2_ws/src/build/gs_simulation_interfaces/build/lib/gs_simulation_interfaces/handlers/__init__.py -> /home/vishvesh/ros2_ws/src/install/gs_simulation_interfaces/lib/python3.10/site-packages/gs_simulation_interfaces/handlers
[0.873s] copying /home/vishvesh/ros2_ws/src/build/gs_simulation_interfaces/build/lib/gs_simulation_interfaces/simulation_interface.py -> /home/vishvesh/ros2_ws/src/install/gs_simulation_interfaces/lib/python3.10/site-packages/gs_simulation_interfaces
[0.873s] copying /home/vishvesh/ros2_ws/src/build/gs_simulation_interfaces/build/lib/gs_simulation_interfaces/__init__.py -> /home/vishvesh/ros2_ws/src/install/gs_simulation_interfaces/lib/python3.10/site-packages/gs_simulation_interfaces
[0.873s] copying /home/vishvesh/ros2_ws/src/build/gs_simulation_interfaces/build/lib/gs_simulation_interfaces/scene_manager.py -> /home/vishvesh/ros2_ws/src/install/gs_simulation_interfaces/lib/python3.10/site-packages/gs_simulation_interfaces
[0.874s] byte-compiling /home/vishvesh/ros2_ws/src/install/gs_simulation_interfaces/lib/python3.10/site-packages/gs_simulation_interfaces/handlers/world_management.py to world_management.cpython-310.pyc
[0.874s] byte-compiling /home/vishvesh/ros2_ws/src/install/gs_simulation_interfaces/lib/python3.10/site-packages/gs_simulation_interfaces/handlers/entity/entity_state.py to entity_state.cpython-310.pyc
[0.874s] byte-compiling /home/vishvesh/ros2_ws/src/install/gs_simulation_interfaces/lib/python3.10/site-packages/gs_simulation_interfaces/handlers/entity/entity_helpers.py to entity_helpers.cpython-310.pyc
[0.875s] byte-compiling /home/vishvesh/ros2_ws/src/install/gs_simulation_interfaces/lib/python3.10/site-packages/gs_simulation_interfaces/handlers/entity/entity_lifecycle.py to entity_lifecycle.cpython-310.pyc
[0.876s] byte-compiling /home/vishvesh/ros2_ws/src/install/gs_simulation_interfaces/lib/python3.10/site-packages/gs_simulation_interfaces/handlers/entity/entity_metadata.py to entity_metadata.cpython-310.pyc
[0.876s] byte-compiling /home/vishvesh/ros2_ws/src/install/gs_simulation_interfaces/lib/python3.10/site-packages/gs_simulation_interfaces/handlers/entity/entity_options.py to entity_options.cpython-310.pyc
[0.877s] byte-compiling /home/vishvesh/ros2_ws/src/install/gs_simulation_interfaces/lib/python3.10/site-packages/gs_simulation_interfaces/handlers/entity/sensor_options.py to sensor_options.cpython-310.pyc
[0.879s] byte-compiling /home/vishvesh/ros2_ws/src/install/gs_simulation_interfaces/lib/python3.10/site-packages/gs_simulation_interfaces/handlers/entity/__init__.py to __init__.cpython-310.pyc
[0.879s] byte-compiling /home/vishvesh/ros2_ws/src/install/gs_simulation_interfaces/lib/python3.10/site-packages/gs_simulation_interfaces/handlers/simulator/simulation_control.py to simulation_control.cpython-310.pyc
[0.880s] byte-compiling /home/vishvesh/ros2_ws/src/install/gs_simulation_interfaces/lib/python3.10/site-packages/gs_simulation_interfaces/handlers/simulator/simulator_features.py to simulator_features.cpython-310.pyc
[0.880s] byte-compiling /home/vishvesh/ros2_ws/src/install/gs_simulation_interfaces/lib/python3.10/site-packages/gs_simulation_interfaces/handlers/simulator/__init__.py to __init__.cpython-310.pyc
[0.880s] byte-compiling /home/vishvesh/ros2_ws/src/install/gs_simulation_interfaces/lib/python3.10/site-packages/gs_simulation_interfaces/handlers/__init__.py to __init__.cpython-310.pyc
[0.880s] byte-compiling /home/vishvesh/ros2_ws/src/install/gs_simulation_interfaces/lib/python3.10/site-packages/gs_simulation_interfaces/simulation_interface.py to simulation_interface.cpython-310.pyc
[0.881s] byte-compiling /home/vishvesh/ros2_ws/src/install/gs_simulation_interfaces/lib/python3.10/site-packages/gs_simulation_interfaces/__init__.py to __init__.cpython-310.pyc
[0.881s] byte-compiling /home/vishvesh/ros2_ws/src/install/gs_simulation_interfaces/lib/python3.10/site-packages/gs_simulation_interfaces/scene_manager.py to scene_manager.cpython-310.pyc
[0.881s] running install_data
[0.881s] copying resource/gs_simulation_interfaces -> /home/vishvesh/ros2_ws/src/install/gs_simulation_interfaces/share/ament_index/resource_index/packages
[0.881s] copying package.xml -> /home/vishvesh/ros2_ws/src/install/gs_simulation_interfaces/share/gs_simulation_interfaces
[0.881s] running install_egg_info
[0.891s] Copying ../../build/gs_simulation_interfaces/gs_simulation_interfaces.egg-info to /home/vishvesh/ros2_ws/src/install/gs_simulation_interfaces/lib/python3.10/site-packages/gs_simulation_interfaces-1.0.0-py3.10.egg-info
[0.891s] running install_scripts
[0.953s] writing list of installed files to '/home/vishvesh/ros2_ws/src/build/gs_simulation_interfaces/install.log'
[0.971s] Invoked command in '/home/vishvesh/ros2_ws/src/genesis_ros/gs_simulation_interfaces' returned '0': AMENT_PREFIX_PATH=/home/vishvesh/ros2_ws/src/install/gs_ros_interfaces:/home/vishvesh/ros2_ws/src/install/simulation_interfaces:${AMENT_PREFIX_PATH} CMAKE_PREFIX_PATH=/home/vishvesh/ros2_ws/src/install/gs_ros_interfaces:/home/vishvesh/ros2_ws/src/install/simulation_interfaces:${CMAKE_PREFIX_PATH} LD_LIBRARY_PATH=/home/vishvesh/ros2_ws/src/install/gs_ros_interfaces/lib:/home/vishvesh/ros2_ws/src/install/simulation_interfaces/lib:${LD_LIBRARY_PATH} PYTHONPATH=/home/vishvesh/ros2_ws/src/build/gs_simulation_interfaces/prefix_override:/usr/lib/python3/dist-packages/colcon_core/task/python/colcon_distutils_commands:/home/vishvesh/ros2_ws/src/install/gs_simulation_interfaces/lib/python3.10/site-packages:/home/vishvesh/ros2_ws/src/install/gs_ros_interfaces/local/lib/python3.10/dist-packages:/home/vishvesh/ros2_ws/src/install/simulation_interfaces/local/lib/python3.10/dist-packages:${PYTHONPATH} /usr/bin/python3 -W ignore:setup.py install is deprecated -W ignore:easy_install command is deprecated setup.py egg_info --egg-base ../../build/gs_simulation_interfaces build --build-base /home/vishvesh/ros2_ws/src/build/gs_simulation_interfaces/build install --record /home/vishvesh/ros2_ws/src/build/gs_simulation_interfaces/install.log --single-version-externally-managed install_data --force
