[0.006s] Invoking command in '/home/vishvesh/ros2_ws/build/arm_humble': CMAKE_PREFIX_PATH=${CMAKE_PREFIX_PATH}:/home/vishvesh/ros2_ws/install/turtle_controller:/home/vishvesh/ros2_ws/install/gs_simulation_interfaces:/home/vishvesh/ros2_ws/install/gs_ros:/home/vishvesh/ros2_ws/install/Practice:/opt/ros/humble /usr/bin/cmake --build /home/vishvesh/ros2_ws/build/arm_humble -- -j16 -l16
[0.040s] Invoked command in '/home/vishvesh/ros2_ws/build/arm_humble' returned '0': CMAKE_PREFIX_PATH=${CMAKE_PREFIX_PATH}:/home/vishvesh/ros2_ws/install/turtle_controller:/home/vishvesh/ros2_ws/install/gs_simulation_interfaces:/home/vishvesh/ros2_ws/install/gs_ros:/home/vishvesh/ros2_ws/install/Practice:/opt/ros/humble /usr/bin/cmake --build /home/vishvesh/ros2_ws/build/arm_humble -- -j16 -l16
[0.048s] Invoking command in '/home/vishvesh/ros2_ws/build/arm_humble': CMAKE_PREFIX_PATH=${CMAKE_PREFIX_PATH}:/home/vishvesh/ros2_ws/install/turtle_controller:/home/vishvesh/ros2_ws/install/gs_simulation_interfaces:/home/vishvesh/ros2_ws/install/gs_ros:/home/vishvesh/ros2_ws/install/Practice:/opt/ros/humble /usr/bin/cmake --install /home/vishvesh/ros2_ws/build/arm_humble
[0.054s] -- Install configuration: ""
[0.054s] -- Execute custom install script
[0.054s] -- Up-to-date symlink: /home/vishvesh/ros2_ws/install/arm_humble/share/arm_humble/launch/display.launch.py
[0.054s] -- Up-to-date symlink: /home/vishvesh/ros2_ws/install/arm_humble/share/arm_humble/urdf/arm.urdf
[0.055s] -- Up-to-date symlink: /home/vishvesh/ros2_ws/install/arm_humble/share/arm_humble/urdf/my_custom_arm.urdf.xacro
[0.055s] -- Up-to-date symlink: /home/vishvesh/ros2_ws/install/arm_humble/share/arm_humble/rviz/view_arm.rviz
[0.055s] -- Up-to-date symlink: /home/vishvesh/ros2_ws/install/arm_humble/lib/arm_humble/ik_controller.py
[0.055s] -- Up-to-date symlink: /home/vishvesh/ros2_ws/install/arm_humble/share/ament_index/resource_index/package_run_dependencies/arm_humble
[0.055s] -- Up-to-date symlink: /home/vishvesh/ros2_ws/install/arm_humble/share/ament_index/resource_index/parent_prefix_path/arm_humble
[0.055s] -- Up-to-date symlink: /home/vishvesh/ros2_ws/install/arm_humble/share/arm_humble/environment/ament_prefix_path.sh
[0.055s] -- Up-to-date symlink: /home/vishvesh/ros2_ws/install/arm_humble/share/arm_humble/environment/ament_prefix_path.dsv
[0.055s] -- Up-to-date symlink: /home/vishvesh/ros2_ws/install/arm_humble/share/arm_humble/environment/path.sh
[0.055s] -- Up-to-date symlink: /home/vishvesh/ros2_ws/install/arm_humble/share/arm_humble/environment/path.dsv
[0.055s] -- Up-to-date symlink: /home/vishvesh/ros2_ws/install/arm_humble/share/arm_humble/local_setup.bash
[0.055s] -- Up-to-date symlink: /home/vishvesh/ros2_ws/install/arm_humble/share/arm_humble/local_setup.sh
[0.056s] -- Up-to-date symlink: /home/vishvesh/ros2_ws/install/arm_humble/share/arm_humble/local_setup.zsh
[0.056s] -- Up-to-date symlink: /home/vishvesh/ros2_ws/install/arm_humble/share/arm_humble/local_setup.dsv
[0.056s] -- Symlinking: /home/vishvesh/ros2_ws/install/arm_humble/share/arm_humble/package.dsv
[0.063s] -- Up-to-date symlink: /home/vishvesh/ros2_ws/install/arm_humble/share/ament_index/resource_index/packages/arm_humble
[0.063s] -- Up-to-date symlink: /home/vishvesh/ros2_ws/install/arm_humble/share/arm_humble/cmake/arm_humbleConfig.cmake
[0.063s] -- Up-to-date symlink: /home/vishvesh/ros2_ws/install/arm_humble/share/arm_humble/cmake/arm_humbleConfig-version.cmake
[0.063s] -- Up-to-date symlink: /home/vishvesh/ros2_ws/install/arm_humble/share/arm_humble/package.xml
[0.065s] Invoked command in '/home/vishvesh/ros2_ws/build/arm_humble' returned '0': CMAKE_PREFIX_PATH=${CMAKE_PREFIX_PATH}:/home/vishvesh/ros2_ws/install/turtle_controller:/home/vishvesh/ros2_ws/install/gs_simulation_interfaces:/home/vishvesh/ros2_ws/install/gs_ros:/home/vishvesh/ros2_ws/install/Practice:/opt/ros/humble /usr/bin/cmake --install /home/vishvesh/ros2_ws/build/arm_humble
