[0.019s] Invoking command in '/home/vishvesh/ros2_ws/src/build/kratos_vishvesh_q2_msgs': CMAKE_PREFIX_PATH=${CMAKE_PREFIX_PATH}:/home/vishvesh/ros2_ws/install/turtle_controller:/home/vishvesh/ros2_ws/install/gs_simulation_interfaces:/home/vishvesh/ros2_ws/install/gs_ros:/home/vishvesh/ros2_ws/install/Practice:/opt/ros/humble /usr/bin/cmake /home/vishvesh/ros2_ws/src/kratos_vishvesh_q2_msgs -DAMENT_CMAKE_SYMLINK_INSTALL=1 -DCMAKE_INSTALL_PREFIX=/home/vishvesh/ros2_ws/src/install/kratos_vishvesh_q2_msgs
[0.269s] -- The C compiler identification is GNU 11.4.0
[0.269s] -- The CXX compiler identification is GNU 11.4.0
[0.269s] -- Detecting C compiler ABI info
[0.269s] -- Detecting C compiler ABI info - done
[0.269s] -- Check for working C compiler: /usr/bin/cc - skipped
[0.269s] -- Detecting C compile features
[0.269s] -- Detecting C compile features - done
[0.269s] -- Detecting CXX compiler ABI info
[0.269s] -- Detecting CXX compiler ABI info - done
[0.269s] -- Check for working CXX compiler: /usr/bin/c++ - skipped
[0.269s] -- Detecting CXX compile features
[0.269s] -- Detecting CXX compile features - done
[0.269s] -- Found ament_cmake: 1.3.14 (/opt/ros/humble/share/ament_cmake/cmake)
[0.477s] -- Found Python3: /usr/bin/python3 (found version "3.10.12") found components: Interpreter 
[0.523s] -- Override CMake install command with custom implementation using symlinks instead of copying resources
[0.543s] -- Found rosidl_default_generators: 1.2.1 (/opt/ros/humble/share/rosidl_default_generators/cmake)
[0.545s] -- Using all available rosidl_typesupport_c: rosidl_typesupport_fastrtps_c;rosidl_typesupport_introspection_c
[0.550s] -- Found rosidl_adapter: 3.1.8 (/opt/ros/humble/share/rosidl_adapter/cmake)
[0.578s] -- Using all available rosidl_typesupport_cpp: rosidl_typesupport_fastrtps_cpp;rosidl_typesupport_introspection_cpp
[0.799s] -- Found ament_cmake_ros: 0.10.0 (/opt/ros/humble/share/ament_cmake_ros/cmake)
[0.951s] -- Using all available rosidl_typesupport_c: rosidl_typesupport_fastrtps_c;rosidl_typesupport_introspection_c
[1.138s] -- Using all available rosidl_typesupport_cpp: rosidl_typesupport_fastrtps_cpp;rosidl_typesupport_introspection_cpp
[1.162s] -- Found PythonInterp: /usr/bin/python3 (found suitable version "3.10.12", minimum required is "3.6") 
[1.164s] -- Found python_cmake_module: 0.10.0 (/opt/ros/humble/share/python_cmake_module/cmake)
[1.183s] -- Found PythonLibs: /usr/lib/x86_64-linux-gnu/libpython3.10.so (found suitable version "3.10.12", minimum required is "3.5") 
[1.184s] -- Using PYTHON_EXECUTABLE: /usr/bin/python3
[1.184s] -- Using PYTHON_INCLUDE_DIRS: /usr/include/python3.10
[1.184s] -- Using PYTHON_LIBRARIES: /usr/lib/x86_64-linux-gnu/libpython3.10.so
[1.200s] -- Found PythonExtra: .so  
[1.269s] -- Found ament_lint_auto: 0.12.15 (/opt/ros/humble/share/ament_lint_auto/cmake)
[1.284s] -- Added test 'lint_cmake' to check CMake code style
[1.284s] -- Added test 'xmllint' to check XML markup files
[1.287s] -- Configuring done
[1.302s] -- Generating done
[1.312s] -- Build files have been written to: /home/vishvesh/ros2_ws/src/build/kratos_vishvesh_q2_msgs
[1.320s] Invoked command in '/home/vishvesh/ros2_ws/src/build/kratos_vishvesh_q2_msgs' returned '0': CMAKE_PREFIX_PATH=${CMAKE_PREFIX_PATH}:/home/vishvesh/ros2_ws/install/turtle_controller:/home/vishvesh/ros2_ws/install/gs_simulation_interfaces:/home/vishvesh/ros2_ws/install/gs_ros:/home/vishvesh/ros2_ws/install/Practice:/opt/ros/humble /usr/bin/cmake /home/vishvesh/ros2_ws/src/kratos_vishvesh_q2_msgs -DAMENT_CMAKE_SYMLINK_INSTALL=1 -DCMAKE_INSTALL_PREFIX=/home/vishvesh/ros2_ws/src/install/kratos_vishvesh_q2_msgs
[1.321s] Invoking command in '/home/vishvesh/ros2_ws/src/build/kratos_vishvesh_q2_msgs': CMAKE_PREFIX_PATH=${CMAKE_PREFIX_PATH}:/home/vishvesh/ros2_ws/install/turtle_controller:/home/vishvesh/ros2_ws/install/gs_simulation_interfaces:/home/vishvesh/ros2_ws/install/gs_ros:/home/vishvesh/ros2_ws/install/Practice:/opt/ros/humble /usr/bin/cmake --build /home/vishvesh/ros2_ws/src/build/kratos_vishvesh_q2_msgs -- -j16 -l16
[1.350s] [  3%] [34m[1mGenerating C code for ROS interfaces[0m
[1.357s] [  6%] [34m[1mGenerating Rust code for ROS interfaces[0m
[1.359s] [  9%] [34m[1mGenerating C++ code for ROS interfaces[0m
[1.368s] [  9%] Built target ament_cmake_python_symlink_kratos_vishvesh_q2_msgs
[1.506s] running egg_info
[1.506s] [  9%] Built target kratos_vishvesh_q2_msgs__rs
[1.514s] creating kratos_vishvesh_q2_msgs.egg-info
[1.514s] writing kratos_vishvesh_q2_msgs.egg-info/PKG-INFO
[1.514s] writing dependency_links to kratos_vishvesh_q2_msgs.egg-info/dependency_links.txt
[1.515s] writing top-level names to kratos_vishvesh_q2_msgs.egg-info/top_level.txt
[1.515s] writing manifest file 'kratos_vishvesh_q2_msgs.egg-info/SOURCES.txt'
[1.522s] [  9%] Built target kratos_vishvesh_q2_msgs__cpp
[1.529s] [ 12%] [34m[1mGenerating C++ introspection for ROS interfaces[0m
[1.529s] [ 15%] [34m[1mGenerating C++ type support for eProsima Fast-RTPS[0m
[1.531s] [ 18%] [34m[1mGenerating C++ type support dispatch for ROS interfaces[0m
[1.550s] reading manifest file 'kratos_vishvesh_q2_msgs.egg-info/SOURCES.txt'
[1.550s] writing manifest file 'kratos_vishvesh_q2_msgs.egg-info/SOURCES.txt'
[1.571s] [ 21%] [32mBuilding C object CMakeFiles/kratos_vishvesh_q2_msgs__rosidl_generator_c.dir/rosidl_generator_c/kratos_vishvesh_q2_msgs/msg/detail/rover_status__functions.c.o[0m
[1.584s] [ 21%] Built target ament_cmake_python_build_kratos_vishvesh_q2_msgs_egg
[1.609s] [ 25%] [32m[1mLinking C shared library libkratos_vishvesh_q2_msgs__rosidl_generator_c.so[0m
[1.645s] [ 25%] Built target kratos_vishvesh_q2_msgs__rosidl_generator_c
[1.653s] [ 28%] [34m[1mGenerating C type support for eProsima Fast-RTPS[0m
[1.655s] [ 31%] [34m[1mGenerating C introspection for ROS interfaces[0m
[1.656s] [ 34%] [34m[1mGenerating C type support dispatch for ROS interfaces[0m
[1.729s] [ 37%] [32mBuilding CXX object CMakeFiles/kratos_vishvesh_q2_msgs__rosidl_typesupport_cpp.dir/rosidl_typesupport_cpp/kratos_vishvesh_q2_msgs/msg/rover_status__type_support.cpp.o[0m
[1.822s] [ 40%] [32mBuilding CXX object CMakeFiles/kratos_vishvesh_q2_msgs__rosidl_typesupport_fastrtps_cpp.dir/rosidl_typesupport_fastrtps_cpp/kratos_vishvesh_q2_msgs/msg/detail/dds_fastrtps/rover_status__type_support.cpp.o[0m
[1.840s] [ 43%] [32mBuilding CXX object CMakeFiles/kratos_vishvesh_q2_msgs__rosidl_typesupport_introspection_cpp.dir/rosidl_typesupport_introspection_cpp/kratos_vishvesh_q2_msgs/msg/detail/rover_status__type_support.cpp.o[0m
[1.917s] [ 46%] [32mBuilding CXX object CMakeFiles/kratos_vishvesh_q2_msgs__rosidl_typesupport_c.dir/rosidl_typesupport_c/kratos_vishvesh_q2_msgs/msg/rover_status__type_support.cpp.o[0m
[1.951s] [ 50%] [32mBuilding CXX object CMakeFiles/kratos_vishvesh_q2_msgs__rosidl_typesupport_fastrtps_c.dir/rosidl_typesupport_fastrtps_c/kratos_vishvesh_q2_msgs/msg/detail/rover_status__type_support_c.cpp.o[0m
[1.956s] [ 53%] [32m[1mLinking CXX shared library libkratos_vishvesh_q2_msgs__rosidl_typesupport_c.so[0m
[1.995s] [ 56%] [32mBuilding C object CMakeFiles/kratos_vishvesh_q2_msgs__rosidl_typesupport_introspection_c.dir/rosidl_typesupport_introspection_c/kratos_vishvesh_q2_msgs/msg/detail/rover_status__type_support.c.o[0m
[2.002s] [ 56%] Built target kratos_vishvesh_q2_msgs__rosidl_typesupport_c
[2.054s] [ 59%] [32m[1mLinking C shared library libkratos_vishvesh_q2_msgs__rosidl_typesupport_introspection_c.so[0m
[2.090s] [ 62%] [32m[1mLinking CXX shared library libkratos_vishvesh_q2_msgs__rosidl_typesupport_cpp.so[0m
[2.112s] [ 62%] Built target kratos_vishvesh_q2_msgs__rosidl_typesupport_introspection_c
[2.146s] [ 62%] Built target kratos_vishvesh_q2_msgs__rosidl_typesupport_cpp
[2.249s] [ 65%] [32m[1mLinking CXX shared library libkratos_vishvesh_q2_msgs__rosidl_typesupport_fastrtps_cpp.so[0m
[2.257s] [ 68%] [32m[1mLinking CXX shared library libkratos_vishvesh_q2_msgs__rosidl_typesupport_fastrtps_c.so[0m
[2.308s] [ 71%] [32m[1mLinking CXX shared library libkratos_vishvesh_q2_msgs__rosidl_typesupport_introspection_cpp.so[0m
[2.345s] [ 71%] Built target kratos_vishvesh_q2_msgs__rosidl_typesupport_fastrtps_cpp
[2.367s] [ 71%] Built target kratos_vishvesh_q2_msgs__rosidl_typesupport_fastrtps_c
[2.372s] [ 71%] Built target kratos_vishvesh_q2_msgs__rosidl_typesupport_introspection_cpp
[2.393s] [ 71%] Built target kratos_vishvesh_q2_msgs
[2.414s] [ 75%] [34m[1mGenerating Python code for ROS interfaces[0m
[2.936s] [ 75%] Built target kratos_vishvesh_q2_msgs__py
[2.992s] [ 78%] [32mBuilding C object CMakeFiles/kratos_vishvesh_q2_msgs__rosidl_generator_py.dir/rosidl_generator_py/kratos_vishvesh_q2_msgs/msg/_rover_status_s.c.o[0m
[3.221s] [ 81%] [32m[1mLinking C shared library rosidl_generator_py/kratos_vishvesh_q2_msgs/libkratos_vishvesh_q2_msgs__rosidl_generator_py.so[0m
[3.636s] [ 81%] Built target kratos_vishvesh_q2_msgs__rosidl_generator_py
[3.842s] [ 84%] [32mBuilding C object CMakeFiles/kratos_vishvesh_q2_msgs__rosidl_typesupport_fastrtps_c__pyext.dir/rosidl_generator_py/kratos_vishvesh_q2_msgs/_kratos_vishvesh_q2_msgs_s.ep.rosidl_typesupport_fastrtps_c.c.o[0m
[3.875s] [ 87%] [32mBuilding C object CMakeFiles/kratos_vishvesh_q2_msgs__rosidl_typesupport_c__pyext.dir/rosidl_generator_py/kratos_vishvesh_q2_msgs/_kratos_vishvesh_q2_msgs_s.ep.rosidl_typesupport_c.c.o[0m
[3.879s] [ 90%] [32mBuilding C object CMakeFiles/kratos_vishvesh_q2_msgs__rosidl_typesupport_introspection_c__pyext.dir/rosidl_generator_py/kratos_vishvesh_q2_msgs/_kratos_vishvesh_q2_msgs_s.ep.rosidl_typesupport_introspection_c.c.o[0m
[4.042s] [ 93%] [32m[1mLinking C shared library rosidl_generator_py/kratos_vishvesh_q2_msgs/kratos_vishvesh_q2_msgs_s__rosidl_typesupport_fastrtps_c.cpython-310-x86_64-linux-gnu.so[0m
[4.048s] [ 96%] [32m[1mLinking C shared library rosidl_generator_py/kratos_vishvesh_q2_msgs/kratos_vishvesh_q2_msgs_s__rosidl_typesupport_c.cpython-310-x86_64-linux-gnu.so[0m
[4.093s] [ 96%] Built target kratos_vishvesh_q2_msgs__rosidl_typesupport_c__pyext
[4.095s] [100%] [32m[1mLinking C shared library rosidl_generator_py/kratos_vishvesh_q2_msgs/kratos_vishvesh_q2_msgs_s__rosidl_typesupport_introspection_c.cpython-310-x86_64-linux-gnu.so[0m
[4.102s] [100%] Built target kratos_vishvesh_q2_msgs__rosidl_typesupport_fastrtps_c__pyext
[4.127s] [100%] Built target kratos_vishvesh_q2_msgs__rosidl_typesupport_introspection_c__pyext
[4.154s] Invoked command in '/home/vishvesh/ros2_ws/src/build/kratos_vishvesh_q2_msgs' returned '0': CMAKE_PREFIX_PATH=${CMAKE_PREFIX_PATH}:/home/vishvesh/ros2_ws/install/turtle_controller:/home/vishvesh/ros2_ws/install/gs_simulation_interfaces:/home/vishvesh/ros2_ws/install/gs_ros:/home/vishvesh/ros2_ws/install/Practice:/opt/ros/humble /usr/bin/cmake --build /home/vishvesh/ros2_ws/src/build/kratos_vishvesh_q2_msgs -- -j16 -l16
[4.156s] Invoking command in '/home/vishvesh/ros2_ws/src/build/kratos_vishvesh_q2_msgs': CMAKE_PREFIX_PATH=${CMAKE_PREFIX_PATH}:/home/vishvesh/ros2_ws/install/turtle_controller:/home/vishvesh/ros2_ws/install/gs_simulation_interfaces:/home/vishvesh/ros2_ws/install/gs_ros:/home/vishvesh/ros2_ws/install/Practice:/opt/ros/humble /usr/bin/cmake --install /home/vishvesh/ros2_ws/src/build/kratos_vishvesh_q2_msgs
[4.164s] -- Install configuration: ""
[4.164s] -- Execute custom install script
[4.165s] -- Symlinking: /home/vishvesh/ros2_ws/src/install/kratos_vishvesh_q2_msgs/share/ament_index/resource_index/rosidl_interfaces/kratos_vishvesh_q2_msgs
[4.175s] -- Symlinking: /home/vishvesh/ros2_ws/src/install/kratos_vishvesh_q2_msgs/include/kratos_vishvesh_q2_msgs/kratos_vishvesh_q2_msgs/msg/detail/rover_status__functions.h
[4.184s] -- Symlinking: /home/vishvesh/ros2_ws/src/install/kratos_vishvesh_q2_msgs/include/kratos_vishvesh_q2_msgs/kratos_vishvesh_q2_msgs/msg/detail/rover_status__struct.h
[4.198s] -- Symlinking: /home/vishvesh/ros2_ws/src/install/kratos_vishvesh_q2_msgs/include/kratos_vishvesh_q2_msgs/kratos_vishvesh_q2_msgs/msg/detail/rover_status__type_support.h
[4.210s] -- Symlinking: /home/vishvesh/ros2_ws/src/install/kratos_vishvesh_q2_msgs/include/kratos_vishvesh_q2_msgs/kratos_vishvesh_q2_msgs/msg/rosidl_generator_c__visibility_control.h
[4.223s] -- Symlinking: /home/vishvesh/ros2_ws/src/install/kratos_vishvesh_q2_msgs/include/kratos_vishvesh_q2_msgs/kratos_vishvesh_q2_msgs/msg/rover_status.h
[4.236s] -- Symlinking: /home/vishvesh/ros2_ws/src/install/kratos_vishvesh_q2_msgs/share/kratos_vishvesh_q2_msgs/environment/library_path.sh
[4.249s] -- Symlinking: /home/vishvesh/ros2_ws/src/install/kratos_vishvesh_q2_msgs/share/kratos_vishvesh_q2_msgs/environment/library_path.dsv
[4.263s] -- Symlinking: /home/vishvesh/ros2_ws/src/install/kratos_vishvesh_q2_msgs/include/kratos_vishvesh_q2_msgs/kratos_vishvesh_q2_msgs/msg/detail/rover_status__rosidl_typesupport_fastrtps_c.h
[4.279s] -- Symlinking: /home/vishvesh/ros2_ws/src/install/kratos_vishvesh_q2_msgs/include/kratos_vishvesh_q2_msgs/kratos_vishvesh_q2_msgs/msg/rosidl_typesupport_fastrtps_c__visibility_control.h
[4.291s] -- Symlinking: /home/vishvesh/ros2_ws/src/install/kratos_vishvesh_q2_msgs/include/kratos_vishvesh_q2_msgs/kratos_vishvesh_q2_msgs/msg/detail/rover_status__rosidl_typesupport_introspection_c.h
[4.307s] -- Symlinking: /home/vishvesh/ros2_ws/src/install/kratos_vishvesh_q2_msgs/include/kratos_vishvesh_q2_msgs/kratos_vishvesh_q2_msgs/msg/rosidl_typesupport_introspection_c__visibility_control.h
[4.318s] -- Symlinking: /home/vishvesh/ros2_ws/src/install/kratos_vishvesh_q2_msgs/include/kratos_vishvesh_q2_msgs/kratos_vishvesh_q2_msgs/msg/detail/rover_status__builder.hpp
[4.328s] -- Symlinking: /home/vishvesh/ros2_ws/src/install/kratos_vishvesh_q2_msgs/include/kratos_vishvesh_q2_msgs/kratos_vishvesh_q2_msgs/msg/detail/rover_status__struct.hpp
[4.340s] -- Symlinking: /home/vishvesh/ros2_ws/src/install/kratos_vishvesh_q2_msgs/include/kratos_vishvesh_q2_msgs/kratos_vishvesh_q2_msgs/msg/detail/rover_status__traits.hpp
[4.354s] -- Symlinking: /home/vishvesh/ros2_ws/src/install/kratos_vishvesh_q2_msgs/include/kratos_vishvesh_q2_msgs/kratos_vishvesh_q2_msgs/msg/detail/rover_status__type_support.hpp
[4.366s] -- Symlinking: /home/vishvesh/ros2_ws/src/install/kratos_vishvesh_q2_msgs/include/kratos_vishvesh_q2_msgs/kratos_vishvesh_q2_msgs/msg/rosidl_generator_cpp__visibility_control.hpp
[4.379s] -- Symlinking: /home/vishvesh/ros2_ws/src/install/kratos_vishvesh_q2_msgs/include/kratos_vishvesh_q2_msgs/kratos_vishvesh_q2_msgs/msg/rover_status.hpp
[4.395s] -- Symlinking: /home/vishvesh/ros2_ws/src/install/kratos_vishvesh_q2_msgs/include/kratos_vishvesh_q2_msgs/kratos_vishvesh_q2_msgs/msg/detail/rover_status__rosidl_typesupport_fastrtps_cpp.hpp
[4.408s] -- Symlinking: /home/vishvesh/ros2_ws/src/install/kratos_vishvesh_q2_msgs/include/kratos_vishvesh_q2_msgs/kratos_vishvesh_q2_msgs/msg/rosidl_typesupport_fastrtps_cpp__visibility_control.h
[4.420s] -- Symlinking: /home/vishvesh/ros2_ws/src/install/kratos_vishvesh_q2_msgs/include/kratos_vishvesh_q2_msgs/kratos_vishvesh_q2_msgs/msg/detail/rover_status__rosidl_typesupport_introspection_cpp.hpp
[4.432s] -- Symlinking: /home/vishvesh/ros2_ws/src/install/kratos_vishvesh_q2_msgs/share/kratos_vishvesh_q2_msgs/environment/pythonpath.sh
[4.444s] -- Symlinking: /home/vishvesh/ros2_ws/src/install/kratos_vishvesh_q2_msgs/share/kratos_vishvesh_q2_msgs/environment/pythonpath.dsv
[4.457s] -- Symlinking: /home/vishvesh/ros2_ws/src/install/kratos_vishvesh_q2_msgs/local/lib/python3.10/dist-packages/kratos_vishvesh_q2_msgs-0.0.0-py3.10.egg-info/PKG-INFO
[4.482s] -- Symlinking: /home/vishvesh/ros2_ws/src/install/kratos_vishvesh_q2_msgs/local/lib/python3.10/dist-packages/kratos_vishvesh_q2_msgs-0.0.0-py3.10.egg-info/SOURCES.txt
[4.490s] -- Symlinking: /home/vishvesh/ros2_ws/src/install/kratos_vishvesh_q2_msgs/local/lib/python3.10/dist-packages/kratos_vishvesh_q2_msgs-0.0.0-py3.10.egg-info/dependency_links.txt
[4.502s] -- Symlinking: /home/vishvesh/ros2_ws/src/install/kratos_vishvesh_q2_msgs/local/lib/python3.10/dist-packages/kratos_vishvesh_q2_msgs-0.0.0-py3.10.egg-info/top_level.txt
[4.516s] -- Symlinking: /home/vishvesh/ros2_ws/src/install/kratos_vishvesh_q2_msgs/local/lib/python3.10/dist-packages/kratos_vishvesh_q2_msgs/__init__.py
[4.528s] -- Symlinking: /home/vishvesh/ros2_ws/src/install/kratos_vishvesh_q2_msgs/local/lib/python3.10/dist-packages/kratos_vishvesh_q2_msgs/_kratos_vishvesh_q2_msgs_s.ep.rosidl_typesupport_c.c
[4.540s] -- Symlinking: /home/vishvesh/ros2_ws/src/install/kratos_vishvesh_q2_msgs/local/lib/python3.10/dist-packages/kratos_vishvesh_q2_msgs/_kratos_vishvesh_q2_msgs_s.ep.rosidl_typesupport_fastrtps_c.c
[4.551s] -- Symlinking: /home/vishvesh/ros2_ws/src/install/kratos_vishvesh_q2_msgs/local/lib/python3.10/dist-packages/kratos_vishvesh_q2_msgs/_kratos_vishvesh_q2_msgs_s.ep.rosidl_typesupport_introspection_c.c
[4.563s] -- Symlinking: /home/vishvesh/ros2_ws/src/install/kratos_vishvesh_q2_msgs/local/lib/python3.10/dist-packages/kratos_vishvesh_q2_msgs/kratos_vishvesh_q2_msgs_s__rosidl_typesupport_c.cpython-310-x86_64-linux-gnu.so
[4.575s] -- Symlinking: /home/vishvesh/ros2_ws/src/install/kratos_vishvesh_q2_msgs/local/lib/python3.10/dist-packages/kratos_vishvesh_q2_msgs/kratos_vishvesh_q2_msgs_s__rosidl_typesupport_fastrtps_c.cpython-310-x86_64-linux-gnu.so
[4.587s] -- Symlinking: /home/vishvesh/ros2_ws/src/install/kratos_vishvesh_q2_msgs/local/lib/python3.10/dist-packages/kratos_vishvesh_q2_msgs/kratos_vishvesh_q2_msgs_s__rosidl_typesupport_introspection_c.cpython-310-x86_64-linux-gnu.so
[4.599s] -- Symlinking: /home/vishvesh/ros2_ws/src/install/kratos_vishvesh_q2_msgs/local/lib/python3.10/dist-packages/kratos_vishvesh_q2_msgs/libkratos_vishvesh_q2_msgs__rosidl_generator_py.so
[4.612s] -- Symlinking: /home/vishvesh/ros2_ws/src/install/kratos_vishvesh_q2_msgs/local/lib/python3.10/dist-packages/kratos_vishvesh_q2_msgs/msg/__init__.py
[4.623s] -- Symlinking: /home/vishvesh/ros2_ws/src/install/kratos_vishvesh_q2_msgs/local/lib/python3.10/dist-packages/kratos_vishvesh_q2_msgs/msg/_rover_status.py
[4.634s] -- Symlinking: /home/vishvesh/ros2_ws/src/install/kratos_vishvesh_q2_msgs/local/lib/python3.10/dist-packages/kratos_vishvesh_q2_msgs/msg/_rover_status_s.c
[4.646s] -- Up-to-date symlink: /home/vishvesh/ros2_ws/src/install/kratos_vishvesh_q2_msgs/local/lib/python3.10/dist-packages/kratos_vishvesh_q2_msgs/kratos_vishvesh_q2_msgs_s__rosidl_typesupport_fastrtps_c.cpython-310-x86_64-linux-gnu.so
[4.647s] -- Up-to-date symlink: /home/vishvesh/ros2_ws/src/install/kratos_vishvesh_q2_msgs/local/lib/python3.10/dist-packages/kratos_vishvesh_q2_msgs/kratos_vishvesh_q2_msgs_s__rosidl_typesupport_introspection_c.cpython-310-x86_64-linux-gnu.so
[4.647s] -- Up-to-date symlink: /home/vishvesh/ros2_ws/src/install/kratos_vishvesh_q2_msgs/local/lib/python3.10/dist-packages/kratos_vishvesh_q2_msgs/kratos_vishvesh_q2_msgs_s__rosidl_typesupport_c.cpython-310-x86_64-linux-gnu.so
[4.647s] -- Symlinking: /home/vishvesh/ros2_ws/src/install/kratos_vishvesh_q2_msgs/share/ament_index/resource_index/rust_packages/kratos_vishvesh_q2_msgs
[4.660s] -- Symlinking: /home/vishvesh/ros2_ws/src/install/kratos_vishvesh_q2_msgs/share/kratos_vishvesh_q2_msgs/rust/Cargo.toml
[4.671s] -- Symlinking: /home/vishvesh/ros2_ws/src/install/kratos_vishvesh_q2_msgs/share/kratos_vishvesh_q2_msgs/rust/build.rs
[4.682s] -- Symlinking: /home/vishvesh/ros2_ws/src/install/kratos_vishvesh_q2_msgs/share/kratos_vishvesh_q2_msgs/rust/src/lib.rs
[4.694s] -- Symlinking: /home/vishvesh/ros2_ws/src/install/kratos_vishvesh_q2_msgs/share/kratos_vishvesh_q2_msgs/rust/src/msg.rs
[4.705s] -- Symlinking: /home/vishvesh/ros2_ws/src/install/kratos_vishvesh_q2_msgs/share/kratos_vishvesh_q2_msgs/rust/src/msg/rmw.rs
[4.716s] -- Symlinking: /home/vishvesh/ros2_ws/src/install/kratos_vishvesh_q2_msgs/share/kratos_vishvesh_q2_msgs/msg/RoverStatus.idl
[4.728s] -- Symlinking: /home/vishvesh/ros2_ws/src/install/kratos_vishvesh_q2_msgs/share/kratos_vishvesh_q2_msgs/msg/RoverStatus.msg
[4.739s] -- Symlinking: /home/vishvesh/ros2_ws/src/install/kratos_vishvesh_q2_msgs/share/ament_index/resource_index/package_run_dependencies/kratos_vishvesh_q2_msgs
[4.751s] -- Symlinking: /home/vishvesh/ros2_ws/src/install/kratos_vishvesh_q2_msgs/share/ament_index/resource_index/parent_prefix_path/kratos_vishvesh_q2_msgs
[4.762s] -- Symlinking: /home/vishvesh/ros2_ws/src/install/kratos_vishvesh_q2_msgs/share/kratos_vishvesh_q2_msgs/environment/ament_prefix_path.sh
[4.774s] -- Symlinking: /home/vishvesh/ros2_ws/src/install/kratos_vishvesh_q2_msgs/share/kratos_vishvesh_q2_msgs/environment/ament_prefix_path.dsv
[4.785s] -- Symlinking: /home/vishvesh/ros2_ws/src/install/kratos_vishvesh_q2_msgs/share/kratos_vishvesh_q2_msgs/environment/path.sh
[4.798s] -- Symlinking: /home/vishvesh/ros2_ws/src/install/kratos_vishvesh_q2_msgs/share/kratos_vishvesh_q2_msgs/environment/path.dsv
[4.809s] -- Symlinking: /home/vishvesh/ros2_ws/src/install/kratos_vishvesh_q2_msgs/share/kratos_vishvesh_q2_msgs/local_setup.bash
[4.820s] -- Symlinking: /home/vishvesh/ros2_ws/src/install/kratos_vishvesh_q2_msgs/share/kratos_vishvesh_q2_msgs/local_setup.sh
[4.832s] -- Symlinking: /home/vishvesh/ros2_ws/src/install/kratos_vishvesh_q2_msgs/share/kratos_vishvesh_q2_msgs/local_setup.zsh
[4.843s] -- Symlinking: /home/vishvesh/ros2_ws/src/install/kratos_vishvesh_q2_msgs/share/kratos_vishvesh_q2_msgs/local_setup.dsv
[4.854s] -- Symlinking: /home/vishvesh/ros2_ws/src/install/kratos_vishvesh_q2_msgs/share/kratos_vishvesh_q2_msgs/package.dsv
[4.867s] -- Symlinking: /home/vishvesh/ros2_ws/src/install/kratos_vishvesh_q2_msgs/share/ament_index/resource_index/packages/kratos_vishvesh_q2_msgs
[4.879s] -- Symlinking: /home/vishvesh/ros2_ws/src/install/kratos_vishvesh_q2_msgs/share/kratos_vishvesh_q2_msgs/cmake/rosidl_cmake-extras.cmake
[4.890s] -- Symlinking: /home/vishvesh/ros2_ws/src/install/kratos_vishvesh_q2_msgs/share/kratos_vishvesh_q2_msgs/cmake/ament_cmake_export_include_directories-extras.cmake
[4.902s] -- Symlinking: /home/vishvesh/ros2_ws/src/install/kratos_vishvesh_q2_msgs/share/kratos_vishvesh_q2_msgs/cmake/ament_cmake_export_libraries-extras.cmake
[4.913s] -- Symlinking: /home/vishvesh/ros2_ws/src/install/kratos_vishvesh_q2_msgs/share/kratos_vishvesh_q2_msgs/cmake/ament_cmake_export_targets-extras.cmake
[4.932s] -- Symlinking: /home/vishvesh/ros2_ws/src/install/kratos_vishvesh_q2_msgs/share/kratos_vishvesh_q2_msgs/cmake/rosidl_cmake_export_typesupport_targets-extras.cmake
[4.943s] -- Symlinking: /home/vishvesh/ros2_ws/src/install/kratos_vishvesh_q2_msgs/share/kratos_vishvesh_q2_msgs/cmake/ament_cmake_export_dependencies-extras.cmake
[4.954s] -- Symlinking: /home/vishvesh/ros2_ws/src/install/kratos_vishvesh_q2_msgs/share/kratos_vishvesh_q2_msgs/cmake/rosidl_cmake_export_typesupport_libraries-extras.cmake
[4.965s] -- Symlinking: /home/vishvesh/ros2_ws/src/install/kratos_vishvesh_q2_msgs/share/kratos_vishvesh_q2_msgs/cmake/kratos_vishvesh_q2_msgsConfig.cmake
[4.977s] -- Symlinking: /home/vishvesh/ros2_ws/src/install/kratos_vishvesh_q2_msgs/share/kratos_vishvesh_q2_msgs/cmake/kratos_vishvesh_q2_msgsConfig-version.cmake
[4.988s] -- Symlinking: /home/vishvesh/ros2_ws/src/install/kratos_vishvesh_q2_msgs/share/kratos_vishvesh_q2_msgs/package.xml
[5.000s] -- Installing: /home/vishvesh/ros2_ws/src/install/kratos_vishvesh_q2_msgs/lib/libkratos_vishvesh_q2_msgs__rosidl_generator_c.so
[5.000s] -- Set runtime path of "/home/vishvesh/ros2_ws/src/install/kratos_vishvesh_q2_msgs/lib/libkratos_vishvesh_q2_msgs__rosidl_generator_c.so" to ""
[5.000s] -- Installing: /home/vishvesh/ros2_ws/src/install/kratos_vishvesh_q2_msgs/lib/libkratos_vishvesh_q2_msgs__rosidl_typesupport_fastrtps_c.so
[5.001s] -- Set runtime path of "/home/vishvesh/ros2_ws/src/install/kratos_vishvesh_q2_msgs/lib/libkratos_vishvesh_q2_msgs__rosidl_typesupport_fastrtps_c.so" to ""
[5.001s] -- Installing: /home/vishvesh/ros2_ws/src/install/kratos_vishvesh_q2_msgs/lib/libkratos_vishvesh_q2_msgs__rosidl_typesupport_introspection_c.so
[5.001s] -- Set runtime path of "/home/vishvesh/ros2_ws/src/install/kratos_vishvesh_q2_msgs/lib/libkratos_vishvesh_q2_msgs__rosidl_typesupport_introspection_c.so" to ""
[5.001s] -- Installing: /home/vishvesh/ros2_ws/src/install/kratos_vishvesh_q2_msgs/lib/libkratos_vishvesh_q2_msgs__rosidl_typesupport_c.so
[5.001s] -- Set runtime path of "/home/vishvesh/ros2_ws/src/install/kratos_vishvesh_q2_msgs/lib/libkratos_vishvesh_q2_msgs__rosidl_typesupport_c.so" to ""
[5.002s] -- Installing: /home/vishvesh/ros2_ws/src/install/kratos_vishvesh_q2_msgs/lib/libkratos_vishvesh_q2_msgs__rosidl_typesupport_fastrtps_cpp.so
[5.002s] -- Set runtime path of "/home/vishvesh/ros2_ws/src/install/kratos_vishvesh_q2_msgs/lib/libkratos_vishvesh_q2_msgs__rosidl_typesupport_fastrtps_cpp.so" to ""
[5.002s] -- Installing: /home/vishvesh/ros2_ws/src/install/kratos_vishvesh_q2_msgs/lib/libkratos_vishvesh_q2_msgs__rosidl_typesupport_introspection_cpp.so
[5.002s] -- Set runtime path of "/home/vishvesh/ros2_ws/src/install/kratos_vishvesh_q2_msgs/lib/libkratos_vishvesh_q2_msgs__rosidl_typesupport_introspection_cpp.so" to ""
[5.002s] -- Installing: /home/vishvesh/ros2_ws/src/install/kratos_vishvesh_q2_msgs/lib/libkratos_vishvesh_q2_msgs__rosidl_typesupport_cpp.so
[5.003s] -- Set runtime path of "/home/vishvesh/ros2_ws/src/install/kratos_vishvesh_q2_msgs/lib/libkratos_vishvesh_q2_msgs__rosidl_typesupport_cpp.so" to ""
[5.061s] Listing '/home/vishvesh/ros2_ws/src/install/kratos_vishvesh_q2_msgs/local/lib/python3.10/dist-packages/kratos_vishvesh_q2_msgs'...
[5.061s] Compiling '/home/vishvesh/ros2_ws/src/install/kratos_vishvesh_q2_msgs/local/lib/python3.10/dist-packages/kratos_vishvesh_q2_msgs/__init__.py'...
[5.061s] Listing '/home/vishvesh/ros2_ws/src/install/kratos_vishvesh_q2_msgs/local/lib/python3.10/dist-packages/kratos_vishvesh_q2_msgs/msg'...
[5.061s] Compiling '/home/vishvesh/ros2_ws/src/install/kratos_vishvesh_q2_msgs/local/lib/python3.10/dist-packages/kratos_vishvesh_q2_msgs/msg/__init__.py'...
[5.061s] Compiling '/home/vishvesh/ros2_ws/src/install/kratos_vishvesh_q2_msgs/local/lib/python3.10/dist-packages/kratos_vishvesh_q2_msgs/msg/_rover_status.py'...
[5.068s] -- Installing: /home/vishvesh/ros2_ws/src/install/kratos_vishvesh_q2_msgs/lib/libkratos_vishvesh_q2_msgs__rosidl_generator_py.so
[5.071s] -- Set runtime path of "/home/vishvesh/ros2_ws/src/install/kratos_vishvesh_q2_msgs/lib/libkratos_vishvesh_q2_msgs__rosidl_generator_py.so" to ""
[5.071s] -- Installing: /home/vishvesh/ros2_ws/src/install/kratos_vishvesh_q2_msgs/share/kratos_vishvesh_q2_msgs/cmake/export_kratos_vishvesh_q2_msgs__rosidl_generator_cExport.cmake
[5.071s] -- Installing: /home/vishvesh/ros2_ws/src/install/kratos_vishvesh_q2_msgs/share/kratos_vishvesh_q2_msgs/cmake/export_kratos_vishvesh_q2_msgs__rosidl_generator_cExport-noconfig.cmake
[5.071s] -- Installing: /home/vishvesh/ros2_ws/src/install/kratos_vishvesh_q2_msgs/share/kratos_vishvesh_q2_msgs/cmake/export_kratos_vishvesh_q2_msgs__rosidl_typesupport_fastrtps_cExport.cmake
[5.073s] -- Installing: /home/vishvesh/ros2_ws/src/install/kratos_vishvesh_q2_msgs/share/kratos_vishvesh_q2_msgs/cmake/export_kratos_vishvesh_q2_msgs__rosidl_typesupport_fastrtps_cExport-noconfig.cmake
[5.073s] -- Installing: /home/vishvesh/ros2_ws/src/install/kratos_vishvesh_q2_msgs/share/kratos_vishvesh_q2_msgs/cmake/kratos_vishvesh_q2_msgs__rosidl_typesupport_introspection_cExport.cmake
[5.073s] -- Installing: /home/vishvesh/ros2_ws/src/install/kratos_vishvesh_q2_msgs/share/kratos_vishvesh_q2_msgs/cmake/kratos_vishvesh_q2_msgs__rosidl_typesupport_introspection_cExport-noconfig.cmake
[5.074s] -- Installing: /home/vishvesh/ros2_ws/src/install/kratos_vishvesh_q2_msgs/share/kratos_vishvesh_q2_msgs/cmake/kratos_vishvesh_q2_msgs__rosidl_typesupport_cExport.cmake
[5.074s] -- Installing: /home/vishvesh/ros2_ws/src/install/kratos_vishvesh_q2_msgs/share/kratos_vishvesh_q2_msgs/cmake/kratos_vishvesh_q2_msgs__rosidl_typesupport_cExport-noconfig.cmake
[5.074s] -- Installing: /home/vishvesh/ros2_ws/src/install/kratos_vishvesh_q2_msgs/share/kratos_vishvesh_q2_msgs/cmake/export_kratos_vishvesh_q2_msgs__rosidl_generator_cppExport.cmake
[5.074s] -- Installing: /home/vishvesh/ros2_ws/src/install/kratos_vishvesh_q2_msgs/share/kratos_vishvesh_q2_msgs/cmake/export_kratos_vishvesh_q2_msgs__rosidl_typesupport_fastrtps_cppExport.cmake
[5.074s] -- Installing: /home/vishvesh/ros2_ws/src/install/kratos_vishvesh_q2_msgs/share/kratos_vishvesh_q2_msgs/cmake/export_kratos_vishvesh_q2_msgs__rosidl_typesupport_fastrtps_cppExport-noconfig.cmake
[5.074s] -- Installing: /home/vishvesh/ros2_ws/src/install/kratos_vishvesh_q2_msgs/share/kratos_vishvesh_q2_msgs/cmake/kratos_vishvesh_q2_msgs__rosidl_typesupport_introspection_cppExport.cmake
[5.074s] -- Installing: /home/vishvesh/ros2_ws/src/install/kratos_vishvesh_q2_msgs/share/kratos_vishvesh_q2_msgs/cmake/kratos_vishvesh_q2_msgs__rosidl_typesupport_introspection_cppExport-noconfig.cmake
[5.074s] -- Installing: /home/vishvesh/ros2_ws/src/install/kratos_vishvesh_q2_msgs/share/kratos_vishvesh_q2_msgs/cmake/kratos_vishvesh_q2_msgs__rosidl_typesupport_cppExport.cmake
[5.074s] -- Installing: /home/vishvesh/ros2_ws/src/install/kratos_vishvesh_q2_msgs/share/kratos_vishvesh_q2_msgs/cmake/kratos_vishvesh_q2_msgs__rosidl_typesupport_cppExport-noconfig.cmake
[5.074s] -- Installing: /home/vishvesh/ros2_ws/src/install/kratos_vishvesh_q2_msgs/share/kratos_vishvesh_q2_msgs/cmake/export_kratos_vishvesh_q2_msgs__rosidl_generator_pyExport.cmake
[5.074s] -- Installing: /home/vishvesh/ros2_ws/src/install/kratos_vishvesh_q2_msgs/share/kratos_vishvesh_q2_msgs/cmake/export_kratos_vishvesh_q2_msgs__rosidl_generator_pyExport-noconfig.cmake
[5.076s] Invoked command in '/home/vishvesh/ros2_ws/src/build/kratos_vishvesh_q2_msgs' returned '0': CMAKE_PREFIX_PATH=${CMAKE_PREFIX_PATH}:/home/vishvesh/ros2_ws/install/turtle_controller:/home/vishvesh/ros2_ws/install/gs_simulation_interfaces:/home/vishvesh/ros2_ws/install/gs_ros:/home/vishvesh/ros2_ws/install/Practice:/opt/ros/humble /usr/bin/cmake --install /home/vishvesh/ros2_ws/src/build/kratos_vishvesh_q2_msgs
