/home/vishvesh/ros2_ws/src/install/Practice/lib/python3.10/site-packages/Practice/pose_subscriber.py
/home/vishvesh/ros2_ws/src/install/Practice/lib/python3.10/site-packages/Practice/draw_circle.py
/home/vishvesh/ros2_ws/src/install/Practice/lib/python3.10/site-packages/Practice/my_first_node.py
/home/vishvesh/ros2_ws/src/install/Practice/lib/python3.10/site-packages/Practice/__init__.py
/home/vishvesh/ros2_ws/src/install/Practice/lib/python3.10/site-packages/Practice/__pycache__/pose_subscriber.cpython-310.pyc
/home/vishvesh/ros2_ws/src/install/Practice/lib/python3.10/site-packages/Practice/__pycache__/draw_circle.cpython-310.pyc
/home/vishvesh/ros2_ws/src/install/Practice/lib/python3.10/site-packages/Practice/__pycache__/my_first_node.cpython-310.pyc
/home/vishvesh/ros2_ws/src/install/Practice/lib/python3.10/site-packages/Practice/__pycache__/__init__.cpython-310.pyc
/home/vishvesh/ros2_ws/src/install/Practice/share/ament_index/resource_index/packages/Practice
/home/vishvesh/ros2_ws/src/install/Practice/share/Practice/package.xml
/home/vishvesh/ros2_ws/src/install/Practice/lib/python3.10/site-packages/Practice-0.0.0-py3.10.egg-info/dependency_links.txt
/home/vishvesh/ros2_ws/src/install/Practice/lib/python3.10/site-packages/Practice-0.0.0-py3.10.egg-info/requires.txt
/home/vishvesh/ros2_ws/src/install/Practice/lib/python3.10/site-packages/Practice-0.0.0-py3.10.egg-info/top_level.txt
/home/vishvesh/ros2_ws/src/install/Practice/lib/python3.10/site-packages/Practice-0.0.0-py3.10.egg-info/PKG-INFO
/home/vishvesh/ros2_ws/src/install/Practice/lib/python3.10/site-packages/Practice-0.0.0-py3.10.egg-info/entry_points.txt
/home/vishvesh/ros2_ws/src/install/Practice/lib/python3.10/site-packages/Practice-0.0.0-py3.10.egg-info/zip-safe
/home/vishvesh/ros2_ws/src/install/Practice/lib/python3.10/site-packages/Practice-0.0.0-py3.10.egg-info/SOURCES.txt
/home/vishvesh/ros2_ws/src/install/Practice/lib/Practice/draw_circle_node
/home/vishvesh/ros2_ws/src/install/Practice/lib/Practice/name_to_run
/home/vishvesh/ros2_ws/src/install/Practice/lib/Practice/pose_node
